[2024-05-22T13:40:27.049+0000] {taskinstance.py:1157} INFO - Dependencies all met for dep_context=non-requeueable deps ti=<TaskInstance: spark_airflow.helloworld scheduled__2024-05-21T01:00:00+00:00 [queued]>
[2024-05-22T13:40:27.055+0000] {taskinstance.py:1157} INFO - Dependencies all met for dep_context=requeueable deps ti=<TaskInstance: spark_airflow.helloworld scheduled__2024-05-21T01:00:00+00:00 [queued]>
[2024-05-22T13:40:27.056+0000] {taskinstance.py:1359} INFO - Starting attempt 3 of 3
[2024-05-22T13:40:27.063+0000] {taskinstance.py:1380} INFO - Executing <Task(SparkSubmitOperator): helloworld> on 2024-05-21 01:00:00+00:00
[2024-05-22T13:40:27.079+0000] {standard_task_runner.py:57} INFO - Started process 920 to run task
[2024-05-22T13:40:27.089+0000] {standard_task_runner.py:84} INFO - Running: ['***', 'tasks', 'run', 'spark_***', 'helloworld', 'scheduled__2024-05-21T01:00:00+00:00', '--job-id', '9', '--raw', '--subdir', 'DAGS_FOLDER/spark_***.py', '--cfg-path', '/tmp/tmplnn04zku']
[2024-05-22T13:40:27.098+0000] {standard_task_runner.py:85} INFO - Job 9: Subtask helloworld
[2024-05-22T13:40:27.212+0000] {task_command.py:415} INFO - Running <TaskInstance: spark_airflow.helloworld scheduled__2024-05-21T01:00:00+00:00 [running]> on host 555515bb1aeb
[2024-05-22T13:40:27.330+0000] {taskinstance.py:1660} INFO - Exporting env vars: AIRFLOW_CTX_DAG_OWNER='Bagas Prakasa' AIRFLOW_CTX_DAG_ID='spark_***' AIRFLOW_CTX_TASK_ID='helloworld' AIRFLOW_CTX_EXECUTION_DATE='2024-05-21T01:00:00+00:00' AIRFLOW_CTX_TRY_NUMBER='3' AIRFLOW_CTX_DAG_RUN_ID='scheduled__2024-05-21T01:00:00+00:00'
[2024-05-22T13:40:27.357+0000] {base.py:73} INFO - Using connection ID 'spark-conn' for task execution.
[2024-05-22T13:40:27.358+0000] {spark_submit.py:401} INFO - Spark-Submit cmd: spark-submit --master spark://spark-master:7077 --name arrow-spark --deploy-mode client jobs/python/helloworld.py
[2024-05-22T13:40:27.689+0000] {spark_submit.py:571} INFO - /home/***/.local/lib/python3.11/site-packages/pyspark/bin/load-spark-env.sh: line 68: ps: command not found
[2024-05-22T13:40:31.354+0000] {spark_submit.py:571} INFO - 24/05/22 13:40:31 INFO SparkContext: Running Spark version 3.5.1
[2024-05-22T13:40:31.359+0000] {spark_submit.py:571} INFO - 24/05/22 13:40:31 INFO SparkContext: OS info Linux, 6.7.11-orbstack-00143-ge6b82e26cd22, aarch64
[2024-05-22T13:40:31.360+0000] {spark_submit.py:571} INFO - 24/05/22 13:40:31 INFO SparkContext: Java version 11.0.23
[2024-05-22T13:40:31.455+0000] {spark_submit.py:571} INFO - 24/05/22 13:40:31 WARN NativeCodeLoader: Unable to load native-hadoop library for your platform... using builtin-java classes where applicable
[2024-05-22T13:40:31.629+0000] {spark_submit.py:571} INFO - 24/05/22 13:40:31 INFO ResourceUtils: ==============================================================
[2024-05-22T13:40:31.629+0000] {spark_submit.py:571} INFO - 24/05/22 13:40:31 INFO ResourceUtils: No custom resources configured for spark.driver.
[2024-05-22T13:40:31.632+0000] {spark_submit.py:571} INFO - 24/05/22 13:40:31 INFO ResourceUtils: ==============================================================
[2024-05-22T13:40:31.633+0000] {spark_submit.py:571} INFO - 24/05/22 13:40:31 INFO SparkContext: Submitted application: arrow-spark
[2024-05-22T13:40:31.670+0000] {spark_submit.py:571} INFO - 24/05/22 13:40:31 INFO ResourceProfile: Default ResourceProfile created, executor resources: Map(memory -> name: memory, amount: 1024, script: , vendor: , offHeap -> name: offHeap, amount: 0, script: , vendor: ), task resources: Map(cpus -> name: cpus, amount: 1.0)
[2024-05-22T13:40:31.688+0000] {spark_submit.py:571} INFO - 24/05/22 13:40:31 INFO ResourceProfile: Limiting resource is cpu
[2024-05-22T13:40:31.692+0000] {spark_submit.py:571} INFO - 24/05/22 13:40:31 INFO ResourceProfileManager: Added ResourceProfile id: 0
[2024-05-22T13:40:31.832+0000] {spark_submit.py:571} INFO - 24/05/22 13:40:31 INFO SecurityManager: Changing view acls to: ***
[2024-05-22T13:40:31.834+0000] {spark_submit.py:571} INFO - 24/05/22 13:40:31 INFO SecurityManager: Changing modify acls to: ***
[2024-05-22T13:40:31.835+0000] {spark_submit.py:571} INFO - 24/05/22 13:40:31 INFO SecurityManager: Changing view acls groups to:
[2024-05-22T13:40:31.835+0000] {spark_submit.py:571} INFO - 24/05/22 13:40:31 INFO SecurityManager: Changing modify acls groups to:
[2024-05-22T13:40:31.836+0000] {spark_submit.py:571} INFO - 24/05/22 13:40:31 INFO SecurityManager: SecurityManager: authentication disabled; ui acls disabled; users with view permissions: ***; groups with view permissions: EMPTY; users with modify permissions: ***; groups with modify permissions: EMPTY
[2024-05-22T13:40:32.478+0000] {spark_submit.py:571} INFO - 24/05/22 13:40:32 INFO Utils: Successfully started service 'sparkDriver' on port 43885.
[2024-05-22T13:40:32.559+0000] {spark_submit.py:571} INFO - 24/05/22 13:40:32 INFO SparkEnv: Registering MapOutputTracker
[2024-05-22T13:40:32.619+0000] {spark_submit.py:571} INFO - 24/05/22 13:40:32 INFO SparkEnv: Registering BlockManagerMaster
[2024-05-22T13:40:32.641+0000] {spark_submit.py:571} INFO - 24/05/22 13:40:32 INFO BlockManagerMasterEndpoint: Using org.apache.spark.storage.DefaultTopologyMapper for getting topology information
[2024-05-22T13:40:32.644+0000] {spark_submit.py:571} INFO - 24/05/22 13:40:32 INFO BlockManagerMasterEndpoint: BlockManagerMasterEndpoint up
[2024-05-22T13:40:32.652+0000] {spark_submit.py:571} INFO - 24/05/22 13:40:32 INFO SparkEnv: Registering BlockManagerMasterHeartbeat
[2024-05-22T13:40:32.693+0000] {spark_submit.py:571} INFO - 24/05/22 13:40:32 INFO DiskBlockManager: Created local directory at /tmp/blockmgr-544f4f8b-6cc9-4721-9e0f-03cd6f445637
[2024-05-22T13:40:32.716+0000] {spark_submit.py:571} INFO - 24/05/22 13:40:32 INFO MemoryStore: MemoryStore started with capacity 434.4 MiB
[2024-05-22T13:40:32.740+0000] {spark_submit.py:571} INFO - 24/05/22 13:40:32 INFO SparkEnv: Registering OutputCommitCoordinator
[2024-05-22T13:40:32.985+0000] {spark_submit.py:571} INFO - 24/05/22 13:40:32 INFO JettyUtils: Start Jetty 0.0.0.0:4040 for SparkUI
[2024-05-22T13:40:33.045+0000] {spark_submit.py:571} INFO - 24/05/22 13:40:33 WARN Utils: Service 'SparkUI' could not bind on port 4040. Attempting port 4041.
[2024-05-22T13:40:33.071+0000] {spark_submit.py:571} INFO - 24/05/22 13:40:33 INFO Utils: Successfully started service 'SparkUI' on port 4041.
[2024-05-22T13:40:33.221+0000] {spark_submit.py:571} INFO - 24/05/22 13:40:33 INFO StandaloneAppClient$ClientEndpoint: Connecting to master spark://spark-master:7077...
[2024-05-22T13:40:33.300+0000] {spark_submit.py:571} INFO - 24/05/22 13:40:33 INFO TransportClientFactory: Successfully created connection to spark-master/192.168.165.3:7077 after 41 ms (0 ms spent in bootstraps)
[2024-05-22T13:40:33.628+0000] {spark_submit.py:571} INFO - 24/05/22 13:40:33 INFO StandaloneSchedulerBackend: Connected to Spark cluster with app ID app-20240522134033-0002
[2024-05-22T13:40:33.634+0000] {spark_submit.py:571} INFO - 24/05/22 13:40:33 INFO StandaloneAppClient$ClientEndpoint: Executor added: app-20240522134033-0002/0 on worker-20240522131124-192.168.165.5-44627 (192.168.165.5:44627) with 2 core(s)
[2024-05-22T13:40:33.639+0000] {spark_submit.py:571} INFO - 24/05/22 13:40:33 INFO StandaloneSchedulerBackend: Granted executor ID app-20240522134033-0002/0 on hostPort 192.168.165.5:44627 with 2 core(s), 1024.0 MiB RAM
[2024-05-22T13:40:33.641+0000] {spark_submit.py:571} INFO - 24/05/22 13:40:33 INFO StandaloneAppClient$ClientEndpoint: Executor added: app-20240522134033-0002/1 on worker-20240522131124-192.168.165.6-40209 (192.168.165.6:40209) with 2 core(s)
[2024-05-22T13:40:33.641+0000] {spark_submit.py:571} INFO - 24/05/22 13:40:33 INFO StandaloneSchedulerBackend: Granted executor ID app-20240522134033-0002/1 on hostPort 192.168.165.6:40209 with 2 core(s), 1024.0 MiB RAM
[2024-05-22T13:40:33.669+0000] {spark_submit.py:571} INFO - 24/05/22 13:40:33 INFO Utils: Successfully started service 'org.apache.spark.network.netty.NettyBlockTransferService' on port 40783.
[2024-05-22T13:40:33.669+0000] {spark_submit.py:571} INFO - 24/05/22 13:40:33 INFO NettyBlockTransferService: Server created on 555515bb1aeb:40783
[2024-05-22T13:40:33.673+0000] {spark_submit.py:571} INFO - 24/05/22 13:40:33 INFO BlockManager: Using org.apache.spark.storage.RandomBlockReplicationPolicy for block replication policy
[2024-05-22T13:40:33.690+0000] {spark_submit.py:571} INFO - 24/05/22 13:40:33 INFO BlockManagerMaster: Registering BlockManager BlockManagerId(driver, 555515bb1aeb, 40783, None)
[2024-05-22T13:40:33.698+0000] {spark_submit.py:571} INFO - 24/05/22 13:40:33 INFO BlockManagerMasterEndpoint: Registering block manager 555515bb1aeb:40783 with 434.4 MiB RAM, BlockManagerId(driver, 555515bb1aeb, 40783, None)
[2024-05-22T13:40:33.713+0000] {spark_submit.py:571} INFO - 24/05/22 13:40:33 INFO BlockManagerMaster: Registered BlockManager BlockManagerId(driver, 555515bb1aeb, 40783, None)
[2024-05-22T13:40:33.716+0000] {spark_submit.py:571} INFO - 24/05/22 13:40:33 INFO BlockManager: Initialized BlockManager: BlockManagerId(driver, 555515bb1aeb, 40783, None)
[2024-05-22T13:40:34.058+0000] {spark_submit.py:571} INFO - 24/05/22 13:40:34 INFO StandaloneAppClient$ClientEndpoint: Executor updated: app-20240522134033-0002/0 is now RUNNING
[2024-05-22T13:40:34.060+0000] {spark_submit.py:571} INFO - 24/05/22 13:40:34 INFO StandaloneAppClient$ClientEndpoint: Executor updated: app-20240522134033-0002/1 is now RUNNING
[2024-05-22T13:40:34.712+0000] {spark_submit.py:571} INFO - 24/05/22 13:40:34 INFO StandaloneSchedulerBackend: SchedulerBackend is ready for scheduling beginning after reached minRegisteredResourcesRatio: 0.0
[2024-05-22T13:40:35.075+0000] {spark_submit.py:571} INFO - Traceback (most recent call last):
[2024-05-22T13:40:35.079+0000] {spark_submit.py:571} INFO - File "/opt/***/jobs/python/helloworld.py", line 8, in <module>
[2024-05-22T13:40:35.103+0000] {spark_submit.py:571} INFO - logFile = sys.argv[1]
[2024-05-22T13:40:35.109+0000] {spark_submit.py:571} INFO - ~~~~~~~~^^^
[2024-05-22T13:40:35.110+0000] {spark_submit.py:571} INFO - IndexError: list index out of range
[2024-05-22T13:40:35.461+0000] {spark_submit.py:571} INFO - 24/05/22 13:40:35 INFO SparkContext: Invoking stop() from shutdown hook
[2024-05-22T13:40:35.611+0000] {spark_submit.py:571} INFO - 24/05/22 13:40:35 INFO SparkContext: SparkContext is stopping with exitCode 0.
[2024-05-22T13:40:35.737+0000] {spark_submit.py:571} INFO - 24/05/22 13:40:35 INFO SparkUI: Stopped Spark web UI at http://555515bb1aeb:4041
[2024-05-22T13:40:35.784+0000] {spark_submit.py:571} INFO - 24/05/22 13:40:35 INFO StandaloneSchedulerBackend: Shutting down all executors
[2024-05-22T13:40:35.807+0000] {spark_submit.py:571} INFO - 24/05/22 13:40:35 INFO StandaloneSchedulerBackend$StandaloneDriverEndpoint: Asking each executor to shut down
[2024-05-22T13:40:36.164+0000] {spark_submit.py:571} INFO - 24/05/22 13:40:36 INFO MapOutputTrackerMasterEndpoint: MapOutputTrackerMasterEndpoint stopped!
[2024-05-22T13:40:36.396+0000] {spark_submit.py:571} INFO - 24/05/22 13:40:36 INFO MemoryStore: MemoryStore cleared
[2024-05-22T13:40:36.398+0000] {spark_submit.py:571} INFO - 24/05/22 13:40:36 INFO BlockManager: BlockManager stopped
[2024-05-22T13:40:36.482+0000] {spark_submit.py:571} INFO - 24/05/22 13:40:36 INFO BlockManagerMaster: BlockManagerMaster stopped
[2024-05-22T13:40:36.525+0000] {spark_submit.py:571} INFO - 24/05/22 13:40:36 INFO OutputCommitCoordinator$OutputCommitCoordinatorEndpoint: OutputCommitCoordinator stopped!
[2024-05-22T13:40:36.629+0000] {spark_submit.py:571} INFO - 24/05/22 13:40:36 INFO SparkContext: Successfully stopped SparkContext
[2024-05-22T13:40:36.632+0000] {spark_submit.py:571} INFO - 24/05/22 13:40:36 INFO ShutdownHookManager: Shutdown hook called
[2024-05-22T13:40:36.636+0000] {spark_submit.py:571} INFO - 24/05/22 13:40:36 INFO ShutdownHookManager: Deleting directory /tmp/spark-d0250707-390a-4d9a-8db1-59244a68b3a7/pyspark-17f74881-3f73-4e55-a2e1-12d03fc916c0
[2024-05-22T13:40:36.672+0000] {spark_submit.py:571} INFO - 24/05/22 13:40:36 INFO ShutdownHookManager: Deleting directory /tmp/spark-84ebb7ed-8724-4521-a453-2b3f606a39d7
[2024-05-22T13:40:36.683+0000] {spark_submit.py:571} INFO - 24/05/22 13:40:36 INFO ShutdownHookManager: Deleting directory /tmp/spark-d0250707-390a-4d9a-8db1-59244a68b3a7
[2024-05-22T13:40:37.115+0000] {taskinstance.py:1935} ERROR - Task failed with exception
Traceback (most recent call last):
  File "/home/airflow/.local/lib/python3.11/site-packages/airflow/providers/apache/spark/operators/spark_submit.py", line 174, in execute
    self._hook.submit(self.application)
  File "/home/airflow/.local/lib/python3.11/site-packages/airflow/providers/apache/spark/hooks/spark_submit.py", line 502, in submit
    raise AirflowException(
airflow.exceptions.AirflowException: Cannot execute: spark-submit --master spark://spark-master:7077 --name arrow-spark --deploy-mode client jobs/python/helloworld.py. Error code is: 1.
[2024-05-22T13:40:37.151+0000] {taskinstance.py:1398} INFO - Marking task as FAILED. dag_id=spark_***, task_id=helloworld, execution_date=20240521T010000, start_date=20240522T134027, end_date=20240522T134037
[2024-05-22T13:40:37.284+0000] {standard_task_runner.py:104} ERROR - Failed to execute job 9 for task helloworld (Cannot execute: spark-submit --master spark://spark-master:7077 --name arrow-spark --deploy-mode client jobs/python/helloworld.py. Error code is: 1.; 920)
[2024-05-22T13:40:37.541+0000] {local_task_job_runner.py:228} INFO - Task exited with return code 1
[2024-05-22T13:40:37.645+0000] {taskinstance.py:2776} INFO - 0 downstream tasks scheduled from follow-on schedule check
