[2024-05-22T13:35:40.130+0000] {taskinstance.py:1157} INFO - Dependencies all met for dep_context=non-requeueable deps ti=<TaskInstance: spark_airflow.helloworld scheduled__2024-05-21T01:00:00+00:00 [queued]>
[2024-05-22T13:35:40.136+0000] {taskinstance.py:1157} INFO - Dependencies all met for dep_context=requeueable deps ti=<TaskInstance: spark_airflow.helloworld scheduled__2024-05-21T01:00:00+00:00 [queued]>
[2024-05-22T13:35:40.137+0000] {taskinstance.py:1359} INFO - Starting attempt 1 of 1
[2024-05-22T13:35:40.144+0000] {taskinstance.py:1380} INFO - Executing <Task(SparkSubmitOperator): helloworld> on 2024-05-21 01:00:00+00:00
[2024-05-22T13:35:40.162+0000] {standard_task_runner.py:57} INFO - Started process 223 to run task
[2024-05-22T13:35:40.167+0000] {standard_task_runner.py:84} INFO - Running: ['***', 'tasks', 'run', 'spark_***', 'helloworld', 'scheduled__2024-05-21T01:00:00+00:00', '--job-id', '4', '--raw', '--subdir', 'DAGS_FOLDER/spark_***.py', '--cfg-path', '/tmp/tmp6762uv4d']
[2024-05-22T13:35:40.175+0000] {standard_task_runner.py:85} INFO - Job 4: Subtask helloworld
[2024-05-22T13:35:40.309+0000] {task_command.py:415} INFO - Running <TaskInstance: spark_airflow.helloworld scheduled__2024-05-21T01:00:00+00:00 [running]> on host 555515bb1aeb
[2024-05-22T13:35:40.476+0000] {taskinstance.py:1660} INFO - Exporting env vars: AIRFLOW_CTX_DAG_OWNER='Bagas Prakasa' AIRFLOW_CTX_DAG_ID='spark_***' AIRFLOW_CTX_TASK_ID='helloworld' AIRFLOW_CTX_EXECUTION_DATE='2024-05-21T01:00:00+00:00' AIRFLOW_CTX_TRY_NUMBER='1' AIRFLOW_CTX_DAG_RUN_ID='scheduled__2024-05-21T01:00:00+00:00'
[2024-05-22T13:35:40.492+0000] {base.py:73} INFO - Using connection ID 'spark-conn' for task execution.
[2024-05-22T13:35:40.496+0000] {spark_submit.py:401} INFO - Spark-Submit cmd: spark-submit --master spark://spark-master-1:7077 --name arrow-spark --deploy-mode client jobs/python/helloworld.py
[2024-05-22T13:35:40.663+0000] {spark_submit.py:571} INFO - /home/***/.local/lib/python3.11/site-packages/pyspark/bin/load-spark-env.sh: line 68: ps: command not found
[2024-05-22T13:35:45.574+0000] {spark_submit.py:571} INFO - 24/05/22 13:35:45 INFO SparkContext: Running Spark version 3.5.1
[2024-05-22T13:35:45.577+0000] {spark_submit.py:571} INFO - 24/05/22 13:35:45 INFO SparkContext: OS info Linux, 6.7.11-orbstack-00143-ge6b82e26cd22, aarch64
[2024-05-22T13:35:45.578+0000] {spark_submit.py:571} INFO - 24/05/22 13:35:45 INFO SparkContext: Java version 11.0.23
[2024-05-22T13:35:45.789+0000] {spark_submit.py:571} INFO - 24/05/22 13:35:45 WARN NativeCodeLoader: Unable to load native-hadoop library for your platform... using builtin-java classes where applicable
[2024-05-22T13:35:45.926+0000] {spark_submit.py:571} INFO - 24/05/22 13:35:45 INFO ResourceUtils: ==============================================================
[2024-05-22T13:35:45.927+0000] {spark_submit.py:571} INFO - 24/05/22 13:35:45 INFO ResourceUtils: No custom resources configured for spark.driver.
[2024-05-22T13:35:45.927+0000] {spark_submit.py:571} INFO - 24/05/22 13:35:45 INFO ResourceUtils: ==============================================================
[2024-05-22T13:35:45.928+0000] {spark_submit.py:571} INFO - 24/05/22 13:35:45 INFO SparkContext: Submitted application: arrow-spark
[2024-05-22T13:35:45.952+0000] {spark_submit.py:571} INFO - 24/05/22 13:35:45 INFO ResourceProfile: Default ResourceProfile created, executor resources: Map(memory -> name: memory, amount: 1024, script: , vendor: , offHeap -> name: offHeap, amount: 0, script: , vendor: ), task resources: Map(cpus -> name: cpus, amount: 1.0)
[2024-05-22T13:35:45.976+0000] {spark_submit.py:571} INFO - 24/05/22 13:35:45 INFO ResourceProfile: Limiting resource is cpu
[2024-05-22T13:35:45.977+0000] {spark_submit.py:571} INFO - 24/05/22 13:35:45 INFO ResourceProfileManager: Added ResourceProfile id: 0
[2024-05-22T13:35:46.041+0000] {spark_submit.py:571} INFO - 24/05/22 13:35:46 INFO SecurityManager: Changing view acls to: ***
[2024-05-22T13:35:46.042+0000] {spark_submit.py:571} INFO - 24/05/22 13:35:46 INFO SecurityManager: Changing modify acls to: ***
[2024-05-22T13:35:46.044+0000] {spark_submit.py:571} INFO - 24/05/22 13:35:46 INFO SecurityManager: Changing view acls groups to:
[2024-05-22T13:35:46.044+0000] {spark_submit.py:571} INFO - 24/05/22 13:35:46 INFO SecurityManager: Changing modify acls groups to:
[2024-05-22T13:35:46.044+0000] {spark_submit.py:571} INFO - 24/05/22 13:35:46 INFO SecurityManager: SecurityManager: authentication disabled; ui acls disabled; users with view permissions: ***; groups with view permissions: EMPTY; users with modify permissions: ***; groups with modify permissions: EMPTY
[2024-05-22T13:35:46.368+0000] {spark_submit.py:571} INFO - 24/05/22 13:35:46 INFO Utils: Successfully started service 'sparkDriver' on port 42375.
[2024-05-22T13:35:46.466+0000] {spark_submit.py:571} INFO - 24/05/22 13:35:46 INFO SparkEnv: Registering MapOutputTracker
[2024-05-22T13:35:46.528+0000] {spark_submit.py:571} INFO - 24/05/22 13:35:46 INFO SparkEnv: Registering BlockManagerMaster
[2024-05-22T13:35:46.570+0000] {spark_submit.py:571} INFO - 24/05/22 13:35:46 INFO BlockManagerMasterEndpoint: Using org.apache.spark.storage.DefaultTopologyMapper for getting topology information
[2024-05-22T13:35:46.571+0000] {spark_submit.py:571} INFO - 24/05/22 13:35:46 INFO BlockManagerMasterEndpoint: BlockManagerMasterEndpoint up
[2024-05-22T13:35:46.576+0000] {spark_submit.py:571} INFO - 24/05/22 13:35:46 INFO SparkEnv: Registering BlockManagerMasterHeartbeat
[2024-05-22T13:35:46.613+0000] {spark_submit.py:571} INFO - 24/05/22 13:35:46 INFO DiskBlockManager: Created local directory at /tmp/blockmgr-bb232460-5460-4e5b-bfe5-ddef8bcb5291
[2024-05-22T13:35:46.633+0000] {spark_submit.py:571} INFO - 24/05/22 13:35:46 INFO MemoryStore: MemoryStore started with capacity 434.4 MiB
[2024-05-22T13:35:46.652+0000] {spark_submit.py:571} INFO - 24/05/22 13:35:46 INFO SparkEnv: Registering OutputCommitCoordinator
[2024-05-22T13:35:46.833+0000] {spark_submit.py:571} INFO - 24/05/22 13:35:46 INFO JettyUtils: Start Jetty 0.0.0.0:4040 for SparkUI
[2024-05-22T13:35:46.889+0000] {spark_submit.py:571} INFO - 24/05/22 13:35:46 INFO Utils: Successfully started service 'SparkUI' on port 4040.
[2024-05-22T13:35:46.989+0000] {spark_submit.py:571} INFO - 24/05/22 13:35:46 INFO StandaloneAppClient$ClientEndpoint: Connecting to master spark://spark-master-1:7077...
[2024-05-22T13:35:47.105+0000] {spark_submit.py:571} INFO - 24/05/22 13:35:47 WARN StandaloneAppClient$ClientEndpoint: Failed to connect to master spark-master-1:7077
[2024-05-22T13:35:47.105+0000] {spark_submit.py:571} INFO - org.apache.spark.SparkException: Exception thrown in awaitResult:
[2024-05-22T13:35:47.105+0000] {spark_submit.py:571} INFO - at org.apache.spark.util.SparkThreadUtils$.awaitResult(SparkThreadUtils.scala:56)
[2024-05-22T13:35:47.106+0000] {spark_submit.py:571} INFO - at org.apache.spark.util.ThreadUtils$.awaitResult(ThreadUtils.scala:310)
[2024-05-22T13:35:47.106+0000] {spark_submit.py:571} INFO - at org.apache.spark.rpc.RpcTimeout.awaitResult(RpcTimeout.scala:75)
[2024-05-22T13:35:47.106+0000] {spark_submit.py:571} INFO - at org.apache.spark.rpc.RpcEnv.setupEndpointRefByURI(RpcEnv.scala:102)
[2024-05-22T13:35:47.106+0000] {spark_submit.py:571} INFO - at org.apache.spark.rpc.RpcEnv.setupEndpointRef(RpcEnv.scala:110)
[2024-05-22T13:35:47.106+0000] {spark_submit.py:571} INFO - at org.apache.spark.deploy.client.StandaloneAppClient$ClientEndpoint$$anon$1.run(StandaloneAppClient.scala:108)
[2024-05-22T13:35:47.106+0000] {spark_submit.py:571} INFO - at java.base/java.util.concurrent.Executors$RunnableAdapter.call(Executors.java:515)
[2024-05-22T13:35:47.107+0000] {spark_submit.py:571} INFO - at java.base/java.util.concurrent.FutureTask.run(FutureTask.java:264)
[2024-05-22T13:35:47.107+0000] {spark_submit.py:571} INFO - at java.base/java.util.concurrent.ThreadPoolExecutor.runWorker(ThreadPoolExecutor.java:1128)
[2024-05-22T13:35:47.107+0000] {spark_submit.py:571} INFO - at java.base/java.util.concurrent.ThreadPoolExecutor$Worker.run(ThreadPoolExecutor.java:628)
[2024-05-22T13:35:47.107+0000] {spark_submit.py:571} INFO - at java.base/java.lang.Thread.run(Thread.java:829)
[2024-05-22T13:35:47.107+0000] {spark_submit.py:571} INFO - Caused by: java.io.IOException: Failed to connect to spark-master-1:7077
[2024-05-22T13:35:47.108+0000] {spark_submit.py:571} INFO - at org.apache.spark.network.client.TransportClientFactory.createClient(TransportClientFactory.java:294)
[2024-05-22T13:35:47.108+0000] {spark_submit.py:571} INFO - at org.apache.spark.network.client.TransportClientFactory.createClient(TransportClientFactory.java:214)
[2024-05-22T13:35:47.108+0000] {spark_submit.py:571} INFO - at org.apache.spark.network.client.TransportClientFactory.createClient(TransportClientFactory.java:226)
[2024-05-22T13:35:47.108+0000] {spark_submit.py:571} INFO - at org.apache.spark.rpc.netty.NettyRpcEnv.createClient(NettyRpcEnv.scala:204)
[2024-05-22T13:35:47.108+0000] {spark_submit.py:571} INFO - at org.apache.spark.rpc.netty.Outbox$$anon$1.call(Outbox.scala:202)
[2024-05-22T13:35:47.108+0000] {spark_submit.py:571} INFO - at org.apache.spark.rpc.netty.Outbox$$anon$1.call(Outbox.scala:198)
[2024-05-22T13:35:47.108+0000] {spark_submit.py:571} INFO - ... 4 more
[2024-05-22T13:35:47.108+0000] {spark_submit.py:571} INFO - Caused by: java.net.UnknownHostException: spark-master-1
[2024-05-22T13:35:47.108+0000] {spark_submit.py:571} INFO - at java.base/java.net.InetAddress$CachedAddresses.get(InetAddress.java:797)
[2024-05-22T13:35:47.108+0000] {spark_submit.py:571} INFO - at java.base/java.net.InetAddress.getAllByName0(InetAddress.java:1533)
[2024-05-22T13:35:47.108+0000] {spark_submit.py:571} INFO - at java.base/java.net.InetAddress.getAllByName(InetAddress.java:1386)
[2024-05-22T13:35:47.109+0000] {spark_submit.py:571} INFO - at java.base/java.net.InetAddress.getAllByName(InetAddress.java:1307)
[2024-05-22T13:35:47.109+0000] {spark_submit.py:571} INFO - at java.base/java.net.InetAddress.getByName(InetAddress.java:1257)
[2024-05-22T13:35:47.109+0000] {spark_submit.py:571} INFO - at io.netty.util.internal.SocketUtils$8.run(SocketUtils.java:156)
[2024-05-22T13:35:47.110+0000] {spark_submit.py:571} INFO - at io.netty.util.internal.SocketUtils$8.run(SocketUtils.java:153)
[2024-05-22T13:35:47.110+0000] {spark_submit.py:571} INFO - at java.base/java.security.AccessController.doPrivileged(Native Method)
[2024-05-22T13:35:47.110+0000] {spark_submit.py:571} INFO - at io.netty.util.internal.SocketUtils.addressByName(SocketUtils.java:153)
[2024-05-22T13:35:47.110+0000] {spark_submit.py:571} INFO - at io.netty.resolver.DefaultNameResolver.doResolve(DefaultNameResolver.java:41)
[2024-05-22T13:35:47.110+0000] {spark_submit.py:571} INFO - at io.netty.resolver.SimpleNameResolver.resolve(SimpleNameResolver.java:61)
[2024-05-22T13:35:47.110+0000] {spark_submit.py:571} INFO - at io.netty.resolver.SimpleNameResolver.resolve(SimpleNameResolver.java:53)
[2024-05-22T13:35:47.110+0000] {spark_submit.py:571} INFO - at io.netty.resolver.InetSocketAddressResolver.doResolve(InetSocketAddressResolver.java:55)
[2024-05-22T13:35:47.110+0000] {spark_submit.py:571} INFO - at io.netty.resolver.InetSocketAddressResolver.doResolve(InetSocketAddressResolver.java:31)
[2024-05-22T13:35:47.111+0000] {spark_submit.py:571} INFO - at io.netty.resolver.AbstractAddressResolver.resolve(AbstractAddressResolver.java:106)
[2024-05-22T13:35:47.111+0000] {spark_submit.py:571} INFO - at io.netty.bootstrap.Bootstrap.doResolveAndConnect0(Bootstrap.java:220)
[2024-05-22T13:35:47.111+0000] {spark_submit.py:571} INFO - at io.netty.bootstrap.Bootstrap.access$000(Bootstrap.java:46)
[2024-05-22T13:35:47.111+0000] {spark_submit.py:571} INFO - at io.netty.bootstrap.Bootstrap$1.operationComplete(Bootstrap.java:189)
[2024-05-22T13:35:47.111+0000] {spark_submit.py:571} INFO - at io.netty.bootstrap.Bootstrap$1.operationComplete(Bootstrap.java:175)
[2024-05-22T13:35:47.111+0000] {spark_submit.py:571} INFO - at io.netty.util.concurrent.DefaultPromise.notifyListener0(DefaultPromise.java:590)
[2024-05-22T13:35:47.111+0000] {spark_submit.py:571} INFO - at io.netty.util.concurrent.DefaultPromise.notifyListenersNow(DefaultPromise.java:557)
[2024-05-22T13:35:47.111+0000] {spark_submit.py:571} INFO - at io.netty.util.concurrent.DefaultPromise.notifyListeners(DefaultPromise.java:492)
[2024-05-22T13:35:47.111+0000] {spark_submit.py:571} INFO - at io.netty.util.concurrent.DefaultPromise.setValue0(DefaultPromise.java:636)
[2024-05-22T13:35:47.111+0000] {spark_submit.py:571} INFO - at io.netty.util.concurrent.DefaultPromise.setSuccess0(DefaultPromise.java:625)
[2024-05-22T13:35:47.111+0000] {spark_submit.py:571} INFO - at io.netty.util.concurrent.DefaultPromise.trySuccess(DefaultPromise.java:105)
[2024-05-22T13:35:47.111+0000] {spark_submit.py:571} INFO - at io.netty.channel.DefaultChannelPromise.trySuccess(DefaultChannelPromise.java:84)
[2024-05-22T13:35:47.112+0000] {spark_submit.py:571} INFO - at io.netty.channel.AbstractChannel$AbstractUnsafe.safeSetSuccess(AbstractChannel.java:990)
[2024-05-22T13:35:47.112+0000] {spark_submit.py:571} INFO - at io.netty.channel.AbstractChannel$AbstractUnsafe.register0(AbstractChannel.java:516)
[2024-05-22T13:35:47.112+0000] {spark_submit.py:571} INFO - at io.netty.channel.AbstractChannel$AbstractUnsafe.access$200(AbstractChannel.java:429)
[2024-05-22T13:35:47.112+0000] {spark_submit.py:571} INFO - at io.netty.channel.AbstractChannel$AbstractUnsafe$1.run(AbstractChannel.java:486)
[2024-05-22T13:35:47.112+0000] {spark_submit.py:571} INFO - at io.netty.util.concurrent.AbstractEventExecutor.runTask(AbstractEventExecutor.java:174)
[2024-05-22T13:35:47.112+0000] {spark_submit.py:571} INFO - at io.netty.util.concurrent.AbstractEventExecutor.safeExecute(AbstractEventExecutor.java:167)
[2024-05-22T13:35:47.112+0000] {spark_submit.py:571} INFO - at io.netty.util.concurrent.SingleThreadEventExecutor.runAllTasks(SingleThreadEventExecutor.java:470)
[2024-05-22T13:35:47.112+0000] {spark_submit.py:571} INFO - at io.netty.channel.nio.NioEventLoop.run(NioEventLoop.java:569)
[2024-05-22T13:35:47.112+0000] {spark_submit.py:571} INFO - at io.netty.util.concurrent.SingleThreadEventExecutor$4.run(SingleThreadEventExecutor.java:997)
[2024-05-22T13:35:47.112+0000] {spark_submit.py:571} INFO - at io.netty.util.internal.ThreadExecutorMap$2.run(ThreadExecutorMap.java:74)
[2024-05-22T13:35:47.112+0000] {spark_submit.py:571} INFO - at io.netty.util.concurrent.FastThreadLocalRunnable.run(FastThreadLocalRunnable.java:30)
[2024-05-22T13:35:47.112+0000] {spark_submit.py:571} INFO - ... 1 more
[2024-05-22T13:36:07.003+0000] {spark_submit.py:571} INFO - 24/05/22 13:36:06 INFO StandaloneAppClient$ClientEndpoint: Connecting to master spark://spark-master-1:7077...
[2024-05-22T13:36:07.034+0000] {spark_submit.py:571} INFO - 24/05/22 13:36:07 WARN StandaloneAppClient$ClientEndpoint: Failed to connect to master spark-master-1:7077
[2024-05-22T13:36:07.035+0000] {spark_submit.py:571} INFO - org.apache.spark.SparkException: Exception thrown in awaitResult:
[2024-05-22T13:36:07.036+0000] {spark_submit.py:571} INFO - at org.apache.spark.util.SparkThreadUtils$.awaitResult(SparkThreadUtils.scala:56)
[2024-05-22T13:36:07.037+0000] {spark_submit.py:571} INFO - at org.apache.spark.util.ThreadUtils$.awaitResult(ThreadUtils.scala:310)
[2024-05-22T13:36:07.037+0000] {spark_submit.py:571} INFO - at org.apache.spark.rpc.RpcTimeout.awaitResult(RpcTimeout.scala:75)
[2024-05-22T13:36:07.037+0000] {spark_submit.py:571} INFO - at org.apache.spark.rpc.RpcEnv.setupEndpointRefByURI(RpcEnv.scala:102)
[2024-05-22T13:36:07.038+0000] {spark_submit.py:571} INFO - at org.apache.spark.rpc.RpcEnv.setupEndpointRef(RpcEnv.scala:110)
[2024-05-22T13:36:07.040+0000] {spark_submit.py:571} INFO - at org.apache.spark.deploy.client.StandaloneAppClient$ClientEndpoint$$anon$1.run(StandaloneAppClient.scala:108)
[2024-05-22T13:36:07.040+0000] {spark_submit.py:571} INFO - at java.base/java.util.concurrent.Executors$RunnableAdapter.call(Executors.java:515)
[2024-05-22T13:36:07.040+0000] {spark_submit.py:571} INFO - at java.base/java.util.concurrent.FutureTask.run(FutureTask.java:264)
[2024-05-22T13:36:07.040+0000] {spark_submit.py:571} INFO - at java.base/java.util.concurrent.ThreadPoolExecutor.runWorker(ThreadPoolExecutor.java:1128)
[2024-05-22T13:36:07.040+0000] {spark_submit.py:571} INFO - at java.base/java.util.concurrent.ThreadPoolExecutor$Worker.run(ThreadPoolExecutor.java:628)
[2024-05-22T13:36:07.040+0000] {spark_submit.py:571} INFO - at java.base/java.lang.Thread.run(Thread.java:829)
[2024-05-22T13:36:07.040+0000] {spark_submit.py:571} INFO - Caused by: java.io.IOException: Failed to connect to spark-master-1:7077
[2024-05-22T13:36:07.041+0000] {spark_submit.py:571} INFO - at org.apache.spark.network.client.TransportClientFactory.createClient(TransportClientFactory.java:294)
[2024-05-22T13:36:07.041+0000] {spark_submit.py:571} INFO - at org.apache.spark.network.client.TransportClientFactory.createClient(TransportClientFactory.java:214)
[2024-05-22T13:36:07.041+0000] {spark_submit.py:571} INFO - at org.apache.spark.network.client.TransportClientFactory.createClient(TransportClientFactory.java:226)
[2024-05-22T13:36:07.041+0000] {spark_submit.py:571} INFO - at org.apache.spark.rpc.netty.NettyRpcEnv.createClient(NettyRpcEnv.scala:204)
[2024-05-22T13:36:07.041+0000] {spark_submit.py:571} INFO - at org.apache.spark.rpc.netty.Outbox$$anon$1.call(Outbox.scala:202)
[2024-05-22T13:36:07.041+0000] {spark_submit.py:571} INFO - at org.apache.spark.rpc.netty.Outbox$$anon$1.call(Outbox.scala:198)
[2024-05-22T13:36:07.041+0000] {spark_submit.py:571} INFO - ... 4 more
[2024-05-22T13:36:07.041+0000] {spark_submit.py:571} INFO - Caused by: java.net.UnknownHostException: spark-master-1
[2024-05-22T13:36:07.041+0000] {spark_submit.py:571} INFO - at java.base/java.net.InetAddress$CachedAddresses.get(InetAddress.java:797)
[2024-05-22T13:36:07.041+0000] {spark_submit.py:571} INFO - at java.base/java.net.InetAddress.getAllByName0(InetAddress.java:1533)
[2024-05-22T13:36:07.042+0000] {spark_submit.py:571} INFO - at java.base/java.net.InetAddress.getAllByName(InetAddress.java:1386)
[2024-05-22T13:36:07.042+0000] {spark_submit.py:571} INFO - at java.base/java.net.InetAddress.getAllByName(InetAddress.java:1307)
[2024-05-22T13:36:07.042+0000] {spark_submit.py:571} INFO - at java.base/java.net.InetAddress.getByName(InetAddress.java:1257)
[2024-05-22T13:36:07.042+0000] {spark_submit.py:571} INFO - at io.netty.util.internal.SocketUtils$8.run(SocketUtils.java:156)
[2024-05-22T13:36:07.042+0000] {spark_submit.py:571} INFO - at io.netty.util.internal.SocketUtils$8.run(SocketUtils.java:153)
[2024-05-22T13:36:07.042+0000] {spark_submit.py:571} INFO - at java.base/java.security.AccessController.doPrivileged(Native Method)
[2024-05-22T13:36:07.042+0000] {spark_submit.py:571} INFO - at io.netty.util.internal.SocketUtils.addressByName(SocketUtils.java:153)
[2024-05-22T13:36:07.042+0000] {spark_submit.py:571} INFO - at io.netty.resolver.DefaultNameResolver.doResolve(DefaultNameResolver.java:41)
[2024-05-22T13:36:07.042+0000] {spark_submit.py:571} INFO - at io.netty.resolver.SimpleNameResolver.resolve(SimpleNameResolver.java:61)
[2024-05-22T13:36:07.043+0000] {spark_submit.py:571} INFO - at io.netty.resolver.SimpleNameResolver.resolve(SimpleNameResolver.java:53)
[2024-05-22T13:36:07.043+0000] {spark_submit.py:571} INFO - at io.netty.resolver.InetSocketAddressResolver.doResolve(InetSocketAddressResolver.java:55)
[2024-05-22T13:36:07.043+0000] {spark_submit.py:571} INFO - at io.netty.resolver.InetSocketAddressResolver.doResolve(InetSocketAddressResolver.java:31)
[2024-05-22T13:36:07.043+0000] {spark_submit.py:571} INFO - at io.netty.resolver.AbstractAddressResolver.resolve(AbstractAddressResolver.java:106)
[2024-05-22T13:36:07.043+0000] {spark_submit.py:571} INFO - at io.netty.bootstrap.Bootstrap.doResolveAndConnect0(Bootstrap.java:220)
[2024-05-22T13:36:07.043+0000] {spark_submit.py:571} INFO - at io.netty.bootstrap.Bootstrap.access$000(Bootstrap.java:46)
[2024-05-22T13:36:07.043+0000] {spark_submit.py:571} INFO - at io.netty.bootstrap.Bootstrap$1.operationComplete(Bootstrap.java:189)
[2024-05-22T13:36:07.043+0000] {spark_submit.py:571} INFO - at io.netty.bootstrap.Bootstrap$1.operationComplete(Bootstrap.java:175)
[2024-05-22T13:36:07.043+0000] {spark_submit.py:571} INFO - at io.netty.util.concurrent.DefaultPromise.notifyListener0(DefaultPromise.java:590)
[2024-05-22T13:36:07.043+0000] {spark_submit.py:571} INFO - at io.netty.util.concurrent.DefaultPromise.notifyListenersNow(DefaultPromise.java:557)
[2024-05-22T13:36:07.044+0000] {spark_submit.py:571} INFO - at io.netty.util.concurrent.DefaultPromise.notifyListeners(DefaultPromise.java:492)
[2024-05-22T13:36:07.044+0000] {spark_submit.py:571} INFO - at io.netty.util.concurrent.DefaultPromise.setValue0(DefaultPromise.java:636)
[2024-05-22T13:36:07.044+0000] {spark_submit.py:571} INFO - at io.netty.util.concurrent.DefaultPromise.setSuccess0(DefaultPromise.java:625)
[2024-05-22T13:36:07.044+0000] {spark_submit.py:571} INFO - at io.netty.util.concurrent.DefaultPromise.trySuccess(DefaultPromise.java:105)
[2024-05-22T13:36:07.044+0000] {spark_submit.py:571} INFO - at io.netty.channel.DefaultChannelPromise.trySuccess(DefaultChannelPromise.java:84)
[2024-05-22T13:36:07.044+0000] {spark_submit.py:571} INFO - at io.netty.channel.AbstractChannel$AbstractUnsafe.safeSetSuccess(AbstractChannel.java:990)
[2024-05-22T13:36:07.044+0000] {spark_submit.py:571} INFO - at io.netty.channel.AbstractChannel$AbstractUnsafe.register0(AbstractChannel.java:516)
[2024-05-22T13:36:07.044+0000] {spark_submit.py:571} INFO - at io.netty.channel.AbstractChannel$AbstractUnsafe.access$200(AbstractChannel.java:429)
[2024-05-22T13:36:07.044+0000] {spark_submit.py:571} INFO - at io.netty.channel.AbstractChannel$AbstractUnsafe$1.run(AbstractChannel.java:486)
[2024-05-22T13:36:07.044+0000] {spark_submit.py:571} INFO - at io.netty.util.concurrent.AbstractEventExecutor.runTask(AbstractEventExecutor.java:174)
[2024-05-22T13:36:07.044+0000] {spark_submit.py:571} INFO - at io.netty.util.concurrent.AbstractEventExecutor.safeExecute(AbstractEventExecutor.java:167)
[2024-05-22T13:36:07.045+0000] {spark_submit.py:571} INFO - at io.netty.util.concurrent.SingleThreadEventExecutor.runAllTasks(SingleThreadEventExecutor.java:470)
[2024-05-22T13:36:07.045+0000] {spark_submit.py:571} INFO - at io.netty.channel.nio.NioEventLoop.run(NioEventLoop.java:569)
[2024-05-22T13:36:07.045+0000] {spark_submit.py:571} INFO - at io.netty.util.concurrent.SingleThreadEventExecutor$4.run(SingleThreadEventExecutor.java:997)
[2024-05-22T13:36:07.045+0000] {spark_submit.py:571} INFO - at io.netty.util.internal.ThreadExecutorMap$2.run(ThreadExecutorMap.java:74)
[2024-05-22T13:36:07.045+0000] {spark_submit.py:571} INFO - at io.netty.util.concurrent.FastThreadLocalRunnable.run(FastThreadLocalRunnable.java:30)
[2024-05-22T13:36:07.045+0000] {spark_submit.py:571} INFO - ... 1 more
[2024-05-22T13:36:27.006+0000] {spark_submit.py:571} INFO - 24/05/22 13:36:27 INFO StandaloneAppClient$ClientEndpoint: Connecting to master spark://spark-master-1:7077...
[2024-05-22T13:36:27.049+0000] {spark_submit.py:571} INFO - 24/05/22 13:36:27 WARN StandaloneAppClient$ClientEndpoint: Failed to connect to master spark-master-1:7077
[2024-05-22T13:36:27.050+0000] {spark_submit.py:571} INFO - org.apache.spark.SparkException: Exception thrown in awaitResult:
[2024-05-22T13:36:27.050+0000] {spark_submit.py:571} INFO - at org.apache.spark.util.SparkThreadUtils$.awaitResult(SparkThreadUtils.scala:56)
[2024-05-22T13:36:27.050+0000] {spark_submit.py:571} INFO - at org.apache.spark.util.ThreadUtils$.awaitResult(ThreadUtils.scala:310)
[2024-05-22T13:36:27.051+0000] {spark_submit.py:571} INFO - at org.apache.spark.rpc.RpcTimeout.awaitResult(RpcTimeout.scala:75)
[2024-05-22T13:36:27.051+0000] {spark_submit.py:571} INFO - at org.apache.spark.rpc.RpcEnv.setupEndpointRefByURI(RpcEnv.scala:102)
[2024-05-22T13:36:27.051+0000] {spark_submit.py:571} INFO - at org.apache.spark.rpc.RpcEnv.setupEndpointRef(RpcEnv.scala:110)
[2024-05-22T13:36:27.051+0000] {spark_submit.py:571} INFO - at org.apache.spark.deploy.client.StandaloneAppClient$ClientEndpoint$$anon$1.run(StandaloneAppClient.scala:108)
[2024-05-22T13:36:27.051+0000] {spark_submit.py:571} INFO - at java.base/java.util.concurrent.Executors$RunnableAdapter.call(Executors.java:515)
[2024-05-22T13:36:27.051+0000] {spark_submit.py:571} INFO - at java.base/java.util.concurrent.FutureTask.run(FutureTask.java:264)
[2024-05-22T13:36:27.051+0000] {spark_submit.py:571} INFO - at java.base/java.util.concurrent.ThreadPoolExecutor.runWorker(ThreadPoolExecutor.java:1128)
[2024-05-22T13:36:27.051+0000] {spark_submit.py:571} INFO - at java.base/java.util.concurrent.ThreadPoolExecutor$Worker.run(ThreadPoolExecutor.java:628)
[2024-05-22T13:36:27.052+0000] {spark_submit.py:571} INFO - at java.base/java.lang.Thread.run(Thread.java:829)
[2024-05-22T13:36:27.052+0000] {spark_submit.py:571} INFO - Caused by: java.io.IOException: Failed to connect to spark-master-1:7077
[2024-05-22T13:36:27.052+0000] {spark_submit.py:571} INFO - at org.apache.spark.network.client.TransportClientFactory.createClient(TransportClientFactory.java:294)
[2024-05-22T13:36:27.052+0000] {spark_submit.py:571} INFO - at org.apache.spark.network.client.TransportClientFactory.createClient(TransportClientFactory.java:214)
[2024-05-22T13:36:27.052+0000] {spark_submit.py:571} INFO - at org.apache.spark.network.client.TransportClientFactory.createClient(TransportClientFactory.java:226)
[2024-05-22T13:36:27.052+0000] {spark_submit.py:571} INFO - at org.apache.spark.rpc.netty.NettyRpcEnv.createClient(NettyRpcEnv.scala:204)
[2024-05-22T13:36:27.052+0000] {spark_submit.py:571} INFO - at org.apache.spark.rpc.netty.Outbox$$anon$1.call(Outbox.scala:202)
[2024-05-22T13:36:27.052+0000] {spark_submit.py:571} INFO - at org.apache.spark.rpc.netty.Outbox$$anon$1.call(Outbox.scala:198)
[2024-05-22T13:36:27.052+0000] {spark_submit.py:571} INFO - ... 4 more
[2024-05-22T13:36:27.052+0000] {spark_submit.py:571} INFO - Caused by: java.net.UnknownHostException: spark-master-1
[2024-05-22T13:36:27.052+0000] {spark_submit.py:571} INFO - at java.base/java.net.InetAddress$CachedAddresses.get(InetAddress.java:797)
[2024-05-22T13:36:27.053+0000] {spark_submit.py:571} INFO - at java.base/java.net.InetAddress.getAllByName0(InetAddress.java:1533)
[2024-05-22T13:36:27.053+0000] {spark_submit.py:571} INFO - at java.base/java.net.InetAddress.getAllByName(InetAddress.java:1386)
[2024-05-22T13:36:27.054+0000] {spark_submit.py:571} INFO - at java.base/java.net.InetAddress.getAllByName(InetAddress.java:1307)
[2024-05-22T13:36:27.054+0000] {spark_submit.py:571} INFO - at java.base/java.net.InetAddress.getByName(InetAddress.java:1257)
[2024-05-22T13:36:27.054+0000] {spark_submit.py:571} INFO - at io.netty.util.internal.SocketUtils$8.run(SocketUtils.java:156)
[2024-05-22T13:36:27.054+0000] {spark_submit.py:571} INFO - at io.netty.util.internal.SocketUtils$8.run(SocketUtils.java:153)
[2024-05-22T13:36:27.054+0000] {spark_submit.py:571} INFO - at java.base/java.security.AccessController.doPrivileged(Native Method)
[2024-05-22T13:36:27.055+0000] {spark_submit.py:571} INFO - at io.netty.util.internal.SocketUtils.addressByName(SocketUtils.java:153)
[2024-05-22T13:36:27.055+0000] {spark_submit.py:571} INFO - at io.netty.resolver.DefaultNameResolver.doResolve(DefaultNameResolver.java:41)
[2024-05-22T13:36:27.055+0000] {spark_submit.py:571} INFO - at io.netty.resolver.SimpleNameResolver.resolve(SimpleNameResolver.java:61)
[2024-05-22T13:36:27.055+0000] {spark_submit.py:571} INFO - at io.netty.resolver.SimpleNameResolver.resolve(SimpleNameResolver.java:53)
[2024-05-22T13:36:27.055+0000] {spark_submit.py:571} INFO - at io.netty.resolver.InetSocketAddressResolver.doResolve(InetSocketAddressResolver.java:55)
[2024-05-22T13:36:27.055+0000] {spark_submit.py:571} INFO - at io.netty.resolver.InetSocketAddressResolver.doResolve(InetSocketAddressResolver.java:31)
[2024-05-22T13:36:27.055+0000] {spark_submit.py:571} INFO - at io.netty.resolver.AbstractAddressResolver.resolve(AbstractAddressResolver.java:106)
[2024-05-22T13:36:27.055+0000] {spark_submit.py:571} INFO - at io.netty.bootstrap.Bootstrap.doResolveAndConnect0(Bootstrap.java:220)
[2024-05-22T13:36:27.055+0000] {spark_submit.py:571} INFO - at io.netty.bootstrap.Bootstrap.access$000(Bootstrap.java:46)
[2024-05-22T13:36:27.055+0000] {spark_submit.py:571} INFO - at io.netty.bootstrap.Bootstrap$1.operationComplete(Bootstrap.java:189)
[2024-05-22T13:36:27.056+0000] {spark_submit.py:571} INFO - at io.netty.bootstrap.Bootstrap$1.operationComplete(Bootstrap.java:175)
[2024-05-22T13:36:27.056+0000] {spark_submit.py:571} INFO - at io.netty.util.concurrent.DefaultPromise.notifyListener0(DefaultPromise.java:590)
[2024-05-22T13:36:27.056+0000] {spark_submit.py:571} INFO - at io.netty.util.concurrent.DefaultPromise.notifyListenersNow(DefaultPromise.java:557)
[2024-05-22T13:36:27.056+0000] {spark_submit.py:571} INFO - at io.netty.util.concurrent.DefaultPromise.notifyListeners(DefaultPromise.java:492)
[2024-05-22T13:36:27.056+0000] {spark_submit.py:571} INFO - at io.netty.util.concurrent.DefaultPromise.setValue0(DefaultPromise.java:636)
[2024-05-22T13:36:27.056+0000] {spark_submit.py:571} INFO - at io.netty.util.concurrent.DefaultPromise.setSuccess0(DefaultPromise.java:625)
[2024-05-22T13:36:27.056+0000] {spark_submit.py:571} INFO - at io.netty.util.concurrent.DefaultPromise.trySuccess(DefaultPromise.java:105)
[2024-05-22T13:36:27.056+0000] {spark_submit.py:571} INFO - at io.netty.channel.DefaultChannelPromise.trySuccess(DefaultChannelPromise.java:84)
[2024-05-22T13:36:27.056+0000] {spark_submit.py:571} INFO - at io.netty.channel.AbstractChannel$AbstractUnsafe.safeSetSuccess(AbstractChannel.java:990)
[2024-05-22T13:36:27.056+0000] {spark_submit.py:571} INFO - at io.netty.channel.AbstractChannel$AbstractUnsafe.register0(AbstractChannel.java:516)
[2024-05-22T13:36:27.056+0000] {spark_submit.py:571} INFO - at io.netty.channel.AbstractChannel$AbstractUnsafe.access$200(AbstractChannel.java:429)
[2024-05-22T13:36:27.057+0000] {spark_submit.py:571} INFO - at io.netty.channel.AbstractChannel$AbstractUnsafe$1.run(AbstractChannel.java:486)
[2024-05-22T13:36:27.057+0000] {spark_submit.py:571} INFO - at io.netty.util.concurrent.AbstractEventExecutor.runTask(AbstractEventExecutor.java:174)
[2024-05-22T13:36:27.057+0000] {spark_submit.py:571} INFO - at io.netty.util.concurrent.AbstractEventExecutor.safeExecute(AbstractEventExecutor.java:167)
[2024-05-22T13:36:27.057+0000] {spark_submit.py:571} INFO - at io.netty.util.concurrent.SingleThreadEventExecutor.runAllTasks(SingleThreadEventExecutor.java:470)
[2024-05-22T13:36:27.057+0000] {spark_submit.py:571} INFO - at io.netty.channel.nio.NioEventLoop.run(NioEventLoop.java:569)
[2024-05-22T13:36:27.057+0000] {spark_submit.py:571} INFO - at io.netty.util.concurrent.SingleThreadEventExecutor$4.run(SingleThreadEventExecutor.java:997)
[2024-05-22T13:36:27.057+0000] {spark_submit.py:571} INFO - at io.netty.util.internal.ThreadExecutorMap$2.run(ThreadExecutorMap.java:74)
[2024-05-22T13:36:27.057+0000] {spark_submit.py:571} INFO - at io.netty.util.concurrent.FastThreadLocalRunnable.run(FastThreadLocalRunnable.java:30)
[2024-05-22T13:36:27.057+0000] {spark_submit.py:571} INFO - ... 1 more
[2024-05-22T13:36:47.027+0000] {spark_submit.py:571} INFO - 24/05/22 13:36:47 ERROR StandaloneSchedulerBackend: Application has been killed. Reason: All masters are unresponsive! Giving up.
[2024-05-22T13:36:47.039+0000] {spark_submit.py:571} INFO - 24/05/22 13:36:47 WARN StandaloneSchedulerBackend: Application ID is not initialized yet.
[2024-05-22T13:36:47.157+0000] {spark_submit.py:571} INFO - 24/05/22 13:36:47 INFO Utils: Successfully started service 'org.apache.spark.network.netty.NettyBlockTransferService' on port 36415.
[2024-05-22T13:36:47.158+0000] {spark_submit.py:571} INFO - 24/05/22 13:36:47 INFO NettyBlockTransferService: Server created on 555515bb1aeb:36415
[2024-05-22T13:36:47.180+0000] {spark_submit.py:571} INFO - 24/05/22 13:36:47 INFO BlockManager: Using org.apache.spark.storage.RandomBlockReplicationPolicy for block replication policy
[2024-05-22T13:36:47.297+0000] {spark_submit.py:571} INFO - 24/05/22 13:36:47 INFO BlockManagerMaster: Registering BlockManager BlockManagerId(driver, 555515bb1aeb, 36415, None)
[2024-05-22T13:36:47.337+0000] {spark_submit.py:571} INFO - 24/05/22 13:36:47 INFO BlockManagerMasterEndpoint: Registering block manager 555515bb1aeb:36415 with 434.4 MiB RAM, BlockManagerId(driver, 555515bb1aeb, 36415, None)
[2024-05-22T13:36:47.341+0000] {spark_submit.py:571} INFO - 24/05/22 13:36:47 INFO BlockManagerMaster: Registered BlockManager BlockManagerId(driver, 555515bb1aeb, 36415, None)
[2024-05-22T13:36:47.346+0000] {spark_submit.py:571} INFO - 24/05/22 13:36:47 INFO BlockManager: Initialized BlockManager: BlockManagerId(driver, 555515bb1aeb, 36415, None)
[2024-05-22T13:36:48.133+0000] {spark_submit.py:571} INFO - 24/05/22 13:36:48 INFO StandaloneSchedulerBackend: SchedulerBackend is ready for scheduling beginning after reached minRegisteredResourcesRatio: 0.0
[2024-05-22T13:36:48.307+0000] {spark_submit.py:571} INFO - Traceback (most recent call last):
[2024-05-22T13:36:48.315+0000] {spark_submit.py:571} INFO - File "/opt/***/jobs/python/helloworld.py", line 8, in <module>
[2024-05-22T13:36:48.316+0000] {spark_submit.py:571} INFO - logFile = sys.argv[1]
[2024-05-22T13:36:48.316+0000] {spark_submit.py:571} INFO - ~~~~~~~~^^^
[2024-05-22T13:36:48.317+0000] {spark_submit.py:571} INFO - IndexError: list index out of range
[2024-05-22T13:36:48.588+0000] {spark_submit.py:571} INFO - 24/05/22 13:36:48 INFO SparkContext: Invoking stop() from shutdown hook
[2024-05-22T13:36:48.590+0000] {spark_submit.py:571} INFO - 24/05/22 13:36:48 INFO SparkContext: SparkContext is stopping with exitCode 0.
[2024-05-22T13:36:48.655+0000] {spark_submit.py:571} INFO - 24/05/22 13:36:48 INFO SparkUI: Stopped Spark web UI at http://555515bb1aeb:4040
[2024-05-22T13:36:48.674+0000] {spark_submit.py:571} INFO - 24/05/22 13:36:48 INFO StandaloneSchedulerBackend: Shutting down all executors
[2024-05-22T13:36:48.951+0000] {spark_submit.py:571} INFO - 24/05/22 13:36:48 INFO SparkContext: SparkContext is stopping with exitCode 0.
[2024-05-22T13:36:48.966+0000] {spark_submit.py:571} INFO - 24/05/22 13:36:48 INFO SparkContext: SparkContext already stopped.
[2024-05-22T13:36:48.968+0000] {spark_submit.py:571} INFO - 24/05/22 13:36:48 INFO StandaloneSchedulerBackend$StandaloneDriverEndpoint: Asking each executor to shut down
[2024-05-22T13:36:48.976+0000] {spark_submit.py:571} INFO - 24/05/22 13:36:48 WARN StandaloneAppClient$ClientEndpoint: Drop UnregisterApplication(null) because has not yet connected to master
[2024-05-22T13:36:49.038+0000] {spark_submit.py:571} INFO - 24/05/22 13:36:49 INFO MapOutputTrackerMasterEndpoint: MapOutputTrackerMasterEndpoint stopped!
[2024-05-22T13:36:49.183+0000] {spark_submit.py:571} INFO - 24/05/22 13:36:49 INFO MemoryStore: MemoryStore cleared
[2024-05-22T13:36:49.185+0000] {spark_submit.py:571} INFO - 24/05/22 13:36:49 INFO BlockManager: BlockManager stopped
[2024-05-22T13:36:49.209+0000] {spark_submit.py:571} INFO - 24/05/22 13:36:49 INFO BlockManagerMaster: BlockManagerMaster stopped
[2024-05-22T13:36:49.215+0000] {spark_submit.py:571} INFO - 24/05/22 13:36:49 INFO OutputCommitCoordinator$OutputCommitCoordinatorEndpoint: OutputCommitCoordinator stopped!
[2024-05-22T13:36:49.288+0000] {spark_submit.py:571} INFO - 24/05/22 13:36:49 INFO SparkContext: Successfully stopped SparkContext
[2024-05-22T13:36:49.290+0000] {spark_submit.py:571} INFO - 24/05/22 13:36:49 INFO ShutdownHookManager: Shutdown hook called
[2024-05-22T13:36:49.292+0000] {spark_submit.py:571} INFO - 24/05/22 13:36:49 INFO ShutdownHookManager: Deleting directory /tmp/spark-5785a6ed-d95d-4aa0-b95f-830ee07383cb
[2024-05-22T13:36:49.326+0000] {spark_submit.py:571} INFO - 24/05/22 13:36:49 INFO ShutdownHookManager: Deleting directory /tmp/spark-465c1d4f-fcad-4a65-b295-88544a652109
[2024-05-22T13:36:49.361+0000] {spark_submit.py:571} INFO - 24/05/22 13:36:49 INFO ShutdownHookManager: Deleting directory /tmp/spark-465c1d4f-fcad-4a65-b295-88544a652109/pyspark-3f89a319-b00d-4623-87c2-7fa6ebd426ff
[2024-05-22T13:36:49.692+0000] {taskinstance.py:1935} ERROR - Task failed with exception
Traceback (most recent call last):
  File "/home/airflow/.local/lib/python3.11/site-packages/airflow/providers/apache/spark/operators/spark_submit.py", line 174, in execute
    self._hook.submit(self.application)
  File "/home/airflow/.local/lib/python3.11/site-packages/airflow/providers/apache/spark/hooks/spark_submit.py", line 502, in submit
    raise AirflowException(
airflow.exceptions.AirflowException: Cannot execute: spark-submit --master spark://spark-master-1:7077 --name arrow-spark --deploy-mode client jobs/python/helloworld.py. Error code is: 1.
[2024-05-22T13:36:49.729+0000] {taskinstance.py:1398} INFO - Marking task as FAILED. dag_id=spark_***, task_id=helloworld, execution_date=20240521T010000, start_date=20240522T133540, end_date=20240522T133649
[2024-05-22T13:36:49.768+0000] {standard_task_runner.py:104} ERROR - Failed to execute job 4 for task helloworld (Cannot execute: spark-submit --master spark://spark-master-1:7077 --name arrow-spark --deploy-mode client jobs/python/helloworld.py. Error code is: 1.; 223)
[2024-05-22T13:36:49.828+0000] {local_task_job_runner.py:228} INFO - Task exited with return code 1
[2024-05-22T13:36:49.941+0000] {taskinstance.py:2776} INFO - 0 downstream tasks scheduled from follow-on schedule check
