[2024-05-22T13:45:45.793+0000] {taskinstance.py:1157} INFO - Dependencies all met for dep_context=non-requeueable deps ti=<TaskInstance: spark_airflow.helloworld scheduled__2024-05-21T01:00:00+00:00 [queued]>
[2024-05-22T13:45:45.798+0000] {taskinstance.py:1157} INFO - Dependencies all met for dep_context=requeueable deps ti=<TaskInstance: spark_airflow.helloworld scheduled__2024-05-21T01:00:00+00:00 [queued]>
[2024-05-22T13:45:45.798+0000] {taskinstance.py:1359} INFO - Starting attempt 5 of 5
[2024-05-22T13:45:45.803+0000] {taskinstance.py:1380} INFO - Executing <Task(SparkSubmitOperator): helloworld> on 2024-05-21 01:00:00+00:00
[2024-05-22T13:45:45.808+0000] {standard_task_runner.py:57} INFO - Started process 1624 to run task
[2024-05-22T13:45:45.812+0000] {standard_task_runner.py:84} INFO - Running: ['***', 'tasks', 'run', 'spark_***', 'helloworld', 'scheduled__2024-05-21T01:00:00+00:00', '--job-id', '13', '--raw', '--subdir', 'DAGS_FOLDER/spark_***.py', '--cfg-path', '/tmp/tmpm84vwigj']
[2024-05-22T13:45:45.816+0000] {standard_task_runner.py:85} INFO - Job 13: Subtask helloworld
[2024-05-22T13:45:45.863+0000] {task_command.py:415} INFO - Running <TaskInstance: spark_airflow.helloworld scheduled__2024-05-21T01:00:00+00:00 [running]> on host 555515bb1aeb
[2024-05-22T13:45:45.931+0000] {taskinstance.py:1660} INFO - Exporting env vars: AIRFLOW_CTX_DAG_OWNER='Bagas Prakasa' AIRFLOW_CTX_DAG_ID='spark_***' AIRFLOW_CTX_TASK_ID='helloworld' AIRFLOW_CTX_EXECUTION_DATE='2024-05-21T01:00:00+00:00' AIRFLOW_CTX_TRY_NUMBER='5' AIRFLOW_CTX_DAG_RUN_ID='scheduled__2024-05-21T01:00:00+00:00'
[2024-05-22T13:45:45.939+0000] {base.py:73} INFO - Using connection ID 'spark-conn' for task execution.
[2024-05-22T13:45:45.940+0000] {spark_submit.py:401} INFO - Spark-Submit cmd: spark-submit --master spark://spark-master:7077 --name arrow-spark --deploy-mode client jobs/python/helloworld.py
[2024-05-22T13:45:46.045+0000] {spark_submit.py:571} INFO - /home/***/.local/lib/python3.11/site-packages/pyspark/bin/load-spark-env.sh: line 68: ps: command not found
[2024-05-22T13:45:48.686+0000] {spark_submit.py:571} INFO - 24/05/22 13:45:48 INFO SparkContext: Running Spark version 3.5.1
[2024-05-22T13:45:48.688+0000] {spark_submit.py:571} INFO - 24/05/22 13:45:48 INFO SparkContext: OS info Linux, 6.7.11-orbstack-00143-ge6b82e26cd22, aarch64
[2024-05-22T13:45:48.689+0000] {spark_submit.py:571} INFO - 24/05/22 13:45:48 INFO SparkContext: Java version 11.0.23
[2024-05-22T13:45:48.731+0000] {spark_submit.py:571} INFO - 24/05/22 13:45:48 WARN NativeCodeLoader: Unable to load native-hadoop library for your platform... using builtin-java classes where applicable
[2024-05-22T13:45:48.831+0000] {spark_submit.py:571} INFO - 24/05/22 13:45:48 INFO ResourceUtils: ==============================================================
[2024-05-22T13:45:48.831+0000] {spark_submit.py:571} INFO - 24/05/22 13:45:48 INFO ResourceUtils: No custom resources configured for spark.driver.
[2024-05-22T13:45:48.831+0000] {spark_submit.py:571} INFO - 24/05/22 13:45:48 INFO ResourceUtils: ==============================================================
[2024-05-22T13:45:48.832+0000] {spark_submit.py:571} INFO - 24/05/22 13:45:48 INFO SparkContext: Submitted application: arrow-spark
[2024-05-22T13:45:48.859+0000] {spark_submit.py:571} INFO - 24/05/22 13:45:48 INFO ResourceProfile: Default ResourceProfile created, executor resources: Map(memory -> name: memory, amount: 1024, script: , vendor: , offHeap -> name: offHeap, amount: 0, script: , vendor: ), task resources: Map(cpus -> name: cpus, amount: 1.0)
[2024-05-22T13:45:48.869+0000] {spark_submit.py:571} INFO - 24/05/22 13:45:48 INFO ResourceProfile: Limiting resource is cpu
[2024-05-22T13:45:48.869+0000] {spark_submit.py:571} INFO - 24/05/22 13:45:48 INFO ResourceProfileManager: Added ResourceProfile id: 0
[2024-05-22T13:45:48.919+0000] {spark_submit.py:571} INFO - 24/05/22 13:45:48 INFO SecurityManager: Changing view acls to: ***
[2024-05-22T13:45:48.920+0000] {spark_submit.py:571} INFO - 24/05/22 13:45:48 INFO SecurityManager: Changing modify acls to: ***
[2024-05-22T13:45:48.920+0000] {spark_submit.py:571} INFO - 24/05/22 13:45:48 INFO SecurityManager: Changing view acls groups to:
[2024-05-22T13:45:48.920+0000] {spark_submit.py:571} INFO - 24/05/22 13:45:48 INFO SecurityManager: Changing modify acls groups to:
[2024-05-22T13:45:48.920+0000] {spark_submit.py:571} INFO - 24/05/22 13:45:48 INFO SecurityManager: SecurityManager: authentication disabled; ui acls disabled; users with view permissions: ***; groups with view permissions: EMPTY; users with modify permissions: ***; groups with modify permissions: EMPTY
[2024-05-22T13:45:49.129+0000] {spark_submit.py:571} INFO - 24/05/22 13:45:49 INFO Utils: Successfully started service 'sparkDriver' on port 35371.
[2024-05-22T13:45:49.150+0000] {spark_submit.py:571} INFO - 24/05/22 13:45:49 INFO SparkEnv: Registering MapOutputTracker
[2024-05-22T13:45:49.181+0000] {spark_submit.py:571} INFO - 24/05/22 13:45:49 INFO SparkEnv: Registering BlockManagerMaster
[2024-05-22T13:45:49.196+0000] {spark_submit.py:571} INFO - 24/05/22 13:45:49 INFO BlockManagerMasterEndpoint: Using org.apache.spark.storage.DefaultTopologyMapper for getting topology information
[2024-05-22T13:45:49.198+0000] {spark_submit.py:571} INFO - 24/05/22 13:45:49 INFO BlockManagerMasterEndpoint: BlockManagerMasterEndpoint up
[2024-05-22T13:45:49.200+0000] {spark_submit.py:571} INFO - 24/05/22 13:45:49 INFO SparkEnv: Registering BlockManagerMasterHeartbeat
[2024-05-22T13:45:49.214+0000] {spark_submit.py:571} INFO - 24/05/22 13:45:49 INFO DiskBlockManager: Created local directory at /tmp/blockmgr-f307c649-ca7e-4ae4-ad27-c284f85ee910
[2024-05-22T13:45:49.225+0000] {spark_submit.py:571} INFO - 24/05/22 13:45:49 INFO MemoryStore: MemoryStore started with capacity 434.4 MiB
[2024-05-22T13:45:49.235+0000] {spark_submit.py:571} INFO - 24/05/22 13:45:49 INFO SparkEnv: Registering OutputCommitCoordinator
[2024-05-22T13:45:49.338+0000] {spark_submit.py:571} INFO - 24/05/22 13:45:49 INFO JettyUtils: Start Jetty 0.0.0.0:4040 for SparkUI
[2024-05-22T13:45:49.390+0000] {spark_submit.py:571} INFO - 24/05/22 13:45:49 INFO Utils: Successfully started service 'SparkUI' on port 4040.
[2024-05-22T13:45:49.487+0000] {spark_submit.py:571} INFO - 24/05/22 13:45:49 INFO StandaloneAppClient$ClientEndpoint: Connecting to master spark://spark-master:7077...
[2024-05-22T13:45:49.528+0000] {spark_submit.py:571} INFO - 24/05/22 13:45:49 INFO TransportClientFactory: Successfully created connection to spark-master/192.168.165.3:7077 after 23 ms (0 ms spent in bootstraps)
[2024-05-22T13:45:49.632+0000] {spark_submit.py:571} INFO - 24/05/22 13:45:49 INFO StandaloneSchedulerBackend: Connected to Spark cluster with app ID app-20240522134549-0006
[2024-05-22T13:45:49.660+0000] {spark_submit.py:571} INFO - 24/05/22 13:45:49 INFO StandaloneAppClient$ClientEndpoint: Executor added: app-20240522134549-0006/0 on worker-20240522131124-192.168.165.5-44627 (192.168.165.5:44627) with 2 core(s)
[2024-05-22T13:45:49.665+0000] {spark_submit.py:571} INFO - 24/05/22 13:45:49 INFO StandaloneSchedulerBackend: Granted executor ID app-20240522134549-0006/0 on hostPort 192.168.165.5:44627 with 2 core(s), 1024.0 MiB RAM
[2024-05-22T13:45:49.666+0000] {spark_submit.py:571} INFO - 24/05/22 13:45:49 INFO StandaloneAppClient$ClientEndpoint: Executor added: app-20240522134549-0006/1 on worker-20240522131124-192.168.165.6-40209 (192.168.165.6:40209) with 2 core(s)
[2024-05-22T13:45:49.666+0000] {spark_submit.py:571} INFO - 24/05/22 13:45:49 INFO StandaloneSchedulerBackend: Granted executor ID app-20240522134549-0006/1 on hostPort 192.168.165.6:40209 with 2 core(s), 1024.0 MiB RAM
[2024-05-22T13:45:49.671+0000] {spark_submit.py:571} INFO - 24/05/22 13:45:49 INFO Utils: Successfully started service 'org.apache.spark.network.netty.NettyBlockTransferService' on port 46819.
[2024-05-22T13:45:49.672+0000] {spark_submit.py:571} INFO - 24/05/22 13:45:49 INFO NettyBlockTransferService: Server created on 555515bb1aeb:46819
[2024-05-22T13:45:49.675+0000] {spark_submit.py:571} INFO - 24/05/22 13:45:49 INFO BlockManager: Using org.apache.spark.storage.RandomBlockReplicationPolicy for block replication policy
[2024-05-22T13:45:49.698+0000] {spark_submit.py:571} INFO - 24/05/22 13:45:49 INFO BlockManagerMaster: Registering BlockManager BlockManagerId(driver, 555515bb1aeb, 46819, None)
[2024-05-22T13:45:49.715+0000] {spark_submit.py:571} INFO - 24/05/22 13:45:49 INFO BlockManagerMasterEndpoint: Registering block manager 555515bb1aeb:46819 with 434.4 MiB RAM, BlockManagerId(driver, 555515bb1aeb, 46819, None)
[2024-05-22T13:45:49.721+0000] {spark_submit.py:571} INFO - 24/05/22 13:45:49 INFO BlockManagerMaster: Registered BlockManager BlockManagerId(driver, 555515bb1aeb, 46819, None)
[2024-05-22T13:45:49.723+0000] {spark_submit.py:571} INFO - 24/05/22 13:45:49 INFO BlockManager: Initialized BlockManager: BlockManagerId(driver, 555515bb1aeb, 46819, None)
[2024-05-22T13:45:49.859+0000] {spark_submit.py:571} INFO - 24/05/22 13:45:49 INFO StandaloneAppClient$ClientEndpoint: Executor updated: app-20240522134549-0006/0 is now RUNNING
[2024-05-22T13:45:49.866+0000] {spark_submit.py:571} INFO - 24/05/22 13:45:49 INFO StandaloneAppClient$ClientEndpoint: Executor updated: app-20240522134549-0006/1 is now RUNNING
[2024-05-22T13:45:50.149+0000] {spark_submit.py:571} INFO - 24/05/22 13:45:50 INFO StandaloneSchedulerBackend: SchedulerBackend is ready for scheduling beginning after reached minRegisteredResourcesRatio: 0.0
[2024-05-22T13:45:50.246+0000] {spark_submit.py:571} INFO - Hello World
[2024-05-22T13:45:50.398+0000] {spark_submit.py:571} INFO - 24/05/22 13:45:50 INFO SparkContext: Invoking stop() from shutdown hook
[2024-05-22T13:45:50.400+0000] {spark_submit.py:571} INFO - 24/05/22 13:45:50 INFO SparkContext: SparkContext is stopping with exitCode 0.
[2024-05-22T13:45:50.434+0000] {spark_submit.py:571} INFO - 24/05/22 13:45:50 INFO SparkUI: Stopped Spark web UI at http://555515bb1aeb:4040
[2024-05-22T13:45:50.460+0000] {spark_submit.py:571} INFO - 24/05/22 13:45:50 INFO StandaloneSchedulerBackend: Shutting down all executors
[2024-05-22T13:45:50.482+0000] {spark_submit.py:571} INFO - 24/05/22 13:45:50 INFO StandaloneSchedulerBackend$StandaloneDriverEndpoint: Asking each executor to shut down
[2024-05-22T13:45:50.560+0000] {spark_submit.py:571} INFO - 24/05/22 13:45:50 INFO MapOutputTrackerMasterEndpoint: MapOutputTrackerMasterEndpoint stopped!
[2024-05-22T13:45:50.667+0000] {spark_submit.py:571} INFO - 24/05/22 13:45:50 INFO MemoryStore: MemoryStore cleared
[2024-05-22T13:45:50.670+0000] {spark_submit.py:571} INFO - 24/05/22 13:45:50 INFO BlockManager: BlockManager stopped
[2024-05-22T13:45:50.717+0000] {spark_submit.py:571} INFO - 24/05/22 13:45:50 INFO BlockManagerMaster: BlockManagerMaster stopped
[2024-05-22T13:45:50.734+0000] {spark_submit.py:571} INFO - 24/05/22 13:45:50 INFO OutputCommitCoordinator$OutputCommitCoordinatorEndpoint: OutputCommitCoordinator stopped!
[2024-05-22T13:45:50.784+0000] {spark_submit.py:571} INFO - 24/05/22 13:45:50 INFO SparkContext: Successfully stopped SparkContext
[2024-05-22T13:45:50.785+0000] {spark_submit.py:571} INFO - 24/05/22 13:45:50 INFO ShutdownHookManager: Shutdown hook called
[2024-05-22T13:45:50.786+0000] {spark_submit.py:571} INFO - 24/05/22 13:45:50 INFO ShutdownHookManager: Deleting directory /tmp/spark-4eea0b35-e0e5-4af7-a405-93ea7a480016/pyspark-b025c62b-7a00-42ff-8423-4ff053904ed2
[2024-05-22T13:45:50.790+0000] {spark_submit.py:571} INFO - 24/05/22 13:45:50 INFO ShutdownHookManager: Deleting directory /tmp/spark-4eea0b35-e0e5-4af7-a405-93ea7a480016
[2024-05-22T13:45:50.802+0000] {spark_submit.py:571} INFO - 24/05/22 13:45:50 INFO ShutdownHookManager: Deleting directory /tmp/spark-6c31a9f0-6953-400b-81b6-ccc570bd75eb
[2024-05-22T13:45:50.895+0000] {taskinstance.py:1398} INFO - Marking task as SUCCESS. dag_id=spark_***, task_id=helloworld, execution_date=20240521T010000, start_date=20240522T134545, end_date=20240522T134550
[2024-05-22T13:45:50.925+0000] {local_task_job_runner.py:228} INFO - Task exited with return code 0
[2024-05-22T13:45:51.002+0000] {taskinstance.py:2776} INFO - 1 downstream tasks scheduled from follow-on schedule check
