[2024-05-22T13:44:39.969+0000] {taskinstance.py:1157} INFO - Dependencies all met for dep_context=non-requeueable deps ti=<TaskInstance: spark_airflow.helloworld scheduled__2024-05-21T01:00:00+00:00 [queued]>
[2024-05-22T13:44:39.974+0000] {taskinstance.py:1157} INFO - Dependencies all met for dep_context=requeueable deps ti=<TaskInstance: spark_airflow.helloworld scheduled__2024-05-21T01:00:00+00:00 [queued]>
[2024-05-22T13:44:39.976+0000] {taskinstance.py:1359} INFO - Starting attempt 4 of 4
[2024-05-22T13:44:39.984+0000] {taskinstance.py:1380} INFO - Executing <Task(SparkSubmitOperator): helloworld> on 2024-05-21 01:00:00+00:00
[2024-05-22T13:44:39.993+0000] {standard_task_runner.py:57} INFO - Started process 1452 to run task
[2024-05-22T13:44:39.998+0000] {standard_task_runner.py:84} INFO - Running: ['***', 'tasks', 'run', 'spark_***', 'helloworld', 'scheduled__2024-05-21T01:00:00+00:00', '--job-id', '12', '--raw', '--subdir', 'DAGS_FOLDER/spark_***.py', '--cfg-path', '/tmp/tmpkiyuqeri']
[2024-05-22T13:44:40.002+0000] {standard_task_runner.py:85} INFO - Job 12: Subtask helloworld
[2024-05-22T13:44:40.073+0000] {task_command.py:415} INFO - Running <TaskInstance: spark_airflow.helloworld scheduled__2024-05-21T01:00:00+00:00 [running]> on host 555515bb1aeb
[2024-05-22T13:44:40.133+0000] {taskinstance.py:1660} INFO - Exporting env vars: AIRFLOW_CTX_DAG_OWNER='Bagas Prakasa' AIRFLOW_CTX_DAG_ID='spark_***' AIRFLOW_CTX_TASK_ID='helloworld' AIRFLOW_CTX_EXECUTION_DATE='2024-05-21T01:00:00+00:00' AIRFLOW_CTX_TRY_NUMBER='4' AIRFLOW_CTX_DAG_RUN_ID='scheduled__2024-05-21T01:00:00+00:00'
[2024-05-22T13:44:40.148+0000] {base.py:73} INFO - Using connection ID 'spark-conn' for task execution.
[2024-05-22T13:44:40.149+0000] {spark_submit.py:401} INFO - Spark-Submit cmd: spark-submit --master spark://spark-master:7077 --name arrow-spark --deploy-mode client jobs/python/helloworld.py
[2024-05-22T13:44:40.269+0000] {spark_submit.py:571} INFO - /home/***/.local/lib/python3.11/site-packages/pyspark/bin/load-spark-env.sh: line 68: ps: command not found
[2024-05-22T13:44:43.399+0000] {spark_submit.py:571} INFO - 24/05/22 13:44:43 INFO SparkContext: Running Spark version 3.5.1
[2024-05-22T13:44:43.404+0000] {spark_submit.py:571} INFO - 24/05/22 13:44:43 INFO SparkContext: OS info Linux, 6.7.11-orbstack-00143-ge6b82e26cd22, aarch64
[2024-05-22T13:44:43.404+0000] {spark_submit.py:571} INFO - 24/05/22 13:44:43 INFO SparkContext: Java version 11.0.23
[2024-05-22T13:44:43.482+0000] {spark_submit.py:571} INFO - 24/05/22 13:44:43 WARN NativeCodeLoader: Unable to load native-hadoop library for your platform... using builtin-java classes where applicable
[2024-05-22T13:44:43.567+0000] {spark_submit.py:571} INFO - 24/05/22 13:44:43 INFO ResourceUtils: ==============================================================
[2024-05-22T13:44:43.567+0000] {spark_submit.py:571} INFO - 24/05/22 13:44:43 INFO ResourceUtils: No custom resources configured for spark.driver.
[2024-05-22T13:44:43.567+0000] {spark_submit.py:571} INFO - 24/05/22 13:44:43 INFO ResourceUtils: ==============================================================
[2024-05-22T13:44:43.567+0000] {spark_submit.py:571} INFO - 24/05/22 13:44:43 INFO SparkContext: Submitted application: arrow-spark
[2024-05-22T13:44:43.585+0000] {spark_submit.py:571} INFO - 24/05/22 13:44:43 INFO ResourceProfile: Default ResourceProfile created, executor resources: Map(memory -> name: memory, amount: 1024, script: , vendor: , offHeap -> name: offHeap, amount: 0, script: , vendor: ), task resources: Map(cpus -> name: cpus, amount: 1.0)
[2024-05-22T13:44:43.596+0000] {spark_submit.py:571} INFO - 24/05/22 13:44:43 INFO ResourceProfile: Limiting resource is cpu
[2024-05-22T13:44:43.596+0000] {spark_submit.py:571} INFO - 24/05/22 13:44:43 INFO ResourceProfileManager: Added ResourceProfile id: 0
[2024-05-22T13:44:43.671+0000] {spark_submit.py:571} INFO - 24/05/22 13:44:43 INFO SecurityManager: Changing view acls to: ***
[2024-05-22T13:44:43.672+0000] {spark_submit.py:571} INFO - 24/05/22 13:44:43 INFO SecurityManager: Changing modify acls to: ***
[2024-05-22T13:44:43.672+0000] {spark_submit.py:571} INFO - 24/05/22 13:44:43 INFO SecurityManager: Changing view acls groups to:
[2024-05-22T13:44:43.672+0000] {spark_submit.py:571} INFO - 24/05/22 13:44:43 INFO SecurityManager: Changing modify acls groups to:
[2024-05-22T13:44:43.672+0000] {spark_submit.py:571} INFO - 24/05/22 13:44:43 INFO SecurityManager: SecurityManager: authentication disabled; ui acls disabled; users with view permissions: ***; groups with view permissions: EMPTY; users with modify permissions: ***; groups with modify permissions: EMPTY
[2024-05-22T13:44:43.939+0000] {spark_submit.py:571} INFO - 24/05/22 13:44:43 INFO Utils: Successfully started service 'sparkDriver' on port 42833.
[2024-05-22T13:44:43.985+0000] {spark_submit.py:571} INFO - 24/05/22 13:44:43 INFO SparkEnv: Registering MapOutputTracker
[2024-05-22T13:44:44.042+0000] {spark_submit.py:571} INFO - 24/05/22 13:44:44 INFO SparkEnv: Registering BlockManagerMaster
[2024-05-22T13:44:44.056+0000] {spark_submit.py:571} INFO - 24/05/22 13:44:44 INFO BlockManagerMasterEndpoint: Using org.apache.spark.storage.DefaultTopologyMapper for getting topology information
[2024-05-22T13:44:44.057+0000] {spark_submit.py:571} INFO - 24/05/22 13:44:44 INFO BlockManagerMasterEndpoint: BlockManagerMasterEndpoint up
[2024-05-22T13:44:44.060+0000] {spark_submit.py:571} INFO - 24/05/22 13:44:44 INFO SparkEnv: Registering BlockManagerMasterHeartbeat
[2024-05-22T13:44:44.080+0000] {spark_submit.py:571} INFO - 24/05/22 13:44:44 INFO DiskBlockManager: Created local directory at /tmp/blockmgr-94503c45-b548-4e17-a95f-c397f6e6840e
[2024-05-22T13:44:44.092+0000] {spark_submit.py:571} INFO - 24/05/22 13:44:44 INFO MemoryStore: MemoryStore started with capacity 434.4 MiB
[2024-05-22T13:44:44.107+0000] {spark_submit.py:571} INFO - 24/05/22 13:44:44 INFO SparkEnv: Registering OutputCommitCoordinator
[2024-05-22T13:44:44.268+0000] {spark_submit.py:571} INFO - 24/05/22 13:44:44 INFO JettyUtils: Start Jetty 0.0.0.0:4040 for SparkUI
[2024-05-22T13:44:44.340+0000] {spark_submit.py:571} INFO - 24/05/22 13:44:44 INFO Utils: Successfully started service 'SparkUI' on port 4040.
[2024-05-22T13:44:44.510+0000] {spark_submit.py:571} INFO - 24/05/22 13:44:44 INFO StandaloneAppClient$ClientEndpoint: Connecting to master spark://spark-master:7077...
[2024-05-22T13:44:44.556+0000] {spark_submit.py:571} INFO - 24/05/22 13:44:44 INFO TransportClientFactory: Successfully created connection to spark-master/192.168.165.3:7077 after 24 ms (0 ms spent in bootstraps)
[2024-05-22T13:44:44.724+0000] {spark_submit.py:571} INFO - 24/05/22 13:44:44 INFO StandaloneSchedulerBackend: Connected to Spark cluster with app ID app-20240522134444-0005
[2024-05-22T13:44:44.736+0000] {spark_submit.py:571} INFO - 24/05/22 13:44:44 INFO StandaloneAppClient$ClientEndpoint: Executor added: app-20240522134444-0005/0 on worker-20240522131124-192.168.165.5-44627 (192.168.165.5:44627) with 2 core(s)
[2024-05-22T13:44:44.742+0000] {spark_submit.py:571} INFO - 24/05/22 13:44:44 INFO StandaloneSchedulerBackend: Granted executor ID app-20240522134444-0005/0 on hostPort 192.168.165.5:44627 with 2 core(s), 1024.0 MiB RAM
[2024-05-22T13:44:44.742+0000] {spark_submit.py:571} INFO - 24/05/22 13:44:44 INFO StandaloneAppClient$ClientEndpoint: Executor added: app-20240522134444-0005/1 on worker-20240522131124-192.168.165.6-40209 (192.168.165.6:40209) with 2 core(s)
[2024-05-22T13:44:44.742+0000] {spark_submit.py:571} INFO - 24/05/22 13:44:44 INFO StandaloneSchedulerBackend: Granted executor ID app-20240522134444-0005/1 on hostPort 192.168.165.6:40209 with 2 core(s), 1024.0 MiB RAM
[2024-05-22T13:44:44.742+0000] {spark_submit.py:571} INFO - 24/05/22 13:44:44 INFO Utils: Successfully started service 'org.apache.spark.network.netty.NettyBlockTransferService' on port 41553.
[2024-05-22T13:44:44.742+0000] {spark_submit.py:571} INFO - 24/05/22 13:44:44 INFO NettyBlockTransferService: Server created on 555515bb1aeb:41553
[2024-05-22T13:44:44.751+0000] {spark_submit.py:571} INFO - 24/05/22 13:44:44 INFO BlockManager: Using org.apache.spark.storage.RandomBlockReplicationPolicy for block replication policy
[2024-05-22T13:44:44.779+0000] {spark_submit.py:571} INFO - 24/05/22 13:44:44 INFO BlockManagerMaster: Registering BlockManager BlockManagerId(driver, 555515bb1aeb, 41553, None)
[2024-05-22T13:44:44.786+0000] {spark_submit.py:571} INFO - 24/05/22 13:44:44 INFO BlockManagerMasterEndpoint: Registering block manager 555515bb1aeb:41553 with 434.4 MiB RAM, BlockManagerId(driver, 555515bb1aeb, 41553, None)
[2024-05-22T13:44:44.793+0000] {spark_submit.py:571} INFO - 24/05/22 13:44:44 INFO BlockManagerMaster: Registered BlockManager BlockManagerId(driver, 555515bb1aeb, 41553, None)
[2024-05-22T13:44:44.794+0000] {spark_submit.py:571} INFO - 24/05/22 13:44:44 INFO BlockManager: Initialized BlockManager: BlockManagerId(driver, 555515bb1aeb, 41553, None)
[2024-05-22T13:44:45.050+0000] {spark_submit.py:571} INFO - 24/05/22 13:44:45 INFO StandaloneAppClient$ClientEndpoint: Executor updated: app-20240522134444-0005/0 is now RUNNING
[2024-05-22T13:44:45.053+0000] {spark_submit.py:571} INFO - 24/05/22 13:44:45 INFO StandaloneAppClient$ClientEndpoint: Executor updated: app-20240522134444-0005/1 is now RUNNING
[2024-05-22T13:44:45.302+0000] {spark_submit.py:571} INFO - 24/05/22 13:44:45 INFO StandaloneSchedulerBackend: SchedulerBackend is ready for scheduling beginning after reached minRegisteredResourcesRatio: 0.0
[2024-05-22T13:44:45.404+0000] {spark_submit.py:571} INFO - Traceback (most recent call last):
[2024-05-22T13:44:45.404+0000] {spark_submit.py:571} INFO - File "/opt/***/jobs/python/helloworld.py", line 17, in <module>
[2024-05-22T13:44:45.412+0000] {spark_submit.py:571} INFO - logFile = sys.argv[1]
[2024-05-22T13:44:45.413+0000] {spark_submit.py:571} INFO - ~~~~~~~~^^^
[2024-05-22T13:44:45.414+0000] {spark_submit.py:571} INFO - IndexError: list index out of range
[2024-05-22T13:44:45.596+0000] {spark_submit.py:571} INFO - 24/05/22 13:44:45 INFO SparkContext: Invoking stop() from shutdown hook
[2024-05-22T13:44:45.599+0000] {spark_submit.py:571} INFO - 24/05/22 13:44:45 INFO SparkContext: SparkContext is stopping with exitCode 0.
[2024-05-22T13:44:45.625+0000] {spark_submit.py:571} INFO - 24/05/22 13:44:45 INFO SparkUI: Stopped Spark web UI at http://555515bb1aeb:4040
[2024-05-22T13:44:45.634+0000] {spark_submit.py:571} INFO - 24/05/22 13:44:45 INFO StandaloneSchedulerBackend: Shutting down all executors
[2024-05-22T13:44:45.646+0000] {spark_submit.py:571} INFO - 24/05/22 13:44:45 INFO StandaloneSchedulerBackend$StandaloneDriverEndpoint: Asking each executor to shut down
[2024-05-22T13:44:45.715+0000] {spark_submit.py:571} INFO - 24/05/22 13:44:45 INFO MapOutputTrackerMasterEndpoint: MapOutputTrackerMasterEndpoint stopped!
[2024-05-22T13:44:45.827+0000] {spark_submit.py:571} INFO - 24/05/22 13:44:45 INFO MemoryStore: MemoryStore cleared
[2024-05-22T13:44:45.827+0000] {spark_submit.py:571} INFO - 24/05/22 13:44:45 INFO BlockManager: BlockManager stopped
[2024-05-22T13:44:45.892+0000] {spark_submit.py:571} INFO - 24/05/22 13:44:45 INFO BlockManagerMaster: BlockManagerMaster stopped
[2024-05-22T13:44:45.894+0000] {spark_submit.py:571} INFO - 24/05/22 13:44:45 INFO OutputCommitCoordinator$OutputCommitCoordinatorEndpoint: OutputCommitCoordinator stopped!
[2024-05-22T13:44:45.909+0000] {spark_submit.py:571} INFO - 24/05/22 13:44:45 INFO SparkContext: Successfully stopped SparkContext
[2024-05-22T13:44:45.909+0000] {spark_submit.py:571} INFO - 24/05/22 13:44:45 INFO ShutdownHookManager: Shutdown hook called
[2024-05-22T13:44:45.910+0000] {spark_submit.py:571} INFO - 24/05/22 13:44:45 INFO ShutdownHookManager: Deleting directory /tmp/spark-10663cba-ae2c-440a-a57b-28bc1bdf27c1
[2024-05-22T13:44:45.921+0000] {spark_submit.py:571} INFO - 24/05/22 13:44:45 INFO ShutdownHookManager: Deleting directory /tmp/spark-196d00fc-c98b-4ace-ba19-610aad0019e6
[2024-05-22T13:44:45.930+0000] {spark_submit.py:571} INFO - 24/05/22 13:44:45 INFO ShutdownHookManager: Deleting directory /tmp/spark-196d00fc-c98b-4ace-ba19-610aad0019e6/pyspark-8855562d-ad85-4480-b01b-c26214a8b7b1
[2024-05-22T13:44:46.052+0000] {taskinstance.py:1935} ERROR - Task failed with exception
Traceback (most recent call last):
  File "/home/airflow/.local/lib/python3.11/site-packages/airflow/providers/apache/spark/operators/spark_submit.py", line 174, in execute
    self._hook.submit(self.application)
  File "/home/airflow/.local/lib/python3.11/site-packages/airflow/providers/apache/spark/hooks/spark_submit.py", line 502, in submit
    raise AirflowException(
airflow.exceptions.AirflowException: Cannot execute: spark-submit --master spark://spark-master:7077 --name arrow-spark --deploy-mode client jobs/python/helloworld.py. Error code is: 1.
[2024-05-22T13:44:46.063+0000] {taskinstance.py:1398} INFO - Marking task as FAILED. dag_id=spark_***, task_id=helloworld, execution_date=20240521T010000, start_date=20240522T134439, end_date=20240522T134446
[2024-05-22T13:44:46.082+0000] {standard_task_runner.py:104} ERROR - Failed to execute job 12 for task helloworld (Cannot execute: spark-submit --master spark://spark-master:7077 --name arrow-spark --deploy-mode client jobs/python/helloworld.py. Error code is: 1.; 1452)
[2024-05-22T13:44:46.118+0000] {local_task_job_runner.py:228} INFO - Task exited with return code 1
[2024-05-22T13:44:46.163+0000] {taskinstance.py:2776} INFO - 0 downstream tasks scheduled from follow-on schedule check
