[2024-05-22T13:37:25.894+0000] {taskinstance.py:1157} INFO - Dependencies all met for dep_context=non-requeueable deps ti=<TaskInstance: spark_airflow.helloworld scheduled__2024-05-21T01:00:00+00:00 [queued]>
[2024-05-22T13:37:25.899+0000] {taskinstance.py:1157} INFO - Dependencies all met for dep_context=requeueable deps ti=<TaskInstance: spark_airflow.helloworld scheduled__2024-05-21T01:00:00+00:00 [queued]>
[2024-05-22T13:37:25.901+0000] {taskinstance.py:1359} INFO - Starting attempt 2 of 2
[2024-05-22T13:37:25.908+0000] {taskinstance.py:1380} INFO - Executing <Task(SparkSubmitOperator): helloworld> on 2024-05-21 01:00:00+00:00
[2024-05-22T13:37:25.930+0000] {standard_task_runner.py:57} INFO - Started process 564 to run task
[2024-05-22T13:37:25.948+0000] {standard_task_runner.py:84} INFO - Running: ['***', 'tasks', 'run', 'spark_***', 'helloworld', 'scheduled__2024-05-21T01:00:00+00:00', '--job-id', '7', '--raw', '--subdir', 'DAGS_FOLDER/spark_***.py', '--cfg-path', '/tmp/tmppzqgcb94']
[2024-05-22T13:37:25.958+0000] {standard_task_runner.py:85} INFO - Job 7: Subtask helloworld
[2024-05-22T13:37:26.008+0000] {task_command.py:415} INFO - Running <TaskInstance: spark_airflow.helloworld scheduled__2024-05-21T01:00:00+00:00 [running]> on host 555515bb1aeb
[2024-05-22T13:37:26.092+0000] {taskinstance.py:1660} INFO - Exporting env vars: AIRFLOW_CTX_DAG_OWNER='Bagas Prakasa' AIRFLOW_CTX_DAG_ID='spark_***' AIRFLOW_CTX_TASK_ID='helloworld' AIRFLOW_CTX_EXECUTION_DATE='2024-05-21T01:00:00+00:00' AIRFLOW_CTX_TRY_NUMBER='2' AIRFLOW_CTX_DAG_RUN_ID='scheduled__2024-05-21T01:00:00+00:00'
[2024-05-22T13:37:26.104+0000] {base.py:73} INFO - Using connection ID 'spark-conn' for task execution.
[2024-05-22T13:37:26.105+0000] {spark_submit.py:401} INFO - Spark-Submit cmd: spark-submit --master spark://192.168.165.3:7077 --name arrow-spark --deploy-mode client jobs/python/helloworld.py
[2024-05-22T13:37:26.301+0000] {spark_submit.py:571} INFO - /home/***/.local/lib/python3.11/site-packages/pyspark/bin/load-spark-env.sh: line 68: ps: command not found
[2024-05-22T13:37:30.009+0000] {spark_submit.py:571} INFO - 24/05/22 13:37:30 INFO SparkContext: Running Spark version 3.5.1
[2024-05-22T13:37:30.013+0000] {spark_submit.py:571} INFO - 24/05/22 13:37:30 INFO SparkContext: OS info Linux, 6.7.11-orbstack-00143-ge6b82e26cd22, aarch64
[2024-05-22T13:37:30.013+0000] {spark_submit.py:571} INFO - 24/05/22 13:37:30 INFO SparkContext: Java version 11.0.23
[2024-05-22T13:37:30.079+0000] {spark_submit.py:571} INFO - 24/05/22 13:37:30 WARN NativeCodeLoader: Unable to load native-hadoop library for your platform... using builtin-java classes where applicable
[2024-05-22T13:37:30.189+0000] {spark_submit.py:571} INFO - 24/05/22 13:37:30 INFO ResourceUtils: ==============================================================
[2024-05-22T13:37:30.190+0000] {spark_submit.py:571} INFO - 24/05/22 13:37:30 INFO ResourceUtils: No custom resources configured for spark.driver.
[2024-05-22T13:37:30.191+0000] {spark_submit.py:571} INFO - 24/05/22 13:37:30 INFO ResourceUtils: ==============================================================
[2024-05-22T13:37:30.192+0000] {spark_submit.py:571} INFO - 24/05/22 13:37:30 INFO SparkContext: Submitted application: arrow-spark
[2024-05-22T13:37:30.217+0000] {spark_submit.py:571} INFO - 24/05/22 13:37:30 INFO ResourceProfile: Default ResourceProfile created, executor resources: Map(memory -> name: memory, amount: 1024, script: , vendor: , offHeap -> name: offHeap, amount: 0, script: , vendor: ), task resources: Map(cpus -> name: cpus, amount: 1.0)
[2024-05-22T13:37:30.233+0000] {spark_submit.py:571} INFO - 24/05/22 13:37:30 INFO ResourceProfile: Limiting resource is cpu
[2024-05-22T13:37:30.237+0000] {spark_submit.py:571} INFO - 24/05/22 13:37:30 INFO ResourceProfileManager: Added ResourceProfile id: 0
[2024-05-22T13:37:30.310+0000] {spark_submit.py:571} INFO - 24/05/22 13:37:30 INFO SecurityManager: Changing view acls to: ***
[2024-05-22T13:37:30.311+0000] {spark_submit.py:571} INFO - 24/05/22 13:37:30 INFO SecurityManager: Changing modify acls to: ***
[2024-05-22T13:37:30.311+0000] {spark_submit.py:571} INFO - 24/05/22 13:37:30 INFO SecurityManager: Changing view acls groups to:
[2024-05-22T13:37:30.311+0000] {spark_submit.py:571} INFO - 24/05/22 13:37:30 INFO SecurityManager: Changing modify acls groups to:
[2024-05-22T13:37:30.312+0000] {spark_submit.py:571} INFO - 24/05/22 13:37:30 INFO SecurityManager: SecurityManager: authentication disabled; ui acls disabled; users with view permissions: ***; groups with view permissions: EMPTY; users with modify permissions: ***; groups with modify permissions: EMPTY
[2024-05-22T13:37:30.669+0000] {spark_submit.py:571} INFO - 24/05/22 13:37:30 INFO Utils: Successfully started service 'sparkDriver' on port 38675.
[2024-05-22T13:37:30.708+0000] {spark_submit.py:571} INFO - 24/05/22 13:37:30 INFO SparkEnv: Registering MapOutputTracker
[2024-05-22T13:37:30.794+0000] {spark_submit.py:571} INFO - 24/05/22 13:37:30 INFO SparkEnv: Registering BlockManagerMaster
[2024-05-22T13:37:30.811+0000] {spark_submit.py:571} INFO - 24/05/22 13:37:30 INFO BlockManagerMasterEndpoint: Using org.apache.spark.storage.DefaultTopologyMapper for getting topology information
[2024-05-22T13:37:30.811+0000] {spark_submit.py:571} INFO - 24/05/22 13:37:30 INFO BlockManagerMasterEndpoint: BlockManagerMasterEndpoint up
[2024-05-22T13:37:30.814+0000] {spark_submit.py:571} INFO - 24/05/22 13:37:30 INFO SparkEnv: Registering BlockManagerMasterHeartbeat
[2024-05-22T13:37:30.837+0000] {spark_submit.py:571} INFO - 24/05/22 13:37:30 INFO DiskBlockManager: Created local directory at /tmp/blockmgr-421cfced-09ea-435b-b85d-49936136dda7
[2024-05-22T13:37:30.851+0000] {spark_submit.py:571} INFO - 24/05/22 13:37:30 INFO MemoryStore: MemoryStore started with capacity 434.4 MiB
[2024-05-22T13:37:30.868+0000] {spark_submit.py:571} INFO - 24/05/22 13:37:30 INFO SparkEnv: Registering OutputCommitCoordinator
[2024-05-22T13:37:31.264+0000] {spark_submit.py:571} INFO - 24/05/22 13:37:31 INFO JettyUtils: Start Jetty 0.0.0.0:4040 for SparkUI
[2024-05-22T13:37:31.326+0000] {spark_submit.py:571} INFO - 24/05/22 13:37:31 WARN Utils: Service 'SparkUI' could not bind on port 4040. Attempting port 4041.
[2024-05-22T13:37:31.336+0000] {spark_submit.py:571} INFO - 24/05/22 13:37:31 INFO Utils: Successfully started service 'SparkUI' on port 4041.
[2024-05-22T13:37:31.843+0000] {spark_submit.py:571} INFO - 24/05/22 13:37:31 INFO StandaloneAppClient$ClientEndpoint: Connecting to master spark://192.168.165.3:7077...
[2024-05-22T13:37:32.017+0000] {spark_submit.py:571} INFO - 24/05/22 13:37:32 INFO TransportClientFactory: Successfully created connection to /192.168.165.3:7077 after 95 ms (0 ms spent in bootstraps)
[2024-05-22T13:37:32.857+0000] {spark_submit.py:571} INFO - 24/05/22 13:37:32 INFO StandaloneSchedulerBackend: Connected to Spark cluster with app ID app-20240522133732-0001
[2024-05-22T13:37:32.941+0000] {spark_submit.py:571} INFO - 24/05/22 13:37:32 INFO Utils: Successfully started service 'org.apache.spark.network.netty.NettyBlockTransferService' on port 34645.
[2024-05-22T13:37:32.943+0000] {spark_submit.py:571} INFO - 24/05/22 13:37:32 INFO NettyBlockTransferService: Server created on 555515bb1aeb:34645
[2024-05-22T13:37:32.954+0000] {spark_submit.py:571} INFO - 24/05/22 13:37:32 INFO BlockManager: Using org.apache.spark.storage.RandomBlockReplicationPolicy for block replication policy
[2024-05-22T13:37:33.053+0000] {spark_submit.py:571} INFO - 24/05/22 13:37:33 INFO BlockManagerMaster: Registering BlockManager BlockManagerId(driver, 555515bb1aeb, 34645, None)
[2024-05-22T13:37:33.074+0000] {spark_submit.py:571} INFO - 24/05/22 13:37:33 INFO BlockManagerMasterEndpoint: Registering block manager 555515bb1aeb:34645 with 434.4 MiB RAM, BlockManagerId(driver, 555515bb1aeb, 34645, None)
[2024-05-22T13:37:33.085+0000] {spark_submit.py:571} INFO - 24/05/22 13:37:33 INFO BlockManagerMaster: Registered BlockManager BlockManagerId(driver, 555515bb1aeb, 34645, None)
[2024-05-22T13:37:33.088+0000] {spark_submit.py:571} INFO - 24/05/22 13:37:33 INFO BlockManager: Initialized BlockManager: BlockManagerId(driver, 555515bb1aeb, 34645, None)
[2024-05-22T13:37:34.138+0000] {spark_submit.py:571} INFO - 24/05/22 13:37:34 INFO StandaloneSchedulerBackend: SchedulerBackend is ready for scheduling beginning after reached minRegisteredResourcesRatio: 0.0
[2024-05-22T13:37:34.388+0000] {spark_submit.py:571} INFO - Traceback (most recent call last):
[2024-05-22T13:37:34.404+0000] {spark_submit.py:571} INFO - File "/opt/***/jobs/python/helloworld.py", line 8, in <module>
[2024-05-22T13:37:34.407+0000] {spark_submit.py:571} INFO - logFile = sys.argv[1]
[2024-05-22T13:37:34.408+0000] {spark_submit.py:571} INFO - ~~~~~~~~^^^
[2024-05-22T13:37:34.417+0000] {spark_submit.py:571} INFO - IndexError: list index out of range
[2024-05-22T13:37:34.734+0000] {spark_submit.py:571} INFO - 24/05/22 13:37:34 INFO SparkContext: Invoking stop() from shutdown hook
[2024-05-22T13:37:34.742+0000] {spark_submit.py:571} INFO - 24/05/22 13:37:34 INFO SparkContext: SparkContext is stopping with exitCode 0.
[2024-05-22T13:37:34.796+0000] {spark_submit.py:571} INFO - 24/05/22 13:37:34 INFO SparkUI: Stopped Spark web UI at http://555515bb1aeb:4041
[2024-05-22T13:37:34.818+0000] {spark_submit.py:571} INFO - 24/05/22 13:37:34 INFO StandaloneSchedulerBackend: Shutting down all executors
[2024-05-22T13:37:34.830+0000] {spark_submit.py:571} INFO - 24/05/22 13:37:34 INFO StandaloneSchedulerBackend$StandaloneDriverEndpoint: Asking each executor to shut down
[2024-05-22T13:37:34.907+0000] {spark_submit.py:571} INFO - 24/05/22 13:37:34 INFO MapOutputTrackerMasterEndpoint: MapOutputTrackerMasterEndpoint stopped!
[2024-05-22T13:37:35.153+0000] {spark_submit.py:571} INFO - 24/05/22 13:37:35 INFO MemoryStore: MemoryStore cleared
[2024-05-22T13:37:35.155+0000] {spark_submit.py:571} INFO - 24/05/22 13:37:35 INFO BlockManager: BlockManager stopped
[2024-05-22T13:37:35.257+0000] {spark_submit.py:571} INFO - 24/05/22 13:37:35 INFO BlockManagerMaster: BlockManagerMaster stopped
[2024-05-22T13:37:35.264+0000] {spark_submit.py:571} INFO - 24/05/22 13:37:35 INFO OutputCommitCoordinator$OutputCommitCoordinatorEndpoint: OutputCommitCoordinator stopped!
[2024-05-22T13:37:35.528+0000] {spark_submit.py:571} INFO - 24/05/22 13:37:35 INFO SparkContext: Successfully stopped SparkContext
[2024-05-22T13:37:35.532+0000] {spark_submit.py:571} INFO - 24/05/22 13:37:35 INFO ShutdownHookManager: Shutdown hook called
[2024-05-22T13:37:35.533+0000] {spark_submit.py:571} INFO - 24/05/22 13:37:35 INFO ShutdownHookManager: Deleting directory /tmp/spark-bd1a9383-b38b-4eff-88e9-ed792fd55c70/pyspark-2761e313-51b3-43f1-91e3-59ec8857241d
[2024-05-22T13:37:35.589+0000] {spark_submit.py:571} INFO - 24/05/22 13:37:35 INFO ShutdownHookManager: Deleting directory /tmp/spark-10b0e5c6-7533-4094-b61a-a88f84adc25a
[2024-05-22T13:37:35.657+0000] {spark_submit.py:571} INFO - 24/05/22 13:37:35 INFO ShutdownHookManager: Deleting directory /tmp/spark-bd1a9383-b38b-4eff-88e9-ed792fd55c70
[2024-05-22T13:37:36.287+0000] {taskinstance.py:1935} ERROR - Task failed with exception
Traceback (most recent call last):
  File "/home/airflow/.local/lib/python3.11/site-packages/airflow/providers/apache/spark/operators/spark_submit.py", line 174, in execute
    self._hook.submit(self.application)
  File "/home/airflow/.local/lib/python3.11/site-packages/airflow/providers/apache/spark/hooks/spark_submit.py", line 502, in submit
    raise AirflowException(
airflow.exceptions.AirflowException: Cannot execute: spark-submit --master spark://192.168.165.3:7077 --name arrow-spark --deploy-mode client jobs/python/helloworld.py. Error code is: 1.
[2024-05-22T13:37:36.332+0000] {taskinstance.py:1398} INFO - Marking task as FAILED. dag_id=spark_***, task_id=helloworld, execution_date=20240521T010000, start_date=20240522T133725, end_date=20240522T133736
[2024-05-22T13:37:36.402+0000] {standard_task_runner.py:104} ERROR - Failed to execute job 7 for task helloworld (Cannot execute: spark-submit --master spark://192.168.165.3:7077 --name arrow-spark --deploy-mode client jobs/python/helloworld.py. Error code is: 1.; 564)
[2024-05-22T13:37:36.489+0000] {local_task_job_runner.py:228} INFO - Task exited with return code 1
[2024-05-22T13:37:36.582+0000] {taskinstance.py:2776} INFO - 0 downstream tasks scheduled from follow-on schedule check
