[2024-05-29T16:48:22.195+0000] {taskinstance.py:1157} INFO - Dependencies all met for dep_context=non-requeueable deps ti=<TaskInstance: spark_airflow.helloworld scheduled__2024-05-28T01:00:00+00:00 [queued]>
[2024-05-29T16:48:22.293+0000] {taskinstance.py:1157} INFO - Dependencies all met for dep_context=requeueable deps ti=<TaskInstance: spark_airflow.helloworld scheduled__2024-05-28T01:00:00+00:00 [queued]>
[2024-05-29T16:48:22.295+0000] {taskinstance.py:1359} INFO - Starting attempt 1 of 1
[2024-05-29T16:48:22.459+0000] {taskinstance.py:1380} INFO - Executing <Task(SparkSubmitOperator): helloworld> on 2024-05-28 01:00:00+00:00
[2024-05-29T16:48:22.542+0000] {standard_task_runner.py:57} INFO - Started process 450 to run task
[2024-05-29T16:48:22.568+0000] {standard_task_runner.py:84} INFO - Running: ['***', 'tasks', 'run', 'spark_***', 'helloworld', 'scheduled__2024-05-28T01:00:00+00:00', '--job-id', '4', '--raw', '--subdir', 'DAGS_FOLDER/spark_***.py', '--cfg-path', '/tmp/tmpo_482bui']
[2024-05-29T16:48:22.617+0000] {standard_task_runner.py:85} INFO - Job 4: Subtask helloworld
[2024-05-29T16:48:23.692+0000] {task_command.py:415} INFO - Running <TaskInstance: spark_airflow.helloworld scheduled__2024-05-28T01:00:00+00:00 [running]> on host 7df4d1012db3
[2024-05-29T16:48:25.191+0000] {taskinstance.py:1660} INFO - Exporting env vars: AIRFLOW_CTX_DAG_OWNER='Bagas Prakasa' AIRFLOW_CTX_DAG_ID='spark_***' AIRFLOW_CTX_TASK_ID='helloworld' AIRFLOW_CTX_EXECUTION_DATE='2024-05-28T01:00:00+00:00' AIRFLOW_CTX_TRY_NUMBER='1' AIRFLOW_CTX_DAG_RUN_ID='scheduled__2024-05-28T01:00:00+00:00'
[2024-05-29T16:48:25.264+0000] {base.py:73} INFO - Using connection ID 'spark-conn' for task execution.
[2024-05-29T16:48:25.267+0000] {spark_submit.py:401} INFO - Spark-Submit cmd: spark-submit --master spark://spark-master:7077 --name arrow-spark --deploy-mode client jobs/python/helloworld.py
[2024-05-29T16:48:26.037+0000] {spark_submit.py:571} INFO - /home/***/.local/lib/python3.11/site-packages/pyspark/bin/load-spark-env.sh: line 68: ps: command not found
[2024-05-29T16:48:26.058+0000] {spark_submit.py:571} INFO - /home/***/.local/lib/python3.11/site-packages/pyspark/bin/spark-class: line 71: /usr/lib/jvm/java-11-openjdk-arm64/bin/java: No such file or directory
[2024-05-29T16:48:26.063+0000] {spark_submit.py:571} INFO - /home/***/.local/lib/python3.11/site-packages/pyspark/bin/spark-class: line 97: CMD: bad array subscript
[2024-05-29T16:48:26.148+0000] {taskinstance.py:1935} ERROR - Task failed with exception
Traceback (most recent call last):
  File "/home/airflow/.local/lib/python3.11/site-packages/airflow/providers/apache/spark/operators/spark_submit.py", line 174, in execute
    self._hook.submit(self.application)
  File "/home/airflow/.local/lib/python3.11/site-packages/airflow/providers/apache/spark/hooks/spark_submit.py", line 502, in submit
    raise AirflowException(
airflow.exceptions.AirflowException: Cannot execute: spark-submit --master spark://spark-master:7077 --name arrow-spark --deploy-mode client jobs/python/helloworld.py. Error code is: 1.
[2024-05-29T16:48:26.170+0000] {taskinstance.py:1398} INFO - Marking task as FAILED. dag_id=spark_***, task_id=helloworld, execution_date=20240528T010000, start_date=20240529T164822, end_date=20240529T164826
[2024-05-29T16:48:26.368+0000] {standard_task_runner.py:104} ERROR - Failed to execute job 4 for task helloworld (Cannot execute: spark-submit --master spark://spark-master:7077 --name arrow-spark --deploy-mode client jobs/python/helloworld.py. Error code is: 1.; 450)
[2024-05-29T16:48:26.467+0000] {local_task_job_runner.py:228} INFO - Task exited with return code 1
[2024-05-29T16:48:26.709+0000] {taskinstance.py:2776} INFO - 0 downstream tasks scheduled from follow-on schedule check
