[2024-05-22T13:31:35.961+0000] {processor.py:157} INFO - Started process (PID=173) to work on /opt/airflow/dags/spark_airflow.py
[2024-05-22T13:31:35.964+0000] {processor.py:829} INFO - Processing file /opt/airflow/dags/spark_airflow.py for tasks to queue
[2024-05-22T13:31:35.970+0000] {logging_mixin.py:151} INFO - [2024-05-22T13:31:35.967+0000] {dagbag.py:539} INFO - Filling up the DagBag from /opt/airflow/dags/spark_airflow.py
[2024-05-22T13:31:36.000+0000] {logging_mixin.py:151} INFO - [2024-05-22T13:31:35.984+0000] {dagbag.py:347} ERROR - Failed to import: /opt/airflow/dags/spark_airflow.py
Traceback (most recent call last):
  File "/home/airflow/.local/lib/python3.11/site-packages/airflow/models/dagbag.py", line 343, in parse
    loader.exec_module(new_module)
  File "<frozen importlib._bootstrap_external>", line 940, in exec_module
  File "<frozen importlib._bootstrap>", line 241, in _call_with_frames_removed
  File "/opt/airflow/dags/spark_airflow.py", line 4, in <module>
    from airflow.providers.apache.spark.operator.spark_submit import SparkSubmitOperator
ModuleNotFoundError: No module named 'airflow.providers.apache.spark.operator'
[2024-05-22T13:31:36.003+0000] {processor.py:841} WARNING - No viable dags retrieved from /opt/airflow/dags/spark_airflow.py
[2024-05-22T13:31:36.144+0000] {processor.py:179} INFO - Processing /opt/airflow/dags/spark_airflow.py took 0.207 seconds
[2024-05-22T13:32:06.479+0000] {processor.py:157} INFO - Started process (PID=178) to work on /opt/airflow/dags/spark_airflow.py
[2024-05-22T13:32:06.481+0000] {processor.py:829} INFO - Processing file /opt/airflow/dags/spark_airflow.py for tasks to queue
[2024-05-22T13:32:06.485+0000] {logging_mixin.py:151} INFO - [2024-05-22T13:32:06.483+0000] {dagbag.py:539} INFO - Filling up the DagBag from /opt/airflow/dags/spark_airflow.py
[2024-05-22T13:32:06.498+0000] {logging_mixin.py:151} INFO - [2024-05-22T13:32:06.493+0000] {dagbag.py:347} ERROR - Failed to import: /opt/airflow/dags/spark_airflow.py
Traceback (most recent call last):
  File "/home/airflow/.local/lib/python3.11/site-packages/airflow/models/dagbag.py", line 343, in parse
    loader.exec_module(new_module)
  File "<frozen importlib._bootstrap_external>", line 940, in exec_module
  File "<frozen importlib._bootstrap>", line 241, in _call_with_frames_removed
  File "/opt/airflow/dags/spark_airflow.py", line 4, in <module>
    from airflow.providers.apache.spark.operator.spark_submit import SparkSubmitOperator
ModuleNotFoundError: No module named 'airflow.providers.apache.spark.operator'
[2024-05-22T13:32:06.499+0000] {processor.py:841} WARNING - No viable dags retrieved from /opt/airflow/dags/spark_airflow.py
[2024-05-22T13:32:06.558+0000] {processor.py:179} INFO - Processing /opt/airflow/dags/spark_airflow.py took 0.097 seconds
[2024-05-22T13:32:36.884+0000] {processor.py:157} INFO - Started process (PID=183) to work on /opt/airflow/dags/spark_airflow.py
[2024-05-22T13:32:36.887+0000] {processor.py:829} INFO - Processing file /opt/airflow/dags/spark_airflow.py for tasks to queue
[2024-05-22T13:32:36.890+0000] {logging_mixin.py:151} INFO - [2024-05-22T13:32:36.888+0000] {dagbag.py:539} INFO - Filling up the DagBag from /opt/airflow/dags/spark_airflow.py
[2024-05-22T13:32:36.908+0000] {logging_mixin.py:151} INFO - [2024-05-22T13:32:36.903+0000] {dagbag.py:347} ERROR - Failed to import: /opt/airflow/dags/spark_airflow.py
Traceback (most recent call last):
  File "/home/airflow/.local/lib/python3.11/site-packages/airflow/models/dagbag.py", line 343, in parse
    loader.exec_module(new_module)
  File "<frozen importlib._bootstrap_external>", line 940, in exec_module
  File "<frozen importlib._bootstrap>", line 241, in _call_with_frames_removed
  File "/opt/airflow/dags/spark_airflow.py", line 4, in <module>
    from airflow.providers.apache.spark.operator.spark_submit import SparkSubmitOperator
ModuleNotFoundError: No module named 'airflow.providers.apache.spark.operator'
[2024-05-22T13:32:36.908+0000] {processor.py:841} WARNING - No viable dags retrieved from /opt/airflow/dags/spark_airflow.py
[2024-05-22T13:32:36.968+0000] {processor.py:179} INFO - Processing /opt/airflow/dags/spark_airflow.py took 0.110 seconds
[2024-05-22T13:32:59.981+0000] {processor.py:157} INFO - Started process (PID=188) to work on /opt/airflow/dags/spark_airflow.py
[2024-05-22T13:32:59.982+0000] {processor.py:829} INFO - Processing file /opt/airflow/dags/spark_airflow.py for tasks to queue
[2024-05-22T13:32:59.991+0000] {logging_mixin.py:151} INFO - [2024-05-22T13:32:59.990+0000] {dagbag.py:539} INFO - Filling up the DagBag from /opt/airflow/dags/spark_airflow.py
[2024-05-22T13:33:00.062+0000] {processor.py:839} INFO - DAG(s) dict_keys(['spark_airflow']) retrieved from /opt/airflow/dags/spark_airflow.py
[2024-05-22T13:33:00.403+0000] {logging_mixin.py:151} INFO - [2024-05-22T13:33:00.403+0000] {manager.py:499} INFO - Created Permission View: %s
[2024-05-22T13:33:00.411+0000] {logging_mixin.py:151} INFO - [2024-05-22T13:33:00.411+0000] {manager.py:499} INFO - Created Permission View: %s
[2024-05-22T13:33:00.414+0000] {logging_mixin.py:151} INFO - [2024-05-22T13:33:00.414+0000] {manager.py:499} INFO - Created Permission View: %s
[2024-05-22T13:33:00.414+0000] {logging_mixin.py:151} INFO - [2024-05-22T13:33:00.414+0000] {security.py:708} INFO - Not syncing DAG-level permissions for DAG 'DAG:spark_airflow' as access control is unset.
[2024-05-22T13:33:00.415+0000] {logging_mixin.py:151} INFO - [2024-05-22T13:33:00.415+0000] {dag.py:2915} INFO - Sync 1 DAGs
[2024-05-22T13:33:00.431+0000] {logging_mixin.py:151} INFO - [2024-05-22T13:33:00.431+0000] {dag.py:2937} INFO - Creating ORM DAG for spark_airflow
[2024-05-22T13:33:00.446+0000] {logging_mixin.py:151} INFO - [2024-05-22T13:33:00.446+0000] {dag.py:3696} INFO - Setting next_dagrun for spark_airflow to 2024-05-21T01:00:00+00:00, run_after=2024-05-22T01:00:00+00:00
[2024-05-22T13:33:00.465+0000] {processor.py:179} INFO - Processing /opt/airflow/dags/spark_airflow.py took 0.493 seconds
[2024-05-22T13:33:30.998+0000] {processor.py:157} INFO - Started process (PID=193) to work on /opt/airflow/dags/spark_airflow.py
[2024-05-22T13:33:31.002+0000] {processor.py:829} INFO - Processing file /opt/airflow/dags/spark_airflow.py for tasks to queue
[2024-05-22T13:33:31.046+0000] {logging_mixin.py:151} INFO - [2024-05-22T13:33:31.042+0000] {dagbag.py:539} INFO - Filling up the DagBag from /opt/airflow/dags/spark_airflow.py
[2024-05-22T13:33:31.100+0000] {processor.py:839} INFO - DAG(s) dict_keys(['spark_airflow']) retrieved from /opt/airflow/dags/spark_airflow.py
[2024-05-22T13:33:31.169+0000] {logging_mixin.py:151} INFO - [2024-05-22T13:33:31.168+0000] {dag.py:2915} INFO - Sync 1 DAGs
[2024-05-22T13:33:31.202+0000] {logging_mixin.py:151} INFO - [2024-05-22T13:33:31.202+0000] {dag.py:3696} INFO - Setting next_dagrun for spark_airflow to 2024-05-21T01:00:00+00:00, run_after=2024-05-22T01:00:00+00:00
[2024-05-22T13:33:31.232+0000] {processor.py:179} INFO - Processing /opt/airflow/dags/spark_airflow.py took 0.261 seconds
[2024-05-22T13:34:01.469+0000] {processor.py:157} INFO - Started process (PID=198) to work on /opt/airflow/dags/spark_airflow.py
[2024-05-22T13:34:01.471+0000] {processor.py:829} INFO - Processing file /opt/airflow/dags/spark_airflow.py for tasks to queue
[2024-05-22T13:34:01.477+0000] {logging_mixin.py:151} INFO - [2024-05-22T13:34:01.475+0000] {dagbag.py:539} INFO - Filling up the DagBag from /opt/airflow/dags/spark_airflow.py
[2024-05-22T13:34:01.512+0000] {processor.py:839} INFO - DAG(s) dict_keys(['spark_airflow']) retrieved from /opt/airflow/dags/spark_airflow.py
[2024-05-22T13:34:01.556+0000] {logging_mixin.py:151} INFO - [2024-05-22T13:34:01.554+0000] {dag.py:2915} INFO - Sync 1 DAGs
[2024-05-22T13:34:01.574+0000] {logging_mixin.py:151} INFO - [2024-05-22T13:34:01.574+0000] {dag.py:3696} INFO - Setting next_dagrun for spark_airflow to 2024-05-21T01:00:00+00:00, run_after=2024-05-22T01:00:00+00:00
[2024-05-22T13:34:01.587+0000] {processor.py:179} INFO - Processing /opt/airflow/dags/spark_airflow.py took 0.137 seconds
[2024-05-22T13:34:32.075+0000] {processor.py:157} INFO - Started process (PID=203) to work on /opt/airflow/dags/spark_airflow.py
[2024-05-22T13:34:32.077+0000] {processor.py:829} INFO - Processing file /opt/airflow/dags/spark_airflow.py for tasks to queue
[2024-05-22T13:34:32.086+0000] {logging_mixin.py:151} INFO - [2024-05-22T13:34:32.083+0000] {dagbag.py:539} INFO - Filling up the DagBag from /opt/airflow/dags/spark_airflow.py
[2024-05-22T13:34:32.134+0000] {processor.py:839} INFO - DAG(s) dict_keys(['spark_airflow']) retrieved from /opt/airflow/dags/spark_airflow.py
[2024-05-22T13:34:32.177+0000] {logging_mixin.py:151} INFO - [2024-05-22T13:34:32.177+0000] {dag.py:2915} INFO - Sync 1 DAGs
[2024-05-22T13:34:32.198+0000] {logging_mixin.py:151} INFO - [2024-05-22T13:34:32.197+0000] {dag.py:3696} INFO - Setting next_dagrun for spark_airflow to 2024-05-21T01:00:00+00:00, run_after=2024-05-22T01:00:00+00:00
[2024-05-22T13:34:32.209+0000] {processor.py:179} INFO - Processing /opt/airflow/dags/spark_airflow.py took 0.142 seconds
[2024-05-22T13:35:02.447+0000] {processor.py:157} INFO - Started process (PID=208) to work on /opt/airflow/dags/spark_airflow.py
[2024-05-22T13:35:02.453+0000] {processor.py:829} INFO - Processing file /opt/airflow/dags/spark_airflow.py for tasks to queue
[2024-05-22T13:35:02.471+0000] {logging_mixin.py:151} INFO - [2024-05-22T13:35:02.469+0000] {dagbag.py:539} INFO - Filling up the DagBag from /opt/airflow/dags/spark_airflow.py
[2024-05-22T13:35:02.511+0000] {processor.py:839} INFO - DAG(s) dict_keys(['spark_airflow']) retrieved from /opt/airflow/dags/spark_airflow.py
[2024-05-22T13:35:02.555+0000] {logging_mixin.py:151} INFO - [2024-05-22T13:35:02.555+0000] {dag.py:2915} INFO - Sync 1 DAGs
[2024-05-22T13:35:02.570+0000] {logging_mixin.py:151} INFO - [2024-05-22T13:35:02.570+0000] {dag.py:3696} INFO - Setting next_dagrun for spark_airflow to 2024-05-21T01:00:00+00:00, run_after=2024-05-22T01:00:00+00:00
[2024-05-22T13:35:02.582+0000] {processor.py:179} INFO - Processing /opt/airflow/dags/spark_airflow.py took 0.150 seconds
[2024-05-22T13:35:33.188+0000] {processor.py:157} INFO - Started process (PID=213) to work on /opt/airflow/dags/spark_airflow.py
[2024-05-22T13:35:33.191+0000] {processor.py:829} INFO - Processing file /opt/airflow/dags/spark_airflow.py for tasks to queue
[2024-05-22T13:35:33.202+0000] {logging_mixin.py:151} INFO - [2024-05-22T13:35:33.199+0000] {dagbag.py:539} INFO - Filling up the DagBag from /opt/airflow/dags/spark_airflow.py
[2024-05-22T13:35:33.271+0000] {processor.py:839} INFO - DAG(s) dict_keys(['spark_airflow']) retrieved from /opt/airflow/dags/spark_airflow.py
[2024-05-22T13:35:33.365+0000] {logging_mixin.py:151} INFO - [2024-05-22T13:35:33.363+0000] {dag.py:2915} INFO - Sync 1 DAGs
[2024-05-22T13:35:33.425+0000] {logging_mixin.py:151} INFO - [2024-05-22T13:35:33.425+0000] {dag.py:3696} INFO - Setting next_dagrun for spark_airflow to 2024-05-21T01:00:00+00:00, run_after=2024-05-22T01:00:00+00:00
[2024-05-22T13:35:33.461+0000] {processor.py:179} INFO - Processing /opt/airflow/dags/spark_airflow.py took 0.296 seconds
[2024-05-22T13:36:03.662+0000] {processor.py:157} INFO - Started process (PID=444) to work on /opt/airflow/dags/spark_airflow.py
[2024-05-22T13:36:03.669+0000] {processor.py:829} INFO - Processing file /opt/airflow/dags/spark_airflow.py for tasks to queue
[2024-05-22T13:36:03.685+0000] {logging_mixin.py:151} INFO - [2024-05-22T13:36:03.683+0000] {dagbag.py:539} INFO - Filling up the DagBag from /opt/airflow/dags/spark_airflow.py
[2024-05-22T13:36:03.772+0000] {processor.py:839} INFO - DAG(s) dict_keys(['spark_airflow']) retrieved from /opt/airflow/dags/spark_airflow.py
[2024-05-22T13:36:03.889+0000] {logging_mixin.py:151} INFO - [2024-05-22T13:36:03.888+0000] {dag.py:2915} INFO - Sync 1 DAGs
[2024-05-22T13:36:03.929+0000] {logging_mixin.py:151} INFO - [2024-05-22T13:36:03.929+0000] {dag.py:3696} INFO - Setting next_dagrun for spark_airflow to 2024-05-22T01:00:00+00:00, run_after=2024-05-23T01:00:00+00:00
[2024-05-22T13:36:03.955+0000] {processor.py:179} INFO - Processing /opt/airflow/dags/spark_airflow.py took 0.321 seconds
[2024-05-22T13:36:34.184+0000] {processor.py:157} INFO - Started process (PID=457) to work on /opt/airflow/dags/spark_airflow.py
[2024-05-22T13:36:34.185+0000] {processor.py:829} INFO - Processing file /opt/airflow/dags/spark_airflow.py for tasks to queue
[2024-05-22T13:36:34.198+0000] {logging_mixin.py:151} INFO - [2024-05-22T13:36:34.196+0000] {dagbag.py:539} INFO - Filling up the DagBag from /opt/airflow/dags/spark_airflow.py
[2024-05-22T13:36:34.259+0000] {processor.py:839} INFO - DAG(s) dict_keys(['spark_airflow']) retrieved from /opt/airflow/dags/spark_airflow.py
[2024-05-22T13:36:34.413+0000] {logging_mixin.py:151} INFO - [2024-05-22T13:36:34.408+0000] {dag.py:2915} INFO - Sync 1 DAGs
[2024-05-22T13:36:34.629+0000] {logging_mixin.py:151} INFO - [2024-05-22T13:36:34.628+0000] {dag.py:3696} INFO - Setting next_dagrun for spark_airflow to 2024-05-22T01:00:00+00:00, run_after=2024-05-23T01:00:00+00:00
[2024-05-22T13:36:34.745+0000] {processor.py:179} INFO - Processing /opt/airflow/dags/spark_airflow.py took 0.566 seconds
[2024-05-22T13:37:05.938+0000] {processor.py:157} INFO - Started process (PID=555) to work on /opt/airflow/dags/spark_airflow.py
[2024-05-22T13:37:05.943+0000] {processor.py:829} INFO - Processing file /opt/airflow/dags/spark_airflow.py for tasks to queue
[2024-05-22T13:37:05.980+0000] {logging_mixin.py:151} INFO - [2024-05-22T13:37:05.978+0000] {dagbag.py:539} INFO - Filling up the DagBag from /opt/airflow/dags/spark_airflow.py
[2024-05-22T13:37:06.108+0000] {processor.py:839} INFO - DAG(s) dict_keys(['spark_airflow']) retrieved from /opt/airflow/dags/spark_airflow.py
[2024-05-22T13:37:06.624+0000] {logging_mixin.py:151} INFO - [2024-05-22T13:37:06.621+0000] {dag.py:2915} INFO - Sync 1 DAGs
[2024-05-22T13:37:06.817+0000] {logging_mixin.py:151} INFO - [2024-05-22T13:37:06.816+0000] {dag.py:3696} INFO - Setting next_dagrun for spark_airflow to 2024-05-22T01:00:00+00:00, run_after=2024-05-23T01:00:00+00:00
[2024-05-22T13:37:06.870+0000] {processor.py:179} INFO - Processing /opt/airflow/dags/spark_airflow.py took 0.975 seconds
[2024-05-22T13:37:37.915+0000] {processor.py:157} INFO - Started process (PID=842) to work on /opt/airflow/dags/spark_airflow.py
[2024-05-22T13:37:37.918+0000] {processor.py:829} INFO - Processing file /opt/airflow/dags/spark_airflow.py for tasks to queue
[2024-05-22T13:37:37.927+0000] {logging_mixin.py:151} INFO - [2024-05-22T13:37:37.926+0000] {dagbag.py:539} INFO - Filling up the DagBag from /opt/airflow/dags/spark_airflow.py
[2024-05-22T13:37:38.022+0000] {processor.py:839} INFO - DAG(s) dict_keys(['spark_airflow']) retrieved from /opt/airflow/dags/spark_airflow.py
[2024-05-22T13:37:38.147+0000] {logging_mixin.py:151} INFO - [2024-05-22T13:37:38.146+0000] {dag.py:2915} INFO - Sync 1 DAGs
[2024-05-22T13:37:38.202+0000] {logging_mixin.py:151} INFO - [2024-05-22T13:37:38.202+0000] {dag.py:3696} INFO - Setting next_dagrun for spark_airflow to 2024-05-22T01:00:00+00:00, run_after=2024-05-23T01:00:00+00:00
[2024-05-22T13:37:38.233+0000] {processor.py:179} INFO - Processing /opt/airflow/dags/spark_airflow.py took 0.327 seconds
[2024-05-22T13:38:08.794+0000] {processor.py:157} INFO - Started process (PID=891) to work on /opt/airflow/dags/spark_airflow.py
[2024-05-22T13:38:08.799+0000] {processor.py:829} INFO - Processing file /opt/airflow/dags/spark_airflow.py for tasks to queue
[2024-05-22T13:38:08.815+0000] {logging_mixin.py:151} INFO - [2024-05-22T13:38:08.813+0000] {dagbag.py:539} INFO - Filling up the DagBag from /opt/airflow/dags/spark_airflow.py
[2024-05-22T13:38:08.950+0000] {processor.py:839} INFO - DAG(s) dict_keys(['spark_airflow']) retrieved from /opt/airflow/dags/spark_airflow.py
[2024-05-22T13:38:09.107+0000] {logging_mixin.py:151} INFO - [2024-05-22T13:38:09.106+0000] {dag.py:2915} INFO - Sync 1 DAGs
[2024-05-22T13:38:09.170+0000] {logging_mixin.py:151} INFO - [2024-05-22T13:38:09.169+0000] {dag.py:3696} INFO - Setting next_dagrun for spark_airflow to 2024-05-22T01:00:00+00:00, run_after=2024-05-23T01:00:00+00:00
[2024-05-22T13:38:09.234+0000] {processor.py:179} INFO - Processing /opt/airflow/dags/spark_airflow.py took 0.456 seconds
[2024-05-22T13:38:39.899+0000] {processor.py:157} INFO - Started process (PID=896) to work on /opt/airflow/dags/spark_airflow.py
[2024-05-22T13:38:39.903+0000] {processor.py:829} INFO - Processing file /opt/airflow/dags/spark_airflow.py for tasks to queue
[2024-05-22T13:38:39.925+0000] {logging_mixin.py:151} INFO - [2024-05-22T13:38:39.921+0000] {dagbag.py:539} INFO - Filling up the DagBag from /opt/airflow/dags/spark_airflow.py
[2024-05-22T13:38:40.075+0000] {processor.py:839} INFO - DAG(s) dict_keys(['spark_airflow']) retrieved from /opt/airflow/dags/spark_airflow.py
[2024-05-22T13:38:40.235+0000] {logging_mixin.py:151} INFO - [2024-05-22T13:38:40.235+0000] {dag.py:2915} INFO - Sync 1 DAGs
[2024-05-22T13:38:40.322+0000] {logging_mixin.py:151} INFO - [2024-05-22T13:38:40.322+0000] {dag.py:3696} INFO - Setting next_dagrun for spark_airflow to 2024-05-22T01:00:00+00:00, run_after=2024-05-23T01:00:00+00:00
[2024-05-22T13:38:40.343+0000] {processor.py:179} INFO - Processing /opt/airflow/dags/spark_airflow.py took 0.475 seconds
[2024-05-22T13:39:10.824+0000] {processor.py:157} INFO - Started process (PID=901) to work on /opt/airflow/dags/spark_airflow.py
[2024-05-22T13:39:10.833+0000] {processor.py:829} INFO - Processing file /opt/airflow/dags/spark_airflow.py for tasks to queue
[2024-05-22T13:39:10.851+0000] {logging_mixin.py:151} INFO - [2024-05-22T13:39:10.850+0000] {dagbag.py:539} INFO - Filling up the DagBag from /opt/airflow/dags/spark_airflow.py
[2024-05-22T13:39:10.877+0000] {processor.py:839} INFO - DAG(s) dict_keys(['spark_airflow']) retrieved from /opt/airflow/dags/spark_airflow.py
[2024-05-22T13:39:10.977+0000] {logging_mixin.py:151} INFO - [2024-05-22T13:39:10.977+0000] {dag.py:2915} INFO - Sync 1 DAGs
[2024-05-22T13:39:11.034+0000] {logging_mixin.py:151} INFO - [2024-05-22T13:39:11.034+0000] {dag.py:3696} INFO - Setting next_dagrun for spark_airflow to 2024-05-22T01:00:00+00:00, run_after=2024-05-23T01:00:00+00:00
[2024-05-22T13:39:11.057+0000] {processor.py:179} INFO - Processing /opt/airflow/dags/spark_airflow.py took 0.243 seconds
[2024-05-22T13:39:41.616+0000] {processor.py:157} INFO - Started process (PID=906) to work on /opt/airflow/dags/spark_airflow.py
[2024-05-22T13:39:41.627+0000] {processor.py:829} INFO - Processing file /opt/airflow/dags/spark_airflow.py for tasks to queue
[2024-05-22T13:39:41.656+0000] {logging_mixin.py:151} INFO - [2024-05-22T13:39:41.653+0000] {dagbag.py:539} INFO - Filling up the DagBag from /opt/airflow/dags/spark_airflow.py
[2024-05-22T13:39:41.816+0000] {processor.py:839} INFO - DAG(s) dict_keys(['spark_airflow']) retrieved from /opt/airflow/dags/spark_airflow.py
[2024-05-22T13:39:42.051+0000] {logging_mixin.py:151} INFO - [2024-05-22T13:39:42.049+0000] {dag.py:2915} INFO - Sync 1 DAGs
[2024-05-22T13:39:42.162+0000] {logging_mixin.py:151} INFO - [2024-05-22T13:39:42.161+0000] {dag.py:3696} INFO - Setting next_dagrun for spark_airflow to 2024-05-22T01:00:00+00:00, run_after=2024-05-23T01:00:00+00:00
[2024-05-22T13:39:42.228+0000] {processor.py:179} INFO - Processing /opt/airflow/dags/spark_airflow.py took 0.668 seconds
[2024-05-22T13:40:12.817+0000] {processor.py:157} INFO - Started process (PID=911) to work on /opt/airflow/dags/spark_airflow.py
[2024-05-22T13:40:12.826+0000] {processor.py:829} INFO - Processing file /opt/airflow/dags/spark_airflow.py for tasks to queue
[2024-05-22T13:40:12.868+0000] {logging_mixin.py:151} INFO - [2024-05-22T13:40:12.864+0000] {dagbag.py:539} INFO - Filling up the DagBag from /opt/airflow/dags/spark_airflow.py
[2024-05-22T13:40:12.952+0000] {processor.py:839} INFO - DAG(s) dict_keys(['spark_airflow']) retrieved from /opt/airflow/dags/spark_airflow.py
[2024-05-22T13:40:13.047+0000] {logging_mixin.py:151} INFO - [2024-05-22T13:40:13.046+0000] {dag.py:2915} INFO - Sync 1 DAGs
[2024-05-22T13:40:13.131+0000] {logging_mixin.py:151} INFO - [2024-05-22T13:40:13.128+0000] {dag.py:3696} INFO - Setting next_dagrun for spark_airflow to 2024-05-22T01:00:00+00:00, run_after=2024-05-23T01:00:00+00:00
[2024-05-22T13:40:13.168+0000] {processor.py:179} INFO - Processing /opt/airflow/dags/spark_airflow.py took 0.405 seconds
[2024-05-22T13:40:44.031+0000] {processor.py:157} INFO - Started process (PID=1203) to work on /opt/airflow/dags/spark_airflow.py
[2024-05-22T13:40:44.039+0000] {processor.py:829} INFO - Processing file /opt/airflow/dags/spark_airflow.py for tasks to queue
[2024-05-22T13:40:44.065+0000] {logging_mixin.py:151} INFO - [2024-05-22T13:40:44.062+0000] {dagbag.py:539} INFO - Filling up the DagBag from /opt/airflow/dags/spark_airflow.py
[2024-05-22T13:40:44.223+0000] {processor.py:839} INFO - DAG(s) dict_keys(['spark_airflow']) retrieved from /opt/airflow/dags/spark_airflow.py
[2024-05-22T13:40:44.356+0000] {logging_mixin.py:151} INFO - [2024-05-22T13:40:44.356+0000] {dag.py:2915} INFO - Sync 1 DAGs
[2024-05-22T13:40:44.437+0000] {logging_mixin.py:151} INFO - [2024-05-22T13:40:44.437+0000] {dag.py:3696} INFO - Setting next_dagrun for spark_airflow to 2024-05-22T01:00:00+00:00, run_after=2024-05-23T01:00:00+00:00
[2024-05-22T13:40:44.498+0000] {processor.py:179} INFO - Processing /opt/airflow/dags/spark_airflow.py took 0.482 seconds
[2024-05-22T13:41:14.837+0000] {processor.py:157} INFO - Started process (PID=1247) to work on /opt/airflow/dags/spark_airflow.py
[2024-05-22T13:41:14.840+0000] {processor.py:829} INFO - Processing file /opt/airflow/dags/spark_airflow.py for tasks to queue
[2024-05-22T13:41:14.850+0000] {logging_mixin.py:151} INFO - [2024-05-22T13:41:14.849+0000] {dagbag.py:539} INFO - Filling up the DagBag from /opt/airflow/dags/spark_airflow.py
[2024-05-22T13:41:14.884+0000] {processor.py:839} INFO - DAG(s) dict_keys(['spark_airflow']) retrieved from /opt/airflow/dags/spark_airflow.py
[2024-05-22T13:41:14.983+0000] {logging_mixin.py:151} INFO - [2024-05-22T13:41:14.982+0000] {dag.py:2915} INFO - Sync 1 DAGs
[2024-05-22T13:41:15.018+0000] {logging_mixin.py:151} INFO - [2024-05-22T13:41:15.018+0000] {dag.py:3696} INFO - Setting next_dagrun for spark_airflow to 2024-05-22T01:00:00+00:00, run_after=2024-05-23T01:00:00+00:00
[2024-05-22T13:41:15.038+0000] {processor.py:179} INFO - Processing /opt/airflow/dags/spark_airflow.py took 0.226 seconds
[2024-05-22T13:41:45.422+0000] {processor.py:157} INFO - Started process (PID=1252) to work on /opt/airflow/dags/spark_airflow.py
[2024-05-22T13:41:45.424+0000] {processor.py:829} INFO - Processing file /opt/airflow/dags/spark_airflow.py for tasks to queue
[2024-05-22T13:41:45.432+0000] {logging_mixin.py:151} INFO - [2024-05-22T13:41:45.431+0000] {dagbag.py:539} INFO - Filling up the DagBag from /opt/airflow/dags/spark_airflow.py
[2024-05-22T13:41:45.478+0000] {processor.py:839} INFO - DAG(s) dict_keys(['spark_airflow']) retrieved from /opt/airflow/dags/spark_airflow.py
[2024-05-22T13:41:45.559+0000] {logging_mixin.py:151} INFO - [2024-05-22T13:41:45.558+0000] {dag.py:2915} INFO - Sync 1 DAGs
[2024-05-22T13:41:45.600+0000] {logging_mixin.py:151} INFO - [2024-05-22T13:41:45.599+0000] {dag.py:3696} INFO - Setting next_dagrun for spark_airflow to 2024-05-22T01:00:00+00:00, run_after=2024-05-23T01:00:00+00:00
[2024-05-22T13:41:45.628+0000] {processor.py:179} INFO - Processing /opt/airflow/dags/spark_airflow.py took 0.219 seconds
[2024-05-22T13:42:16.059+0000] {processor.py:157} INFO - Started process (PID=1257) to work on /opt/airflow/dags/spark_airflow.py
[2024-05-22T13:42:16.062+0000] {processor.py:829} INFO - Processing file /opt/airflow/dags/spark_airflow.py for tasks to queue
[2024-05-22T13:42:16.072+0000] {logging_mixin.py:151} INFO - [2024-05-22T13:42:16.070+0000] {dagbag.py:539} INFO - Filling up the DagBag from /opt/airflow/dags/spark_airflow.py
[2024-05-22T13:42:16.119+0000] {processor.py:839} INFO - DAG(s) dict_keys(['spark_airflow']) retrieved from /opt/airflow/dags/spark_airflow.py
[2024-05-22T13:42:16.284+0000] {logging_mixin.py:151} INFO - [2024-05-22T13:42:16.284+0000] {dag.py:2915} INFO - Sync 1 DAGs
[2024-05-22T13:42:16.338+0000] {logging_mixin.py:151} INFO - [2024-05-22T13:42:16.337+0000] {dag.py:3696} INFO - Setting next_dagrun for spark_airflow to 2024-05-22T01:00:00+00:00, run_after=2024-05-23T01:00:00+00:00
[2024-05-22T13:42:16.371+0000] {processor.py:179} INFO - Processing /opt/airflow/dags/spark_airflow.py took 0.320 seconds
[2024-05-22T13:42:46.788+0000] {processor.py:157} INFO - Started process (PID=1262) to work on /opt/airflow/dags/spark_airflow.py
[2024-05-22T13:42:46.792+0000] {processor.py:829} INFO - Processing file /opt/airflow/dags/spark_airflow.py for tasks to queue
[2024-05-22T13:42:46.800+0000] {logging_mixin.py:151} INFO - [2024-05-22T13:42:46.799+0000] {dagbag.py:539} INFO - Filling up the DagBag from /opt/airflow/dags/spark_airflow.py
[2024-05-22T13:42:46.841+0000] {processor.py:839} INFO - DAG(s) dict_keys(['spark_airflow']) retrieved from /opt/airflow/dags/spark_airflow.py
[2024-05-22T13:42:46.889+0000] {logging_mixin.py:151} INFO - [2024-05-22T13:42:46.888+0000] {dag.py:2915} INFO - Sync 1 DAGs
[2024-05-22T13:42:46.921+0000] {logging_mixin.py:151} INFO - [2024-05-22T13:42:46.921+0000] {dag.py:3696} INFO - Setting next_dagrun for spark_airflow to 2024-05-22T01:00:00+00:00, run_after=2024-05-23T01:00:00+00:00
[2024-05-22T13:42:46.939+0000] {processor.py:179} INFO - Processing /opt/airflow/dags/spark_airflow.py took 0.177 seconds
[2024-05-22T13:43:17.500+0000] {processor.py:157} INFO - Started process (PID=1389) to work on /opt/airflow/dags/spark_airflow.py
[2024-05-22T13:43:17.511+0000] {processor.py:829} INFO - Processing file /opt/airflow/dags/spark_airflow.py for tasks to queue
[2024-05-22T13:43:17.524+0000] {logging_mixin.py:151} INFO - [2024-05-22T13:43:17.522+0000] {dagbag.py:539} INFO - Filling up the DagBag from /opt/airflow/dags/spark_airflow.py
[2024-05-22T13:43:17.612+0000] {processor.py:839} INFO - DAG(s) dict_keys(['spark_airflow']) retrieved from /opt/airflow/dags/spark_airflow.py
[2024-05-22T13:43:17.816+0000] {logging_mixin.py:151} INFO - [2024-05-22T13:43:17.814+0000] {dag.py:2915} INFO - Sync 1 DAGs
[2024-05-22T13:43:17.997+0000] {logging_mixin.py:151} INFO - [2024-05-22T13:43:17.996+0000] {dag.py:3696} INFO - Setting next_dagrun for spark_airflow to 2024-05-22T01:00:00+00:00, run_after=2024-05-23T01:00:00+00:00
[2024-05-22T13:43:18.076+0000] {processor.py:179} INFO - Processing /opt/airflow/dags/spark_airflow.py took 0.602 seconds
[2024-05-22T13:43:48.930+0000] {processor.py:157} INFO - Started process (PID=1441) to work on /opt/airflow/dags/spark_airflow.py
[2024-05-22T13:43:48.933+0000] {processor.py:829} INFO - Processing file /opt/airflow/dags/spark_airflow.py for tasks to queue
[2024-05-22T13:43:48.942+0000] {logging_mixin.py:151} INFO - [2024-05-22T13:43:48.940+0000] {dagbag.py:539} INFO - Filling up the DagBag from /opt/airflow/dags/spark_airflow.py
[2024-05-22T13:43:48.995+0000] {processor.py:839} INFO - DAG(s) dict_keys(['spark_airflow']) retrieved from /opt/airflow/dags/spark_airflow.py
[2024-05-22T13:43:49.067+0000] {logging_mixin.py:151} INFO - [2024-05-22T13:43:49.067+0000] {dag.py:2915} INFO - Sync 1 DAGs
[2024-05-22T13:43:49.104+0000] {logging_mixin.py:151} INFO - [2024-05-22T13:43:49.104+0000] {dag.py:3696} INFO - Setting next_dagrun for spark_airflow to 2024-05-22T01:00:00+00:00, run_after=2024-05-23T01:00:00+00:00
[2024-05-22T13:43:49.136+0000] {processor.py:179} INFO - Processing /opt/airflow/dags/spark_airflow.py took 0.233 seconds
[2024-05-22T13:44:19.602+0000] {processor.py:157} INFO - Started process (PID=1446) to work on /opt/airflow/dags/spark_airflow.py
[2024-05-22T13:44:19.603+0000] {processor.py:829} INFO - Processing file /opt/airflow/dags/spark_airflow.py for tasks to queue
[2024-05-22T13:44:19.839+0000] {logging_mixin.py:151} INFO - [2024-05-22T13:44:19.836+0000] {dagbag.py:539} INFO - Filling up the DagBag from /opt/airflow/dags/spark_airflow.py
[2024-05-22T13:44:19.912+0000] {processor.py:839} INFO - DAG(s) dict_keys(['spark_airflow']) retrieved from /opt/airflow/dags/spark_airflow.py
[2024-05-22T13:44:20.132+0000] {logging_mixin.py:151} INFO - [2024-05-22T13:44:20.131+0000] {dag.py:2915} INFO - Sync 1 DAGs
[2024-05-22T13:44:20.271+0000] {logging_mixin.py:151} INFO - [2024-05-22T13:44:20.271+0000] {dag.py:3696} INFO - Setting next_dagrun for spark_airflow to 2024-05-22T01:00:00+00:00, run_after=2024-05-23T01:00:00+00:00
[2024-05-22T13:44:20.309+0000] {processor.py:179} INFO - Processing /opt/airflow/dags/spark_airflow.py took 0.720 seconds
[2024-05-22T13:44:50.921+0000] {processor.py:157} INFO - Started process (PID=1613) to work on /opt/airflow/dags/spark_airflow.py
[2024-05-22T13:44:50.923+0000] {processor.py:829} INFO - Processing file /opt/airflow/dags/spark_airflow.py for tasks to queue
[2024-05-22T13:44:50.929+0000] {logging_mixin.py:151} INFO - [2024-05-22T13:44:50.929+0000] {dagbag.py:539} INFO - Filling up the DagBag from /opt/airflow/dags/spark_airflow.py
[2024-05-22T13:44:50.951+0000] {processor.py:839} INFO - DAG(s) dict_keys(['spark_airflow']) retrieved from /opt/airflow/dags/spark_airflow.py
[2024-05-22T13:44:51.000+0000] {logging_mixin.py:151} INFO - [2024-05-22T13:44:50.999+0000] {dag.py:2915} INFO - Sync 1 DAGs
[2024-05-22T13:44:51.032+0000] {logging_mixin.py:151} INFO - [2024-05-22T13:44:51.032+0000] {dag.py:3696} INFO - Setting next_dagrun for spark_airflow to 2024-05-22T01:00:00+00:00, run_after=2024-05-23T01:00:00+00:00
[2024-05-22T13:44:51.045+0000] {processor.py:179} INFO - Processing /opt/airflow/dags/spark_airflow.py took 0.130 seconds
[2024-05-22T13:45:21.396+0000] {processor.py:157} INFO - Started process (PID=1618) to work on /opt/airflow/dags/spark_airflow.py
[2024-05-22T13:45:21.398+0000] {processor.py:829} INFO - Processing file /opt/airflow/dags/spark_airflow.py for tasks to queue
[2024-05-22T13:45:21.405+0000] {logging_mixin.py:151} INFO - [2024-05-22T13:45:21.404+0000] {dagbag.py:539} INFO - Filling up the DagBag from /opt/airflow/dags/spark_airflow.py
[2024-05-22T13:45:21.434+0000] {processor.py:839} INFO - DAG(s) dict_keys(['spark_airflow']) retrieved from /opt/airflow/dags/spark_airflow.py
[2024-05-22T13:45:21.540+0000] {logging_mixin.py:151} INFO - [2024-05-22T13:45:21.539+0000] {dag.py:2915} INFO - Sync 1 DAGs
[2024-05-22T13:45:21.579+0000] {logging_mixin.py:151} INFO - [2024-05-22T13:45:21.579+0000] {dag.py:3696} INFO - Setting next_dagrun for spark_airflow to 2024-05-22T01:00:00+00:00, run_after=2024-05-23T01:00:00+00:00
[2024-05-22T13:45:21.601+0000] {processor.py:179} INFO - Processing /opt/airflow/dags/spark_airflow.py took 0.225 seconds
[2024-05-22T13:45:51.846+0000] {processor.py:157} INFO - Started process (PID=1786) to work on /opt/airflow/dags/spark_airflow.py
[2024-05-22T13:45:51.847+0000] {processor.py:829} INFO - Processing file /opt/airflow/dags/spark_airflow.py for tasks to queue
[2024-05-22T13:45:51.852+0000] {logging_mixin.py:151} INFO - [2024-05-22T13:45:51.852+0000] {dagbag.py:539} INFO - Filling up the DagBag from /opt/airflow/dags/spark_airflow.py
[2024-05-22T13:45:51.879+0000] {processor.py:839} INFO - DAG(s) dict_keys(['spark_airflow']) retrieved from /opt/airflow/dags/spark_airflow.py
[2024-05-22T13:45:51.910+0000] {logging_mixin.py:151} INFO - [2024-05-22T13:45:51.910+0000] {dag.py:2915} INFO - Sync 1 DAGs
[2024-05-22T13:45:51.949+0000] {logging_mixin.py:151} INFO - [2024-05-22T13:45:51.948+0000] {dag.py:3696} INFO - Setting next_dagrun for spark_airflow to 2024-05-22T01:00:00+00:00, run_after=2024-05-23T01:00:00+00:00
[2024-05-22T13:45:51.961+0000] {processor.py:179} INFO - Processing /opt/airflow/dags/spark_airflow.py took 0.140 seconds
[2024-05-22T13:46:22.258+0000] {processor.py:157} INFO - Started process (PID=1791) to work on /opt/airflow/dags/spark_airflow.py
[2024-05-22T13:46:22.259+0000] {processor.py:829} INFO - Processing file /opt/airflow/dags/spark_airflow.py for tasks to queue
[2024-05-22T13:46:22.264+0000] {logging_mixin.py:151} INFO - [2024-05-22T13:46:22.264+0000] {dagbag.py:539} INFO - Filling up the DagBag from /opt/airflow/dags/spark_airflow.py
[2024-05-22T13:46:22.299+0000] {processor.py:839} INFO - DAG(s) dict_keys(['spark_airflow']) retrieved from /opt/airflow/dags/spark_airflow.py
[2024-05-22T13:46:22.345+0000] {logging_mixin.py:151} INFO - [2024-05-22T13:46:22.343+0000] {dag.py:2915} INFO - Sync 1 DAGs
[2024-05-22T13:46:22.378+0000] {logging_mixin.py:151} INFO - [2024-05-22T13:46:22.378+0000] {dag.py:3696} INFO - Setting next_dagrun for spark_airflow to 2024-05-22T01:00:00+00:00, run_after=2024-05-23T01:00:00+00:00
[2024-05-22T13:46:22.392+0000] {processor.py:179} INFO - Processing /opt/airflow/dags/spark_airflow.py took 0.141 seconds
[2024-05-22T13:46:52.648+0000] {processor.py:157} INFO - Started process (PID=1796) to work on /opt/airflow/dags/spark_airflow.py
[2024-05-22T13:46:52.650+0000] {processor.py:829} INFO - Processing file /opt/airflow/dags/spark_airflow.py for tasks to queue
[2024-05-22T13:46:52.654+0000] {logging_mixin.py:151} INFO - [2024-05-22T13:46:52.654+0000] {dagbag.py:539} INFO - Filling up the DagBag from /opt/airflow/dags/spark_airflow.py
[2024-05-22T13:46:52.674+0000] {processor.py:839} INFO - DAG(s) dict_keys(['spark_airflow']) retrieved from /opt/airflow/dags/spark_airflow.py
[2024-05-22T13:46:52.733+0000] {logging_mixin.py:151} INFO - [2024-05-22T13:46:52.732+0000] {dag.py:2915} INFO - Sync 1 DAGs
[2024-05-22T13:46:52.750+0000] {logging_mixin.py:151} INFO - [2024-05-22T13:46:52.750+0000] {dag.py:3696} INFO - Setting next_dagrun for spark_airflow to 2024-05-22T01:00:00+00:00, run_after=2024-05-23T01:00:00+00:00
[2024-05-22T13:46:52.760+0000] {processor.py:179} INFO - Processing /opt/airflow/dags/spark_airflow.py took 0.119 seconds
[2024-05-22T13:47:23.163+0000] {processor.py:157} INFO - Started process (PID=1801) to work on /opt/airflow/dags/spark_airflow.py
[2024-05-22T13:47:23.165+0000] {processor.py:829} INFO - Processing file /opt/airflow/dags/spark_airflow.py for tasks to queue
[2024-05-22T13:47:23.169+0000] {logging_mixin.py:151} INFO - [2024-05-22T13:47:23.169+0000] {dagbag.py:539} INFO - Filling up the DagBag from /opt/airflow/dags/spark_airflow.py
[2024-05-22T13:47:23.202+0000] {processor.py:839} INFO - DAG(s) dict_keys(['spark_airflow']) retrieved from /opt/airflow/dags/spark_airflow.py
[2024-05-22T13:47:23.262+0000] {logging_mixin.py:151} INFO - [2024-05-22T13:47:23.261+0000] {dag.py:2915} INFO - Sync 1 DAGs
[2024-05-22T13:47:23.294+0000] {logging_mixin.py:151} INFO - [2024-05-22T13:47:23.294+0000] {dag.py:3696} INFO - Setting next_dagrun for spark_airflow to 2024-05-22T01:00:00+00:00, run_after=2024-05-23T01:00:00+00:00
[2024-05-22T13:47:23.307+0000] {processor.py:179} INFO - Processing /opt/airflow/dags/spark_airflow.py took 0.151 seconds
[2024-05-22T13:47:53.581+0000] {processor.py:157} INFO - Started process (PID=1806) to work on /opt/airflow/dags/spark_airflow.py
[2024-05-22T13:47:53.583+0000] {processor.py:829} INFO - Processing file /opt/airflow/dags/spark_airflow.py for tasks to queue
[2024-05-22T13:47:53.588+0000] {logging_mixin.py:151} INFO - [2024-05-22T13:47:53.587+0000] {dagbag.py:539} INFO - Filling up the DagBag from /opt/airflow/dags/spark_airflow.py
[2024-05-22T13:47:53.610+0000] {processor.py:839} INFO - DAG(s) dict_keys(['spark_airflow']) retrieved from /opt/airflow/dags/spark_airflow.py
[2024-05-22T13:47:53.674+0000] {logging_mixin.py:151} INFO - [2024-05-22T13:47:53.673+0000] {dag.py:2915} INFO - Sync 1 DAGs
[2024-05-22T13:47:53.697+0000] {logging_mixin.py:151} INFO - [2024-05-22T13:47:53.697+0000] {dag.py:3696} INFO - Setting next_dagrun for spark_airflow to 2024-05-22T01:00:00+00:00, run_after=2024-05-23T01:00:00+00:00
[2024-05-22T13:47:53.708+0000] {processor.py:179} INFO - Processing /opt/airflow/dags/spark_airflow.py took 0.133 seconds
[2024-05-22T13:48:24.203+0000] {processor.py:157} INFO - Started process (PID=1811) to work on /opt/airflow/dags/spark_airflow.py
[2024-05-22T13:48:24.204+0000] {processor.py:829} INFO - Processing file /opt/airflow/dags/spark_airflow.py for tasks to queue
[2024-05-22T13:48:24.209+0000] {logging_mixin.py:151} INFO - [2024-05-22T13:48:24.208+0000] {dagbag.py:539} INFO - Filling up the DagBag from /opt/airflow/dags/spark_airflow.py
[2024-05-22T13:48:24.256+0000] {processor.py:839} INFO - DAG(s) dict_keys(['spark_airflow']) retrieved from /opt/airflow/dags/spark_airflow.py
[2024-05-22T13:48:24.324+0000] {logging_mixin.py:151} INFO - [2024-05-22T13:48:24.323+0000] {dag.py:2915} INFO - Sync 1 DAGs
[2024-05-22T13:48:24.358+0000] {logging_mixin.py:151} INFO - [2024-05-22T13:48:24.357+0000] {dag.py:3696} INFO - Setting next_dagrun for spark_airflow to 2024-05-22T01:00:00+00:00, run_after=2024-05-23T01:00:00+00:00
[2024-05-22T13:48:24.373+0000] {processor.py:179} INFO - Processing /opt/airflow/dags/spark_airflow.py took 0.177 seconds
[2024-05-22T13:48:54.689+0000] {processor.py:157} INFO - Started process (PID=1816) to work on /opt/airflow/dags/spark_airflow.py
[2024-05-22T13:48:54.691+0000] {processor.py:829} INFO - Processing file /opt/airflow/dags/spark_airflow.py for tasks to queue
[2024-05-22T13:48:54.702+0000] {logging_mixin.py:151} INFO - [2024-05-22T13:48:54.700+0000] {dagbag.py:539} INFO - Filling up the DagBag from /opt/airflow/dags/spark_airflow.py
[2024-05-22T13:48:54.769+0000] {processor.py:839} INFO - DAG(s) dict_keys(['spark_airflow']) retrieved from /opt/airflow/dags/spark_airflow.py
[2024-05-22T13:48:54.822+0000] {logging_mixin.py:151} INFO - [2024-05-22T13:48:54.822+0000] {dag.py:2915} INFO - Sync 1 DAGs
[2024-05-22T13:48:54.847+0000] {logging_mixin.py:151} INFO - [2024-05-22T13:48:54.847+0000] {dag.py:3696} INFO - Setting next_dagrun for spark_airflow to 2024-05-22T01:00:00+00:00, run_after=2024-05-23T01:00:00+00:00
[2024-05-22T13:48:54.866+0000] {processor.py:179} INFO - Processing /opt/airflow/dags/spark_airflow.py took 0.191 seconds
[2024-05-22T13:49:25.104+0000] {processor.py:157} INFO - Started process (PID=1821) to work on /opt/airflow/dags/spark_airflow.py
[2024-05-22T13:49:25.106+0000] {processor.py:829} INFO - Processing file /opt/airflow/dags/spark_airflow.py for tasks to queue
[2024-05-22T13:49:25.112+0000] {logging_mixin.py:151} INFO - [2024-05-22T13:49:25.111+0000] {dagbag.py:539} INFO - Filling up the DagBag from /opt/airflow/dags/spark_airflow.py
[2024-05-22T13:49:25.139+0000] {processor.py:839} INFO - DAG(s) dict_keys(['spark_airflow']) retrieved from /opt/airflow/dags/spark_airflow.py
[2024-05-22T13:49:25.195+0000] {logging_mixin.py:151} INFO - [2024-05-22T13:49:25.194+0000] {dag.py:2915} INFO - Sync 1 DAGs
[2024-05-22T13:49:25.238+0000] {logging_mixin.py:151} INFO - [2024-05-22T13:49:25.238+0000] {dag.py:3696} INFO - Setting next_dagrun for spark_airflow to 2024-05-22T01:00:00+00:00, run_after=2024-05-23T01:00:00+00:00
[2024-05-22T13:49:25.254+0000] {processor.py:179} INFO - Processing /opt/airflow/dags/spark_airflow.py took 0.163 seconds
[2024-05-22T13:49:55.464+0000] {processor.py:157} INFO - Started process (PID=1826) to work on /opt/airflow/dags/spark_airflow.py
[2024-05-22T13:49:55.466+0000] {processor.py:829} INFO - Processing file /opt/airflow/dags/spark_airflow.py for tasks to queue
[2024-05-22T13:49:55.471+0000] {logging_mixin.py:151} INFO - [2024-05-22T13:49:55.471+0000] {dagbag.py:539} INFO - Filling up the DagBag from /opt/airflow/dags/spark_airflow.py
[2024-05-22T13:49:55.493+0000] {processor.py:839} INFO - DAG(s) dict_keys(['spark_airflow']) retrieved from /opt/airflow/dags/spark_airflow.py
[2024-05-22T13:49:55.566+0000] {logging_mixin.py:151} INFO - [2024-05-22T13:49:55.566+0000] {dag.py:2915} INFO - Sync 1 DAGs
[2024-05-22T13:49:55.606+0000] {logging_mixin.py:151} INFO - [2024-05-22T13:49:55.605+0000] {dag.py:3696} INFO - Setting next_dagrun for spark_airflow to 2024-05-22T01:00:00+00:00, run_after=2024-05-23T01:00:00+00:00
[2024-05-22T13:49:55.623+0000] {processor.py:179} INFO - Processing /opt/airflow/dags/spark_airflow.py took 0.188 seconds
[2024-05-22T13:50:25.913+0000] {processor.py:157} INFO - Started process (PID=1831) to work on /opt/airflow/dags/spark_airflow.py
[2024-05-22T13:50:25.915+0000] {processor.py:829} INFO - Processing file /opt/airflow/dags/spark_airflow.py for tasks to queue
[2024-05-22T13:50:25.920+0000] {logging_mixin.py:151} INFO - [2024-05-22T13:50:25.920+0000] {dagbag.py:539} INFO - Filling up the DagBag from /opt/airflow/dags/spark_airflow.py
[2024-05-22T13:50:25.945+0000] {processor.py:839} INFO - DAG(s) dict_keys(['spark_airflow']) retrieved from /opt/airflow/dags/spark_airflow.py
[2024-05-22T13:50:25.990+0000] {logging_mixin.py:151} INFO - [2024-05-22T13:50:25.988+0000] {dag.py:2915} INFO - Sync 1 DAGs
[2024-05-22T13:50:26.014+0000] {logging_mixin.py:151} INFO - [2024-05-22T13:50:26.014+0000] {dag.py:3696} INFO - Setting next_dagrun for spark_airflow to 2024-05-22T01:00:00+00:00, run_after=2024-05-23T01:00:00+00:00
[2024-05-22T13:50:26.023+0000] {processor.py:179} INFO - Processing /opt/airflow/dags/spark_airflow.py took 0.127 seconds
[2024-05-22T13:50:56.259+0000] {processor.py:157} INFO - Started process (PID=1836) to work on /opt/airflow/dags/spark_airflow.py
[2024-05-22T13:50:56.263+0000] {processor.py:829} INFO - Processing file /opt/airflow/dags/spark_airflow.py for tasks to queue
[2024-05-22T13:50:56.269+0000] {logging_mixin.py:151} INFO - [2024-05-22T13:50:56.268+0000] {dagbag.py:539} INFO - Filling up the DagBag from /opt/airflow/dags/spark_airflow.py
[2024-05-22T13:50:56.292+0000] {processor.py:839} INFO - DAG(s) dict_keys(['spark_airflow']) retrieved from /opt/airflow/dags/spark_airflow.py
[2024-05-22T13:50:56.343+0000] {logging_mixin.py:151} INFO - [2024-05-22T13:50:56.342+0000] {dag.py:2915} INFO - Sync 1 DAGs
[2024-05-22T13:50:56.363+0000] {logging_mixin.py:151} INFO - [2024-05-22T13:50:56.362+0000] {dag.py:3696} INFO - Setting next_dagrun for spark_airflow to 2024-05-22T01:00:00+00:00, run_after=2024-05-23T01:00:00+00:00
[2024-05-22T13:50:56.373+0000] {processor.py:179} INFO - Processing /opt/airflow/dags/spark_airflow.py took 0.121 seconds
[2024-05-22T13:51:26.677+0000] {processor.py:157} INFO - Started process (PID=1841) to work on /opt/airflow/dags/spark_airflow.py
[2024-05-22T13:51:26.679+0000] {processor.py:829} INFO - Processing file /opt/airflow/dags/spark_airflow.py for tasks to queue
[2024-05-22T13:51:26.683+0000] {logging_mixin.py:151} INFO - [2024-05-22T13:51:26.683+0000] {dagbag.py:539} INFO - Filling up the DagBag from /opt/airflow/dags/spark_airflow.py
[2024-05-22T13:51:26.752+0000] {processor.py:839} INFO - DAG(s) dict_keys(['spark_airflow']) retrieved from /opt/airflow/dags/spark_airflow.py
[2024-05-22T13:51:26.799+0000] {logging_mixin.py:151} INFO - [2024-05-22T13:51:26.799+0000] {dag.py:2915} INFO - Sync 1 DAGs
[2024-05-22T13:51:26.820+0000] {logging_mixin.py:151} INFO - [2024-05-22T13:51:26.819+0000] {dag.py:3696} INFO - Setting next_dagrun for spark_airflow to 2024-05-22T01:00:00+00:00, run_after=2024-05-23T01:00:00+00:00
[2024-05-22T13:51:26.848+0000] {processor.py:179} INFO - Processing /opt/airflow/dags/spark_airflow.py took 0.177 seconds
[2024-05-22T13:51:57.111+0000] {processor.py:157} INFO - Started process (PID=1846) to work on /opt/airflow/dags/spark_airflow.py
[2024-05-22T13:51:57.112+0000] {processor.py:829} INFO - Processing file /opt/airflow/dags/spark_airflow.py for tasks to queue
[2024-05-22T13:51:57.117+0000] {logging_mixin.py:151} INFO - [2024-05-22T13:51:57.116+0000] {dagbag.py:539} INFO - Filling up the DagBag from /opt/airflow/dags/spark_airflow.py
[2024-05-22T13:51:57.138+0000] {processor.py:839} INFO - DAG(s) dict_keys(['spark_airflow']) retrieved from /opt/airflow/dags/spark_airflow.py
[2024-05-22T13:51:57.187+0000] {logging_mixin.py:151} INFO - [2024-05-22T13:51:57.187+0000] {dag.py:2915} INFO - Sync 1 DAGs
[2024-05-22T13:51:57.205+0000] {logging_mixin.py:151} INFO - [2024-05-22T13:51:57.205+0000] {dag.py:3696} INFO - Setting next_dagrun for spark_airflow to 2024-05-22T01:00:00+00:00, run_after=2024-05-23T01:00:00+00:00
[2024-05-22T13:51:57.217+0000] {processor.py:179} INFO - Processing /opt/airflow/dags/spark_airflow.py took 0.115 seconds
[2024-05-22T13:52:28.447+0000] {processor.py:157} INFO - Started process (PID=1851) to work on /opt/airflow/dags/spark_airflow.py
[2024-05-22T13:52:28.452+0000] {processor.py:829} INFO - Processing file /opt/airflow/dags/spark_airflow.py for tasks to queue
[2024-05-22T13:52:28.477+0000] {logging_mixin.py:151} INFO - [2024-05-22T13:52:28.472+0000] {dagbag.py:539} INFO - Filling up the DagBag from /opt/airflow/dags/spark_airflow.py
[2024-05-22T13:52:28.608+0000] {processor.py:839} INFO - DAG(s) dict_keys(['spark_airflow']) retrieved from /opt/airflow/dags/spark_airflow.py
[2024-05-22T13:52:28.691+0000] {logging_mixin.py:151} INFO - [2024-05-22T13:52:28.691+0000] {dag.py:2915} INFO - Sync 1 DAGs
[2024-05-22T13:52:28.718+0000] {logging_mixin.py:151} INFO - [2024-05-22T13:52:28.718+0000] {dag.py:3696} INFO - Setting next_dagrun for spark_airflow to 2024-05-22T01:00:00+00:00, run_after=2024-05-23T01:00:00+00:00
[2024-05-22T13:52:28.736+0000] {processor.py:179} INFO - Processing /opt/airflow/dags/spark_airflow.py took 0.333 seconds
[2024-05-22T15:17:09.679+0000] {processor.py:157} INFO - Started process (PID=1856) to work on /opt/airflow/dags/spark_airflow.py
[2024-05-22T15:17:09.917+0000] {processor.py:829} INFO - Processing file /opt/airflow/dags/spark_airflow.py for tasks to queue
[2024-05-22T15:17:10.001+0000] {logging_mixin.py:151} INFO - [2024-05-22T15:17:09.997+0000] {dagbag.py:539} INFO - Filling up the DagBag from /opt/airflow/dags/spark_airflow.py
[2024-05-22T15:17:10.387+0000] {processor.py:839} INFO - DAG(s) dict_keys(['spark_airflow']) retrieved from /opt/airflow/dags/spark_airflow.py
[2024-05-22T15:17:10.680+0000] {logging_mixin.py:151} INFO - [2024-05-22T15:17:10.677+0000] {dag.py:2915} INFO - Sync 1 DAGs
[2024-05-22T15:17:11.022+0000] {logging_mixin.py:151} INFO - [2024-05-22T15:17:11.012+0000] {dag.py:3696} INFO - Setting next_dagrun for spark_airflow to 2024-05-22T01:00:00+00:00, run_after=2024-05-23T01:00:00+00:00
[2024-05-22T15:17:12.142+0000] {processor.py:179} INFO - Processing /opt/airflow/dags/spark_airflow.py took 2.531 seconds
[2024-05-22T15:17:42.640+0000] {processor.py:157} INFO - Started process (PID=1863) to work on /opt/airflow/dags/spark_airflow.py
[2024-05-22T15:17:42.645+0000] {processor.py:829} INFO - Processing file /opt/airflow/dags/spark_airflow.py for tasks to queue
[2024-05-22T15:17:42.677+0000] {logging_mixin.py:151} INFO - [2024-05-22T15:17:42.672+0000] {dagbag.py:539} INFO - Filling up the DagBag from /opt/airflow/dags/spark_airflow.py
[2024-05-22T15:17:42.743+0000] {processor.py:839} INFO - DAG(s) dict_keys(['spark_airflow']) retrieved from /opt/airflow/dags/spark_airflow.py
[2024-05-22T15:17:42.970+0000] {logging_mixin.py:151} INFO - [2024-05-22T15:17:42.970+0000] {dag.py:2915} INFO - Sync 1 DAGs
[2024-05-22T15:17:43.038+0000] {logging_mixin.py:151} INFO - [2024-05-22T15:17:43.038+0000] {dag.py:3696} INFO - Setting next_dagrun for spark_airflow to 2024-05-22T01:00:00+00:00, run_after=2024-05-23T01:00:00+00:00
[2024-05-22T15:17:43.085+0000] {processor.py:179} INFO - Processing /opt/airflow/dags/spark_airflow.py took 0.471 seconds
[2024-05-22T15:18:13.265+0000] {processor.py:157} INFO - Started process (PID=1868) to work on /opt/airflow/dags/spark_airflow.py
[2024-05-22T15:18:13.273+0000] {processor.py:829} INFO - Processing file /opt/airflow/dags/spark_airflow.py for tasks to queue
[2024-05-22T15:18:13.299+0000] {logging_mixin.py:151} INFO - [2024-05-22T15:18:13.297+0000] {dagbag.py:539} INFO - Filling up the DagBag from /opt/airflow/dags/spark_airflow.py
[2024-05-22T15:18:13.368+0000] {processor.py:839} INFO - DAG(s) dict_keys(['spark_airflow']) retrieved from /opt/airflow/dags/spark_airflow.py
[2024-05-22T15:18:13.553+0000] {logging_mixin.py:151} INFO - [2024-05-22T15:18:13.552+0000] {dag.py:2915} INFO - Sync 1 DAGs
[2024-05-22T15:18:13.599+0000] {logging_mixin.py:151} INFO - [2024-05-22T15:18:13.598+0000] {dag.py:3696} INFO - Setting next_dagrun for spark_airflow to 2024-05-22T01:00:00+00:00, run_after=2024-05-23T01:00:00+00:00
[2024-05-22T15:18:13.623+0000] {processor.py:179} INFO - Processing /opt/airflow/dags/spark_airflow.py took 0.387 seconds
[2024-05-22T15:18:43.876+0000] {processor.py:157} INFO - Started process (PID=1873) to work on /opt/airflow/dags/spark_airflow.py
[2024-05-22T15:18:43.878+0000] {processor.py:829} INFO - Processing file /opt/airflow/dags/spark_airflow.py for tasks to queue
[2024-05-22T15:18:43.884+0000] {logging_mixin.py:151} INFO - [2024-05-22T15:18:43.883+0000] {dagbag.py:539} INFO - Filling up the DagBag from /opt/airflow/dags/spark_airflow.py
[2024-05-22T15:18:43.928+0000] {processor.py:839} INFO - DAG(s) dict_keys(['spark_airflow']) retrieved from /opt/airflow/dags/spark_airflow.py
[2024-05-22T15:18:43.986+0000] {logging_mixin.py:151} INFO - [2024-05-22T15:18:43.985+0000] {dag.py:2915} INFO - Sync 1 DAGs
[2024-05-22T15:18:44.029+0000] {logging_mixin.py:151} INFO - [2024-05-22T15:18:44.029+0000] {dag.py:3696} INFO - Setting next_dagrun for spark_airflow to 2024-05-22T01:00:00+00:00, run_after=2024-05-23T01:00:00+00:00
[2024-05-22T15:18:44.044+0000] {processor.py:179} INFO - Processing /opt/airflow/dags/spark_airflow.py took 0.178 seconds
[2024-05-22T15:19:14.325+0000] {processor.py:157} INFO - Started process (PID=1878) to work on /opt/airflow/dags/spark_airflow.py
[2024-05-22T15:19:14.330+0000] {processor.py:829} INFO - Processing file /opt/airflow/dags/spark_airflow.py for tasks to queue
[2024-05-22T15:19:14.347+0000] {logging_mixin.py:151} INFO - [2024-05-22T15:19:14.341+0000] {dagbag.py:539} INFO - Filling up the DagBag from /opt/airflow/dags/spark_airflow.py
[2024-05-22T15:19:14.385+0000] {processor.py:839} INFO - DAG(s) dict_keys(['spark_airflow']) retrieved from /opt/airflow/dags/spark_airflow.py
[2024-05-22T15:19:14.473+0000] {logging_mixin.py:151} INFO - [2024-05-22T15:19:14.473+0000] {dag.py:2915} INFO - Sync 1 DAGs
[2024-05-22T15:19:14.515+0000] {logging_mixin.py:151} INFO - [2024-05-22T15:19:14.515+0000] {dag.py:3696} INFO - Setting next_dagrun for spark_airflow to 2024-05-22T01:00:00+00:00, run_after=2024-05-23T01:00:00+00:00
[2024-05-22T15:19:14.530+0000] {processor.py:179} INFO - Processing /opt/airflow/dags/spark_airflow.py took 0.229 seconds
[2024-05-22T15:19:44.776+0000] {processor.py:157} INFO - Started process (PID=1883) to work on /opt/airflow/dags/spark_airflow.py
[2024-05-22T15:19:44.781+0000] {processor.py:829} INFO - Processing file /opt/airflow/dags/spark_airflow.py for tasks to queue
[2024-05-22T15:19:44.793+0000] {logging_mixin.py:151} INFO - [2024-05-22T15:19:44.792+0000] {dagbag.py:539} INFO - Filling up the DagBag from /opt/airflow/dags/spark_airflow.py
[2024-05-22T15:19:44.837+0000] {processor.py:839} INFO - DAG(s) dict_keys(['spark_airflow']) retrieved from /opt/airflow/dags/spark_airflow.py
[2024-05-22T15:19:44.876+0000] {logging_mixin.py:151} INFO - [2024-05-22T15:19:44.876+0000] {dag.py:2915} INFO - Sync 1 DAGs
[2024-05-22T15:19:44.905+0000] {logging_mixin.py:151} INFO - [2024-05-22T15:19:44.904+0000] {dag.py:3696} INFO - Setting next_dagrun for spark_airflow to 2024-05-22T01:00:00+00:00, run_after=2024-05-23T01:00:00+00:00
[2024-05-22T15:19:44.915+0000] {processor.py:179} INFO - Processing /opt/airflow/dags/spark_airflow.py took 0.160 seconds
[2024-05-22T15:20:15.261+0000] {processor.py:157} INFO - Started process (PID=1888) to work on /opt/airflow/dags/spark_airflow.py
[2024-05-22T15:20:15.263+0000] {processor.py:829} INFO - Processing file /opt/airflow/dags/spark_airflow.py for tasks to queue
[2024-05-22T15:20:15.268+0000] {logging_mixin.py:151} INFO - [2024-05-22T15:20:15.267+0000] {dagbag.py:539} INFO - Filling up the DagBag from /opt/airflow/dags/spark_airflow.py
[2024-05-22T15:20:15.292+0000] {processor.py:839} INFO - DAG(s) dict_keys(['spark_airflow']) retrieved from /opt/airflow/dags/spark_airflow.py
[2024-05-22T15:20:15.338+0000] {logging_mixin.py:151} INFO - [2024-05-22T15:20:15.337+0000] {dag.py:2915} INFO - Sync 1 DAGs
[2024-05-22T15:20:15.357+0000] {logging_mixin.py:151} INFO - [2024-05-22T15:20:15.357+0000] {dag.py:3696} INFO - Setting next_dagrun for spark_airflow to 2024-05-22T01:00:00+00:00, run_after=2024-05-23T01:00:00+00:00
[2024-05-22T15:20:15.369+0000] {processor.py:179} INFO - Processing /opt/airflow/dags/spark_airflow.py took 0.113 seconds
[2024-05-22T15:20:45.621+0000] {processor.py:157} INFO - Started process (PID=1893) to work on /opt/airflow/dags/spark_airflow.py
[2024-05-22T15:20:45.624+0000] {processor.py:829} INFO - Processing file /opt/airflow/dags/spark_airflow.py for tasks to queue
[2024-05-22T15:20:45.634+0000] {logging_mixin.py:151} INFO - [2024-05-22T15:20:45.634+0000] {dagbag.py:539} INFO - Filling up the DagBag from /opt/airflow/dags/spark_airflow.py
[2024-05-22T15:20:45.658+0000] {processor.py:839} INFO - DAG(s) dict_keys(['spark_airflow']) retrieved from /opt/airflow/dags/spark_airflow.py
[2024-05-22T15:20:45.694+0000] {logging_mixin.py:151} INFO - [2024-05-22T15:20:45.692+0000] {dag.py:2915} INFO - Sync 1 DAGs
[2024-05-22T15:20:45.722+0000] {logging_mixin.py:151} INFO - [2024-05-22T15:20:45.722+0000] {dag.py:3696} INFO - Setting next_dagrun for spark_airflow to 2024-05-22T01:00:00+00:00, run_after=2024-05-23T01:00:00+00:00
[2024-05-22T15:20:45.733+0000] {processor.py:179} INFO - Processing /opt/airflow/dags/spark_airflow.py took 0.134 seconds
[2024-05-22T15:21:16.022+0000] {processor.py:157} INFO - Started process (PID=1898) to work on /opt/airflow/dags/spark_airflow.py
[2024-05-22T15:21:16.023+0000] {processor.py:829} INFO - Processing file /opt/airflow/dags/spark_airflow.py for tasks to queue
[2024-05-22T15:21:16.029+0000] {logging_mixin.py:151} INFO - [2024-05-22T15:21:16.028+0000] {dagbag.py:539} INFO - Filling up the DagBag from /opt/airflow/dags/spark_airflow.py
[2024-05-22T15:21:16.050+0000] {processor.py:839} INFO - DAG(s) dict_keys(['spark_airflow']) retrieved from /opt/airflow/dags/spark_airflow.py
[2024-05-22T15:21:16.103+0000] {logging_mixin.py:151} INFO - [2024-05-22T15:21:16.102+0000] {dag.py:2915} INFO - Sync 1 DAGs
[2024-05-22T15:21:16.141+0000] {logging_mixin.py:151} INFO - [2024-05-22T15:21:16.141+0000] {dag.py:3696} INFO - Setting next_dagrun for spark_airflow to 2024-05-22T01:00:00+00:00, run_after=2024-05-23T01:00:00+00:00
[2024-05-22T15:21:16.159+0000] {processor.py:179} INFO - Processing /opt/airflow/dags/spark_airflow.py took 0.145 seconds
[2024-05-22T15:21:46.456+0000] {processor.py:157} INFO - Started process (PID=1903) to work on /opt/airflow/dags/spark_airflow.py
[2024-05-22T15:21:46.457+0000] {processor.py:829} INFO - Processing file /opt/airflow/dags/spark_airflow.py for tasks to queue
[2024-05-22T15:21:46.463+0000] {logging_mixin.py:151} INFO - [2024-05-22T15:21:46.462+0000] {dagbag.py:539} INFO - Filling up the DagBag from /opt/airflow/dags/spark_airflow.py
[2024-05-22T15:21:46.485+0000] {processor.py:839} INFO - DAG(s) dict_keys(['spark_airflow']) retrieved from /opt/airflow/dags/spark_airflow.py
[2024-05-22T15:21:46.538+0000] {logging_mixin.py:151} INFO - [2024-05-22T15:21:46.538+0000] {dag.py:2915} INFO - Sync 1 DAGs
[2024-05-22T15:21:46.555+0000] {logging_mixin.py:151} INFO - [2024-05-22T15:21:46.555+0000] {dag.py:3696} INFO - Setting next_dagrun for spark_airflow to 2024-05-22T01:00:00+00:00, run_after=2024-05-23T01:00:00+00:00
[2024-05-22T15:21:46.567+0000] {processor.py:179} INFO - Processing /opt/airflow/dags/spark_airflow.py took 0.128 seconds
[2024-05-22T15:22:16.804+0000] {processor.py:157} INFO - Started process (PID=1908) to work on /opt/airflow/dags/spark_airflow.py
[2024-05-22T15:22:16.806+0000] {processor.py:829} INFO - Processing file /opt/airflow/dags/spark_airflow.py for tasks to queue
[2024-05-22T15:22:16.811+0000] {logging_mixin.py:151} INFO - [2024-05-22T15:22:16.811+0000] {dagbag.py:539} INFO - Filling up the DagBag from /opt/airflow/dags/spark_airflow.py
[2024-05-22T15:22:16.843+0000] {processor.py:839} INFO - DAG(s) dict_keys(['spark_airflow']) retrieved from /opt/airflow/dags/spark_airflow.py
[2024-05-22T15:22:16.880+0000] {logging_mixin.py:151} INFO - [2024-05-22T15:22:16.880+0000] {dag.py:2915} INFO - Sync 1 DAGs
[2024-05-22T15:22:16.904+0000] {logging_mixin.py:151} INFO - [2024-05-22T15:22:16.904+0000] {dag.py:3696} INFO - Setting next_dagrun for spark_airflow to 2024-05-22T01:00:00+00:00, run_after=2024-05-23T01:00:00+00:00
[2024-05-22T15:22:16.914+0000] {processor.py:179} INFO - Processing /opt/airflow/dags/spark_airflow.py took 0.116 seconds
[2024-05-22T15:22:47.239+0000] {processor.py:157} INFO - Started process (PID=1913) to work on /opt/airflow/dags/spark_airflow.py
[2024-05-22T15:22:47.240+0000] {processor.py:829} INFO - Processing file /opt/airflow/dags/spark_airflow.py for tasks to queue
[2024-05-22T15:22:47.246+0000] {logging_mixin.py:151} INFO - [2024-05-22T15:22:47.245+0000] {dagbag.py:539} INFO - Filling up the DagBag from /opt/airflow/dags/spark_airflow.py
[2024-05-22T15:22:47.293+0000] {processor.py:839} INFO - DAG(s) dict_keys(['spark_airflow']) retrieved from /opt/airflow/dags/spark_airflow.py
[2024-05-22T15:22:47.331+0000] {logging_mixin.py:151} INFO - [2024-05-22T15:22:47.331+0000] {dag.py:2915} INFO - Sync 1 DAGs
[2024-05-22T15:22:47.351+0000] {logging_mixin.py:151} INFO - [2024-05-22T15:22:47.351+0000] {dag.py:3696} INFO - Setting next_dagrun for spark_airflow to 2024-05-22T01:00:00+00:00, run_after=2024-05-23T01:00:00+00:00
[2024-05-22T15:22:47.365+0000] {processor.py:179} INFO - Processing /opt/airflow/dags/spark_airflow.py took 0.134 seconds
[2024-05-22T15:23:17.628+0000] {processor.py:157} INFO - Started process (PID=1918) to work on /opt/airflow/dags/spark_airflow.py
[2024-05-22T15:23:17.630+0000] {processor.py:829} INFO - Processing file /opt/airflow/dags/spark_airflow.py for tasks to queue
[2024-05-22T15:23:17.636+0000] {logging_mixin.py:151} INFO - [2024-05-22T15:23:17.635+0000] {dagbag.py:539} INFO - Filling up the DagBag from /opt/airflow/dags/spark_airflow.py
[2024-05-22T15:23:17.666+0000] {processor.py:839} INFO - DAG(s) dict_keys(['spark_airflow']) retrieved from /opt/airflow/dags/spark_airflow.py
[2024-05-22T15:23:17.753+0000] {logging_mixin.py:151} INFO - [2024-05-22T15:23:17.752+0000] {dag.py:2915} INFO - Sync 1 DAGs
[2024-05-22T15:23:17.787+0000] {logging_mixin.py:151} INFO - [2024-05-22T15:23:17.787+0000] {dag.py:3696} INFO - Setting next_dagrun for spark_airflow to 2024-05-22T01:00:00+00:00, run_after=2024-05-23T01:00:00+00:00
[2024-05-22T15:23:17.803+0000] {processor.py:179} INFO - Processing /opt/airflow/dags/spark_airflow.py took 0.181 seconds
[2024-05-22T15:23:48.004+0000] {processor.py:157} INFO - Started process (PID=1923) to work on /opt/airflow/dags/spark_airflow.py
[2024-05-22T15:23:48.006+0000] {processor.py:829} INFO - Processing file /opt/airflow/dags/spark_airflow.py for tasks to queue
[2024-05-22T15:23:48.033+0000] {logging_mixin.py:151} INFO - [2024-05-22T15:23:48.032+0000] {dagbag.py:539} INFO - Filling up the DagBag from /opt/airflow/dags/spark_airflow.py
[2024-05-22T15:23:48.056+0000] {processor.py:839} INFO - DAG(s) dict_keys(['spark_airflow']) retrieved from /opt/airflow/dags/spark_airflow.py
[2024-05-22T15:23:48.097+0000] {logging_mixin.py:151} INFO - [2024-05-22T15:23:48.094+0000] {dag.py:2915} INFO - Sync 1 DAGs
[2024-05-22T15:23:48.132+0000] {logging_mixin.py:151} INFO - [2024-05-22T15:23:48.132+0000] {dag.py:3696} INFO - Setting next_dagrun for spark_airflow to 2024-05-22T01:00:00+00:00, run_after=2024-05-23T01:00:00+00:00
[2024-05-22T15:23:48.143+0000] {processor.py:179} INFO - Processing /opt/airflow/dags/spark_airflow.py took 0.147 seconds
[2024-05-22T15:24:18.457+0000] {processor.py:157} INFO - Started process (PID=1928) to work on /opt/airflow/dags/spark_airflow.py
[2024-05-22T15:24:18.458+0000] {processor.py:829} INFO - Processing file /opt/airflow/dags/spark_airflow.py for tasks to queue
[2024-05-22T15:24:18.466+0000] {logging_mixin.py:151} INFO - [2024-05-22T15:24:18.464+0000] {dagbag.py:539} INFO - Filling up the DagBag from /opt/airflow/dags/spark_airflow.py
[2024-05-22T15:24:18.517+0000] {processor.py:839} INFO - DAG(s) dict_keys(['spark_airflow']) retrieved from /opt/airflow/dags/spark_airflow.py
[2024-05-22T15:24:18.559+0000] {logging_mixin.py:151} INFO - [2024-05-22T15:24:18.559+0000] {dag.py:2915} INFO - Sync 1 DAGs
[2024-05-22T15:24:18.576+0000] {logging_mixin.py:151} INFO - [2024-05-22T15:24:18.576+0000] {dag.py:3696} INFO - Setting next_dagrun for spark_airflow to 2024-05-22T01:00:00+00:00, run_after=2024-05-23T01:00:00+00:00
[2024-05-22T15:24:18.591+0000] {processor.py:179} INFO - Processing /opt/airflow/dags/spark_airflow.py took 0.142 seconds
[2024-05-22T15:24:48.834+0000] {processor.py:157} INFO - Started process (PID=1933) to work on /opt/airflow/dags/spark_airflow.py
[2024-05-22T15:24:48.835+0000] {processor.py:829} INFO - Processing file /opt/airflow/dags/spark_airflow.py for tasks to queue
[2024-05-22T15:24:48.843+0000] {logging_mixin.py:151} INFO - [2024-05-22T15:24:48.842+0000] {dagbag.py:539} INFO - Filling up the DagBag from /opt/airflow/dags/spark_airflow.py
[2024-05-22T15:24:48.864+0000] {processor.py:839} INFO - DAG(s) dict_keys(['spark_airflow']) retrieved from /opt/airflow/dags/spark_airflow.py
[2024-05-22T15:24:48.916+0000] {logging_mixin.py:151} INFO - [2024-05-22T15:24:48.916+0000] {dag.py:2915} INFO - Sync 1 DAGs
[2024-05-22T15:24:48.933+0000] {logging_mixin.py:151} INFO - [2024-05-22T15:24:48.933+0000] {dag.py:3696} INFO - Setting next_dagrun for spark_airflow to 2024-05-22T01:00:00+00:00, run_after=2024-05-23T01:00:00+00:00
[2024-05-22T15:24:48.943+0000] {processor.py:179} INFO - Processing /opt/airflow/dags/spark_airflow.py took 0.117 seconds
[2024-05-22T15:25:19.194+0000] {processor.py:157} INFO - Started process (PID=1938) to work on /opt/airflow/dags/spark_airflow.py
[2024-05-22T15:25:19.196+0000] {processor.py:829} INFO - Processing file /opt/airflow/dags/spark_airflow.py for tasks to queue
[2024-05-22T15:25:19.202+0000] {logging_mixin.py:151} INFO - [2024-05-22T15:25:19.201+0000] {dagbag.py:539} INFO - Filling up the DagBag from /opt/airflow/dags/spark_airflow.py
[2024-05-22T15:25:19.243+0000] {processor.py:839} INFO - DAG(s) dict_keys(['spark_airflow']) retrieved from /opt/airflow/dags/spark_airflow.py
[2024-05-22T15:25:19.282+0000] {logging_mixin.py:151} INFO - [2024-05-22T15:25:19.281+0000] {dag.py:2915} INFO - Sync 1 DAGs
[2024-05-22T15:25:19.299+0000] {logging_mixin.py:151} INFO - [2024-05-22T15:25:19.299+0000] {dag.py:3696} INFO - Setting next_dagrun for spark_airflow to 2024-05-22T01:00:00+00:00, run_after=2024-05-23T01:00:00+00:00
[2024-05-22T15:25:19.310+0000] {processor.py:179} INFO - Processing /opt/airflow/dags/spark_airflow.py took 0.123 seconds
[2024-05-22T15:25:49.609+0000] {processor.py:157} INFO - Started process (PID=1943) to work on /opt/airflow/dags/spark_airflow.py
[2024-05-22T15:25:49.611+0000] {processor.py:829} INFO - Processing file /opt/airflow/dags/spark_airflow.py for tasks to queue
[2024-05-22T15:25:49.617+0000] {logging_mixin.py:151} INFO - [2024-05-22T15:25:49.617+0000] {dagbag.py:539} INFO - Filling up the DagBag from /opt/airflow/dags/spark_airflow.py
[2024-05-22T15:25:49.639+0000] {processor.py:839} INFO - DAG(s) dict_keys(['spark_airflow']) retrieved from /opt/airflow/dags/spark_airflow.py
[2024-05-22T15:25:49.691+0000] {logging_mixin.py:151} INFO - [2024-05-22T15:25:49.690+0000] {dag.py:2915} INFO - Sync 1 DAGs
[2024-05-22T15:25:49.708+0000] {logging_mixin.py:151} INFO - [2024-05-22T15:25:49.708+0000] {dag.py:3696} INFO - Setting next_dagrun for spark_airflow to 2024-05-22T01:00:00+00:00, run_after=2024-05-23T01:00:00+00:00
[2024-05-22T15:25:49.719+0000] {processor.py:179} INFO - Processing /opt/airflow/dags/spark_airflow.py took 0.118 seconds
[2024-05-22T15:26:19.998+0000] {processor.py:157} INFO - Started process (PID=1948) to work on /opt/airflow/dags/spark_airflow.py
[2024-05-22T15:26:20.000+0000] {processor.py:829} INFO - Processing file /opt/airflow/dags/spark_airflow.py for tasks to queue
[2024-05-22T15:26:20.006+0000] {logging_mixin.py:151} INFO - [2024-05-22T15:26:20.005+0000] {dagbag.py:539} INFO - Filling up the DagBag from /opt/airflow/dags/spark_airflow.py
[2024-05-22T15:26:20.026+0000] {processor.py:839} INFO - DAG(s) dict_keys(['spark_airflow']) retrieved from /opt/airflow/dags/spark_airflow.py
[2024-05-22T15:26:20.079+0000] {logging_mixin.py:151} INFO - [2024-05-22T15:26:20.079+0000] {dag.py:2915} INFO - Sync 1 DAGs
[2024-05-22T15:26:20.096+0000] {logging_mixin.py:151} INFO - [2024-05-22T15:26:20.096+0000] {dag.py:3696} INFO - Setting next_dagrun for spark_airflow to 2024-05-22T01:00:00+00:00, run_after=2024-05-23T01:00:00+00:00
[2024-05-22T15:26:20.106+0000] {processor.py:179} INFO - Processing /opt/airflow/dags/spark_airflow.py took 0.117 seconds
[2024-05-22T15:26:50.427+0000] {processor.py:157} INFO - Started process (PID=1953) to work on /opt/airflow/dags/spark_airflow.py
[2024-05-22T15:26:50.429+0000] {processor.py:829} INFO - Processing file /opt/airflow/dags/spark_airflow.py for tasks to queue
[2024-05-22T15:26:50.434+0000] {logging_mixin.py:151} INFO - [2024-05-22T15:26:50.433+0000] {dagbag.py:539} INFO - Filling up the DagBag from /opt/airflow/dags/spark_airflow.py
[2024-05-22T15:26:50.470+0000] {processor.py:839} INFO - DAG(s) dict_keys(['spark_airflow']) retrieved from /opt/airflow/dags/spark_airflow.py
[2024-05-22T15:26:50.534+0000] {logging_mixin.py:151} INFO - [2024-05-22T15:26:50.533+0000] {dag.py:2915} INFO - Sync 1 DAGs
[2024-05-22T15:26:50.551+0000] {logging_mixin.py:151} INFO - [2024-05-22T15:26:50.551+0000] {dag.py:3696} INFO - Setting next_dagrun for spark_airflow to 2024-05-22T01:00:00+00:00, run_after=2024-05-23T01:00:00+00:00
[2024-05-22T15:26:50.562+0000] {processor.py:179} INFO - Processing /opt/airflow/dags/spark_airflow.py took 0.144 seconds
[2024-05-22T15:27:20.861+0000] {processor.py:157} INFO - Started process (PID=1958) to work on /opt/airflow/dags/spark_airflow.py
[2024-05-22T15:27:20.863+0000] {processor.py:829} INFO - Processing file /opt/airflow/dags/spark_airflow.py for tasks to queue
[2024-05-22T15:27:20.868+0000] {logging_mixin.py:151} INFO - [2024-05-22T15:27:20.867+0000] {dagbag.py:539} INFO - Filling up the DagBag from /opt/airflow/dags/spark_airflow.py
[2024-05-22T15:27:20.904+0000] {processor.py:839} INFO - DAG(s) dict_keys(['spark_airflow']) retrieved from /opt/airflow/dags/spark_airflow.py
[2024-05-22T15:27:20.943+0000] {logging_mixin.py:151} INFO - [2024-05-22T15:27:20.943+0000] {dag.py:2915} INFO - Sync 1 DAGs
[2024-05-22T15:27:20.960+0000] {logging_mixin.py:151} INFO - [2024-05-22T15:27:20.960+0000] {dag.py:3696} INFO - Setting next_dagrun for spark_airflow to 2024-05-22T01:00:00+00:00, run_after=2024-05-23T01:00:00+00:00
[2024-05-22T15:27:20.979+0000] {processor.py:179} INFO - Processing /opt/airflow/dags/spark_airflow.py took 0.126 seconds
[2024-05-22T15:27:51.304+0000] {processor.py:157} INFO - Started process (PID=1963) to work on /opt/airflow/dags/spark_airflow.py
[2024-05-22T15:27:51.306+0000] {processor.py:829} INFO - Processing file /opt/airflow/dags/spark_airflow.py for tasks to queue
[2024-05-22T15:27:51.310+0000] {logging_mixin.py:151} INFO - [2024-05-22T15:27:51.310+0000] {dagbag.py:539} INFO - Filling up the DagBag from /opt/airflow/dags/spark_airflow.py
[2024-05-22T15:27:51.332+0000] {processor.py:839} INFO - DAG(s) dict_keys(['spark_airflow']) retrieved from /opt/airflow/dags/spark_airflow.py
[2024-05-22T15:27:51.459+0000] {logging_mixin.py:151} INFO - [2024-05-22T15:27:51.458+0000] {dag.py:2915} INFO - Sync 1 DAGs
[2024-05-22T15:27:51.493+0000] {logging_mixin.py:151} INFO - [2024-05-22T15:27:51.493+0000] {dag.py:3696} INFO - Setting next_dagrun for spark_airflow to 2024-05-22T01:00:00+00:00, run_after=2024-05-23T01:00:00+00:00
[2024-05-22T15:27:51.507+0000] {processor.py:179} INFO - Processing /opt/airflow/dags/spark_airflow.py took 0.210 seconds
[2024-05-22T15:28:21.764+0000] {processor.py:157} INFO - Started process (PID=1968) to work on /opt/airflow/dags/spark_airflow.py
[2024-05-22T15:28:21.766+0000] {processor.py:829} INFO - Processing file /opt/airflow/dags/spark_airflow.py for tasks to queue
[2024-05-22T15:28:21.772+0000] {logging_mixin.py:151} INFO - [2024-05-22T15:28:21.771+0000] {dagbag.py:539} INFO - Filling up the DagBag from /opt/airflow/dags/spark_airflow.py
[2024-05-22T15:28:21.796+0000] {processor.py:839} INFO - DAG(s) dict_keys(['spark_airflow']) retrieved from /opt/airflow/dags/spark_airflow.py
[2024-05-22T15:28:21.850+0000] {logging_mixin.py:151} INFO - [2024-05-22T15:28:21.850+0000] {dag.py:2915} INFO - Sync 1 DAGs
[2024-05-22T15:28:21.869+0000] {logging_mixin.py:151} INFO - [2024-05-22T15:28:21.869+0000] {dag.py:3696} INFO - Setting next_dagrun for spark_airflow to 2024-05-22T01:00:00+00:00, run_after=2024-05-23T01:00:00+00:00
[2024-05-22T15:28:21.879+0000] {processor.py:179} INFO - Processing /opt/airflow/dags/spark_airflow.py took 0.123 seconds
[2024-05-22T15:28:52.114+0000] {processor.py:157} INFO - Started process (PID=1973) to work on /opt/airflow/dags/spark_airflow.py
[2024-05-22T15:28:52.115+0000] {processor.py:829} INFO - Processing file /opt/airflow/dags/spark_airflow.py for tasks to queue
[2024-05-22T15:28:52.121+0000] {logging_mixin.py:151} INFO - [2024-05-22T15:28:52.120+0000] {dagbag.py:539} INFO - Filling up the DagBag from /opt/airflow/dags/spark_airflow.py
[2024-05-22T15:28:52.164+0000] {processor.py:839} INFO - DAG(s) dict_keys(['spark_airflow']) retrieved from /opt/airflow/dags/spark_airflow.py
[2024-05-22T15:28:52.198+0000] {logging_mixin.py:151} INFO - [2024-05-22T15:28:52.197+0000] {dag.py:2915} INFO - Sync 1 DAGs
[2024-05-22T15:28:52.214+0000] {logging_mixin.py:151} INFO - [2024-05-22T15:28:52.213+0000] {dag.py:3696} INFO - Setting next_dagrun for spark_airflow to 2024-05-22T01:00:00+00:00, run_after=2024-05-23T01:00:00+00:00
[2024-05-22T15:28:52.241+0000] {processor.py:179} INFO - Processing /opt/airflow/dags/spark_airflow.py took 0.134 seconds
[2024-05-22T15:29:22.447+0000] {processor.py:157} INFO - Started process (PID=1978) to work on /opt/airflow/dags/spark_airflow.py
[2024-05-22T15:29:22.448+0000] {processor.py:829} INFO - Processing file /opt/airflow/dags/spark_airflow.py for tasks to queue
[2024-05-22T15:29:22.453+0000] {logging_mixin.py:151} INFO - [2024-05-22T15:29:22.452+0000] {dagbag.py:539} INFO - Filling up the DagBag from /opt/airflow/dags/spark_airflow.py
[2024-05-22T15:29:22.475+0000] {processor.py:839} INFO - DAG(s) dict_keys(['spark_airflow']) retrieved from /opt/airflow/dags/spark_airflow.py
[2024-05-22T15:29:22.599+0000] {logging_mixin.py:151} INFO - [2024-05-22T15:29:22.598+0000] {dag.py:2915} INFO - Sync 1 DAGs
[2024-05-22T15:29:22.685+0000] {logging_mixin.py:151} INFO - [2024-05-22T15:29:22.684+0000] {dag.py:3696} INFO - Setting next_dagrun for spark_airflow to 2024-05-22T01:00:00+00:00, run_after=2024-05-23T01:00:00+00:00
[2024-05-22T15:29:22.872+0000] {processor.py:179} INFO - Processing /opt/airflow/dags/spark_airflow.py took 0.433 seconds
[2024-05-22T15:29:53.267+0000] {processor.py:157} INFO - Started process (PID=1983) to work on /opt/airflow/dags/spark_airflow.py
[2024-05-22T15:29:53.272+0000] {processor.py:829} INFO - Processing file /opt/airflow/dags/spark_airflow.py for tasks to queue
[2024-05-22T15:29:53.293+0000] {logging_mixin.py:151} INFO - [2024-05-22T15:29:53.289+0000] {dagbag.py:539} INFO - Filling up the DagBag from /opt/airflow/dags/spark_airflow.py
[2024-05-22T15:29:53.390+0000] {processor.py:839} INFO - DAG(s) dict_keys(['spark_airflow']) retrieved from /opt/airflow/dags/spark_airflow.py
[2024-05-22T15:29:53.431+0000] {logging_mixin.py:151} INFO - [2024-05-22T15:29:53.431+0000] {dag.py:2915} INFO - Sync 1 DAGs
[2024-05-22T15:29:53.459+0000] {logging_mixin.py:151} INFO - [2024-05-22T15:29:53.459+0000] {dag.py:3696} INFO - Setting next_dagrun for spark_airflow to 2024-05-22T01:00:00+00:00, run_after=2024-05-23T01:00:00+00:00
[2024-05-22T15:29:53.470+0000] {processor.py:179} INFO - Processing /opt/airflow/dags/spark_airflow.py took 0.260 seconds
[2024-05-22T15:30:23.612+0000] {processor.py:157} INFO - Started process (PID=1988) to work on /opt/airflow/dags/spark_airflow.py
[2024-05-22T15:30:23.616+0000] {processor.py:829} INFO - Processing file /opt/airflow/dags/spark_airflow.py for tasks to queue
[2024-05-22T15:30:23.623+0000] {logging_mixin.py:151} INFO - [2024-05-22T15:30:23.623+0000] {dagbag.py:539} INFO - Filling up the DagBag from /opt/airflow/dags/spark_airflow.py
[2024-05-22T15:30:23.646+0000] {processor.py:839} INFO - DAG(s) dict_keys(['spark_airflow']) retrieved from /opt/airflow/dags/spark_airflow.py
[2024-05-22T15:30:23.699+0000] {logging_mixin.py:151} INFO - [2024-05-22T15:30:23.698+0000] {dag.py:2915} INFO - Sync 1 DAGs
[2024-05-22T15:30:23.716+0000] {logging_mixin.py:151} INFO - [2024-05-22T15:30:23.716+0000] {dag.py:3696} INFO - Setting next_dagrun for spark_airflow to 2024-05-22T01:00:00+00:00, run_after=2024-05-23T01:00:00+00:00
[2024-05-22T15:30:23.727+0000] {processor.py:179} INFO - Processing /opt/airflow/dags/spark_airflow.py took 0.131 seconds
[2024-05-22T15:30:53.957+0000] {processor.py:157} INFO - Started process (PID=1993) to work on /opt/airflow/dags/spark_airflow.py
[2024-05-22T15:30:53.962+0000] {processor.py:829} INFO - Processing file /opt/airflow/dags/spark_airflow.py for tasks to queue
[2024-05-22T15:30:53.968+0000] {logging_mixin.py:151} INFO - [2024-05-22T15:30:53.967+0000] {dagbag.py:539} INFO - Filling up the DagBag from /opt/airflow/dags/spark_airflow.py
[2024-05-22T15:30:53.991+0000] {processor.py:839} INFO - DAG(s) dict_keys(['spark_airflow']) retrieved from /opt/airflow/dags/spark_airflow.py
[2024-05-22T15:30:54.038+0000] {logging_mixin.py:151} INFO - [2024-05-22T15:30:54.037+0000] {dag.py:2915} INFO - Sync 1 DAGs
[2024-05-22T15:30:54.055+0000] {logging_mixin.py:151} INFO - [2024-05-22T15:30:54.054+0000] {dag.py:3696} INFO - Setting next_dagrun for spark_airflow to 2024-05-22T01:00:00+00:00, run_after=2024-05-23T01:00:00+00:00
[2024-05-22T15:30:54.067+0000] {processor.py:179} INFO - Processing /opt/airflow/dags/spark_airflow.py took 0.130 seconds
[2024-05-22T15:31:24.363+0000] {processor.py:157} INFO - Started process (PID=1998) to work on /opt/airflow/dags/spark_airflow.py
[2024-05-22T15:31:24.364+0000] {processor.py:829} INFO - Processing file /opt/airflow/dags/spark_airflow.py for tasks to queue
[2024-05-22T15:31:24.368+0000] {logging_mixin.py:151} INFO - [2024-05-22T15:31:24.367+0000] {dagbag.py:539} INFO - Filling up the DagBag from /opt/airflow/dags/spark_airflow.py
[2024-05-22T15:31:24.388+0000] {processor.py:839} INFO - DAG(s) dict_keys(['spark_airflow']) retrieved from /opt/airflow/dags/spark_airflow.py
[2024-05-22T15:31:24.449+0000] {logging_mixin.py:151} INFO - [2024-05-22T15:31:24.448+0000] {dag.py:2915} INFO - Sync 1 DAGs
[2024-05-22T15:31:24.465+0000] {logging_mixin.py:151} INFO - [2024-05-22T15:31:24.465+0000] {dag.py:3696} INFO - Setting next_dagrun for spark_airflow to 2024-05-22T01:00:00+00:00, run_after=2024-05-23T01:00:00+00:00
[2024-05-22T15:31:24.475+0000] {processor.py:179} INFO - Processing /opt/airflow/dags/spark_airflow.py took 0.118 seconds
[2024-05-22T15:31:54.691+0000] {processor.py:157} INFO - Started process (PID=2003) to work on /opt/airflow/dags/spark_airflow.py
[2024-05-22T15:31:54.694+0000] {processor.py:829} INFO - Processing file /opt/airflow/dags/spark_airflow.py for tasks to queue
[2024-05-22T15:31:54.700+0000] {logging_mixin.py:151} INFO - [2024-05-22T15:31:54.699+0000] {dagbag.py:539} INFO - Filling up the DagBag from /opt/airflow/dags/spark_airflow.py
[2024-05-22T15:31:54.744+0000] {processor.py:839} INFO - DAG(s) dict_keys(['spark_airflow']) retrieved from /opt/airflow/dags/spark_airflow.py
[2024-05-22T15:31:54.781+0000] {logging_mixin.py:151} INFO - [2024-05-22T15:31:54.781+0000] {dag.py:2915} INFO - Sync 1 DAGs
[2024-05-22T15:31:54.798+0000] {logging_mixin.py:151} INFO - [2024-05-22T15:31:54.798+0000] {dag.py:3696} INFO - Setting next_dagrun for spark_airflow to 2024-05-22T01:00:00+00:00, run_after=2024-05-23T01:00:00+00:00
[2024-05-22T15:31:54.821+0000] {processor.py:179} INFO - Processing /opt/airflow/dags/spark_airflow.py took 0.139 seconds
[2024-05-22T15:32:25.061+0000] {processor.py:157} INFO - Started process (PID=2008) to work on /opt/airflow/dags/spark_airflow.py
[2024-05-22T15:32:25.063+0000] {processor.py:829} INFO - Processing file /opt/airflow/dags/spark_airflow.py for tasks to queue
[2024-05-22T15:32:25.081+0000] {logging_mixin.py:151} INFO - [2024-05-22T15:32:25.079+0000] {dagbag.py:539} INFO - Filling up the DagBag from /opt/airflow/dags/spark_airflow.py
[2024-05-22T15:32:25.113+0000] {processor.py:839} INFO - DAG(s) dict_keys(['spark_airflow']) retrieved from /opt/airflow/dags/spark_airflow.py
[2024-05-22T15:32:25.149+0000] {logging_mixin.py:151} INFO - [2024-05-22T15:32:25.148+0000] {dag.py:2915} INFO - Sync 1 DAGs
[2024-05-22T15:32:25.183+0000] {logging_mixin.py:151} INFO - [2024-05-22T15:32:25.183+0000] {dag.py:3696} INFO - Setting next_dagrun for spark_airflow to 2024-05-22T01:00:00+00:00, run_after=2024-05-23T01:00:00+00:00
[2024-05-22T15:32:25.193+0000] {processor.py:179} INFO - Processing /opt/airflow/dags/spark_airflow.py took 0.139 seconds
[2024-05-22T15:32:55.387+0000] {processor.py:157} INFO - Started process (PID=2013) to work on /opt/airflow/dags/spark_airflow.py
[2024-05-22T15:32:55.389+0000] {processor.py:829} INFO - Processing file /opt/airflow/dags/spark_airflow.py for tasks to queue
[2024-05-22T15:32:55.411+0000] {logging_mixin.py:151} INFO - [2024-05-22T15:32:55.408+0000] {dagbag.py:539} INFO - Filling up the DagBag from /opt/airflow/dags/spark_airflow.py
[2024-05-22T15:32:55.441+0000] {processor.py:839} INFO - DAG(s) dict_keys(['spark_airflow']) retrieved from /opt/airflow/dags/spark_airflow.py
[2024-05-22T15:32:55.480+0000] {logging_mixin.py:151} INFO - [2024-05-22T15:32:55.480+0000] {dag.py:2915} INFO - Sync 1 DAGs
[2024-05-22T15:32:55.510+0000] {logging_mixin.py:151} INFO - [2024-05-22T15:32:55.510+0000] {dag.py:3696} INFO - Setting next_dagrun for spark_airflow to 2024-05-22T01:00:00+00:00, run_after=2024-05-23T01:00:00+00:00
[2024-05-22T15:32:55.520+0000] {processor.py:179} INFO - Processing /opt/airflow/dags/spark_airflow.py took 0.140 seconds
[2024-05-22T15:33:25.806+0000] {processor.py:157} INFO - Started process (PID=2018) to work on /opt/airflow/dags/spark_airflow.py
[2024-05-22T15:33:25.808+0000] {processor.py:829} INFO - Processing file /opt/airflow/dags/spark_airflow.py for tasks to queue
[2024-05-22T15:33:25.813+0000] {logging_mixin.py:151} INFO - [2024-05-22T15:33:25.813+0000] {dagbag.py:539} INFO - Filling up the DagBag from /opt/airflow/dags/spark_airflow.py
[2024-05-22T15:33:25.851+0000] {processor.py:839} INFO - DAG(s) dict_keys(['spark_airflow']) retrieved from /opt/airflow/dags/spark_airflow.py
[2024-05-22T15:33:25.886+0000] {logging_mixin.py:151} INFO - [2024-05-22T15:33:25.886+0000] {dag.py:2915} INFO - Sync 1 DAGs
[2024-05-22T15:33:25.915+0000] {logging_mixin.py:151} INFO - [2024-05-22T15:33:25.915+0000] {dag.py:3696} INFO - Setting next_dagrun for spark_airflow to 2024-05-22T01:00:00+00:00, run_after=2024-05-23T01:00:00+00:00
[2024-05-22T15:33:25.926+0000] {processor.py:179} INFO - Processing /opt/airflow/dags/spark_airflow.py took 0.128 seconds
[2024-05-22T15:33:56.180+0000] {processor.py:157} INFO - Started process (PID=2023) to work on /opt/airflow/dags/spark_airflow.py
[2024-05-22T15:33:56.181+0000] {processor.py:829} INFO - Processing file /opt/airflow/dags/spark_airflow.py for tasks to queue
[2024-05-22T15:33:56.186+0000] {logging_mixin.py:151} INFO - [2024-05-22T15:33:56.185+0000] {dagbag.py:539} INFO - Filling up the DagBag from /opt/airflow/dags/spark_airflow.py
[2024-05-22T15:33:56.211+0000] {processor.py:839} INFO - DAG(s) dict_keys(['spark_airflow']) retrieved from /opt/airflow/dags/spark_airflow.py
[2024-05-22T15:33:56.249+0000] {logging_mixin.py:151} INFO - [2024-05-22T15:33:56.249+0000] {dag.py:2915} INFO - Sync 1 DAGs
[2024-05-22T15:33:56.266+0000] {logging_mixin.py:151} INFO - [2024-05-22T15:33:56.266+0000] {dag.py:3696} INFO - Setting next_dagrun for spark_airflow to 2024-05-22T01:00:00+00:00, run_after=2024-05-23T01:00:00+00:00
[2024-05-22T15:33:56.275+0000] {processor.py:179} INFO - Processing /opt/airflow/dags/spark_airflow.py took 0.102 seconds
[2024-05-22T15:34:26.506+0000] {processor.py:157} INFO - Started process (PID=2028) to work on /opt/airflow/dags/spark_airflow.py
[2024-05-22T15:34:26.508+0000] {processor.py:829} INFO - Processing file /opt/airflow/dags/spark_airflow.py for tasks to queue
[2024-05-22T15:34:26.515+0000] {logging_mixin.py:151} INFO - [2024-05-22T15:34:26.514+0000] {dagbag.py:539} INFO - Filling up the DagBag from /opt/airflow/dags/spark_airflow.py
[2024-05-22T15:34:26.538+0000] {processor.py:839} INFO - DAG(s) dict_keys(['spark_airflow']) retrieved from /opt/airflow/dags/spark_airflow.py
[2024-05-22T15:34:26.577+0000] {logging_mixin.py:151} INFO - [2024-05-22T15:34:26.577+0000] {dag.py:2915} INFO - Sync 1 DAGs
[2024-05-22T15:34:26.658+0000] {logging_mixin.py:151} INFO - [2024-05-22T15:34:26.658+0000] {dag.py:3696} INFO - Setting next_dagrun for spark_airflow to 2024-05-22T01:00:00+00:00, run_after=2024-05-23T01:00:00+00:00
[2024-05-22T15:34:26.707+0000] {processor.py:179} INFO - Processing /opt/airflow/dags/spark_airflow.py took 0.207 seconds
[2024-05-22T15:34:56.871+0000] {processor.py:157} INFO - Started process (PID=2033) to work on /opt/airflow/dags/spark_airflow.py
[2024-05-22T15:34:56.896+0000] {processor.py:829} INFO - Processing file /opt/airflow/dags/spark_airflow.py for tasks to queue
[2024-05-22T15:34:56.905+0000] {logging_mixin.py:151} INFO - [2024-05-22T15:34:56.904+0000] {dagbag.py:539} INFO - Filling up the DagBag from /opt/airflow/dags/spark_airflow.py
[2024-05-22T15:34:57.227+0000] {processor.py:839} INFO - DAG(s) dict_keys(['spark_airflow']) retrieved from /opt/airflow/dags/spark_airflow.py
[2024-05-22T15:34:57.427+0000] {logging_mixin.py:151} INFO - [2024-05-22T15:34:57.426+0000] {dag.py:2915} INFO - Sync 1 DAGs
[2024-05-22T15:34:57.470+0000] {logging_mixin.py:151} INFO - [2024-05-22T15:34:57.470+0000] {dag.py:3696} INFO - Setting next_dagrun for spark_airflow to 2024-05-22T01:00:00+00:00, run_after=2024-05-23T01:00:00+00:00
[2024-05-22T15:34:57.509+0000] {processor.py:179} INFO - Processing /opt/airflow/dags/spark_airflow.py took 0.674 seconds
[2024-05-22T15:35:27.905+0000] {processor.py:157} INFO - Started process (PID=2038) to work on /opt/airflow/dags/spark_airflow.py
[2024-05-22T15:35:27.907+0000] {processor.py:829} INFO - Processing file /opt/airflow/dags/spark_airflow.py for tasks to queue
[2024-05-22T15:35:27.912+0000] {logging_mixin.py:151} INFO - [2024-05-22T15:35:27.911+0000] {dagbag.py:539} INFO - Filling up the DagBag from /opt/airflow/dags/spark_airflow.py
[2024-05-22T15:35:27.936+0000] {processor.py:839} INFO - DAG(s) dict_keys(['spark_airflow']) retrieved from /opt/airflow/dags/spark_airflow.py
[2024-05-22T15:35:27.989+0000] {logging_mixin.py:151} INFO - [2024-05-22T15:35:27.988+0000] {dag.py:2915} INFO - Sync 1 DAGs
[2024-05-22T15:35:28.015+0000] {logging_mixin.py:151} INFO - [2024-05-22T15:35:28.015+0000] {dag.py:3696} INFO - Setting next_dagrun for spark_airflow to 2024-05-22T01:00:00+00:00, run_after=2024-05-23T01:00:00+00:00
[2024-05-22T15:35:28.026+0000] {processor.py:179} INFO - Processing /opt/airflow/dags/spark_airflow.py took 0.136 seconds
[2024-05-22T15:35:58.177+0000] {processor.py:157} INFO - Started process (PID=2043) to work on /opt/airflow/dags/spark_airflow.py
[2024-05-22T15:35:58.179+0000] {processor.py:829} INFO - Processing file /opt/airflow/dags/spark_airflow.py for tasks to queue
[2024-05-22T15:35:58.182+0000] {logging_mixin.py:151} INFO - [2024-05-22T15:35:58.182+0000] {dagbag.py:539} INFO - Filling up the DagBag from /opt/airflow/dags/spark_airflow.py
[2024-05-22T15:35:58.202+0000] {processor.py:839} INFO - DAG(s) dict_keys(['spark_airflow']) retrieved from /opt/airflow/dags/spark_airflow.py
[2024-05-22T15:35:58.236+0000] {logging_mixin.py:151} INFO - [2024-05-22T15:35:58.236+0000] {dag.py:2915} INFO - Sync 1 DAGs
[2024-05-22T15:35:58.250+0000] {logging_mixin.py:151} INFO - [2024-05-22T15:35:58.250+0000] {dag.py:3696} INFO - Setting next_dagrun for spark_airflow to 2024-05-22T01:00:00+00:00, run_after=2024-05-23T01:00:00+00:00
[2024-05-22T15:35:58.259+0000] {processor.py:179} INFO - Processing /opt/airflow/dags/spark_airflow.py took 0.089 seconds
[2024-05-22T15:36:28.760+0000] {processor.py:157} INFO - Started process (PID=2048) to work on /opt/airflow/dags/spark_airflow.py
[2024-05-22T15:36:28.762+0000] {processor.py:829} INFO - Processing file /opt/airflow/dags/spark_airflow.py for tasks to queue
[2024-05-22T15:36:28.767+0000] {logging_mixin.py:151} INFO - [2024-05-22T15:36:28.767+0000] {dagbag.py:539} INFO - Filling up the DagBag from /opt/airflow/dags/spark_airflow.py
[2024-05-22T15:36:28.791+0000] {processor.py:839} INFO - DAG(s) dict_keys(['spark_airflow']) retrieved from /opt/airflow/dags/spark_airflow.py
[2024-05-22T15:36:28.840+0000] {logging_mixin.py:151} INFO - [2024-05-22T15:36:28.840+0000] {dag.py:2915} INFO - Sync 1 DAGs
[2024-05-22T15:36:28.857+0000] {logging_mixin.py:151} INFO - [2024-05-22T15:36:28.857+0000] {dag.py:3696} INFO - Setting next_dagrun for spark_airflow to 2024-05-22T01:00:00+00:00, run_after=2024-05-23T01:00:00+00:00
[2024-05-22T15:36:28.866+0000] {processor.py:179} INFO - Processing /opt/airflow/dags/spark_airflow.py took 0.113 seconds
[2024-05-22T15:36:59.186+0000] {processor.py:157} INFO - Started process (PID=2053) to work on /opt/airflow/dags/spark_airflow.py
[2024-05-22T15:36:59.189+0000] {processor.py:829} INFO - Processing file /opt/airflow/dags/spark_airflow.py for tasks to queue
[2024-05-22T15:36:59.197+0000] {logging_mixin.py:151} INFO - [2024-05-22T15:36:59.195+0000] {dagbag.py:539} INFO - Filling up the DagBag from /opt/airflow/dags/spark_airflow.py
[2024-05-22T15:36:59.223+0000] {processor.py:839} INFO - DAG(s) dict_keys(['spark_airflow']) retrieved from /opt/airflow/dags/spark_airflow.py
[2024-05-22T15:36:59.306+0000] {logging_mixin.py:151} INFO - [2024-05-22T15:36:59.305+0000] {dag.py:2915} INFO - Sync 1 DAGs
[2024-05-22T15:36:59.334+0000] {logging_mixin.py:151} INFO - [2024-05-22T15:36:59.334+0000] {dag.py:3696} INFO - Setting next_dagrun for spark_airflow to 2024-05-22T01:00:00+00:00, run_after=2024-05-23T01:00:00+00:00
[2024-05-22T15:36:59.351+0000] {processor.py:179} INFO - Processing /opt/airflow/dags/spark_airflow.py took 0.186 seconds
[2024-05-22T15:37:29.636+0000] {processor.py:157} INFO - Started process (PID=2058) to work on /opt/airflow/dags/spark_airflow.py
[2024-05-22T15:37:29.638+0000] {processor.py:829} INFO - Processing file /opt/airflow/dags/spark_airflow.py for tasks to queue
[2024-05-22T15:37:29.643+0000] {logging_mixin.py:151} INFO - [2024-05-22T15:37:29.642+0000] {dagbag.py:539} INFO - Filling up the DagBag from /opt/airflow/dags/spark_airflow.py
[2024-05-22T15:37:29.681+0000] {processor.py:839} INFO - DAG(s) dict_keys(['spark_airflow']) retrieved from /opt/airflow/dags/spark_airflow.py
[2024-05-22T15:37:29.735+0000] {logging_mixin.py:151} INFO - [2024-05-22T15:37:29.734+0000] {dag.py:2915} INFO - Sync 1 DAGs
[2024-05-22T15:37:29.761+0000] {logging_mixin.py:151} INFO - [2024-05-22T15:37:29.761+0000] {dag.py:3696} INFO - Setting next_dagrun for spark_airflow to 2024-05-22T01:00:00+00:00, run_after=2024-05-23T01:00:00+00:00
[2024-05-22T15:37:29.775+0000] {processor.py:179} INFO - Processing /opt/airflow/dags/spark_airflow.py took 0.152 seconds
[2024-05-22T15:37:59.969+0000] {processor.py:157} INFO - Started process (PID=2063) to work on /opt/airflow/dags/spark_airflow.py
[2024-05-22T15:37:59.971+0000] {processor.py:829} INFO - Processing file /opt/airflow/dags/spark_airflow.py for tasks to queue
[2024-05-22T15:37:59.986+0000] {logging_mixin.py:151} INFO - [2024-05-22T15:37:59.984+0000] {dagbag.py:539} INFO - Filling up the DagBag from /opt/airflow/dags/spark_airflow.py
[2024-05-22T15:38:00.014+0000] {processor.py:839} INFO - DAG(s) dict_keys(['spark_airflow']) retrieved from /opt/airflow/dags/spark_airflow.py
[2024-05-22T15:38:00.083+0000] {logging_mixin.py:151} INFO - [2024-05-22T15:38:00.082+0000] {dag.py:2915} INFO - Sync 1 DAGs
[2024-05-22T15:38:00.152+0000] {logging_mixin.py:151} INFO - [2024-05-22T15:38:00.152+0000] {dag.py:3696} INFO - Setting next_dagrun for spark_airflow to 2024-05-22T01:00:00+00:00, run_after=2024-05-23T01:00:00+00:00
[2024-05-22T15:38:00.209+0000] {processor.py:179} INFO - Processing /opt/airflow/dags/spark_airflow.py took 0.247 seconds
[2024-05-22T15:38:30.433+0000] {processor.py:157} INFO - Started process (PID=2068) to work on /opt/airflow/dags/spark_airflow.py
[2024-05-22T15:38:30.435+0000] {processor.py:829} INFO - Processing file /opt/airflow/dags/spark_airflow.py for tasks to queue
[2024-05-22T15:38:30.440+0000] {logging_mixin.py:151} INFO - [2024-05-22T15:38:30.439+0000] {dagbag.py:539} INFO - Filling up the DagBag from /opt/airflow/dags/spark_airflow.py
[2024-05-22T15:38:30.477+0000] {processor.py:839} INFO - DAG(s) dict_keys(['spark_airflow']) retrieved from /opt/airflow/dags/spark_airflow.py
[2024-05-22T15:38:30.519+0000] {logging_mixin.py:151} INFO - [2024-05-22T15:38:30.519+0000] {dag.py:2915} INFO - Sync 1 DAGs
[2024-05-22T15:38:30.541+0000] {logging_mixin.py:151} INFO - [2024-05-22T15:38:30.541+0000] {dag.py:3696} INFO - Setting next_dagrun for spark_airflow to 2024-05-22T01:00:00+00:00, run_after=2024-05-23T01:00:00+00:00
[2024-05-22T15:38:30.566+0000] {processor.py:179} INFO - Processing /opt/airflow/dags/spark_airflow.py took 0.140 seconds
[2024-05-22T15:39:00.987+0000] {processor.py:157} INFO - Started process (PID=2073) to work on /opt/airflow/dags/spark_airflow.py
[2024-05-22T15:39:00.989+0000] {processor.py:829} INFO - Processing file /opt/airflow/dags/spark_airflow.py for tasks to queue
[2024-05-22T15:39:00.995+0000] {logging_mixin.py:151} INFO - [2024-05-22T15:39:00.994+0000] {dagbag.py:539} INFO - Filling up the DagBag from /opt/airflow/dags/spark_airflow.py
[2024-05-22T15:39:01.029+0000] {processor.py:839} INFO - DAG(s) dict_keys(['spark_airflow']) retrieved from /opt/airflow/dags/spark_airflow.py
[2024-05-22T15:39:01.069+0000] {logging_mixin.py:151} INFO - [2024-05-22T15:39:01.069+0000] {dag.py:2915} INFO - Sync 1 DAGs
[2024-05-22T15:39:01.095+0000] {logging_mixin.py:151} INFO - [2024-05-22T15:39:01.095+0000] {dag.py:3696} INFO - Setting next_dagrun for spark_airflow to 2024-05-22T01:00:00+00:00, run_after=2024-05-23T01:00:00+00:00
[2024-05-22T15:39:01.110+0000] {processor.py:179} INFO - Processing /opt/airflow/dags/spark_airflow.py took 0.130 seconds
[2024-05-22T15:39:31.370+0000] {processor.py:157} INFO - Started process (PID=2078) to work on /opt/airflow/dags/spark_airflow.py
[2024-05-22T15:39:31.372+0000] {processor.py:829} INFO - Processing file /opt/airflow/dags/spark_airflow.py for tasks to queue
[2024-05-22T15:39:31.377+0000] {logging_mixin.py:151} INFO - [2024-05-22T15:39:31.377+0000] {dagbag.py:539} INFO - Filling up the DagBag from /opt/airflow/dags/spark_airflow.py
[2024-05-22T15:39:31.399+0000] {processor.py:839} INFO - DAG(s) dict_keys(['spark_airflow']) retrieved from /opt/airflow/dags/spark_airflow.py
[2024-05-22T15:39:31.457+0000] {logging_mixin.py:151} INFO - [2024-05-22T15:39:31.457+0000] {dag.py:2915} INFO - Sync 1 DAGs
[2024-05-22T15:39:31.486+0000] {logging_mixin.py:151} INFO - [2024-05-22T15:39:31.486+0000] {dag.py:3696} INFO - Setting next_dagrun for spark_airflow to 2024-05-22T01:00:00+00:00, run_after=2024-05-23T01:00:00+00:00
[2024-05-22T15:39:31.499+0000] {processor.py:179} INFO - Processing /opt/airflow/dags/spark_airflow.py took 0.139 seconds
[2024-05-22T15:40:01.757+0000] {processor.py:157} INFO - Started process (PID=2083) to work on /opt/airflow/dags/spark_airflow.py
[2024-05-22T15:40:01.760+0000] {processor.py:829} INFO - Processing file /opt/airflow/dags/spark_airflow.py for tasks to queue
[2024-05-22T15:40:01.771+0000] {logging_mixin.py:151} INFO - [2024-05-22T15:40:01.769+0000] {dagbag.py:539} INFO - Filling up the DagBag from /opt/airflow/dags/spark_airflow.py
[2024-05-22T15:40:01.808+0000] {processor.py:839} INFO - DAG(s) dict_keys(['spark_airflow']) retrieved from /opt/airflow/dags/spark_airflow.py
[2024-05-22T15:40:01.881+0000] {logging_mixin.py:151} INFO - [2024-05-22T15:40:01.881+0000] {dag.py:2915} INFO - Sync 1 DAGs
[2024-05-22T15:40:01.906+0000] {logging_mixin.py:151} INFO - [2024-05-22T15:40:01.906+0000] {dag.py:3696} INFO - Setting next_dagrun for spark_airflow to 2024-05-22T01:00:00+00:00, run_after=2024-05-23T01:00:00+00:00
[2024-05-22T15:40:01.925+0000] {processor.py:179} INFO - Processing /opt/airflow/dags/spark_airflow.py took 0.180 seconds
[2024-05-22T15:40:32.572+0000] {processor.py:157} INFO - Started process (PID=2088) to work on /opt/airflow/dags/spark_airflow.py
[2024-05-22T15:40:32.573+0000] {processor.py:829} INFO - Processing file /opt/airflow/dags/spark_airflow.py for tasks to queue
[2024-05-22T15:40:32.584+0000] {logging_mixin.py:151} INFO - [2024-05-22T15:40:32.583+0000] {dagbag.py:539} INFO - Filling up the DagBag from /opt/airflow/dags/spark_airflow.py
[2024-05-22T15:40:32.631+0000] {processor.py:839} INFO - DAG(s) dict_keys(['spark_airflow']) retrieved from /opt/airflow/dags/spark_airflow.py
[2024-05-22T15:40:32.686+0000] {logging_mixin.py:151} INFO - [2024-05-22T15:40:32.686+0000] {dag.py:2915} INFO - Sync 1 DAGs
[2024-05-22T15:40:32.707+0000] {logging_mixin.py:151} INFO - [2024-05-22T15:40:32.706+0000] {dag.py:3696} INFO - Setting next_dagrun for spark_airflow to 2024-05-22T01:00:00+00:00, run_after=2024-05-23T01:00:00+00:00
[2024-05-22T15:40:32.719+0000] {processor.py:179} INFO - Processing /opt/airflow/dags/spark_airflow.py took 0.156 seconds
[2024-05-22T15:41:03.231+0000] {processor.py:157} INFO - Started process (PID=2093) to work on /opt/airflow/dags/spark_airflow.py
[2024-05-22T15:41:03.239+0000] {processor.py:829} INFO - Processing file /opt/airflow/dags/spark_airflow.py for tasks to queue
[2024-05-22T15:41:03.252+0000] {logging_mixin.py:151} INFO - [2024-05-22T15:41:03.251+0000] {dagbag.py:539} INFO - Filling up the DagBag from /opt/airflow/dags/spark_airflow.py
[2024-05-22T15:41:03.273+0000] {processor.py:839} INFO - DAG(s) dict_keys(['spark_airflow']) retrieved from /opt/airflow/dags/spark_airflow.py
[2024-05-22T15:41:03.336+0000] {logging_mixin.py:151} INFO - [2024-05-22T15:41:03.335+0000] {dag.py:2915} INFO - Sync 1 DAGs
[2024-05-22T15:41:03.356+0000] {logging_mixin.py:151} INFO - [2024-05-22T15:41:03.356+0000] {dag.py:3696} INFO - Setting next_dagrun for spark_airflow to 2024-05-22T01:00:00+00:00, run_after=2024-05-23T01:00:00+00:00
[2024-05-22T15:41:03.367+0000] {processor.py:179} INFO - Processing /opt/airflow/dags/spark_airflow.py took 0.150 seconds
[2024-05-22T15:41:33.798+0000] {processor.py:157} INFO - Started process (PID=2098) to work on /opt/airflow/dags/spark_airflow.py
[2024-05-22T15:41:33.799+0000] {processor.py:829} INFO - Processing file /opt/airflow/dags/spark_airflow.py for tasks to queue
[2024-05-22T15:41:33.805+0000] {logging_mixin.py:151} INFO - [2024-05-22T15:41:33.804+0000] {dagbag.py:539} INFO - Filling up the DagBag from /opt/airflow/dags/spark_airflow.py
[2024-05-22T15:41:33.844+0000] {processor.py:839} INFO - DAG(s) dict_keys(['spark_airflow']) retrieved from /opt/airflow/dags/spark_airflow.py
[2024-05-22T15:41:33.913+0000] {logging_mixin.py:151} INFO - [2024-05-22T15:41:33.913+0000] {dag.py:2915} INFO - Sync 1 DAGs
[2024-05-22T15:41:33.935+0000] {logging_mixin.py:151} INFO - [2024-05-22T15:41:33.935+0000] {dag.py:3696} INFO - Setting next_dagrun for spark_airflow to 2024-05-22T01:00:00+00:00, run_after=2024-05-23T01:00:00+00:00
[2024-05-22T15:41:33.948+0000] {processor.py:179} INFO - Processing /opt/airflow/dags/spark_airflow.py took 0.156 seconds
[2024-05-22T15:42:04.192+0000] {processor.py:157} INFO - Started process (PID=2103) to work on /opt/airflow/dags/spark_airflow.py
[2024-05-22T15:42:04.193+0000] {processor.py:829} INFO - Processing file /opt/airflow/dags/spark_airflow.py for tasks to queue
[2024-05-22T15:42:04.204+0000] {logging_mixin.py:151} INFO - [2024-05-22T15:42:04.202+0000] {dagbag.py:539} INFO - Filling up the DagBag from /opt/airflow/dags/spark_airflow.py
[2024-05-22T15:42:04.249+0000] {processor.py:839} INFO - DAG(s) dict_keys(['spark_airflow']) retrieved from /opt/airflow/dags/spark_airflow.py
[2024-05-22T15:42:04.289+0000] {logging_mixin.py:151} INFO - [2024-05-22T15:42:04.289+0000] {dag.py:2915} INFO - Sync 1 DAGs
[2024-05-22T15:42:04.315+0000] {logging_mixin.py:151} INFO - [2024-05-22T15:42:04.315+0000] {dag.py:3696} INFO - Setting next_dagrun for spark_airflow to 2024-05-22T01:00:00+00:00, run_after=2024-05-23T01:00:00+00:00
[2024-05-22T15:42:04.325+0000] {processor.py:179} INFO - Processing /opt/airflow/dags/spark_airflow.py took 0.140 seconds
[2024-05-22T15:42:34.560+0000] {processor.py:157} INFO - Started process (PID=2108) to work on /opt/airflow/dags/spark_airflow.py
[2024-05-22T15:42:34.562+0000] {processor.py:829} INFO - Processing file /opt/airflow/dags/spark_airflow.py for tasks to queue
[2024-05-22T15:42:34.569+0000] {logging_mixin.py:151} INFO - [2024-05-22T15:42:34.568+0000] {dagbag.py:539} INFO - Filling up the DagBag from /opt/airflow/dags/spark_airflow.py
[2024-05-22T15:42:34.616+0000] {processor.py:839} INFO - DAG(s) dict_keys(['spark_airflow']) retrieved from /opt/airflow/dags/spark_airflow.py
[2024-05-22T15:42:34.657+0000] {logging_mixin.py:151} INFO - [2024-05-22T15:42:34.657+0000] {dag.py:2915} INFO - Sync 1 DAGs
[2024-05-22T15:42:34.675+0000] {logging_mixin.py:151} INFO - [2024-05-22T15:42:34.675+0000] {dag.py:3696} INFO - Setting next_dagrun for spark_airflow to 2024-05-22T01:00:00+00:00, run_after=2024-05-23T01:00:00+00:00
[2024-05-22T15:42:34.686+0000] {processor.py:179} INFO - Processing /opt/airflow/dags/spark_airflow.py took 0.135 seconds
