[2024-05-22T13:40:27.200+0000] {taskinstance.py:1157} INFO - Dependencies all met for dep_context=non-requeueable deps ti=<TaskInstance: spark_airflow.wordcount scheduled__2024-05-21T01:00:00+00:00 [queued]>
[2024-05-22T13:40:27.205+0000] {taskinstance.py:1157} INFO - Dependencies all met for dep_context=requeueable deps ti=<TaskInstance: spark_airflow.wordcount scheduled__2024-05-21T01:00:00+00:00 [queued]>
[2024-05-22T13:40:27.205+0000] {taskinstance.py:1359} INFO - Starting attempt 3 of 3
[2024-05-22T13:40:27.213+0000] {taskinstance.py:1380} INFO - Executing <Task(SparkSubmitOperator): wordcount> on 2024-05-21 01:00:00+00:00
[2024-05-22T13:40:27.231+0000] {standard_task_runner.py:57} INFO - Started process 921 to run task
[2024-05-22T13:40:27.243+0000] {standard_task_runner.py:84} INFO - Running: ['***', 'tasks', 'run', 'spark_***', 'wordcount', 'scheduled__2024-05-21T01:00:00+00:00', '--job-id', '10', '--raw', '--subdir', 'DAGS_FOLDER/spark_***.py', '--cfg-path', '/tmp/tmptx0y90z9']
[2024-05-22T13:40:27.254+0000] {standard_task_runner.py:85} INFO - Job 10: Subtask wordcount
[2024-05-22T13:40:27.394+0000] {task_command.py:415} INFO - Running <TaskInstance: spark_airflow.wordcount scheduled__2024-05-21T01:00:00+00:00 [running]> on host 555515bb1aeb
[2024-05-22T13:40:27.511+0000] {taskinstance.py:1660} INFO - Exporting env vars: AIRFLOW_CTX_DAG_OWNER='Bagas Prakasa' AIRFLOW_CTX_DAG_ID='spark_***' AIRFLOW_CTX_TASK_ID='wordcount' AIRFLOW_CTX_EXECUTION_DATE='2024-05-21T01:00:00+00:00' AIRFLOW_CTX_TRY_NUMBER='3' AIRFLOW_CTX_DAG_RUN_ID='scheduled__2024-05-21T01:00:00+00:00'
[2024-05-22T13:40:27.528+0000] {base.py:73} INFO - Using connection ID 'spark-conn' for task execution.
[2024-05-22T13:40:27.529+0000] {spark_submit.py:401} INFO - Spark-Submit cmd: spark-submit --master spark://spark-master:7077 --name arrow-spark --deploy-mode client jobs/python/wordcount.py
[2024-05-22T13:40:27.688+0000] {spark_submit.py:571} INFO - /home/***/.local/lib/python3.11/site-packages/pyspark/bin/load-spark-env.sh: line 68: ps: command not found
[2024-05-22T13:40:31.347+0000] {spark_submit.py:571} INFO - 24/05/22 13:40:31 INFO SparkContext: Running Spark version 3.5.1
[2024-05-22T13:40:31.355+0000] {spark_submit.py:571} INFO - 24/05/22 13:40:31 INFO SparkContext: OS info Linux, 6.7.11-orbstack-00143-ge6b82e26cd22, aarch64
[2024-05-22T13:40:31.356+0000] {spark_submit.py:571} INFO - 24/05/22 13:40:31 INFO SparkContext: Java version 11.0.23
[2024-05-22T13:40:31.423+0000] {spark_submit.py:571} INFO - 24/05/22 13:40:31 WARN NativeCodeLoader: Unable to load native-hadoop library for your platform... using builtin-java classes where applicable
[2024-05-22T13:40:31.565+0000] {spark_submit.py:571} INFO - 24/05/22 13:40:31 INFO ResourceUtils: ==============================================================
[2024-05-22T13:40:31.570+0000] {spark_submit.py:571} INFO - 24/05/22 13:40:31 INFO ResourceUtils: No custom resources configured for spark.driver.
[2024-05-22T13:40:31.579+0000] {spark_submit.py:571} INFO - 24/05/22 13:40:31 INFO ResourceUtils: ==============================================================
[2024-05-22T13:40:31.584+0000] {spark_submit.py:571} INFO - 24/05/22 13:40:31 INFO SparkContext: Submitted application: PythonWordCount
[2024-05-22T13:40:31.625+0000] {spark_submit.py:571} INFO - 24/05/22 13:40:31 INFO ResourceProfile: Default ResourceProfile created, executor resources: Map(memory -> name: memory, amount: 1024, script: , vendor: , offHeap -> name: offHeap, amount: 0, script: , vendor: ), task resources: Map(cpus -> name: cpus, amount: 1.0)
[2024-05-22T13:40:31.641+0000] {spark_submit.py:571} INFO - 24/05/22 13:40:31 INFO ResourceProfile: Limiting resource is cpu
[2024-05-22T13:40:31.641+0000] {spark_submit.py:571} INFO - 24/05/22 13:40:31 INFO ResourceProfileManager: Added ResourceProfile id: 0
[2024-05-22T13:40:31.753+0000] {spark_submit.py:571} INFO - 24/05/22 13:40:31 INFO SecurityManager: Changing view acls to: ***
[2024-05-22T13:40:31.754+0000] {spark_submit.py:571} INFO - 24/05/22 13:40:31 INFO SecurityManager: Changing modify acls to: ***
[2024-05-22T13:40:31.755+0000] {spark_submit.py:571} INFO - 24/05/22 13:40:31 INFO SecurityManager: Changing view acls groups to:
[2024-05-22T13:40:31.756+0000] {spark_submit.py:571} INFO - 24/05/22 13:40:31 INFO SecurityManager: Changing modify acls groups to:
[2024-05-22T13:40:31.756+0000] {spark_submit.py:571} INFO - 24/05/22 13:40:31 INFO SecurityManager: SecurityManager: authentication disabled; ui acls disabled; users with view permissions: ***; groups with view permissions: EMPTY; users with modify permissions: ***; groups with modify permissions: EMPTY
[2024-05-22T13:40:32.417+0000] {spark_submit.py:571} INFO - 24/05/22 13:40:32 INFO Utils: Successfully started service 'sparkDriver' on port 34913.
[2024-05-22T13:40:32.509+0000] {spark_submit.py:571} INFO - 24/05/22 13:40:32 INFO SparkEnv: Registering MapOutputTracker
[2024-05-22T13:40:32.612+0000] {spark_submit.py:571} INFO - 24/05/22 13:40:32 INFO SparkEnv: Registering BlockManagerMaster
[2024-05-22T13:40:32.640+0000] {spark_submit.py:571} INFO - 24/05/22 13:40:32 INFO BlockManagerMasterEndpoint: Using org.apache.spark.storage.DefaultTopologyMapper for getting topology information
[2024-05-22T13:40:32.643+0000] {spark_submit.py:571} INFO - 24/05/22 13:40:32 INFO BlockManagerMasterEndpoint: BlockManagerMasterEndpoint up
[2024-05-22T13:40:32.650+0000] {spark_submit.py:571} INFO - 24/05/22 13:40:32 INFO SparkEnv: Registering BlockManagerMasterHeartbeat
[2024-05-22T13:40:32.693+0000] {spark_submit.py:571} INFO - 24/05/22 13:40:32 INFO DiskBlockManager: Created local directory at /tmp/blockmgr-8a0e3e6c-9de5-438e-a765-5d982ccb99c4
[2024-05-22T13:40:32.716+0000] {spark_submit.py:571} INFO - 24/05/22 13:40:32 INFO MemoryStore: MemoryStore started with capacity 434.4 MiB
[2024-05-22T13:40:32.739+0000] {spark_submit.py:571} INFO - 24/05/22 13:40:32 INFO SparkEnv: Registering OutputCommitCoordinator
[2024-05-22T13:40:32.986+0000] {spark_submit.py:571} INFO - 24/05/22 13:40:32 INFO JettyUtils: Start Jetty 0.0.0.0:4040 for SparkUI
[2024-05-22T13:40:33.056+0000] {spark_submit.py:571} INFO - 24/05/22 13:40:33 INFO Utils: Successfully started service 'SparkUI' on port 4040.
[2024-05-22T13:40:33.218+0000] {spark_submit.py:571} INFO - 24/05/22 13:40:33 INFO StandaloneAppClient$ClientEndpoint: Connecting to master spark://spark-master:7077...
[2024-05-22T13:40:33.288+0000] {spark_submit.py:571} INFO - 24/05/22 13:40:33 INFO TransportClientFactory: Successfully created connection to spark-master/192.168.165.3:7077 after 33 ms (0 ms spent in bootstraps)
[2024-05-22T13:40:33.656+0000] {spark_submit.py:571} INFO - 24/05/22 13:40:33 INFO StandaloneSchedulerBackend: Connected to Spark cluster with app ID app-20240522134033-0003
[2024-05-22T13:40:33.682+0000] {spark_submit.py:571} INFO - 24/05/22 13:40:33 INFO Utils: Successfully started service 'org.apache.spark.network.netty.NettyBlockTransferService' on port 35049.
[2024-05-22T13:40:33.687+0000] {spark_submit.py:571} INFO - 24/05/22 13:40:33 INFO NettyBlockTransferService: Server created on 555515bb1aeb:35049
[2024-05-22T13:40:33.688+0000] {spark_submit.py:571} INFO - 24/05/22 13:40:33 INFO BlockManager: Using org.apache.spark.storage.RandomBlockReplicationPolicy for block replication policy
[2024-05-22T13:40:33.709+0000] {spark_submit.py:571} INFO - 24/05/22 13:40:33 INFO BlockManagerMaster: Registering BlockManager BlockManagerId(driver, 555515bb1aeb, 35049, None)
[2024-05-22T13:40:33.728+0000] {spark_submit.py:571} INFO - 24/05/22 13:40:33 INFO BlockManagerMasterEndpoint: Registering block manager 555515bb1aeb:35049 with 434.4 MiB RAM, BlockManagerId(driver, 555515bb1aeb, 35049, None)
[2024-05-22T13:40:33.736+0000] {spark_submit.py:571} INFO - 24/05/22 13:40:33 INFO BlockManagerMaster: Registered BlockManager BlockManagerId(driver, 555515bb1aeb, 35049, None)
[2024-05-22T13:40:33.739+0000] {spark_submit.py:571} INFO - 24/05/22 13:40:33 INFO BlockManager: Initialized BlockManager: BlockManagerId(driver, 555515bb1aeb, 35049, None)
[2024-05-22T13:40:34.656+0000] {spark_submit.py:571} INFO - 24/05/22 13:40:34 INFO StandaloneSchedulerBackend: SchedulerBackend is ready for scheduling beginning after reached minRegisteredResourcesRatio: 0.0
[2024-05-22T13:40:36.219+0000] {spark_submit.py:571} INFO - 24/05/22 13:40:36 INFO StandaloneAppClient$ClientEndpoint: Executor added: app-20240522134033-0003/0 on worker-20240522131124-192.168.165.5-44627 (192.168.165.5:44627) with 2 core(s)
[2024-05-22T13:40:36.297+0000] {spark_submit.py:571} INFO - 24/05/22 13:40:36 INFO StandaloneSchedulerBackend: Granted executor ID app-20240522134033-0003/0 on hostPort 192.168.165.5:44627 with 2 core(s), 1024.0 MiB RAM
[2024-05-22T13:40:36.305+0000] {spark_submit.py:571} INFO - 24/05/22 13:40:36 INFO StandaloneAppClient$ClientEndpoint: Executor added: app-20240522134033-0003/1 on worker-20240522131124-192.168.165.6-40209 (192.168.165.6:40209) with 2 core(s)
[2024-05-22T13:40:36.316+0000] {spark_submit.py:571} INFO - 24/05/22 13:40:36 INFO StandaloneSchedulerBackend: Granted executor ID app-20240522134033-0003/1 on hostPort 192.168.165.6:40209 with 2 core(s), 1024.0 MiB RAM
[2024-05-22T13:40:36.668+0000] {spark_submit.py:571} INFO - 24/05/22 13:40:36 INFO StandaloneAppClient$ClientEndpoint: Executor updated: app-20240522134033-0003/0 is now RUNNING
[2024-05-22T13:40:36.673+0000] {spark_submit.py:571} INFO - 24/05/22 13:40:36 INFO StandaloneAppClient$ClientEndpoint: Executor updated: app-20240522134033-0003/1 is now RUNNING
[2024-05-22T13:40:38.832+0000] {spark_submit.py:571} INFO - 24/05/22 13:40:38 INFO SparkContext: Starting job: collect at /opt/***/jobs/python/wordcount.py:11
[2024-05-22T13:40:38.903+0000] {spark_submit.py:571} INFO - 24/05/22 13:40:38 INFO DAGScheduler: Got job 0 (collect at /opt/***/jobs/python/wordcount.py:11) with 2 output partitions
[2024-05-22T13:40:38.904+0000] {spark_submit.py:571} INFO - 24/05/22 13:40:38 INFO DAGScheduler: Final stage: ResultStage 0 (collect at /opt/***/jobs/python/wordcount.py:11)
[2024-05-22T13:40:38.908+0000] {spark_submit.py:571} INFO - 24/05/22 13:40:38 INFO DAGScheduler: Parents of final stage: List()
[2024-05-22T13:40:38.910+0000] {spark_submit.py:571} INFO - 24/05/22 13:40:38 INFO DAGScheduler: Missing parents: List()
[2024-05-22T13:40:38.924+0000] {spark_submit.py:571} INFO - 24/05/22 13:40:38 INFO DAGScheduler: Submitting ResultStage 0 (PythonRDD[1] at collect at /opt/***/jobs/python/wordcount.py:11), which has no missing parents
[2024-05-22T13:40:39.573+0000] {spark_submit.py:571} INFO - 24/05/22 13:40:39 INFO MemoryStore: Block broadcast_0 stored as values in memory (estimated size 5.9 KiB, free 434.4 MiB)
[2024-05-22T13:40:39.790+0000] {spark_submit.py:571} INFO - 24/05/22 13:40:39 INFO MemoryStore: Block broadcast_0_piece0 stored as bytes in memory (estimated size 3.9 KiB, free 434.4 MiB)
[2024-05-22T13:40:39.799+0000] {spark_submit.py:571} INFO - 24/05/22 13:40:39 INFO BlockManagerInfo: Added broadcast_0_piece0 in memory on 555515bb1aeb:35049 (size: 3.9 KiB, free: 434.4 MiB)
[2024-05-22T13:40:39.823+0000] {spark_submit.py:571} INFO - 24/05/22 13:40:39 INFO SparkContext: Created broadcast 0 from broadcast at DAGScheduler.scala:1585
[2024-05-22T13:40:39.860+0000] {spark_submit.py:571} INFO - 24/05/22 13:40:39 INFO DAGScheduler: Submitting 2 missing tasks from ResultStage 0 (PythonRDD[1] at collect at /opt/***/jobs/python/wordcount.py:11) (first 15 tasks are for partitions Vector(0, 1))
[2024-05-22T13:40:39.868+0000] {spark_submit.py:571} INFO - 24/05/22 13:40:39 INFO TaskSchedulerImpl: Adding task set 0.0 with 2 tasks resource profile 0
[2024-05-22T13:40:43.284+0000] {spark_submit.py:571} INFO - 24/05/22 13:40:43 INFO StandaloneSchedulerBackend$StandaloneDriverEndpoint: Registered executor NettyRpcEndpointRef(spark-client://Executor) (192.168.165.5:58420) with ID 0,  ResourceProfileId 0
[2024-05-22T13:40:43.289+0000] {spark_submit.py:571} INFO - 24/05/22 13:40:43 INFO StandaloneSchedulerBackend$StandaloneDriverEndpoint: Registered executor NettyRpcEndpointRef(spark-client://Executor) (192.168.165.6:39312) with ID 1,  ResourceProfileId 0
[2024-05-22T13:40:43.486+0000] {spark_submit.py:571} INFO - 24/05/22 13:40:43 INFO BlockManagerMasterEndpoint: Registering block manager 192.168.165.5:46305 with 434.4 MiB RAM, BlockManagerId(0, 192.168.165.5, 46305, None)
[2024-05-22T13:40:43.490+0000] {spark_submit.py:571} INFO - 24/05/22 13:40:43 INFO BlockManagerMasterEndpoint: Registering block manager 192.168.165.6:45441 with 434.4 MiB RAM, BlockManagerId(1, 192.168.165.6, 45441, None)
[2024-05-22T13:40:43.583+0000] {spark_submit.py:571} INFO - 24/05/22 13:40:43 INFO TaskSetManager: Starting task 0.0 in stage 0.0 (TID 0) (192.168.165.5, executor 0, partition 0, PROCESS_LOCAL, 7684 bytes)
[2024-05-22T13:40:43.608+0000] {spark_submit.py:571} INFO - 24/05/22 13:40:43 INFO TaskSetManager: Starting task 1.0 in stage 0.0 (TID 1) (192.168.165.5, executor 0, partition 1, PROCESS_LOCAL, 7680 bytes)
[2024-05-22T13:40:44.177+0000] {spark_submit.py:571} INFO - 24/05/22 13:40:44 INFO BlockManagerInfo: Added broadcast_0_piece0 in memory on 192.168.165.5:46305 (size: 3.9 KiB, free: 434.4 MiB)
[2024-05-22T13:40:45.617+0000] {spark_submit.py:571} INFO - 24/05/22 13:40:45 WARN TaskSetManager: Lost task 0.0 in stage 0.0 (TID 0) (192.168.165.5 executor 0): org.apache.spark.api.python.PythonException: Traceback (most recent call last):
[2024-05-22T13:40:45.680+0000] {spark_submit.py:571} INFO - File "/opt/bitnami/spark/python/lib/pyspark.zip/pyspark/worker.py", line 1247, in main
[2024-05-22T13:40:45.697+0000] {spark_submit.py:571} INFO - process()
[2024-05-22T13:40:45.703+0000] {spark_submit.py:571} INFO - File "/opt/bitnami/spark/python/lib/pyspark.zip/pyspark/worker.py", line 1239, in process
[2024-05-22T13:40:45.704+0000] {spark_submit.py:571} INFO - serializer.dump_stream(out_iter, outfile)
[2024-05-22T13:40:45.707+0000] {spark_submit.py:571} INFO - File "/opt/bitnami/spark/python/lib/pyspark.zip/pyspark/serializers.py", line 274, in dump_stream
[2024-05-22T13:40:45.712+0000] {spark_submit.py:571} INFO - vs = list(itertools.islice(iterator, batch))
[2024-05-22T13:40:45.713+0000] {spark_submit.py:571} INFO - ^^^^^^^^^^^^^^^^^^^^^^^^^^^^^^^^^^^^^^^
[2024-05-22T13:40:45.714+0000] {spark_submit.py:571} INFO - File "/opt/bitnami/spark/python/lib/pyspark.zip/pyspark/util.py", line 83, in wrapper
[2024-05-22T13:40:45.717+0000] {spark_submit.py:571} INFO - return f(*args, **kwargs)
[2024-05-22T13:40:45.718+0000] {spark_submit.py:571} INFO - ^^^^^^^^^^^^^^^^^^
[2024-05-22T13:40:45.720+0000] {spark_submit.py:571} INFO - File "/opt/***/jobs/python/wordcount.py", line 9, in <lambda>
[2024-05-22T13:40:45.730+0000] {spark_submit.py:571} INFO - AttributeError: 'tuple' object has no attribute 'reduceByKey'
[2024-05-22T13:40:45.733+0000] {spark_submit.py:571} INFO - 
[2024-05-22T13:40:45.734+0000] {spark_submit.py:571} INFO - at org.apache.spark.api.python.BasePythonRunner$ReaderIterator.handlePythonException(PythonRunner.scala:572)
[2024-05-22T13:40:45.736+0000] {spark_submit.py:571} INFO - at org.apache.spark.api.python.PythonRunner$$anon$3.read(PythonRunner.scala:784)
[2024-05-22T13:40:45.738+0000] {spark_submit.py:571} INFO - at org.apache.spark.api.python.PythonRunner$$anon$3.read(PythonRunner.scala:766)
[2024-05-22T13:40:45.739+0000] {spark_submit.py:571} INFO - at org.apache.spark.api.python.BasePythonRunner$ReaderIterator.hasNext(PythonRunner.scala:525)
[2024-05-22T13:40:45.740+0000] {spark_submit.py:571} INFO - at org.apache.spark.InterruptibleIterator.hasNext(InterruptibleIterator.scala:37)
[2024-05-22T13:40:45.740+0000] {spark_submit.py:571} INFO - at scala.collection.Iterator.foreach(Iterator.scala:943)
[2024-05-22T13:40:45.741+0000] {spark_submit.py:571} INFO - at scala.collection.Iterator.foreach$(Iterator.scala:943)
[2024-05-22T13:40:45.743+0000] {spark_submit.py:571} INFO - at org.apache.spark.InterruptibleIterator.foreach(InterruptibleIterator.scala:28)
[2024-05-22T13:40:45.746+0000] {spark_submit.py:571} INFO - at scala.collection.generic.Growable.$plus$plus$eq(Growable.scala:62)
[2024-05-22T13:40:45.753+0000] {spark_submit.py:571} INFO - at scala.collection.generic.Growable.$plus$plus$eq$(Growable.scala:53)
[2024-05-22T13:40:45.755+0000] {spark_submit.py:571} INFO - at scala.collection.mutable.ArrayBuffer.$plus$plus$eq(ArrayBuffer.scala:105)
[2024-05-22T13:40:45.756+0000] {spark_submit.py:571} INFO - at scala.collection.mutable.ArrayBuffer.$plus$plus$eq(ArrayBuffer.scala:49)
[2024-05-22T13:40:45.756+0000] {spark_submit.py:571} INFO - at scala.collection.TraversableOnce.to(TraversableOnce.scala:366)
[2024-05-22T13:40:45.757+0000] {spark_submit.py:571} INFO - at scala.collection.TraversableOnce.to$(TraversableOnce.scala:364)
[2024-05-22T13:40:45.757+0000] {spark_submit.py:571} INFO - at org.apache.spark.InterruptibleIterator.to(InterruptibleIterator.scala:28)
[2024-05-22T13:40:45.758+0000] {spark_submit.py:571} INFO - at scala.collection.TraversableOnce.toBuffer(TraversableOnce.scala:358)
[2024-05-22T13:40:45.759+0000] {spark_submit.py:571} INFO - at scala.collection.TraversableOnce.toBuffer$(TraversableOnce.scala:358)
[2024-05-22T13:40:45.759+0000] {spark_submit.py:571} INFO - at org.apache.spark.InterruptibleIterator.toBuffer(InterruptibleIterator.scala:28)
[2024-05-22T13:40:45.761+0000] {spark_submit.py:571} INFO - at scala.collection.TraversableOnce.toArray(TraversableOnce.scala:345)
[2024-05-22T13:40:45.763+0000] {spark_submit.py:571} INFO - at scala.collection.TraversableOnce.toArray$(TraversableOnce.scala:339)
[2024-05-22T13:40:45.771+0000] {spark_submit.py:571} INFO - at org.apache.spark.InterruptibleIterator.toArray(InterruptibleIterator.scala:28)
[2024-05-22T13:40:45.773+0000] {spark_submit.py:571} INFO - at org.apache.spark.rdd.RDD.$anonfun$collect$2(RDD.scala:1049)
[2024-05-22T13:40:45.774+0000] {spark_submit.py:571} INFO - at org.apache.spark.SparkContext.$anonfun$runJob$5(SparkContext.scala:2438)
[2024-05-22T13:40:45.775+0000] {spark_submit.py:571} INFO - at org.apache.spark.scheduler.ResultTask.runTask(ResultTask.scala:93)
[2024-05-22T13:40:45.776+0000] {spark_submit.py:571} INFO - at org.apache.spark.TaskContext.runTaskWithListeners(TaskContext.scala:166)
[2024-05-22T13:40:45.776+0000] {spark_submit.py:571} INFO - at org.apache.spark.scheduler.Task.run(Task.scala:141)
[2024-05-22T13:40:45.777+0000] {spark_submit.py:571} INFO - at org.apache.spark.executor.Executor$TaskRunner.$anonfun$run$4(Executor.scala:620)
[2024-05-22T13:40:45.777+0000] {spark_submit.py:571} INFO - at org.apache.spark.util.SparkErrorUtils.tryWithSafeFinally(SparkErrorUtils.scala:64)
[2024-05-22T13:40:45.778+0000] {spark_submit.py:571} INFO - at org.apache.spark.util.SparkErrorUtils.tryWithSafeFinally$(SparkErrorUtils.scala:61)
[2024-05-22T13:40:45.778+0000] {spark_submit.py:571} INFO - at org.apache.spark.util.Utils$.tryWithSafeFinally(Utils.scala:94)
[2024-05-22T13:40:45.778+0000] {spark_submit.py:571} INFO - at org.apache.spark.executor.Executor$TaskRunner.run(Executor.scala:623)
[2024-05-22T13:40:45.780+0000] {spark_submit.py:571} INFO - at java.base/java.util.concurrent.ThreadPoolExecutor.runWorker(ThreadPoolExecutor.java:1136)
[2024-05-22T13:40:45.781+0000] {spark_submit.py:571} INFO - at java.base/java.util.concurrent.ThreadPoolExecutor$Worker.run(ThreadPoolExecutor.java:635)
[2024-05-22T13:40:45.782+0000] {spark_submit.py:571} INFO - at java.base/java.lang.Thread.run(Thread.java:840)
[2024-05-22T13:40:45.784+0000] {spark_submit.py:571} INFO - 
[2024-05-22T13:40:45.785+0000] {spark_submit.py:571} INFO - 24/05/22 13:40:45 INFO TaskSetManager: Lost task 1.0 in stage 0.0 (TID 1) on 192.168.165.5, executor 0: org.apache.spark.api.python.PythonException (Traceback (most recent call last):
[2024-05-22T13:40:45.786+0000] {spark_submit.py:571} INFO - File "/opt/bitnami/spark/python/lib/pyspark.zip/pyspark/worker.py", line 1247, in main
[2024-05-22T13:40:45.786+0000] {spark_submit.py:571} INFO - process()
[2024-05-22T13:40:45.787+0000] {spark_submit.py:571} INFO - File "/opt/bitnami/spark/python/lib/pyspark.zip/pyspark/worker.py", line 1239, in process
[2024-05-22T13:40:45.789+0000] {spark_submit.py:571} INFO - serializer.dump_stream(out_iter, outfile)
[2024-05-22T13:40:45.790+0000] {spark_submit.py:571} INFO - File "/opt/bitnami/spark/python/lib/pyspark.zip/pyspark/serializers.py", line 274, in dump_stream
[2024-05-22T13:40:45.790+0000] {spark_submit.py:571} INFO - vs = list(itertools.islice(iterator, batch))
[2024-05-22T13:40:45.791+0000] {spark_submit.py:571} INFO - ^^^^^^^^^^^^^^^^^^^^^^^^^^^^^^^^^^^^^^^
[2024-05-22T13:40:45.792+0000] {spark_submit.py:571} INFO - File "/opt/bitnami/spark/python/lib/pyspark.zip/pyspark/util.py", line 83, in wrapper
[2024-05-22T13:40:45.792+0000] {spark_submit.py:571} INFO - return f(*args, **kwargs)
[2024-05-22T13:40:45.793+0000] {spark_submit.py:571} INFO - ^^^^^^^^^^^^^^^^^^
[2024-05-22T13:40:45.793+0000] {spark_submit.py:571} INFO - File "/opt/***/jobs/python/wordcount.py", line 9, in <lambda>
[2024-05-22T13:40:45.793+0000] {spark_submit.py:571} INFO - AttributeError: 'tuple' object has no attribute 'reduceByKey'
[2024-05-22T13:40:45.794+0000] {spark_submit.py:571} INFO - ) [duplicate 1]
[2024-05-22T13:40:45.794+0000] {spark_submit.py:571} INFO - 24/05/22 13:40:45 INFO TaskSetManager: Starting task 1.1 in stage 0.0 (TID 2) (192.168.165.5, executor 0, partition 1, PROCESS_LOCAL, 7680 bytes)
[2024-05-22T13:40:45.795+0000] {spark_submit.py:571} INFO - 24/05/22 13:40:45 INFO TaskSetManager: Starting task 0.1 in stage 0.0 (TID 3) (192.168.165.6, executor 1, partition 0, PROCESS_LOCAL, 7684 bytes)
[2024-05-22T13:40:46.224+0000] {spark_submit.py:571} INFO - 24/05/22 13:40:46 INFO TaskSetManager: Lost task 1.1 in stage 0.0 (TID 2) on 192.168.165.5, executor 0: org.apache.spark.api.python.PythonException (Traceback (most recent call last):
[2024-05-22T13:40:46.226+0000] {spark_submit.py:571} INFO - File "/opt/bitnami/spark/python/lib/pyspark.zip/pyspark/worker.py", line 1247, in main
[2024-05-22T13:40:46.227+0000] {spark_submit.py:571} INFO - process()
[2024-05-22T13:40:46.228+0000] {spark_submit.py:571} INFO - File "/opt/bitnami/spark/python/lib/pyspark.zip/pyspark/worker.py", line 1239, in process
[2024-05-22T13:40:46.228+0000] {spark_submit.py:571} INFO - serializer.dump_stream(out_iter, outfile)
[2024-05-22T13:40:46.229+0000] {spark_submit.py:571} INFO - File "/opt/bitnami/spark/python/lib/pyspark.zip/pyspark/serializers.py", line 274, in dump_stream
[2024-05-22T13:40:46.229+0000] {spark_submit.py:571} INFO - vs = list(itertools.islice(iterator, batch))
[2024-05-22T13:40:46.230+0000] {spark_submit.py:571} INFO - ^^^^^^^^^^^^^^^^^^^^^^^^^^^^^^^^^^^^^^^
[2024-05-22T13:40:46.230+0000] {spark_submit.py:571} INFO - File "/opt/bitnami/spark/python/lib/pyspark.zip/pyspark/util.py", line 83, in wrapper
[2024-05-22T13:40:46.230+0000] {spark_submit.py:571} INFO - return f(*args, **kwargs)
[2024-05-22T13:40:46.231+0000] {spark_submit.py:571} INFO - ^^^^^^^^^^^^^^^^^^
[2024-05-22T13:40:46.231+0000] {spark_submit.py:571} INFO - File "/opt/***/jobs/python/wordcount.py", line 9, in <lambda>
[2024-05-22T13:40:46.232+0000] {spark_submit.py:571} INFO - AttributeError: 'tuple' object has no attribute 'reduceByKey'
[2024-05-22T13:40:46.232+0000] {spark_submit.py:571} INFO - ) [duplicate 2]
[2024-05-22T13:40:46.232+0000] {spark_submit.py:571} INFO - 24/05/22 13:40:46 INFO TaskSetManager: Starting task 1.2 in stage 0.0 (TID 4) (192.168.165.6, executor 1, partition 1, PROCESS_LOCAL, 7680 bytes)
[2024-05-22T13:40:46.364+0000] {spark_submit.py:571} INFO - 24/05/22 13:40:46 INFO BlockManagerInfo: Added broadcast_0_piece0 in memory on 192.168.165.6:45441 (size: 3.9 KiB, free: 434.4 MiB)
[2024-05-22T13:40:47.902+0000] {spark_submit.py:571} INFO - 24/05/22 13:40:47 INFO TaskSetManager: Lost task 0.1 in stage 0.0 (TID 3) on 192.168.165.6, executor 1: org.apache.spark.api.python.PythonException (Traceback (most recent call last):
[2024-05-22T13:40:47.927+0000] {spark_submit.py:571} INFO - File "/opt/bitnami/spark/python/lib/pyspark.zip/pyspark/worker.py", line 1247, in main
[2024-05-22T13:40:47.933+0000] {spark_submit.py:571} INFO - process()
[2024-05-22T13:40:47.936+0000] {spark_submit.py:571} INFO - File "/opt/bitnami/spark/python/lib/pyspark.zip/pyspark/worker.py", line 1239, in process
[2024-05-22T13:40:47.938+0000] {spark_submit.py:571} INFO - serializer.dump_stream(out_iter, outfile)
[2024-05-22T13:40:47.938+0000] {spark_submit.py:571} INFO - File "/opt/bitnami/spark/python/lib/pyspark.zip/pyspark/serializers.py", line 274, in dump_stream
[2024-05-22T13:40:47.940+0000] {spark_submit.py:571} INFO - vs = list(itertools.islice(iterator, batch))
[2024-05-22T13:40:47.941+0000] {spark_submit.py:571} INFO - ^^^^^^^^^^^^^^^^^^^^^^^^^^^^^^^^^^^^^^^
[2024-05-22T13:40:47.941+0000] {spark_submit.py:571} INFO - File "/opt/bitnami/spark/python/lib/pyspark.zip/pyspark/util.py", line 83, in wrapper
[2024-05-22T13:40:47.942+0000] {spark_submit.py:571} INFO - return f(*args, **kwargs)
[2024-05-22T13:40:47.942+0000] {spark_submit.py:571} INFO - ^^^^^^^^^^^^^^^^^^
[2024-05-22T13:40:47.943+0000] {spark_submit.py:571} INFO - File "/opt/***/jobs/python/wordcount.py", line 9, in <lambda>
[2024-05-22T13:40:47.945+0000] {spark_submit.py:571} INFO - AttributeError: 'tuple' object has no attribute 'reduceByKey'
[2024-05-22T13:40:47.946+0000] {spark_submit.py:571} INFO - ) [duplicate 3]
[2024-05-22T13:40:47.946+0000] {spark_submit.py:571} INFO - 24/05/22 13:40:47 INFO TaskSetManager: Starting task 0.2 in stage 0.0 (TID 5) (192.168.165.6, executor 1, partition 0, PROCESS_LOCAL, 7684 bytes)
[2024-05-22T13:40:47.950+0000] {spark_submit.py:571} INFO - 24/05/22 13:40:47 INFO TaskSetManager: Lost task 1.2 in stage 0.0 (TID 4) on 192.168.165.6, executor 1: org.apache.spark.api.python.PythonException (Traceback (most recent call last):
[2024-05-22T13:40:47.953+0000] {spark_submit.py:571} INFO - File "/opt/bitnami/spark/python/lib/pyspark.zip/pyspark/worker.py", line 1247, in main
[2024-05-22T13:40:47.954+0000] {spark_submit.py:571} INFO - process()
[2024-05-22T13:40:47.955+0000] {spark_submit.py:571} INFO - File "/opt/bitnami/spark/python/lib/pyspark.zip/pyspark/worker.py", line 1239, in process
[2024-05-22T13:40:47.957+0000] {spark_submit.py:571} INFO - serializer.dump_stream(out_iter, outfile)
[2024-05-22T13:40:47.961+0000] {spark_submit.py:571} INFO - File "/opt/bitnami/spark/python/lib/pyspark.zip/pyspark/serializers.py", line 274, in dump_stream
[2024-05-22T13:40:47.966+0000] {spark_submit.py:571} INFO - vs = list(itertools.islice(iterator, batch))
[2024-05-22T13:40:47.967+0000] {spark_submit.py:571} INFO - ^^^^^^^^^^^^^^^^^^^^^^^^^^^^^^^^^^^^^^^
[2024-05-22T13:40:47.969+0000] {spark_submit.py:571} INFO - File "/opt/bitnami/spark/python/lib/pyspark.zip/pyspark/util.py", line 83, in wrapper
[2024-05-22T13:40:47.970+0000] {spark_submit.py:571} INFO - return f(*args, **kwargs)
[2024-05-22T13:40:47.971+0000] {spark_submit.py:571} INFO - ^^^^^^^^^^^^^^^^^^
[2024-05-22T13:40:47.975+0000] {spark_submit.py:571} INFO - File "/opt/***/jobs/python/wordcount.py", line 9, in <lambda>
[2024-05-22T13:40:47.975+0000] {spark_submit.py:571} INFO - AttributeError: 'tuple' object has no attribute 'reduceByKey'
[2024-05-22T13:40:47.976+0000] {spark_submit.py:571} INFO - ) [duplicate 4]
[2024-05-22T13:40:47.976+0000] {spark_submit.py:571} INFO - 24/05/22 13:40:47 INFO TaskSetManager: Starting task 1.3 in stage 0.0 (TID 6) (192.168.165.6, executor 1, partition 1, PROCESS_LOCAL, 7680 bytes)
[2024-05-22T13:40:48.268+0000] {spark_submit.py:571} INFO - 24/05/22 13:40:48 INFO TaskSetManager: Lost task 1.3 in stage 0.0 (TID 6) on 192.168.165.6, executor 1: org.apache.spark.api.python.PythonException (Traceback (most recent call last):
[2024-05-22T13:40:48.269+0000] {spark_submit.py:571} INFO - File "/opt/bitnami/spark/python/lib/pyspark.zip/pyspark/worker.py", line 1247, in main
[2024-05-22T13:40:48.269+0000] {spark_submit.py:571} INFO - process()
[2024-05-22T13:40:48.269+0000] {spark_submit.py:571} INFO - File "/opt/bitnami/spark/python/lib/pyspark.zip/pyspark/worker.py", line 1239, in process
[2024-05-22T13:40:48.269+0000] {spark_submit.py:571} INFO - serializer.dump_stream(out_iter, outfile)
[2024-05-22T13:40:48.270+0000] {spark_submit.py:571} INFO - File "/opt/bitnami/spark/python/lib/pyspark.zip/pyspark/serializers.py", line 274, in dump_stream
[2024-05-22T13:40:48.270+0000] {spark_submit.py:571} INFO - vs = list(itertools.islice(iterator, batch))
[2024-05-22T13:40:48.270+0000] {spark_submit.py:571} INFO - ^^^^^^^^^^^^^^^^^^^^^^^^^^^^^^^^^^^^^^^
[2024-05-22T13:40:48.270+0000] {spark_submit.py:571} INFO - File "/opt/bitnami/spark/python/lib/pyspark.zip/pyspark/util.py", line 83, in wrapper
[2024-05-22T13:40:48.271+0000] {spark_submit.py:571} INFO - return f(*args, **kwargs)
[2024-05-22T13:40:48.271+0000] {spark_submit.py:571} INFO - ^^^^^^^^^^^^^^^^^^
[2024-05-22T13:40:48.271+0000] {spark_submit.py:571} INFO - File "/opt/***/jobs/python/wordcount.py", line 9, in <lambda>
[2024-05-22T13:40:48.272+0000] {spark_submit.py:571} INFO - AttributeError: 'tuple' object has no attribute 'reduceByKey'
[2024-05-22T13:40:48.272+0000] {spark_submit.py:571} INFO - ) [duplicate 5]
[2024-05-22T13:40:48.272+0000] {spark_submit.py:571} INFO - 24/05/22 13:40:48 ERROR TaskSetManager: Task 1 in stage 0.0 failed 4 times; aborting job
[2024-05-22T13:40:48.289+0000] {spark_submit.py:571} INFO - 24/05/22 13:40:48 INFO TaskSchedulerImpl: Cancelling stage 0
[2024-05-22T13:40:48.293+0000] {spark_submit.py:571} INFO - 24/05/22 13:40:48 INFO TaskSchedulerImpl: Killing all running tasks in stage 0: Stage cancelled: Job aborted due to stage failure: Task 1 in stage 0.0 failed 4 times, most recent failure: Lost task 1.3 in stage 0.0 (TID 6) (192.168.165.6 executor 1): org.apache.spark.api.python.PythonException: Traceback (most recent call last):
[2024-05-22T13:40:48.295+0000] {spark_submit.py:571} INFO - File "/opt/bitnami/spark/python/lib/pyspark.zip/pyspark/worker.py", line 1247, in main
[2024-05-22T13:40:48.296+0000] {spark_submit.py:571} INFO - process()
[2024-05-22T13:40:48.297+0000] {spark_submit.py:571} INFO - File "/opt/bitnami/spark/python/lib/pyspark.zip/pyspark/worker.py", line 1239, in process
[2024-05-22T13:40:48.297+0000] {spark_submit.py:571} INFO - serializer.dump_stream(out_iter, outfile)
[2024-05-22T13:40:48.298+0000] {spark_submit.py:571} INFO - File "/opt/bitnami/spark/python/lib/pyspark.zip/pyspark/serializers.py", line 274, in dump_stream
[2024-05-22T13:40:48.298+0000] {spark_submit.py:571} INFO - vs = list(itertools.islice(iterator, batch))
[2024-05-22T13:40:48.298+0000] {spark_submit.py:571} INFO - ^^^^^^^^^^^^^^^^^^^^^^^^^^^^^^^^^^^^^^^
[2024-05-22T13:40:48.299+0000] {spark_submit.py:571} INFO - File "/opt/bitnami/spark/python/lib/pyspark.zip/pyspark/util.py", line 83, in wrapper
[2024-05-22T13:40:48.299+0000] {spark_submit.py:571} INFO - return f(*args, **kwargs)
[2024-05-22T13:40:48.299+0000] {spark_submit.py:571} INFO - ^^^^^^^^^^^^^^^^^^
[2024-05-22T13:40:48.300+0000] {spark_submit.py:571} INFO - File "/opt/***/jobs/python/wordcount.py", line 9, in <lambda>
[2024-05-22T13:40:48.300+0000] {spark_submit.py:571} INFO - AttributeError: 'tuple' object has no attribute 'reduceByKey'
[2024-05-22T13:40:48.301+0000] {spark_submit.py:571} INFO - 
[2024-05-22T13:40:48.301+0000] {spark_submit.py:571} INFO - at org.apache.spark.api.python.BasePythonRunner$ReaderIterator.handlePythonException(PythonRunner.scala:572)
[2024-05-22T13:40:48.301+0000] {spark_submit.py:571} INFO - at org.apache.spark.api.python.PythonRunner$$anon$3.read(PythonRunner.scala:784)
[2024-05-22T13:40:48.302+0000] {spark_submit.py:571} INFO - at org.apache.spark.api.python.PythonRunner$$anon$3.read(PythonRunner.scala:766)
[2024-05-22T13:40:48.302+0000] {spark_submit.py:571} INFO - at org.apache.spark.api.python.BasePythonRunner$ReaderIterator.hasNext(PythonRunner.scala:525)
[2024-05-22T13:40:48.302+0000] {spark_submit.py:571} INFO - at org.apache.spark.InterruptibleIterator.hasNext(InterruptibleIterator.scala:37)
[2024-05-22T13:40:48.303+0000] {spark_submit.py:571} INFO - at scala.collection.Iterator.foreach(Iterator.scala:943)
[2024-05-22T13:40:48.303+0000] {spark_submit.py:571} INFO - at scala.collection.Iterator.foreach$(Iterator.scala:943)
[2024-05-22T13:40:48.303+0000] {spark_submit.py:571} INFO - at org.apache.spark.InterruptibleIterator.foreach(InterruptibleIterator.scala:28)
[2024-05-22T13:40:48.304+0000] {spark_submit.py:571} INFO - at scala.collection.generic.Growable.$plus$plus$eq(Growable.scala:62)
[2024-05-22T13:40:48.304+0000] {spark_submit.py:571} INFO - at scala.collection.generic.Growable.$plus$plus$eq$(Growable.scala:53)
[2024-05-22T13:40:48.304+0000] {spark_submit.py:571} INFO - at scala.collection.mutable.ArrayBuffer.$plus$plus$eq(ArrayBuffer.scala:105)
[2024-05-22T13:40:48.305+0000] {spark_submit.py:571} INFO - at scala.collection.mutable.ArrayBuffer.$plus$plus$eq(ArrayBuffer.scala:49)
[2024-05-22T13:40:48.305+0000] {spark_submit.py:571} INFO - at scala.collection.TraversableOnce.to(TraversableOnce.scala:366)
[2024-05-22T13:40:48.306+0000] {spark_submit.py:571} INFO - at scala.collection.TraversableOnce.to$(TraversableOnce.scala:364)
[2024-05-22T13:40:48.306+0000] {spark_submit.py:571} INFO - at org.apache.spark.InterruptibleIterator.to(InterruptibleIterator.scala:28)
[2024-05-22T13:40:48.306+0000] {spark_submit.py:571} INFO - at scala.collection.TraversableOnce.toBuffer(TraversableOnce.scala:358)
[2024-05-22T13:40:48.306+0000] {spark_submit.py:571} INFO - at scala.collection.TraversableOnce.toBuffer$(TraversableOnce.scala:358)
[2024-05-22T13:40:48.306+0000] {spark_submit.py:571} INFO - at org.apache.spark.InterruptibleIterator.toBuffer(InterruptibleIterator.scala:28)
[2024-05-22T13:40:48.306+0000] {spark_submit.py:571} INFO - at scala.collection.TraversableOnce.toArray(TraversableOnce.scala:345)
[2024-05-22T13:40:48.306+0000] {spark_submit.py:571} INFO - at scala.collection.TraversableOnce.toArray$(TraversableOnce.scala:339)
[2024-05-22T13:40:48.306+0000] {spark_submit.py:571} INFO - at org.apache.spark.InterruptibleIterator.toArray(InterruptibleIterator.scala:28)
[2024-05-22T13:40:48.307+0000] {spark_submit.py:571} INFO - at org.apache.spark.rdd.RDD.$anonfun$collect$2(RDD.scala:1049)
[2024-05-22T13:40:48.307+0000] {spark_submit.py:571} INFO - at org.apache.spark.SparkContext.$anonfun$runJob$5(SparkContext.scala:2438)
[2024-05-22T13:40:48.308+0000] {spark_submit.py:571} INFO - at org.apache.spark.scheduler.ResultTask.runTask(ResultTask.scala:93)
[2024-05-22T13:40:48.308+0000] {spark_submit.py:571} INFO - at org.apache.spark.TaskContext.runTaskWithListeners(TaskContext.scala:166)
[2024-05-22T13:40:48.308+0000] {spark_submit.py:571} INFO - at org.apache.spark.scheduler.Task.run(Task.scala:141)
[2024-05-22T13:40:48.309+0000] {spark_submit.py:571} INFO - at org.apache.spark.executor.Executor$TaskRunner.$anonfun$run$4(Executor.scala:620)
[2024-05-22T13:40:48.309+0000] {spark_submit.py:571} INFO - at org.apache.spark.util.SparkErrorUtils.tryWithSafeFinally(SparkErrorUtils.scala:64)
[2024-05-22T13:40:48.310+0000] {spark_submit.py:571} INFO - at org.apache.spark.util.SparkErrorUtils.tryWithSafeFinally$(SparkErrorUtils.scala:61)
[2024-05-22T13:40:48.310+0000] {spark_submit.py:571} INFO - at org.apache.spark.util.Utils$.tryWithSafeFinally(Utils.scala:94)
[2024-05-22T13:40:48.310+0000] {spark_submit.py:571} INFO - at org.apache.spark.executor.Executor$TaskRunner.run(Executor.scala:623)
[2024-05-22T13:40:48.310+0000] {spark_submit.py:571} INFO - at java.base/java.util.concurrent.ThreadPoolExecutor.runWorker(ThreadPoolExecutor.java:1136)
[2024-05-22T13:40:48.311+0000] {spark_submit.py:571} INFO - at java.base/java.util.concurrent.ThreadPoolExecutor$Worker.run(ThreadPoolExecutor.java:635)
[2024-05-22T13:40:48.312+0000] {spark_submit.py:571} INFO - at java.base/java.lang.Thread.run(Thread.java:840)
[2024-05-22T13:40:48.312+0000] {spark_submit.py:571} INFO - 
[2024-05-22T13:40:48.313+0000] {spark_submit.py:571} INFO - Driver stacktrace:
[2024-05-22T13:40:48.313+0000] {spark_submit.py:571} INFO - 24/05/22 13:40:48 INFO TaskSchedulerImpl: Stage 0 was cancelled
[2024-05-22T13:40:48.314+0000] {spark_submit.py:571} INFO - 24/05/22 13:40:48 INFO DAGScheduler: ResultStage 0 (collect at /opt/***/jobs/python/wordcount.py:11) failed in 9.305 s due to Job aborted due to stage failure: Task 1 in stage 0.0 failed 4 times, most recent failure: Lost task 1.3 in stage 0.0 (TID 6) (192.168.165.6 executor 1): org.apache.spark.api.python.PythonException: Traceback (most recent call last):
[2024-05-22T13:40:48.314+0000] {spark_submit.py:571} INFO - File "/opt/bitnami/spark/python/lib/pyspark.zip/pyspark/worker.py", line 1247, in main
[2024-05-22T13:40:48.315+0000] {spark_submit.py:571} INFO - process()
[2024-05-22T13:40:48.315+0000] {spark_submit.py:571} INFO - File "/opt/bitnami/spark/python/lib/pyspark.zip/pyspark/worker.py", line 1239, in process
[2024-05-22T13:40:48.317+0000] {spark_submit.py:571} INFO - serializer.dump_stream(out_iter, outfile)
[2024-05-22T13:40:48.318+0000] {spark_submit.py:571} INFO - File "/opt/bitnami/spark/python/lib/pyspark.zip/pyspark/serializers.py", line 274, in dump_stream
[2024-05-22T13:40:48.319+0000] {spark_submit.py:571} INFO - vs = list(itertools.islice(iterator, batch))
[2024-05-22T13:40:48.319+0000] {spark_submit.py:571} INFO - ^^^^^^^^^^^^^^^^^^^^^^^^^^^^^^^^^^^^^^^
[2024-05-22T13:40:48.319+0000] {spark_submit.py:571} INFO - File "/opt/bitnami/spark/python/lib/pyspark.zip/pyspark/util.py", line 83, in wrapper
[2024-05-22T13:40:48.320+0000] {spark_submit.py:571} INFO - return f(*args, **kwargs)
[2024-05-22T13:40:48.321+0000] {spark_submit.py:571} INFO - ^^^^^^^^^^^^^^^^^^
[2024-05-22T13:40:48.321+0000] {spark_submit.py:571} INFO - File "/opt/***/jobs/python/wordcount.py", line 9, in <lambda>
[2024-05-22T13:40:48.321+0000] {spark_submit.py:571} INFO - AttributeError: 'tuple' object has no attribute 'reduceByKey'
[2024-05-22T13:40:48.322+0000] {spark_submit.py:571} INFO - 
[2024-05-22T13:40:48.322+0000] {spark_submit.py:571} INFO - at org.apache.spark.api.python.BasePythonRunner$ReaderIterator.handlePythonException(PythonRunner.scala:572)
[2024-05-22T13:40:48.323+0000] {spark_submit.py:571} INFO - at org.apache.spark.api.python.PythonRunner$$anon$3.read(PythonRunner.scala:784)
[2024-05-22T13:40:48.323+0000] {spark_submit.py:571} INFO - at org.apache.spark.api.python.PythonRunner$$anon$3.read(PythonRunner.scala:766)
[2024-05-22T13:40:48.323+0000] {spark_submit.py:571} INFO - at org.apache.spark.api.python.BasePythonRunner$ReaderIterator.hasNext(PythonRunner.scala:525)
[2024-05-22T13:40:48.323+0000] {spark_submit.py:571} INFO - at org.apache.spark.InterruptibleIterator.hasNext(InterruptibleIterator.scala:37)
[2024-05-22T13:40:48.323+0000] {spark_submit.py:571} INFO - at scala.collection.Iterator.foreach(Iterator.scala:943)
[2024-05-22T13:40:48.323+0000] {spark_submit.py:571} INFO - at scala.collection.Iterator.foreach$(Iterator.scala:943)
[2024-05-22T13:40:48.323+0000] {spark_submit.py:571} INFO - at org.apache.spark.InterruptibleIterator.foreach(InterruptibleIterator.scala:28)
[2024-05-22T13:40:48.324+0000] {spark_submit.py:571} INFO - at scala.collection.generic.Growable.$plus$plus$eq(Growable.scala:62)
[2024-05-22T13:40:48.324+0000] {spark_submit.py:571} INFO - at scala.collection.generic.Growable.$plus$plus$eq$(Growable.scala:53)
[2024-05-22T13:40:48.324+0000] {spark_submit.py:571} INFO - at scala.collection.mutable.ArrayBuffer.$plus$plus$eq(ArrayBuffer.scala:105)
[2024-05-22T13:40:48.325+0000] {spark_submit.py:571} INFO - at scala.collection.mutable.ArrayBuffer.$plus$plus$eq(ArrayBuffer.scala:49)
[2024-05-22T13:40:48.326+0000] {spark_submit.py:571} INFO - at scala.collection.TraversableOnce.to(TraversableOnce.scala:366)
[2024-05-22T13:40:48.326+0000] {spark_submit.py:571} INFO - at scala.collection.TraversableOnce.to$(TraversableOnce.scala:364)
[2024-05-22T13:40:48.327+0000] {spark_submit.py:571} INFO - at org.apache.spark.InterruptibleIterator.to(InterruptibleIterator.scala:28)
[2024-05-22T13:40:48.327+0000] {spark_submit.py:571} INFO - at scala.collection.TraversableOnce.toBuffer(TraversableOnce.scala:358)
[2024-05-22T13:40:48.327+0000] {spark_submit.py:571} INFO - at scala.collection.TraversableOnce.toBuffer$(TraversableOnce.scala:358)
[2024-05-22T13:40:48.328+0000] {spark_submit.py:571} INFO - at org.apache.spark.InterruptibleIterator.toBuffer(InterruptibleIterator.scala:28)
[2024-05-22T13:40:48.329+0000] {spark_submit.py:571} INFO - at scala.collection.TraversableOnce.toArray(TraversableOnce.scala:345)
[2024-05-22T13:40:48.329+0000] {spark_submit.py:571} INFO - at scala.collection.TraversableOnce.toArray$(TraversableOnce.scala:339)
[2024-05-22T13:40:48.330+0000] {spark_submit.py:571} INFO - at org.apache.spark.InterruptibleIterator.toArray(InterruptibleIterator.scala:28)
[2024-05-22T13:40:48.330+0000] {spark_submit.py:571} INFO - at org.apache.spark.rdd.RDD.$anonfun$collect$2(RDD.scala:1049)
[2024-05-22T13:40:48.330+0000] {spark_submit.py:571} INFO - at org.apache.spark.SparkContext.$anonfun$runJob$5(SparkContext.scala:2438)
[2024-05-22T13:40:48.331+0000] {spark_submit.py:571} INFO - at org.apache.spark.scheduler.ResultTask.runTask(ResultTask.scala:93)
[2024-05-22T13:40:48.331+0000] {spark_submit.py:571} INFO - at org.apache.spark.TaskContext.runTaskWithListeners(TaskContext.scala:166)
[2024-05-22T13:40:48.331+0000] {spark_submit.py:571} INFO - at org.apache.spark.scheduler.Task.run(Task.scala:141)
[2024-05-22T13:40:48.331+0000] {spark_submit.py:571} INFO - at org.apache.spark.executor.Executor$TaskRunner.$anonfun$run$4(Executor.scala:620)
[2024-05-22T13:40:48.332+0000] {spark_submit.py:571} INFO - at org.apache.spark.util.SparkErrorUtils.tryWithSafeFinally(SparkErrorUtils.scala:64)
[2024-05-22T13:40:48.332+0000] {spark_submit.py:571} INFO - at org.apache.spark.util.SparkErrorUtils.tryWithSafeFinally$(SparkErrorUtils.scala:61)
[2024-05-22T13:40:48.333+0000] {spark_submit.py:571} INFO - at org.apache.spark.util.Utils$.tryWithSafeFinally(Utils.scala:94)
[2024-05-22T13:40:48.333+0000] {spark_submit.py:571} INFO - at org.apache.spark.executor.Executor$TaskRunner.run(Executor.scala:623)
[2024-05-22T13:40:48.333+0000] {spark_submit.py:571} INFO - at java.base/java.util.concurrent.ThreadPoolExecutor.runWorker(ThreadPoolExecutor.java:1136)
[2024-05-22T13:40:48.333+0000] {spark_submit.py:571} INFO - at java.base/java.util.concurrent.ThreadPoolExecutor$Worker.run(ThreadPoolExecutor.java:635)
[2024-05-22T13:40:48.333+0000] {spark_submit.py:571} INFO - at java.base/java.lang.Thread.run(Thread.java:840)
[2024-05-22T13:40:48.334+0000] {spark_submit.py:571} INFO - 
[2024-05-22T13:40:48.334+0000] {spark_submit.py:571} INFO - Driver stacktrace:
[2024-05-22T13:40:48.334+0000] {spark_submit.py:571} INFO - 24/05/22 13:40:48 INFO TaskSetManager: Lost task 0.2 in stage 0.0 (TID 5) on 192.168.165.6, executor 1: org.apache.spark.api.python.PythonException (Traceback (most recent call last):
[2024-05-22T13:40:48.334+0000] {spark_submit.py:571} INFO - File "/opt/bitnami/spark/python/lib/pyspark.zip/pyspark/worker.py", line 1247, in main
[2024-05-22T13:40:48.334+0000] {spark_submit.py:571} INFO - process()
[2024-05-22T13:40:48.335+0000] {spark_submit.py:571} INFO - File "/opt/bitnami/spark/python/lib/pyspark.zip/pyspark/worker.py", line 1239, in process
[2024-05-22T13:40:48.335+0000] {spark_submit.py:571} INFO - serializer.dump_stream(out_iter, outfile)
[2024-05-22T13:40:48.335+0000] {spark_submit.py:571} INFO - File "/opt/bitnami/spark/python/lib/pyspark.zip/pyspark/serializers.py", line 274, in dump_stream
[2024-05-22T13:40:48.335+0000] {spark_submit.py:571} INFO - vs = list(itertools.islice(iterator, batch))
[2024-05-22T13:40:48.335+0000] {spark_submit.py:571} INFO - ^^^^^^^^^^^^^^^^^^^^^^^^^^^^^^^^^^^^^^^
[2024-05-22T13:40:48.335+0000] {spark_submit.py:571} INFO - File "/opt/bitnami/spark/python/lib/pyspark.zip/pyspark/util.py", line 83, in wrapper
[2024-05-22T13:40:48.335+0000] {spark_submit.py:571} INFO - return f(*args, **kwargs)
[2024-05-22T13:40:48.335+0000] {spark_submit.py:571} INFO - ^^^^^^^^^^^^^^^^^^
[2024-05-22T13:40:48.336+0000] {spark_submit.py:571} INFO - File "/opt/***/jobs/python/wordcount.py", line 9, in <lambda>
[2024-05-22T13:40:48.336+0000] {spark_submit.py:571} INFO - AttributeError: 'tuple' object has no attribute 'reduceByKey'
[2024-05-22T13:40:48.336+0000] {spark_submit.py:571} INFO - ) [duplicate 6]
[2024-05-22T13:40:48.337+0000] {spark_submit.py:571} INFO - 24/05/22 13:40:48 INFO TaskSchedulerImpl: Removed TaskSet 0.0, whose tasks have all completed, from pool
[2024-05-22T13:40:48.337+0000] {spark_submit.py:571} INFO - 24/05/22 13:40:48 INFO DAGScheduler: Job 0 failed: collect at /opt/***/jobs/python/wordcount.py:11, took 9.484641 s
[2024-05-22T13:40:48.472+0000] {spark_submit.py:571} INFO - Traceback (most recent call last):
[2024-05-22T13:40:48.473+0000] {spark_submit.py:571} INFO - File "/opt/***/jobs/python/wordcount.py", line 11, in <module>
[2024-05-22T13:40:48.474+0000] {spark_submit.py:571} INFO - for word in wordCounts.collect():
[2024-05-22T13:40:48.474+0000] {spark_submit.py:571} INFO - ^^^^^^^^^^^^^^^^^^^^
[2024-05-22T13:40:48.474+0000] {spark_submit.py:571} INFO - File "/home/***/.local/lib/python3.11/site-packages/pyspark/python/lib/pyspark.zip/pyspark/rdd.py", line 1833, in collect
[2024-05-22T13:40:48.475+0000] {spark_submit.py:571} INFO - File "/home/***/.local/lib/python3.11/site-packages/pyspark/python/lib/py4j-0.10.9.7-src.zip/py4j/java_gateway.py", line 1322, in __call__
[2024-05-22T13:40:48.475+0000] {spark_submit.py:571} INFO - File "/home/***/.local/lib/python3.11/site-packages/pyspark/python/lib/pyspark.zip/pyspark/errors/exceptions/captured.py", line 179, in deco
[2024-05-22T13:40:48.475+0000] {spark_submit.py:571} INFO - File "/home/***/.local/lib/python3.11/site-packages/pyspark/python/lib/py4j-0.10.9.7-src.zip/py4j/protocol.py", line 326, in get_return_value
[2024-05-22T13:40:48.518+0000] {spark_submit.py:571} INFO - py4j.protocol.Py4JJavaError: An error occurred while calling z:org.apache.spark.api.python.PythonRDD.collectAndServe.
[2024-05-22T13:40:48.519+0000] {spark_submit.py:571} INFO - : org.apache.spark.SparkException: Job aborted due to stage failure: Task 1 in stage 0.0 failed 4 times, most recent failure: Lost task 1.3 in stage 0.0 (TID 6) (192.168.165.6 executor 1): org.apache.spark.api.python.PythonException: Traceback (most recent call last):
[2024-05-22T13:40:48.522+0000] {spark_submit.py:571} INFO - File "/opt/bitnami/spark/python/lib/pyspark.zip/pyspark/worker.py", line 1247, in main
[2024-05-22T13:40:48.523+0000] {spark_submit.py:571} INFO - process()
[2024-05-22T13:40:48.524+0000] {spark_submit.py:571} INFO - File "/opt/bitnami/spark/python/lib/pyspark.zip/pyspark/worker.py", line 1239, in process
[2024-05-22T13:40:48.524+0000] {spark_submit.py:571} INFO - serializer.dump_stream(out_iter, outfile)
[2024-05-22T13:40:48.524+0000] {spark_submit.py:571} INFO - File "/opt/bitnami/spark/python/lib/pyspark.zip/pyspark/serializers.py", line 274, in dump_stream
[2024-05-22T13:40:48.524+0000] {spark_submit.py:571} INFO - vs = list(itertools.islice(iterator, batch))
[2024-05-22T13:40:48.525+0000] {spark_submit.py:571} INFO - ^^^^^^^^^^^^^^^^^^^^^^^^^^^^^^^^^^^^^^^
[2024-05-22T13:40:48.525+0000] {spark_submit.py:571} INFO - File "/opt/bitnami/spark/python/lib/pyspark.zip/pyspark/util.py", line 83, in wrapper
[2024-05-22T13:40:48.525+0000] {spark_submit.py:571} INFO - return f(*args, **kwargs)
[2024-05-22T13:40:48.525+0000] {spark_submit.py:571} INFO - ^^^^^^^^^^^^^^^^^^
[2024-05-22T13:40:48.525+0000] {spark_submit.py:571} INFO - File "/opt/***/jobs/python/wordcount.py", line 9, in <lambda>
[2024-05-22T13:40:48.526+0000] {spark_submit.py:571} INFO - AttributeError: 'tuple' object has no attribute 'reduceByKey'
[2024-05-22T13:40:48.526+0000] {spark_submit.py:571} INFO - 
[2024-05-22T13:40:48.526+0000] {spark_submit.py:571} INFO - at org.apache.spark.api.python.BasePythonRunner$ReaderIterator.handlePythonException(PythonRunner.scala:572)
[2024-05-22T13:40:48.526+0000] {spark_submit.py:571} INFO - at org.apache.spark.api.python.PythonRunner$$anon$3.read(PythonRunner.scala:784)
[2024-05-22T13:40:48.527+0000] {spark_submit.py:571} INFO - at org.apache.spark.api.python.PythonRunner$$anon$3.read(PythonRunner.scala:766)
[2024-05-22T13:40:48.527+0000] {spark_submit.py:571} INFO - at org.apache.spark.api.python.BasePythonRunner$ReaderIterator.hasNext(PythonRunner.scala:525)
[2024-05-22T13:40:48.530+0000] {spark_submit.py:571} INFO - at org.apache.spark.InterruptibleIterator.hasNext(InterruptibleIterator.scala:37)
[2024-05-22T13:40:48.530+0000] {spark_submit.py:571} INFO - at scala.collection.Iterator.foreach(Iterator.scala:943)
[2024-05-22T13:40:48.531+0000] {spark_submit.py:571} INFO - at scala.collection.Iterator.foreach$(Iterator.scala:943)
[2024-05-22T13:40:48.533+0000] {spark_submit.py:571} INFO - at org.apache.spark.InterruptibleIterator.foreach(InterruptibleIterator.scala:28)
[2024-05-22T13:40:48.533+0000] {spark_submit.py:571} INFO - at scala.collection.generic.Growable.$plus$plus$eq(Growable.scala:62)
[2024-05-22T13:40:48.534+0000] {spark_submit.py:571} INFO - at scala.collection.generic.Growable.$plus$plus$eq$(Growable.scala:53)
[2024-05-22T13:40:48.534+0000] {spark_submit.py:571} INFO - at scala.collection.mutable.ArrayBuffer.$plus$plus$eq(ArrayBuffer.scala:105)
[2024-05-22T13:40:48.535+0000] {spark_submit.py:571} INFO - at scala.collection.mutable.ArrayBuffer.$plus$plus$eq(ArrayBuffer.scala:49)
[2024-05-22T13:40:48.535+0000] {spark_submit.py:571} INFO - at scala.collection.TraversableOnce.to(TraversableOnce.scala:366)
[2024-05-22T13:40:48.535+0000] {spark_submit.py:571} INFO - at scala.collection.TraversableOnce.to$(TraversableOnce.scala:364)
[2024-05-22T13:40:48.535+0000] {spark_submit.py:571} INFO - at org.apache.spark.InterruptibleIterator.to(InterruptibleIterator.scala:28)
[2024-05-22T13:40:48.535+0000] {spark_submit.py:571} INFO - at scala.collection.TraversableOnce.toBuffer(TraversableOnce.scala:358)
[2024-05-22T13:40:48.535+0000] {spark_submit.py:571} INFO - at scala.collection.TraversableOnce.toBuffer$(TraversableOnce.scala:358)
[2024-05-22T13:40:48.536+0000] {spark_submit.py:571} INFO - at org.apache.spark.InterruptibleIterator.toBuffer(InterruptibleIterator.scala:28)
[2024-05-22T13:40:48.536+0000] {spark_submit.py:571} INFO - at scala.collection.TraversableOnce.toArray(TraversableOnce.scala:345)
[2024-05-22T13:40:48.539+0000] {spark_submit.py:571} INFO - at scala.collection.TraversableOnce.toArray$(TraversableOnce.scala:339)
[2024-05-22T13:40:48.540+0000] {spark_submit.py:571} INFO - at org.apache.spark.InterruptibleIterator.toArray(InterruptibleIterator.scala:28)
[2024-05-22T13:40:48.540+0000] {spark_submit.py:571} INFO - at org.apache.spark.rdd.RDD.$anonfun$collect$2(RDD.scala:1049)
[2024-05-22T13:40:48.540+0000] {spark_submit.py:571} INFO - at org.apache.spark.SparkContext.$anonfun$runJob$5(SparkContext.scala:2438)
[2024-05-22T13:40:48.541+0000] {spark_submit.py:571} INFO - at org.apache.spark.scheduler.ResultTask.runTask(ResultTask.scala:93)
[2024-05-22T13:40:48.541+0000] {spark_submit.py:571} INFO - at org.apache.spark.TaskContext.runTaskWithListeners(TaskContext.scala:166)
[2024-05-22T13:40:48.541+0000] {spark_submit.py:571} INFO - at org.apache.spark.scheduler.Task.run(Task.scala:141)
[2024-05-22T13:40:48.541+0000] {spark_submit.py:571} INFO - at org.apache.spark.executor.Executor$TaskRunner.$anonfun$run$4(Executor.scala:620)
[2024-05-22T13:40:48.541+0000] {spark_submit.py:571} INFO - at org.apache.spark.util.SparkErrorUtils.tryWithSafeFinally(SparkErrorUtils.scala:64)
[2024-05-22T13:40:48.541+0000] {spark_submit.py:571} INFO - at org.apache.spark.util.SparkErrorUtils.tryWithSafeFinally$(SparkErrorUtils.scala:61)
[2024-05-22T13:40:48.542+0000] {spark_submit.py:571} INFO - at org.apache.spark.util.Utils$.tryWithSafeFinally(Utils.scala:94)
[2024-05-22T13:40:48.542+0000] {spark_submit.py:571} INFO - at org.apache.spark.executor.Executor$TaskRunner.run(Executor.scala:623)
[2024-05-22T13:40:48.542+0000] {spark_submit.py:571} INFO - at java.base/java.util.concurrent.ThreadPoolExecutor.runWorker(ThreadPoolExecutor.java:1136)
[2024-05-22T13:40:48.542+0000] {spark_submit.py:571} INFO - at java.base/java.util.concurrent.ThreadPoolExecutor$Worker.run(ThreadPoolExecutor.java:635)
[2024-05-22T13:40:48.543+0000] {spark_submit.py:571} INFO - at java.base/java.lang.Thread.run(Thread.java:840)
[2024-05-22T13:40:48.543+0000] {spark_submit.py:571} INFO - 
[2024-05-22T13:40:48.543+0000] {spark_submit.py:571} INFO - Driver stacktrace:
[2024-05-22T13:40:48.543+0000] {spark_submit.py:571} INFO - at org.apache.spark.scheduler.DAGScheduler.failJobAndIndependentStages(DAGScheduler.scala:2856)
[2024-05-22T13:40:48.546+0000] {spark_submit.py:571} INFO - at org.apache.spark.scheduler.DAGScheduler.$anonfun$abortStage$2(DAGScheduler.scala:2792)
[2024-05-22T13:40:48.546+0000] {spark_submit.py:571} INFO - at org.apache.spark.scheduler.DAGScheduler.$anonfun$abortStage$2$adapted(DAGScheduler.scala:2791)
[2024-05-22T13:40:48.547+0000] {spark_submit.py:571} INFO - at scala.collection.mutable.ResizableArray.foreach(ResizableArray.scala:62)
[2024-05-22T13:40:48.547+0000] {spark_submit.py:571} INFO - at scala.collection.mutable.ResizableArray.foreach$(ResizableArray.scala:55)
[2024-05-22T13:40:48.547+0000] {spark_submit.py:571} INFO - at scala.collection.mutable.ArrayBuffer.foreach(ArrayBuffer.scala:49)
[2024-05-22T13:40:48.548+0000] {spark_submit.py:571} INFO - at org.apache.spark.scheduler.DAGScheduler.abortStage(DAGScheduler.scala:2791)
[2024-05-22T13:40:48.551+0000] {spark_submit.py:571} INFO - at org.apache.spark.scheduler.DAGScheduler.$anonfun$handleTaskSetFailed$1(DAGScheduler.scala:1247)
[2024-05-22T13:40:48.551+0000] {spark_submit.py:571} INFO - at org.apache.spark.scheduler.DAGScheduler.$anonfun$handleTaskSetFailed$1$adapted(DAGScheduler.scala:1247)
[2024-05-22T13:40:48.551+0000] {spark_submit.py:571} INFO - at scala.Option.foreach(Option.scala:407)
[2024-05-22T13:40:48.551+0000] {spark_submit.py:571} INFO - at org.apache.spark.scheduler.DAGScheduler.handleTaskSetFailed(DAGScheduler.scala:1247)
[2024-05-22T13:40:48.551+0000] {spark_submit.py:571} INFO - at org.apache.spark.scheduler.DAGSchedulerEventProcessLoop.doOnReceive(DAGScheduler.scala:3060)
[2024-05-22T13:40:48.551+0000] {spark_submit.py:571} INFO - at org.apache.spark.scheduler.DAGSchedulerEventProcessLoop.onReceive(DAGScheduler.scala:2994)
[2024-05-22T13:40:48.552+0000] {spark_submit.py:571} INFO - at org.apache.spark.scheduler.DAGSchedulerEventProcessLoop.onReceive(DAGScheduler.scala:2983)
[2024-05-22T13:40:48.552+0000] {spark_submit.py:571} INFO - at org.apache.spark.util.EventLoop$$anon$1.run(EventLoop.scala:49)
[2024-05-22T13:40:48.552+0000] {spark_submit.py:571} INFO - at org.apache.spark.scheduler.DAGScheduler.runJob(DAGScheduler.scala:989)
[2024-05-22T13:40:48.552+0000] {spark_submit.py:571} INFO - at org.apache.spark.SparkContext.runJob(SparkContext.scala:2398)
[2024-05-22T13:40:48.552+0000] {spark_submit.py:571} INFO - at org.apache.spark.SparkContext.runJob(SparkContext.scala:2419)
[2024-05-22T13:40:48.552+0000] {spark_submit.py:571} INFO - at org.apache.spark.SparkContext.runJob(SparkContext.scala:2438)
[2024-05-22T13:40:48.552+0000] {spark_submit.py:571} INFO - at org.apache.spark.SparkContext.runJob(SparkContext.scala:2463)
[2024-05-22T13:40:48.553+0000] {spark_submit.py:571} INFO - at org.apache.spark.rdd.RDD.$anonfun$collect$1(RDD.scala:1049)
[2024-05-22T13:40:48.553+0000] {spark_submit.py:571} INFO - at org.apache.spark.rdd.RDDOperationScope$.withScope(RDDOperationScope.scala:151)
[2024-05-22T13:40:48.556+0000] {spark_submit.py:571} INFO - at org.apache.spark.rdd.RDDOperationScope$.withScope(RDDOperationScope.scala:112)
[2024-05-22T13:40:48.556+0000] {spark_submit.py:571} INFO - at org.apache.spark.rdd.RDD.withScope(RDD.scala:410)
[2024-05-22T13:40:48.556+0000] {spark_submit.py:571} INFO - at org.apache.spark.rdd.RDD.collect(RDD.scala:1048)
[2024-05-22T13:40:48.556+0000] {spark_submit.py:571} INFO - at org.apache.spark.api.python.PythonRDD$.collectAndServe(PythonRDD.scala:195)
[2024-05-22T13:40:48.556+0000] {spark_submit.py:571} INFO - at org.apache.spark.api.python.PythonRDD.collectAndServe(PythonRDD.scala)
[2024-05-22T13:40:48.556+0000] {spark_submit.py:571} INFO - at java.base/jdk.internal.reflect.NativeMethodAccessorImpl.invoke0(Native Method)
[2024-05-22T13:40:48.556+0000] {spark_submit.py:571} INFO - at java.base/jdk.internal.reflect.NativeMethodAccessorImpl.invoke(NativeMethodAccessorImpl.java:62)
[2024-05-22T13:40:48.556+0000] {spark_submit.py:571} INFO - at java.base/jdk.internal.reflect.DelegatingMethodAccessorImpl.invoke(DelegatingMethodAccessorImpl.java:43)
[2024-05-22T13:40:48.556+0000] {spark_submit.py:571} INFO - at java.base/java.lang.reflect.Method.invoke(Method.java:566)
[2024-05-22T13:40:48.557+0000] {spark_submit.py:571} INFO - at py4j.reflection.MethodInvoker.invoke(MethodInvoker.java:244)
[2024-05-22T13:40:48.557+0000] {spark_submit.py:571} INFO - at py4j.reflection.ReflectionEngine.invoke(ReflectionEngine.java:374)
[2024-05-22T13:40:48.557+0000] {spark_submit.py:571} INFO - at py4j.Gateway.invoke(Gateway.java:282)
[2024-05-22T13:40:48.557+0000] {spark_submit.py:571} INFO - at py4j.commands.AbstractCommand.invokeMethod(AbstractCommand.java:132)
[2024-05-22T13:40:48.557+0000] {spark_submit.py:571} INFO - at py4j.commands.CallCommand.execute(CallCommand.java:79)
[2024-05-22T13:40:48.557+0000] {spark_submit.py:571} INFO - at py4j.ClientServerConnection.waitForCommands(ClientServerConnection.java:182)
[2024-05-22T13:40:48.557+0000] {spark_submit.py:571} INFO - at py4j.ClientServerConnection.run(ClientServerConnection.java:106)
[2024-05-22T13:40:48.557+0000] {spark_submit.py:571} INFO - at java.base/java.lang.Thread.run(Thread.java:829)
[2024-05-22T13:40:48.557+0000] {spark_submit.py:571} INFO - Caused by: org.apache.spark.api.python.PythonException: Traceback (most recent call last):
[2024-05-22T13:40:48.557+0000] {spark_submit.py:571} INFO - File "/opt/bitnami/spark/python/lib/pyspark.zip/pyspark/worker.py", line 1247, in main
[2024-05-22T13:40:48.557+0000] {spark_submit.py:571} INFO - process()
[2024-05-22T13:40:48.557+0000] {spark_submit.py:571} INFO - File "/opt/bitnami/spark/python/lib/pyspark.zip/pyspark/worker.py", line 1239, in process
[2024-05-22T13:40:48.557+0000] {spark_submit.py:571} INFO - serializer.dump_stream(out_iter, outfile)
[2024-05-22T13:40:48.557+0000] {spark_submit.py:571} INFO - File "/opt/bitnami/spark/python/lib/pyspark.zip/pyspark/serializers.py", line 274, in dump_stream
[2024-05-22T13:40:48.557+0000] {spark_submit.py:571} INFO - vs = list(itertools.islice(iterator, batch))
[2024-05-22T13:40:48.558+0000] {spark_submit.py:571} INFO - ^^^^^^^^^^^^^^^^^^^^^^^^^^^^^^^^^^^^^^^
[2024-05-22T13:40:48.558+0000] {spark_submit.py:571} INFO - File "/opt/bitnami/spark/python/lib/pyspark.zip/pyspark/util.py", line 83, in wrapper
[2024-05-22T13:40:48.558+0000] {spark_submit.py:571} INFO - return f(*args, **kwargs)
[2024-05-22T13:40:48.558+0000] {spark_submit.py:571} INFO - ^^^^^^^^^^^^^^^^^^
[2024-05-22T13:40:48.558+0000] {spark_submit.py:571} INFO - File "/opt/***/jobs/python/wordcount.py", line 9, in <lambda>
[2024-05-22T13:40:48.558+0000] {spark_submit.py:571} INFO - AttributeError: 'tuple' object has no attribute 'reduceByKey'
[2024-05-22T13:40:48.558+0000] {spark_submit.py:571} INFO - 
[2024-05-22T13:40:48.558+0000] {spark_submit.py:571} INFO - at org.apache.spark.api.python.BasePythonRunner$ReaderIterator.handlePythonException(PythonRunner.scala:572)
[2024-05-22T13:40:48.558+0000] {spark_submit.py:571} INFO - at org.apache.spark.api.python.PythonRunner$$anon$3.read(PythonRunner.scala:784)
[2024-05-22T13:40:48.558+0000] {spark_submit.py:571} INFO - at org.apache.spark.api.python.PythonRunner$$anon$3.read(PythonRunner.scala:766)
[2024-05-22T13:40:48.558+0000] {spark_submit.py:571} INFO - at org.apache.spark.api.python.BasePythonRunner$ReaderIterator.hasNext(PythonRunner.scala:525)
[2024-05-22T13:40:48.558+0000] {spark_submit.py:571} INFO - at org.apache.spark.InterruptibleIterator.hasNext(InterruptibleIterator.scala:37)
[2024-05-22T13:40:48.558+0000] {spark_submit.py:571} INFO - at scala.collection.Iterator.foreach(Iterator.scala:943)
[2024-05-22T13:40:48.558+0000] {spark_submit.py:571} INFO - at scala.collection.Iterator.foreach$(Iterator.scala:943)
[2024-05-22T13:40:48.559+0000] {spark_submit.py:571} INFO - at org.apache.spark.InterruptibleIterator.foreach(InterruptibleIterator.scala:28)
[2024-05-22T13:40:48.559+0000] {spark_submit.py:571} INFO - at scala.collection.generic.Growable.$plus$plus$eq(Growable.scala:62)
[2024-05-22T13:40:48.559+0000] {spark_submit.py:571} INFO - at scala.collection.generic.Growable.$plus$plus$eq$(Growable.scala:53)
[2024-05-22T13:40:48.559+0000] {spark_submit.py:571} INFO - at scala.collection.mutable.ArrayBuffer.$plus$plus$eq(ArrayBuffer.scala:105)
[2024-05-22T13:40:48.559+0000] {spark_submit.py:571} INFO - at scala.collection.mutable.ArrayBuffer.$plus$plus$eq(ArrayBuffer.scala:49)
[2024-05-22T13:40:48.559+0000] {spark_submit.py:571} INFO - at scala.collection.TraversableOnce.to(TraversableOnce.scala:366)
[2024-05-22T13:40:48.559+0000] {spark_submit.py:571} INFO - at scala.collection.TraversableOnce.to$(TraversableOnce.scala:364)
[2024-05-22T13:40:48.559+0000] {spark_submit.py:571} INFO - at org.apache.spark.InterruptibleIterator.to(InterruptibleIterator.scala:28)
[2024-05-22T13:40:48.559+0000] {spark_submit.py:571} INFO - at scala.collection.TraversableOnce.toBuffer(TraversableOnce.scala:358)
[2024-05-22T13:40:48.559+0000] {spark_submit.py:571} INFO - at scala.collection.TraversableOnce.toBuffer$(TraversableOnce.scala:358)
[2024-05-22T13:40:48.559+0000] {spark_submit.py:571} INFO - at org.apache.spark.InterruptibleIterator.toBuffer(InterruptibleIterator.scala:28)
[2024-05-22T13:40:48.562+0000] {spark_submit.py:571} INFO - at scala.collection.TraversableOnce.toArray(TraversableOnce.scala:345)
[2024-05-22T13:40:48.562+0000] {spark_submit.py:571} INFO - at scala.collection.TraversableOnce.toArray$(TraversableOnce.scala:339)
[2024-05-22T13:40:48.562+0000] {spark_submit.py:571} INFO - at org.apache.spark.InterruptibleIterator.toArray(InterruptibleIterator.scala:28)
[2024-05-22T13:40:48.562+0000] {spark_submit.py:571} INFO - at org.apache.spark.rdd.RDD.$anonfun$collect$2(RDD.scala:1049)
[2024-05-22T13:40:48.562+0000] {spark_submit.py:571} INFO - at org.apache.spark.SparkContext.$anonfun$runJob$5(SparkContext.scala:2438)
[2024-05-22T13:40:48.562+0000] {spark_submit.py:571} INFO - at org.apache.spark.scheduler.ResultTask.runTask(ResultTask.scala:93)
[2024-05-22T13:40:48.562+0000] {spark_submit.py:571} INFO - at org.apache.spark.TaskContext.runTaskWithListeners(TaskContext.scala:166)
[2024-05-22T13:40:48.563+0000] {spark_submit.py:571} INFO - at org.apache.spark.scheduler.Task.run(Task.scala:141)
[2024-05-22T13:40:48.563+0000] {spark_submit.py:571} INFO - at org.apache.spark.executor.Executor$TaskRunner.$anonfun$run$4(Executor.scala:620)
[2024-05-22T13:40:48.563+0000] {spark_submit.py:571} INFO - at org.apache.spark.util.SparkErrorUtils.tryWithSafeFinally(SparkErrorUtils.scala:64)
[2024-05-22T13:40:48.563+0000] {spark_submit.py:571} INFO - at org.apache.spark.util.SparkErrorUtils.tryWithSafeFinally$(SparkErrorUtils.scala:61)
[2024-05-22T13:40:48.563+0000] {spark_submit.py:571} INFO - at org.apache.spark.util.Utils$.tryWithSafeFinally(Utils.scala:94)
[2024-05-22T13:40:48.563+0000] {spark_submit.py:571} INFO - at org.apache.spark.executor.Executor$TaskRunner.run(Executor.scala:623)
[2024-05-22T13:40:48.563+0000] {spark_submit.py:571} INFO - at java.base/java.util.concurrent.ThreadPoolExecutor.runWorker(ThreadPoolExecutor.java:1136)
[2024-05-22T13:40:48.563+0000] {spark_submit.py:571} INFO - at java.base/java.util.concurrent.ThreadPoolExecutor$Worker.run(ThreadPoolExecutor.java:635)
[2024-05-22T13:40:48.563+0000] {spark_submit.py:571} INFO - at java.base/java.lang.Thread.run(Thread.java:840)
[2024-05-22T13:40:48.563+0000] {spark_submit.py:571} INFO - 
[2024-05-22T13:40:48.639+0000] {spark_submit.py:571} INFO - 24/05/22 13:40:48 INFO SparkContext: Invoking stop() from shutdown hook
[2024-05-22T13:40:48.639+0000] {spark_submit.py:571} INFO - 24/05/22 13:40:48 INFO SparkContext: SparkContext is stopping with exitCode 0.
[2024-05-22T13:40:48.670+0000] {spark_submit.py:571} INFO - 24/05/22 13:40:48 INFO SparkUI: Stopped Spark web UI at http://555515bb1aeb:4040
[2024-05-22T13:40:48.676+0000] {spark_submit.py:571} INFO - 24/05/22 13:40:48 INFO StandaloneSchedulerBackend: Shutting down all executors
[2024-05-22T13:40:48.680+0000] {spark_submit.py:571} INFO - 24/05/22 13:40:48 INFO StandaloneSchedulerBackend$StandaloneDriverEndpoint: Asking each executor to shut down
[2024-05-22T13:40:48.821+0000] {spark_submit.py:571} INFO - 24/05/22 13:40:48 INFO MapOutputTrackerMasterEndpoint: MapOutputTrackerMasterEndpoint stopped!
[2024-05-22T13:40:49.012+0000] {spark_submit.py:571} INFO - 24/05/22 13:40:49 INFO MemoryStore: MemoryStore cleared
[2024-05-22T13:40:49.013+0000] {spark_submit.py:571} INFO - 24/05/22 13:40:49 INFO BlockManager: BlockManager stopped
[2024-05-22T13:40:49.089+0000] {spark_submit.py:571} INFO - 24/05/22 13:40:49 INFO BlockManagerMaster: BlockManagerMaster stopped
[2024-05-22T13:40:49.112+0000] {spark_submit.py:571} INFO - 24/05/22 13:40:49 INFO OutputCommitCoordinator$OutputCommitCoordinatorEndpoint: OutputCommitCoordinator stopped!
[2024-05-22T13:40:49.192+0000] {spark_submit.py:571} INFO - 24/05/22 13:40:49 INFO SparkContext: Successfully stopped SparkContext
[2024-05-22T13:40:49.193+0000] {spark_submit.py:571} INFO - 24/05/22 13:40:49 INFO ShutdownHookManager: Shutdown hook called
[2024-05-22T13:40:49.200+0000] {spark_submit.py:571} INFO - 24/05/22 13:40:49 INFO ShutdownHookManager: Deleting directory /tmp/spark-aafe49da-b7b2-46af-84bc-6d059f8f9720/pyspark-6a196a70-a4ad-4fac-be6b-ab6297adf524
[2024-05-22T13:40:49.218+0000] {spark_submit.py:571} INFO - 24/05/22 13:40:49 INFO ShutdownHookManager: Deleting directory /tmp/spark-ad854f0c-2600-4cb4-b5a3-1e8bfc0ffd64
[2024-05-22T13:40:49.242+0000] {spark_submit.py:571} INFO - 24/05/22 13:40:49 INFO ShutdownHookManager: Deleting directory /tmp/spark-aafe49da-b7b2-46af-84bc-6d059f8f9720
[2024-05-22T13:40:49.403+0000] {taskinstance.py:1935} ERROR - Task failed with exception
Traceback (most recent call last):
  File "/home/airflow/.local/lib/python3.11/site-packages/airflow/providers/apache/spark/operators/spark_submit.py", line 174, in execute
    self._hook.submit(self.application)
  File "/home/airflow/.local/lib/python3.11/site-packages/airflow/providers/apache/spark/hooks/spark_submit.py", line 502, in submit
    raise AirflowException(
airflow.exceptions.AirflowException: Cannot execute: spark-submit --master spark://spark-master:7077 --name arrow-spark --deploy-mode client jobs/python/wordcount.py. Error code is: 1.
[2024-05-22T13:40:49.417+0000] {taskinstance.py:1398} INFO - Marking task as FAILED. dag_id=spark_***, task_id=wordcount, execution_date=20240521T010000, start_date=20240522T134027, end_date=20240522T134049
[2024-05-22T13:40:49.440+0000] {standard_task_runner.py:104} ERROR - Failed to execute job 10 for task wordcount (Cannot execute: spark-submit --master spark://spark-master:7077 --name arrow-spark --deploy-mode client jobs/python/wordcount.py. Error code is: 1.; 921)
[2024-05-22T13:40:49.525+0000] {local_task_job_runner.py:228} INFO - Task exited with return code 1
[2024-05-22T13:40:49.576+0000] {taskinstance.py:2776} INFO - 0 downstream tasks scheduled from follow-on schedule check
