[2024-05-22T13:35:39.934+0000] {taskinstance.py:1157} INFO - Dependencies all met for dep_context=non-requeueable deps ti=<TaskInstance: spark_airflow.wordcount scheduled__2024-05-21T01:00:00+00:00 [queued]>
[2024-05-22T13:35:39.939+0000] {taskinstance.py:1157} INFO - Dependencies all met for dep_context=requeueable deps ti=<TaskInstance: spark_airflow.wordcount scheduled__2024-05-21T01:00:00+00:00 [queued]>
[2024-05-22T13:35:39.940+0000] {taskinstance.py:1359} INFO - Starting attempt 1 of 1
[2024-05-22T13:35:39.947+0000] {taskinstance.py:1380} INFO - Executing <Task(SparkSubmitOperator): wordcount> on 2024-05-21 01:00:00+00:00
[2024-05-22T13:35:39.965+0000] {standard_task_runner.py:57} INFO - Started process 222 to run task
[2024-05-22T13:35:39.979+0000] {standard_task_runner.py:84} INFO - Running: ['***', 'tasks', 'run', 'spark_***', 'wordcount', 'scheduled__2024-05-21T01:00:00+00:00', '--job-id', '3', '--raw', '--subdir', 'DAGS_FOLDER/spark_***.py', '--cfg-path', '/tmp/tmp3ietg79b']
[2024-05-22T13:35:39.988+0000] {standard_task_runner.py:85} INFO - Job 3: Subtask wordcount
[2024-05-22T13:35:40.076+0000] {task_command.py:415} INFO - Running <TaskInstance: spark_airflow.wordcount scheduled__2024-05-21T01:00:00+00:00 [running]> on host 555515bb1aeb
[2024-05-22T13:35:40.150+0000] {taskinstance.py:1660} INFO - Exporting env vars: AIRFLOW_CTX_DAG_OWNER='Bagas Prakasa' AIRFLOW_CTX_DAG_ID='spark_***' AIRFLOW_CTX_TASK_ID='wordcount' AIRFLOW_CTX_EXECUTION_DATE='2024-05-21T01:00:00+00:00' AIRFLOW_CTX_TRY_NUMBER='1' AIRFLOW_CTX_DAG_RUN_ID='scheduled__2024-05-21T01:00:00+00:00'
[2024-05-22T13:35:40.164+0000] {base.py:73} INFO - Using connection ID 'spark-conn' for task execution.
[2024-05-22T13:35:40.164+0000] {spark_submit.py:401} INFO - Spark-Submit cmd: spark-submit --master spark://spark-master-1:7077 --name arrow-spark --deploy-mode client jobs/python/wordcount.py
[2024-05-22T13:35:40.448+0000] {spark_submit.py:571} INFO - /home/***/.local/lib/python3.11/site-packages/pyspark/bin/load-spark-env.sh: line 68: ps: command not found
[2024-05-22T13:35:45.583+0000] {spark_submit.py:571} INFO - 24/05/22 13:35:45 INFO SparkContext: Running Spark version 3.5.1
[2024-05-22T13:35:45.586+0000] {spark_submit.py:571} INFO - 24/05/22 13:35:45 INFO SparkContext: OS info Linux, 6.7.11-orbstack-00143-ge6b82e26cd22, aarch64
[2024-05-22T13:35:45.587+0000] {spark_submit.py:571} INFO - 24/05/22 13:35:45 INFO SparkContext: Java version 11.0.23
[2024-05-22T13:35:45.811+0000] {spark_submit.py:571} INFO - 24/05/22 13:35:45 WARN NativeCodeLoader: Unable to load native-hadoop library for your platform... using builtin-java classes where applicable
[2024-05-22T13:35:45.926+0000] {spark_submit.py:571} INFO - 24/05/22 13:35:45 INFO ResourceUtils: ==============================================================
[2024-05-22T13:35:45.927+0000] {spark_submit.py:571} INFO - 24/05/22 13:35:45 INFO ResourceUtils: No custom resources configured for spark.driver.
[2024-05-22T13:35:45.927+0000] {spark_submit.py:571} INFO - 24/05/22 13:35:45 INFO ResourceUtils: ==============================================================
[2024-05-22T13:35:45.930+0000] {spark_submit.py:571} INFO - 24/05/22 13:35:45 INFO SparkContext: Submitted application: PythonWordCount
[2024-05-22T13:35:45.950+0000] {spark_submit.py:571} INFO - 24/05/22 13:35:45 INFO ResourceProfile: Default ResourceProfile created, executor resources: Map(memory -> name: memory, amount: 1024, script: , vendor: , offHeap -> name: offHeap, amount: 0, script: , vendor: ), task resources: Map(cpus -> name: cpus, amount: 1.0)
[2024-05-22T13:35:45.967+0000] {spark_submit.py:571} INFO - 24/05/22 13:35:45 INFO ResourceProfile: Limiting resource is cpu
[2024-05-22T13:35:45.969+0000] {spark_submit.py:571} INFO - 24/05/22 13:35:45 INFO ResourceProfileManager: Added ResourceProfile id: 0
[2024-05-22T13:35:46.041+0000] {spark_submit.py:571} INFO - 24/05/22 13:35:46 INFO SecurityManager: Changing view acls to: ***
[2024-05-22T13:35:46.042+0000] {spark_submit.py:571} INFO - 24/05/22 13:35:46 INFO SecurityManager: Changing modify acls to: ***
[2024-05-22T13:35:46.043+0000] {spark_submit.py:571} INFO - 24/05/22 13:35:46 INFO SecurityManager: Changing view acls groups to:
[2024-05-22T13:35:46.043+0000] {spark_submit.py:571} INFO - 24/05/22 13:35:46 INFO SecurityManager: Changing modify acls groups to:
[2024-05-22T13:35:46.044+0000] {spark_submit.py:571} INFO - 24/05/22 13:35:46 INFO SecurityManager: SecurityManager: authentication disabled; ui acls disabled; users with view permissions: ***; groups with view permissions: EMPTY; users with modify permissions: ***; groups with modify permissions: EMPTY
[2024-05-22T13:35:46.372+0000] {spark_submit.py:571} INFO - 24/05/22 13:35:46 INFO Utils: Successfully started service 'sparkDriver' on port 38935.
[2024-05-22T13:35:46.461+0000] {spark_submit.py:571} INFO - 24/05/22 13:35:46 INFO SparkEnv: Registering MapOutputTracker
[2024-05-22T13:35:46.550+0000] {spark_submit.py:571} INFO - 24/05/22 13:35:46 INFO SparkEnv: Registering BlockManagerMaster
[2024-05-22T13:35:46.584+0000] {spark_submit.py:571} INFO - 24/05/22 13:35:46 INFO BlockManagerMasterEndpoint: Using org.apache.spark.storage.DefaultTopologyMapper for getting topology information
[2024-05-22T13:35:46.585+0000] {spark_submit.py:571} INFO - 24/05/22 13:35:46 INFO BlockManagerMasterEndpoint: BlockManagerMasterEndpoint up
[2024-05-22T13:35:46.591+0000] {spark_submit.py:571} INFO - 24/05/22 13:35:46 INFO SparkEnv: Registering BlockManagerMasterHeartbeat
[2024-05-22T13:35:46.621+0000] {spark_submit.py:571} INFO - 24/05/22 13:35:46 INFO DiskBlockManager: Created local directory at /tmp/blockmgr-115e4569-a290-4425-a527-0ab4211d5380
[2024-05-22T13:35:46.636+0000] {spark_submit.py:571} INFO - 24/05/22 13:35:46 INFO MemoryStore: MemoryStore started with capacity 434.4 MiB
[2024-05-22T13:35:46.653+0000] {spark_submit.py:571} INFO - 24/05/22 13:35:46 INFO SparkEnv: Registering OutputCommitCoordinator
[2024-05-22T13:35:46.885+0000] {spark_submit.py:571} INFO - 24/05/22 13:35:46 INFO JettyUtils: Start Jetty 0.0.0.0:4040 for SparkUI
[2024-05-22T13:35:46.981+0000] {spark_submit.py:571} INFO - 24/05/22 13:35:46 WARN Utils: Service 'SparkUI' could not bind on port 4040. Attempting port 4041.
[2024-05-22T13:35:47.002+0000] {spark_submit.py:571} INFO - 24/05/22 13:35:47 INFO Utils: Successfully started service 'SparkUI' on port 4041.
[2024-05-22T13:35:47.180+0000] {spark_submit.py:571} INFO - 24/05/22 13:35:47 INFO StandaloneAppClient$ClientEndpoint: Connecting to master spark://spark-master-1:7077...
[2024-05-22T13:35:47.243+0000] {spark_submit.py:571} INFO - 24/05/22 13:35:47 WARN StandaloneAppClient$ClientEndpoint: Failed to connect to master spark-master-1:7077
[2024-05-22T13:35:47.244+0000] {spark_submit.py:571} INFO - org.apache.spark.SparkException: Exception thrown in awaitResult:
[2024-05-22T13:35:47.244+0000] {spark_submit.py:571} INFO - at org.apache.spark.util.SparkThreadUtils$.awaitResult(SparkThreadUtils.scala:56)
[2024-05-22T13:35:47.245+0000] {spark_submit.py:571} INFO - at org.apache.spark.util.ThreadUtils$.awaitResult(ThreadUtils.scala:310)
[2024-05-22T13:35:47.245+0000] {spark_submit.py:571} INFO - at org.apache.spark.rpc.RpcTimeout.awaitResult(RpcTimeout.scala:75)
[2024-05-22T13:35:47.246+0000] {spark_submit.py:571} INFO - at org.apache.spark.rpc.RpcEnv.setupEndpointRefByURI(RpcEnv.scala:102)
[2024-05-22T13:35:47.248+0000] {spark_submit.py:571} INFO - at org.apache.spark.rpc.RpcEnv.setupEndpointRef(RpcEnv.scala:110)
[2024-05-22T13:35:47.249+0000] {spark_submit.py:571} INFO - at org.apache.spark.deploy.client.StandaloneAppClient$ClientEndpoint$$anon$1.run(StandaloneAppClient.scala:108)
[2024-05-22T13:35:47.249+0000] {spark_submit.py:571} INFO - at java.base/java.util.concurrent.Executors$RunnableAdapter.call(Executors.java:515)
[2024-05-22T13:35:47.249+0000] {spark_submit.py:571} INFO - at java.base/java.util.concurrent.FutureTask.run(FutureTask.java:264)
[2024-05-22T13:35:47.249+0000] {spark_submit.py:571} INFO - at java.base/java.util.concurrent.ThreadPoolExecutor.runWorker(ThreadPoolExecutor.java:1128)
[2024-05-22T13:35:47.249+0000] {spark_submit.py:571} INFO - at java.base/java.util.concurrent.ThreadPoolExecutor$Worker.run(ThreadPoolExecutor.java:628)
[2024-05-22T13:35:47.249+0000] {spark_submit.py:571} INFO - at java.base/java.lang.Thread.run(Thread.java:829)
[2024-05-22T13:35:47.249+0000] {spark_submit.py:571} INFO - Caused by: java.io.IOException: Failed to connect to spark-master-1:7077
[2024-05-22T13:35:47.249+0000] {spark_submit.py:571} INFO - at org.apache.spark.network.client.TransportClientFactory.createClient(TransportClientFactory.java:294)
[2024-05-22T13:35:47.249+0000] {spark_submit.py:571} INFO - at org.apache.spark.network.client.TransportClientFactory.createClient(TransportClientFactory.java:214)
[2024-05-22T13:35:47.249+0000] {spark_submit.py:571} INFO - at org.apache.spark.network.client.TransportClientFactory.createClient(TransportClientFactory.java:226)
[2024-05-22T13:35:47.249+0000] {spark_submit.py:571} INFO - at org.apache.spark.rpc.netty.NettyRpcEnv.createClient(NettyRpcEnv.scala:204)
[2024-05-22T13:35:47.250+0000] {spark_submit.py:571} INFO - at org.apache.spark.rpc.netty.Outbox$$anon$1.call(Outbox.scala:202)
[2024-05-22T13:35:47.250+0000] {spark_submit.py:571} INFO - at org.apache.spark.rpc.netty.Outbox$$anon$1.call(Outbox.scala:198)
[2024-05-22T13:35:47.250+0000] {spark_submit.py:571} INFO - ... 4 more
[2024-05-22T13:35:47.250+0000] {spark_submit.py:571} INFO - Caused by: java.net.UnknownHostException: spark-master-1
[2024-05-22T13:35:47.250+0000] {spark_submit.py:571} INFO - at java.base/java.net.InetAddress$CachedAddresses.get(InetAddress.java:797)
[2024-05-22T13:35:47.250+0000] {spark_submit.py:571} INFO - at java.base/java.net.InetAddress.getAllByName0(InetAddress.java:1533)
[2024-05-22T13:35:47.250+0000] {spark_submit.py:571} INFO - at java.base/java.net.InetAddress.getAllByName(InetAddress.java:1386)
[2024-05-22T13:35:47.250+0000] {spark_submit.py:571} INFO - at java.base/java.net.InetAddress.getAllByName(InetAddress.java:1307)
[2024-05-22T13:35:47.250+0000] {spark_submit.py:571} INFO - at java.base/java.net.InetAddress.getByName(InetAddress.java:1257)
[2024-05-22T13:35:47.250+0000] {spark_submit.py:571} INFO - at io.netty.util.internal.SocketUtils$8.run(SocketUtils.java:156)
[2024-05-22T13:35:47.251+0000] {spark_submit.py:571} INFO - at io.netty.util.internal.SocketUtils$8.run(SocketUtils.java:153)
[2024-05-22T13:35:47.251+0000] {spark_submit.py:571} INFO - at java.base/java.security.AccessController.doPrivileged(Native Method)
[2024-05-22T13:35:47.251+0000] {spark_submit.py:571} INFO - at io.netty.util.internal.SocketUtils.addressByName(SocketUtils.java:153)
[2024-05-22T13:35:47.252+0000] {spark_submit.py:571} INFO - at io.netty.resolver.DefaultNameResolver.doResolve(DefaultNameResolver.java:41)
[2024-05-22T13:35:47.252+0000] {spark_submit.py:571} INFO - at io.netty.resolver.SimpleNameResolver.resolve(SimpleNameResolver.java:61)
[2024-05-22T13:35:47.252+0000] {spark_submit.py:571} INFO - at io.netty.resolver.SimpleNameResolver.resolve(SimpleNameResolver.java:53)
[2024-05-22T13:35:47.252+0000] {spark_submit.py:571} INFO - at io.netty.resolver.InetSocketAddressResolver.doResolve(InetSocketAddressResolver.java:55)
[2024-05-22T13:35:47.252+0000] {spark_submit.py:571} INFO - at io.netty.resolver.InetSocketAddressResolver.doResolve(InetSocketAddressResolver.java:31)
[2024-05-22T13:35:47.252+0000] {spark_submit.py:571} INFO - at io.netty.resolver.AbstractAddressResolver.resolve(AbstractAddressResolver.java:106)
[2024-05-22T13:35:47.252+0000] {spark_submit.py:571} INFO - at io.netty.bootstrap.Bootstrap.doResolveAndConnect0(Bootstrap.java:220)
[2024-05-22T13:35:47.252+0000] {spark_submit.py:571} INFO - at io.netty.bootstrap.Bootstrap.access$000(Bootstrap.java:46)
[2024-05-22T13:35:47.252+0000] {spark_submit.py:571} INFO - at io.netty.bootstrap.Bootstrap$1.operationComplete(Bootstrap.java:189)
[2024-05-22T13:35:47.253+0000] {spark_submit.py:571} INFO - at io.netty.bootstrap.Bootstrap$1.operationComplete(Bootstrap.java:175)
[2024-05-22T13:35:47.253+0000] {spark_submit.py:571} INFO - at io.netty.util.concurrent.DefaultPromise.notifyListener0(DefaultPromise.java:590)
[2024-05-22T13:35:47.253+0000] {spark_submit.py:571} INFO - at io.netty.util.concurrent.DefaultPromise.notifyListenersNow(DefaultPromise.java:557)
[2024-05-22T13:35:47.253+0000] {spark_submit.py:571} INFO - at io.netty.util.concurrent.DefaultPromise.notifyListeners(DefaultPromise.java:492)
[2024-05-22T13:35:47.253+0000] {spark_submit.py:571} INFO - at io.netty.util.concurrent.DefaultPromise.setValue0(DefaultPromise.java:636)
[2024-05-22T13:35:47.253+0000] {spark_submit.py:571} INFO - at io.netty.util.concurrent.DefaultPromise.setSuccess0(DefaultPromise.java:625)
[2024-05-22T13:35:47.253+0000] {spark_submit.py:571} INFO - at io.netty.util.concurrent.DefaultPromise.trySuccess(DefaultPromise.java:105)
[2024-05-22T13:35:47.253+0000] {spark_submit.py:571} INFO - at io.netty.channel.DefaultChannelPromise.trySuccess(DefaultChannelPromise.java:84)
[2024-05-22T13:35:47.253+0000] {spark_submit.py:571} INFO - at io.netty.channel.AbstractChannel$AbstractUnsafe.safeSetSuccess(AbstractChannel.java:990)
[2024-05-22T13:35:47.253+0000] {spark_submit.py:571} INFO - at io.netty.channel.AbstractChannel$AbstractUnsafe.register0(AbstractChannel.java:516)
[2024-05-22T13:35:47.253+0000] {spark_submit.py:571} INFO - at io.netty.channel.AbstractChannel$AbstractUnsafe.access$200(AbstractChannel.java:429)
[2024-05-22T13:35:47.253+0000] {spark_submit.py:571} INFO - at io.netty.channel.AbstractChannel$AbstractUnsafe$1.run(AbstractChannel.java:486)
[2024-05-22T13:35:47.253+0000] {spark_submit.py:571} INFO - at io.netty.util.concurrent.AbstractEventExecutor.runTask(AbstractEventExecutor.java:174)
[2024-05-22T13:35:47.253+0000] {spark_submit.py:571} INFO - at io.netty.util.concurrent.AbstractEventExecutor.safeExecute(AbstractEventExecutor.java:167)
[2024-05-22T13:35:47.253+0000] {spark_submit.py:571} INFO - at io.netty.util.concurrent.SingleThreadEventExecutor.runAllTasks(SingleThreadEventExecutor.java:470)
[2024-05-22T13:35:47.253+0000] {spark_submit.py:571} INFO - at io.netty.channel.nio.NioEventLoop.run(NioEventLoop.java:569)
[2024-05-22T13:35:47.254+0000] {spark_submit.py:571} INFO - at io.netty.util.concurrent.SingleThreadEventExecutor$4.run(SingleThreadEventExecutor.java:997)
[2024-05-22T13:35:47.254+0000] {spark_submit.py:571} INFO - at io.netty.util.internal.ThreadExecutorMap$2.run(ThreadExecutorMap.java:74)
[2024-05-22T13:35:47.254+0000] {spark_submit.py:571} INFO - at io.netty.util.concurrent.FastThreadLocalRunnable.run(FastThreadLocalRunnable.java:30)
[2024-05-22T13:35:47.254+0000] {spark_submit.py:571} INFO - ... 1 more
[2024-05-22T13:36:07.193+0000] {spark_submit.py:571} INFO - 24/05/22 13:36:07 INFO StandaloneAppClient$ClientEndpoint: Connecting to master spark://spark-master-1:7077...
[2024-05-22T13:36:07.223+0000] {spark_submit.py:571} INFO - 24/05/22 13:36:07 WARN StandaloneAppClient$ClientEndpoint: Failed to connect to master spark-master-1:7077
[2024-05-22T13:36:07.224+0000] {spark_submit.py:571} INFO - org.apache.spark.SparkException: Exception thrown in awaitResult:
[2024-05-22T13:36:07.225+0000] {spark_submit.py:571} INFO - at org.apache.spark.util.SparkThreadUtils$.awaitResult(SparkThreadUtils.scala:56)
[2024-05-22T13:36:07.225+0000] {spark_submit.py:571} INFO - at org.apache.spark.util.ThreadUtils$.awaitResult(ThreadUtils.scala:310)
[2024-05-22T13:36:07.225+0000] {spark_submit.py:571} INFO - at org.apache.spark.rpc.RpcTimeout.awaitResult(RpcTimeout.scala:75)
[2024-05-22T13:36:07.225+0000] {spark_submit.py:571} INFO - at org.apache.spark.rpc.RpcEnv.setupEndpointRefByURI(RpcEnv.scala:102)
[2024-05-22T13:36:07.225+0000] {spark_submit.py:571} INFO - at org.apache.spark.rpc.RpcEnv.setupEndpointRef(RpcEnv.scala:110)
[2024-05-22T13:36:07.225+0000] {spark_submit.py:571} INFO - at org.apache.spark.deploy.client.StandaloneAppClient$ClientEndpoint$$anon$1.run(StandaloneAppClient.scala:108)
[2024-05-22T13:36:07.226+0000] {spark_submit.py:571} INFO - at java.base/java.util.concurrent.Executors$RunnableAdapter.call(Executors.java:515)
[2024-05-22T13:36:07.226+0000] {spark_submit.py:571} INFO - at java.base/java.util.concurrent.FutureTask.run(FutureTask.java:264)
[2024-05-22T13:36:07.226+0000] {spark_submit.py:571} INFO - at java.base/java.util.concurrent.ThreadPoolExecutor.runWorker(ThreadPoolExecutor.java:1128)
[2024-05-22T13:36:07.227+0000] {spark_submit.py:571} INFO - at java.base/java.util.concurrent.ThreadPoolExecutor$Worker.run(ThreadPoolExecutor.java:628)
[2024-05-22T13:36:07.227+0000] {spark_submit.py:571} INFO - at java.base/java.lang.Thread.run(Thread.java:829)
[2024-05-22T13:36:07.227+0000] {spark_submit.py:571} INFO - Caused by: java.io.IOException: Failed to connect to spark-master-1:7077
[2024-05-22T13:36:07.227+0000] {spark_submit.py:571} INFO - at org.apache.spark.network.client.TransportClientFactory.createClient(TransportClientFactory.java:294)
[2024-05-22T13:36:07.227+0000] {spark_submit.py:571} INFO - at org.apache.spark.network.client.TransportClientFactory.createClient(TransportClientFactory.java:214)
[2024-05-22T13:36:07.227+0000] {spark_submit.py:571} INFO - at org.apache.spark.network.client.TransportClientFactory.createClient(TransportClientFactory.java:226)
[2024-05-22T13:36:07.227+0000] {spark_submit.py:571} INFO - at org.apache.spark.rpc.netty.NettyRpcEnv.createClient(NettyRpcEnv.scala:204)
[2024-05-22T13:36:07.228+0000] {spark_submit.py:571} INFO - at org.apache.spark.rpc.netty.Outbox$$anon$1.call(Outbox.scala:202)
[2024-05-22T13:36:07.228+0000] {spark_submit.py:571} INFO - at org.apache.spark.rpc.netty.Outbox$$anon$1.call(Outbox.scala:198)
[2024-05-22T13:36:07.228+0000] {spark_submit.py:571} INFO - ... 4 more
[2024-05-22T13:36:07.228+0000] {spark_submit.py:571} INFO - Caused by: java.net.UnknownHostException: spark-master-1
[2024-05-22T13:36:07.228+0000] {spark_submit.py:571} INFO - at java.base/java.net.InetAddress$CachedAddresses.get(InetAddress.java:797)
[2024-05-22T13:36:07.228+0000] {spark_submit.py:571} INFO - at java.base/java.net.InetAddress.getAllByName0(InetAddress.java:1533)
[2024-05-22T13:36:07.228+0000] {spark_submit.py:571} INFO - at java.base/java.net.InetAddress.getAllByName(InetAddress.java:1386)
[2024-05-22T13:36:07.228+0000] {spark_submit.py:571} INFO - at java.base/java.net.InetAddress.getAllByName(InetAddress.java:1307)
[2024-05-22T13:36:07.229+0000] {spark_submit.py:571} INFO - at java.base/java.net.InetAddress.getByName(InetAddress.java:1257)
[2024-05-22T13:36:07.229+0000] {spark_submit.py:571} INFO - at io.netty.util.internal.SocketUtils$8.run(SocketUtils.java:156)
[2024-05-22T13:36:07.229+0000] {spark_submit.py:571} INFO - at io.netty.util.internal.SocketUtils$8.run(SocketUtils.java:153)
[2024-05-22T13:36:07.229+0000] {spark_submit.py:571} INFO - at java.base/java.security.AccessController.doPrivileged(Native Method)
[2024-05-22T13:36:07.229+0000] {spark_submit.py:571} INFO - at io.netty.util.internal.SocketUtils.addressByName(SocketUtils.java:153)
[2024-05-22T13:36:07.229+0000] {spark_submit.py:571} INFO - at io.netty.resolver.DefaultNameResolver.doResolve(DefaultNameResolver.java:41)
[2024-05-22T13:36:07.229+0000] {spark_submit.py:571} INFO - at io.netty.resolver.SimpleNameResolver.resolve(SimpleNameResolver.java:61)
[2024-05-22T13:36:07.229+0000] {spark_submit.py:571} INFO - at io.netty.resolver.SimpleNameResolver.resolve(SimpleNameResolver.java:53)
[2024-05-22T13:36:07.230+0000] {spark_submit.py:571} INFO - at io.netty.resolver.InetSocketAddressResolver.doResolve(InetSocketAddressResolver.java:55)
[2024-05-22T13:36:07.230+0000] {spark_submit.py:571} INFO - at io.netty.resolver.InetSocketAddressResolver.doResolve(InetSocketAddressResolver.java:31)
[2024-05-22T13:36:07.230+0000] {spark_submit.py:571} INFO - at io.netty.resolver.AbstractAddressResolver.resolve(AbstractAddressResolver.java:106)
[2024-05-22T13:36:07.230+0000] {spark_submit.py:571} INFO - at io.netty.bootstrap.Bootstrap.doResolveAndConnect0(Bootstrap.java:220)
[2024-05-22T13:36:07.230+0000] {spark_submit.py:571} INFO - at io.netty.bootstrap.Bootstrap.access$000(Bootstrap.java:46)
[2024-05-22T13:36:07.230+0000] {spark_submit.py:571} INFO - at io.netty.bootstrap.Bootstrap$1.operationComplete(Bootstrap.java:189)
[2024-05-22T13:36:07.230+0000] {spark_submit.py:571} INFO - at io.netty.bootstrap.Bootstrap$1.operationComplete(Bootstrap.java:175)
[2024-05-22T13:36:07.231+0000] {spark_submit.py:571} INFO - at io.netty.util.concurrent.DefaultPromise.notifyListener0(DefaultPromise.java:590)
[2024-05-22T13:36:07.231+0000] {spark_submit.py:571} INFO - at io.netty.util.concurrent.DefaultPromise.notifyListenersNow(DefaultPromise.java:557)
[2024-05-22T13:36:07.231+0000] {spark_submit.py:571} INFO - at io.netty.util.concurrent.DefaultPromise.notifyListeners(DefaultPromise.java:492)
[2024-05-22T13:36:07.231+0000] {spark_submit.py:571} INFO - at io.netty.util.concurrent.DefaultPromise.setValue0(DefaultPromise.java:636)
[2024-05-22T13:36:07.231+0000] {spark_submit.py:571} INFO - at io.netty.util.concurrent.DefaultPromise.setSuccess0(DefaultPromise.java:625)
[2024-05-22T13:36:07.231+0000] {spark_submit.py:571} INFO - at io.netty.util.concurrent.DefaultPromise.trySuccess(DefaultPromise.java:105)
[2024-05-22T13:36:07.231+0000] {spark_submit.py:571} INFO - at io.netty.channel.DefaultChannelPromise.trySuccess(DefaultChannelPromise.java:84)
[2024-05-22T13:36:07.231+0000] {spark_submit.py:571} INFO - at io.netty.channel.AbstractChannel$AbstractUnsafe.safeSetSuccess(AbstractChannel.java:990)
[2024-05-22T13:36:07.231+0000] {spark_submit.py:571} INFO - at io.netty.channel.AbstractChannel$AbstractUnsafe.register0(AbstractChannel.java:516)
[2024-05-22T13:36:07.232+0000] {spark_submit.py:571} INFO - at io.netty.channel.AbstractChannel$AbstractUnsafe.access$200(AbstractChannel.java:429)
[2024-05-22T13:36:07.232+0000] {spark_submit.py:571} INFO - at io.netty.channel.AbstractChannel$AbstractUnsafe$1.run(AbstractChannel.java:486)
[2024-05-22T13:36:07.232+0000] {spark_submit.py:571} INFO - at io.netty.util.concurrent.AbstractEventExecutor.runTask(AbstractEventExecutor.java:174)
[2024-05-22T13:36:07.232+0000] {spark_submit.py:571} INFO - at io.netty.util.concurrent.AbstractEventExecutor.safeExecute(AbstractEventExecutor.java:167)
[2024-05-22T13:36:07.232+0000] {spark_submit.py:571} INFO - at io.netty.util.concurrent.SingleThreadEventExecutor.runAllTasks(SingleThreadEventExecutor.java:470)
[2024-05-22T13:36:07.232+0000] {spark_submit.py:571} INFO - at io.netty.channel.nio.NioEventLoop.run(NioEventLoop.java:569)
[2024-05-22T13:36:07.232+0000] {spark_submit.py:571} INFO - at io.netty.util.concurrent.SingleThreadEventExecutor$4.run(SingleThreadEventExecutor.java:997)
[2024-05-22T13:36:07.232+0000] {spark_submit.py:571} INFO - at io.netty.util.internal.ThreadExecutorMap$2.run(ThreadExecutorMap.java:74)
[2024-05-22T13:36:07.233+0000] {spark_submit.py:571} INFO - at io.netty.util.concurrent.FastThreadLocalRunnable.run(FastThreadLocalRunnable.java:30)
[2024-05-22T13:36:07.233+0000] {spark_submit.py:571} INFO - ... 1 more
[2024-05-22T13:36:27.203+0000] {spark_submit.py:571} INFO - 24/05/22 13:36:27 INFO StandaloneAppClient$ClientEndpoint: Connecting to master spark://spark-master-1:7077...
[2024-05-22T13:36:27.226+0000] {spark_submit.py:571} INFO - 24/05/22 13:36:27 WARN StandaloneAppClient$ClientEndpoint: Failed to connect to master spark-master-1:7077
[2024-05-22T13:36:27.226+0000] {spark_submit.py:571} INFO - org.apache.spark.SparkException: Exception thrown in awaitResult:
[2024-05-22T13:36:27.226+0000] {spark_submit.py:571} INFO - at org.apache.spark.util.SparkThreadUtils$.awaitResult(SparkThreadUtils.scala:56)
[2024-05-22T13:36:27.226+0000] {spark_submit.py:571} INFO - at org.apache.spark.util.ThreadUtils$.awaitResult(ThreadUtils.scala:310)
[2024-05-22T13:36:27.227+0000] {spark_submit.py:571} INFO - at org.apache.spark.rpc.RpcTimeout.awaitResult(RpcTimeout.scala:75)
[2024-05-22T13:36:27.227+0000] {spark_submit.py:571} INFO - at org.apache.spark.rpc.RpcEnv.setupEndpointRefByURI(RpcEnv.scala:102)
[2024-05-22T13:36:27.227+0000] {spark_submit.py:571} INFO - at org.apache.spark.rpc.RpcEnv.setupEndpointRef(RpcEnv.scala:110)
[2024-05-22T13:36:27.227+0000] {spark_submit.py:571} INFO - at org.apache.spark.deploy.client.StandaloneAppClient$ClientEndpoint$$anon$1.run(StandaloneAppClient.scala:108)
[2024-05-22T13:36:27.227+0000] {spark_submit.py:571} INFO - at java.base/java.util.concurrent.Executors$RunnableAdapter.call(Executors.java:515)
[2024-05-22T13:36:27.228+0000] {spark_submit.py:571} INFO - at java.base/java.util.concurrent.FutureTask.run(FutureTask.java:264)
[2024-05-22T13:36:27.228+0000] {spark_submit.py:571} INFO - at java.base/java.util.concurrent.ThreadPoolExecutor.runWorker(ThreadPoolExecutor.java:1128)
[2024-05-22T13:36:27.228+0000] {spark_submit.py:571} INFO - at java.base/java.util.concurrent.ThreadPoolExecutor$Worker.run(ThreadPoolExecutor.java:628)
[2024-05-22T13:36:27.228+0000] {spark_submit.py:571} INFO - at java.base/java.lang.Thread.run(Thread.java:829)
[2024-05-22T13:36:27.228+0000] {spark_submit.py:571} INFO - Caused by: java.io.IOException: Failed to connect to spark-master-1:7077
[2024-05-22T13:36:27.228+0000] {spark_submit.py:571} INFO - at org.apache.spark.network.client.TransportClientFactory.createClient(TransportClientFactory.java:294)
[2024-05-22T13:36:27.228+0000] {spark_submit.py:571} INFO - at org.apache.spark.network.client.TransportClientFactory.createClient(TransportClientFactory.java:214)
[2024-05-22T13:36:27.228+0000] {spark_submit.py:571} INFO - at org.apache.spark.network.client.TransportClientFactory.createClient(TransportClientFactory.java:226)
[2024-05-22T13:36:27.229+0000] {spark_submit.py:571} INFO - at org.apache.spark.rpc.netty.NettyRpcEnv.createClient(NettyRpcEnv.scala:204)
[2024-05-22T13:36:27.229+0000] {spark_submit.py:571} INFO - at org.apache.spark.rpc.netty.Outbox$$anon$1.call(Outbox.scala:202)
[2024-05-22T13:36:27.229+0000] {spark_submit.py:571} INFO - at org.apache.spark.rpc.netty.Outbox$$anon$1.call(Outbox.scala:198)
[2024-05-22T13:36:27.229+0000] {spark_submit.py:571} INFO - ... 4 more
[2024-05-22T13:36:27.229+0000] {spark_submit.py:571} INFO - Caused by: java.net.UnknownHostException: spark-master-1
[2024-05-22T13:36:27.229+0000] {spark_submit.py:571} INFO - at java.base/java.net.InetAddress$CachedAddresses.get(InetAddress.java:797)
[2024-05-22T13:36:27.229+0000] {spark_submit.py:571} INFO - at java.base/java.net.InetAddress.getAllByName0(InetAddress.java:1533)
[2024-05-22T13:36:27.229+0000] {spark_submit.py:571} INFO - at java.base/java.net.InetAddress.getAllByName(InetAddress.java:1386)
[2024-05-22T13:36:27.230+0000] {spark_submit.py:571} INFO - at java.base/java.net.InetAddress.getAllByName(InetAddress.java:1307)
[2024-05-22T13:36:27.230+0000] {spark_submit.py:571} INFO - at java.base/java.net.InetAddress.getByName(InetAddress.java:1257)
[2024-05-22T13:36:27.230+0000] {spark_submit.py:571} INFO - at io.netty.util.internal.SocketUtils$8.run(SocketUtils.java:156)
[2024-05-22T13:36:27.230+0000] {spark_submit.py:571} INFO - at io.netty.util.internal.SocketUtils$8.run(SocketUtils.java:153)
[2024-05-22T13:36:27.230+0000] {spark_submit.py:571} INFO - at java.base/java.security.AccessController.doPrivileged(Native Method)
[2024-05-22T13:36:27.230+0000] {spark_submit.py:571} INFO - at io.netty.util.internal.SocketUtils.addressByName(SocketUtils.java:153)
[2024-05-22T13:36:27.230+0000] {spark_submit.py:571} INFO - at io.netty.resolver.DefaultNameResolver.doResolve(DefaultNameResolver.java:41)
[2024-05-22T13:36:27.230+0000] {spark_submit.py:571} INFO - at io.netty.resolver.SimpleNameResolver.resolve(SimpleNameResolver.java:61)
[2024-05-22T13:36:27.231+0000] {spark_submit.py:571} INFO - at io.netty.resolver.SimpleNameResolver.resolve(SimpleNameResolver.java:53)
[2024-05-22T13:36:27.231+0000] {spark_submit.py:571} INFO - at io.netty.resolver.InetSocketAddressResolver.doResolve(InetSocketAddressResolver.java:55)
[2024-05-22T13:36:27.231+0000] {spark_submit.py:571} INFO - at io.netty.resolver.InetSocketAddressResolver.doResolve(InetSocketAddressResolver.java:31)
[2024-05-22T13:36:27.231+0000] {spark_submit.py:571} INFO - at io.netty.resolver.AbstractAddressResolver.resolve(AbstractAddressResolver.java:106)
[2024-05-22T13:36:27.231+0000] {spark_submit.py:571} INFO - at io.netty.bootstrap.Bootstrap.doResolveAndConnect0(Bootstrap.java:220)
[2024-05-22T13:36:27.231+0000] {spark_submit.py:571} INFO - at io.netty.bootstrap.Bootstrap.access$000(Bootstrap.java:46)
[2024-05-22T13:36:27.231+0000] {spark_submit.py:571} INFO - at io.netty.bootstrap.Bootstrap$1.operationComplete(Bootstrap.java:189)
[2024-05-22T13:36:27.232+0000] {spark_submit.py:571} INFO - at io.netty.bootstrap.Bootstrap$1.operationComplete(Bootstrap.java:175)
[2024-05-22T13:36:27.232+0000] {spark_submit.py:571} INFO - at io.netty.util.concurrent.DefaultPromise.notifyListener0(DefaultPromise.java:590)
[2024-05-22T13:36:27.232+0000] {spark_submit.py:571} INFO - at io.netty.util.concurrent.DefaultPromise.notifyListenersNow(DefaultPromise.java:557)
[2024-05-22T13:36:27.232+0000] {spark_submit.py:571} INFO - at io.netty.util.concurrent.DefaultPromise.notifyListeners(DefaultPromise.java:492)
[2024-05-22T13:36:27.232+0000] {spark_submit.py:571} INFO - at io.netty.util.concurrent.DefaultPromise.setValue0(DefaultPromise.java:636)
[2024-05-22T13:36:27.232+0000] {spark_submit.py:571} INFO - at io.netty.util.concurrent.DefaultPromise.setSuccess0(DefaultPromise.java:625)
[2024-05-22T13:36:27.232+0000] {spark_submit.py:571} INFO - at io.netty.util.concurrent.DefaultPromise.trySuccess(DefaultPromise.java:105)
[2024-05-22T13:36:27.232+0000] {spark_submit.py:571} INFO - at io.netty.channel.DefaultChannelPromise.trySuccess(DefaultChannelPromise.java:84)
[2024-05-22T13:36:27.233+0000] {spark_submit.py:571} INFO - at io.netty.channel.AbstractChannel$AbstractUnsafe.safeSetSuccess(AbstractChannel.java:990)
[2024-05-22T13:36:27.233+0000] {spark_submit.py:571} INFO - at io.netty.channel.AbstractChannel$AbstractUnsafe.register0(AbstractChannel.java:516)
[2024-05-22T13:36:27.233+0000] {spark_submit.py:571} INFO - at io.netty.channel.AbstractChannel$AbstractUnsafe.access$200(AbstractChannel.java:429)
[2024-05-22T13:36:27.233+0000] {spark_submit.py:571} INFO - at io.netty.channel.AbstractChannel$AbstractUnsafe$1.run(AbstractChannel.java:486)
[2024-05-22T13:36:27.233+0000] {spark_submit.py:571} INFO - at io.netty.util.concurrent.AbstractEventExecutor.runTask(AbstractEventExecutor.java:174)
[2024-05-22T13:36:27.233+0000] {spark_submit.py:571} INFO - at io.netty.util.concurrent.AbstractEventExecutor.safeExecute(AbstractEventExecutor.java:167)
[2024-05-22T13:36:27.233+0000] {spark_submit.py:571} INFO - at io.netty.util.concurrent.SingleThreadEventExecutor.runAllTasks(SingleThreadEventExecutor.java:470)
[2024-05-22T13:36:27.233+0000] {spark_submit.py:571} INFO - at io.netty.channel.nio.NioEventLoop.run(NioEventLoop.java:569)
[2024-05-22T13:36:27.234+0000] {spark_submit.py:571} INFO - at io.netty.util.concurrent.SingleThreadEventExecutor$4.run(SingleThreadEventExecutor.java:997)
[2024-05-22T13:36:27.234+0000] {spark_submit.py:571} INFO - at io.netty.util.internal.ThreadExecutorMap$2.run(ThreadExecutorMap.java:74)
[2024-05-22T13:36:27.234+0000] {spark_submit.py:571} INFO - at io.netty.util.concurrent.FastThreadLocalRunnable.run(FastThreadLocalRunnable.java:30)
[2024-05-22T13:36:27.234+0000] {spark_submit.py:571} INFO - ... 1 more
[2024-05-22T13:36:47.258+0000] {spark_submit.py:571} INFO - 24/05/22 13:36:47 ERROR StandaloneSchedulerBackend: Application has been killed. Reason: All masters are unresponsive! Giving up.
[2024-05-22T13:36:47.273+0000] {spark_submit.py:571} INFO - 24/05/22 13:36:47 WARN StandaloneSchedulerBackend: Application ID is not initialized yet.
[2024-05-22T13:36:47.370+0000] {spark_submit.py:571} INFO - 24/05/22 13:36:47 INFO Utils: Successfully started service 'org.apache.spark.network.netty.NettyBlockTransferService' on port 35435.
[2024-05-22T13:36:47.374+0000] {spark_submit.py:571} INFO - 24/05/22 13:36:47 INFO NettyBlockTransferService: Server created on 555515bb1aeb:35435
[2024-05-22T13:36:47.393+0000] {spark_submit.py:571} INFO - 24/05/22 13:36:47 INFO BlockManager: Using org.apache.spark.storage.RandomBlockReplicationPolicy for block replication policy
[2024-05-22T13:36:47.416+0000] {spark_submit.py:571} INFO - 24/05/22 13:36:47 INFO BlockManagerMaster: Registering BlockManager BlockManagerId(driver, 555515bb1aeb, 35435, None)
[2024-05-22T13:36:47.471+0000] {spark_submit.py:571} INFO - 24/05/22 13:36:47 INFO BlockManagerMasterEndpoint: Registering block manager 555515bb1aeb:35435 with 434.4 MiB RAM, BlockManagerId(driver, 555515bb1aeb, 35435, None)
[2024-05-22T13:36:47.478+0000] {spark_submit.py:571} INFO - 24/05/22 13:36:47 INFO BlockManagerMaster: Registered BlockManager BlockManagerId(driver, 555515bb1aeb, 35435, None)
[2024-05-22T13:36:47.481+0000] {spark_submit.py:571} INFO - 24/05/22 13:36:47 INFO BlockManager: Initialized BlockManager: BlockManagerId(driver, 555515bb1aeb, 35435, None)
[2024-05-22T13:36:48.221+0000] {spark_submit.py:571} INFO - 24/05/22 13:36:48 INFO StandaloneSchedulerBackend: SchedulerBackend is ready for scheduling beginning after reached minRegisteredResourcesRatio: 0.0
[2024-05-22T13:36:48.986+0000] {spark_submit.py:571} INFO - 24/05/22 13:36:48 INFO SparkContext: SparkContext is stopping with exitCode 0.
[2024-05-22T13:36:49.037+0000] {spark_submit.py:571} INFO - 24/05/22 13:36:49 INFO SparkUI: Stopped Spark web UI at http://555515bb1aeb:4041
[2024-05-22T13:36:49.039+0000] {spark_submit.py:571} INFO - Traceback (most recent call last):
[2024-05-22T13:36:49.040+0000] {spark_submit.py:571} INFO - File "/opt/***/jobs/python/wordcount.py", line 3, in <module>
[2024-05-22T13:36:49.051+0000] {spark_submit.py:571} INFO - spark = SparkSession.builder.appName("PythonWordCount").getOrCreate()
[2024-05-22T13:36:49.055+0000] {spark_submit.py:571} INFO - ^^^^^^^^^^^^^^^^^^^^^^^^^^^^^^^^^^^^^^^^^^^^^^^^^^^^^^^^^^^^^
[2024-05-22T13:36:49.059+0000] {spark_submit.py:571} INFO - File "/home/***/.local/lib/python3.11/site-packages/pyspark/python/lib/pyspark.zip/pyspark/sql/session.py", line 500, in getOrCreate
[2024-05-22T13:36:49.062+0000] {spark_submit.py:571} INFO - 24/05/22 13:36:49 INFO StandaloneSchedulerBackend: Shutting down all executors
[2024-05-22T13:36:49.062+0000] {spark_submit.py:571} INFO - File "/home/***/.local/lib/python3.11/site-packages/pyspark/python/lib/pyspark.zip/pyspark/sql/session.py", line 589, in __init__
[2024-05-22T13:36:49.063+0000] {spark_submit.py:571} INFO - File "/home/***/.local/lib/python3.11/site-packages/pyspark/python/lib/py4j-0.10.9.7-src.zip/py4j/java_gateway.py", line 1587, in __call__
[2024-05-22T13:36:49.066+0000] {spark_submit.py:571} INFO - File "/home/***/.local/lib/python3.11/site-packages/pyspark/python/lib/py4j-0.10.9.7-src.zip/py4j/protocol.py", line 326, in get_return_value
[2024-05-22T13:36:49.069+0000] {spark_submit.py:571} INFO - py4j.protocol.Py4JJavaError24/05/22 13:36:49 INFO StandaloneSchedulerBackend$StandaloneDriverEndpoint: Asking each executor to shut down
[2024-05-22T13:36:49.070+0000] {spark_submit.py:571} INFO - : An error occurred while calling None.org.apache.spark.sql.SparkSession.
[2024-05-22T13:36:49.071+0000] {spark_submit.py:571} INFO - : java.lang.IllegalStateException: Cannot call methods on a stopped SparkContext.
[2024-05-22T13:36:49.071+0000] {spark_submit.py:571} INFO - This stopped SparkContext was created at:
[2024-05-22T13:36:49.071+0000] {spark_submit.py:571} INFO - 
[2024-05-22T13:36:49.071+0000] {spark_submit.py:571} INFO - org.apache.spark.api.java.JavaSparkContext.<init>(JavaSparkContext.scala:58)
[2024-05-22T13:36:49.073+0000] {spark_submit.py:571} INFO - java.base/jdk.internal.reflect.NativeConstructorAccessorImpl.newInstance0(Native Method)
[2024-05-22T13:36:49.074+0000] {spark_submit.py:571} INFO - java.base/jdk.internal.reflect.NativeConstructorAccessorImpl.newInstance(NativeConstructorAccessorImpl.java:62)
[2024-05-22T13:36:49.074+0000] {spark_submit.py:571} INFO - java.base/jdk.internal.reflect.DelegatingConstructorAccessorImpl.newInstance(DelegatingConstructorAccessorImpl.java:45)
[2024-05-22T13:36:49.076+0000] {spark_submit.py:571} INFO - java.base/java.lang.reflect.Constructor.newInstance(Constructor.java:490)
[2024-05-22T13:36:49.077+0000] {spark_submit.py:571} INFO - py4j.reflection.MethodInvoker.invoke(MethodInvoker.java:247)
[2024-05-22T13:36:49.078+0000] {spark_submit.py:571} INFO - py4j.reflection.ReflectionEngine.invoke(ReflectionEngine.java:374)
[2024-05-22T13:36:49.084+0000] {spark_submit.py:571} INFO - py4j.Gateway.invoke(Gateway.java:238)
[2024-05-22T13:36:49.085+0000] {spark_submit.py:571} INFO - py4j.commands.ConstructorCommand.invokeConstructor(ConstructorCommand.java:80)
[2024-05-22T13:36:49.085+0000] {spark_submit.py:571} INFO - py4j.commands.ConstructorCommand.execute(ConstructorCommand.java:69)
[2024-05-22T13:36:49.085+0000] {spark_submit.py:571} INFO - py4j.ClientServerConnection.waitForCommands(ClientServerConnection.java:182)
[2024-05-22T13:36:49.087+0000] {spark_submit.py:571} INFO - py4j.ClientServerConnection.run(ClientServerConnection.java:106)
[2024-05-22T13:36:49.087+0000] {spark_submit.py:571} INFO - java.base/java.lang.Thread.run(Thread.java:829)
[2024-05-22T13:36:49.087+0000] {spark_submit.py:571} INFO - 
[2024-05-22T13:36:49.088+0000] {spark_submit.py:571} INFO - The currently active SparkContext was created at:
[2024-05-22T13:36:49.088+0000] {spark_submit.py:571} INFO - 
[2024-05-22T13:36:49.091+0000] {spark_submit.py:571} INFO - org.apache.spark.api.java.JavaSparkContext.<init>(JavaSparkContext.scala:58)
[2024-05-22T13:36:49.092+0000] {spark_submit.py:571} INFO - java.base/jdk.internal.reflect.NativeConstructorAccessorImpl.newInstance0(Native Method)
[2024-05-22T13:36:49.093+0000] {spark_submit.py:571} INFO - java.base/jdk.internal.reflect.NativeConstructorAccessorImpl.newInstance(NativeConstructorAccessorImpl.java:62)
[2024-05-22T13:36:49.093+0000] {spark_submit.py:571} INFO - java.base/jdk.internal.reflect.DelegatingConstructorAccessorImpl.newInstance(DelegatingConstructorAccessorImpl.java:45)
[2024-05-22T13:36:49.094+0000] {spark_submit.py:571} INFO - java.base/java.lang.reflect.Constructor.newInstance(Constructor.java:490)
[2024-05-22T13:36:49.094+0000] {spark_submit.py:571} INFO - py4j.reflection.MethodInvoker.invoke(MethodInvoker.java:247)
[2024-05-22T13:36:49.096+0000] {spark_submit.py:571} INFO - py4j.reflection.ReflectionEngine.invoke(ReflectionEngine.java:374)
[2024-05-22T13:36:49.100+0000] {spark_submit.py:571} INFO - py4j.Gateway.invoke(Gateway.java:238)
[2024-05-22T13:36:49.102+0000] {spark_submit.py:571} INFO - py4j.commands.ConstructorCommand.invokeConstructor(ConstructorCommand.java:80)
[2024-05-22T13:36:49.103+0000] {spark_submit.py:571} INFO - py4j.commands.ConstructorCommand.execute(ConstructorCommand.java:69)
[2024-05-22T13:36:49.104+0000] {spark_submit.py:571} INFO - py4j.ClientServerConnection.waitForCommands(ClientServerConnection.java:182)
[2024-05-22T13:36:49.105+0000] {spark_submit.py:571} INFO - py4j.ClientServerConnection.run(ClientServerConnection.java:106)
[2024-05-22T13:36:49.107+0000] {spark_submit.py:571} INFO - java.base/java.lang.Thread.run(Thread.java:829)
[2024-05-22T13:36:49.109+0000] {spark_submit.py:571} INFO - 
[2024-05-22T13:36:49.110+0000] {spark_submit.py:571} INFO - at org.apache.spark.SparkContext.assertNotStopped(SparkContext.scala:122)
[2024-05-22T13:36:49.110+0000] {spark_submit.py:571} INFO - at org.apache.spark.sql.SparkSession.<init>(SparkSession.scala:113)
[2024-05-22T13:36:49.113+0000] {spark_submit.py:571} INFO - at org.apache.spark.sql.SparkSession.<init>(SparkSession.scala:106)
[2024-05-22T13:36:49.115+0000] {spark_submit.py:571} INFO - at java.base/jdk.internal.reflect.NativeConstructorAccessorImpl.newInstance0(Native Method)
[2024-05-22T13:36:49.115+0000] {spark_submit.py:571} INFO - at java.base/jdk.internal.reflect.NativeConstructorAccessorImpl.newInstance(NativeConstructorAccessorImpl.java:62)
[2024-05-22T13:36:49.116+0000] {spark_submit.py:571} INFO - at java.base/jdk.internal.reflect.DelegatingConstructorAccessorImpl.newInstance(DelegatingConstructorAccessorImpl.java:45)
[2024-05-22T13:36:49.116+0000] {spark_submit.py:571} INFO - at java.base/java.lang.reflect.Constructor.newInstance(Constructor.java:490)
[2024-05-22T13:36:49.116+0000] {spark_submit.py:571} INFO - at py4j.reflection.MethodInvoker.invoke(MethodInvoker.java:247)
[2024-05-22T13:36:49.116+0000] {spark_submit.py:571} INFO - at py4j.reflection.ReflectionEngine.invoke(ReflectionEngine.java:374)
[2024-05-22T13:36:49.117+0000] {spark_submit.py:571} INFO - at py4j.Gateway.invoke(Gateway.java:238)
[2024-05-22T13:36:49.117+0000] {spark_submit.py:571} INFO - at py4j.commands.ConstructorCommand.invokeConstructor(ConstructorCommand.java:80)
[2024-05-22T13:36:49.117+0000] {spark_submit.py:571} INFO - at py4j.commands.ConstructorCommand.execute(ConstructorCommand.java:69)
[2024-05-22T13:36:49.117+0000] {spark_submit.py:571} INFO - at py4j.ClientServerConnection.waitForCommands(ClientServerConnection.java:182)
[2024-05-22T13:36:49.118+0000] {spark_submit.py:571} INFO - at py4j.ClientServerConnection.run(ClientServerConnection.java:106)
[2024-05-22T13:36:49.118+0000] {spark_submit.py:571} INFO - at java.base/java.lang.Thread.run(Thread.java:829)
[2024-05-22T13:36:49.118+0000] {spark_submit.py:571} INFO - 
[2024-05-22T13:36:49.119+0000] {spark_submit.py:571} INFO - 24/05/22 13:36:49 WARN StandaloneAppClient$ClientEndpoint: Drop UnregisterApplication(null) because has not yet connected to master
[2024-05-22T13:36:49.119+0000] {spark_submit.py:571} INFO - 24/05/22 13:36:49 INFO MapOutputTrackerMasterEndpoint: MapOutputTrackerMasterEndpoint stopped!
[2024-05-22T13:36:49.203+0000] {spark_submit.py:571} INFO - 24/05/22 13:36:49 INFO MemoryStore: MemoryStore cleared
[2024-05-22T13:36:49.204+0000] {spark_submit.py:571} INFO - 24/05/22 13:36:49 INFO BlockManager: BlockManager stopped
[2024-05-22T13:36:49.217+0000] {spark_submit.py:571} INFO - 24/05/22 13:36:49 INFO BlockManagerMaster: BlockManagerMaster stopped
[2024-05-22T13:36:49.241+0000] {spark_submit.py:571} INFO - 24/05/22 13:36:49 INFO OutputCommitCoordinator$OutputCommitCoordinatorEndpoint: OutputCommitCoordinator stopped!
[2024-05-22T13:36:49.262+0000] {spark_submit.py:571} INFO - 24/05/22 13:36:49 INFO ShutdownHookManager: Shutdown hook called
[2024-05-22T13:36:49.263+0000] {spark_submit.py:571} INFO - 24/05/22 13:36:49 INFO ShutdownHookManager: Deleting directory /tmp/spark-ec863213-37fa-4f7a-b3cc-d8e8eb0e53e8
[2024-05-22T13:36:49.302+0000] {spark_submit.py:571} INFO - 24/05/22 13:36:49 INFO SparkContext: Successfully stopped SparkContext
[2024-05-22T13:36:49.303+0000] {spark_submit.py:571} INFO - 24/05/22 13:36:49 INFO ShutdownHookManager: Deleting directory /tmp/spark-ec863213-37fa-4f7a-b3cc-d8e8eb0e53e8/userFiles-b0183180-709e-49f2-84b1-640e17e2bf93
[2024-05-22T13:36:49.346+0000] {spark_submit.py:571} INFO - 24/05/22 13:36:49 INFO ShutdownHookManager: Deleting directory /tmp/spark-ec863213-37fa-4f7a-b3cc-d8e8eb0e53e8/pyspark-be8a4dac-212b-4ff1-b79d-59aefb91e256
[2024-05-22T13:36:49.391+0000] {spark_submit.py:571} INFO - 24/05/22 13:36:49 INFO ShutdownHookManager: Deleting directory /tmp/spark-d722f965-a08d-4096-9bef-4a43c24ea31b
[2024-05-22T13:36:49.695+0000] {taskinstance.py:1935} ERROR - Task failed with exception
Traceback (most recent call last):
  File "/home/airflow/.local/lib/python3.11/site-packages/airflow/providers/apache/spark/operators/spark_submit.py", line 174, in execute
    self._hook.submit(self.application)
  File "/home/airflow/.local/lib/python3.11/site-packages/airflow/providers/apache/spark/hooks/spark_submit.py", line 502, in submit
    raise AirflowException(
airflow.exceptions.AirflowException: Cannot execute: spark-submit --master spark://spark-master-1:7077 --name arrow-spark --deploy-mode client jobs/python/wordcount.py. Error code is: 1.
[2024-05-22T13:36:49.733+0000] {taskinstance.py:1398} INFO - Marking task as FAILED. dag_id=spark_***, task_id=wordcount, execution_date=20240521T010000, start_date=20240522T133539, end_date=20240522T133649
[2024-05-22T13:36:49.787+0000] {standard_task_runner.py:104} ERROR - Failed to execute job 3 for task wordcount (Cannot execute: spark-submit --master spark://spark-master-1:7077 --name arrow-spark --deploy-mode client jobs/python/wordcount.py. Error code is: 1.; 222)
[2024-05-22T13:36:49.825+0000] {local_task_job_runner.py:228} INFO - Task exited with return code 1
[2024-05-22T13:36:49.989+0000] {taskinstance.py:2776} INFO - 0 downstream tasks scheduled from follow-on schedule check
