[2024-05-29T16:14:40.628+0000] {processor.py:157} INFO - Started process (PID=175) to work on /opt/airflow/dags/spark_airflow.py
[2024-05-29T16:14:40.677+0000] {processor.py:829} INFO - Processing file /opt/airflow/dags/spark_airflow.py for tasks to queue
[2024-05-29T16:14:40.918+0000] {logging_mixin.py:151} INFO - [2024-05-29T16:14:40.723+0000] {dagbag.py:539} INFO - Filling up the DagBag from /opt/airflow/dags/spark_airflow.py
[2024-05-29T16:14:47.349+0000] {processor.py:839} INFO - DAG(s) dict_keys(['spark_airflow']) retrieved from /opt/airflow/dags/spark_airflow.py
[2024-05-29T16:15:05.089+0000] {logging_mixin.py:151} INFO - [2024-05-29T16:15:05.078+0000] {manager.py:499} INFO - Created Permission View: %s
[2024-05-29T16:15:05.659+0000] {logging_mixin.py:151} INFO - [2024-05-29T16:15:05.659+0000] {manager.py:499} INFO - Created Permission View: %s
[2024-05-29T16:15:05.886+0000] {logging_mixin.py:151} INFO - [2024-05-29T16:15:05.885+0000] {manager.py:499} INFO - Created Permission View: %s
[2024-05-29T16:15:05.906+0000] {logging_mixin.py:151} INFO - [2024-05-29T16:15:05.905+0000] {security.py:708} INFO - Not syncing DAG-level permissions for DAG 'DAG:spark_airflow' as access control is unset.
[2024-05-29T16:15:05.988+0000] {logging_mixin.py:151} INFO - [2024-05-29T16:15:05.952+0000] {dag.py:2915} INFO - Sync 1 DAGs
[2024-05-29T16:15:07.226+0000] {logging_mixin.py:151} INFO - [2024-05-29T16:15:07.226+0000] {dag.py:2937} INFO - Creating ORM DAG for spark_airflow
[2024-05-29T16:15:07.823+0000] {logging_mixin.py:151} INFO - [2024-05-29T16:15:07.817+0000] {dag.py:3696} INFO - Setting next_dagrun for spark_airflow to 2024-05-28T01:00:00+00:00, run_after=2024-05-29T01:00:00+00:00
[2024-05-29T16:15:08.903+0000] {processor.py:179} INFO - Processing /opt/airflow/dags/spark_airflow.py took 28.812 seconds
[2024-05-29T16:15:43.642+0000] {processor.py:157} INFO - Started process (PID=180) to work on /opt/airflow/dags/spark_airflow.py
[2024-05-29T16:15:43.730+0000] {processor.py:829} INFO - Processing file /opt/airflow/dags/spark_airflow.py for tasks to queue
[2024-05-29T16:15:43.882+0000] {logging_mixin.py:151} INFO - [2024-05-29T16:15:43.834+0000] {dagbag.py:539} INFO - Filling up the DagBag from /opt/airflow/dags/spark_airflow.py
[2024-05-29T16:15:45.920+0000] {processor.py:839} INFO - DAG(s) dict_keys(['spark_airflow']) retrieved from /opt/airflow/dags/spark_airflow.py
[2024-05-29T16:15:50.779+0000] {logging_mixin.py:151} INFO - [2024-05-29T16:15:50.705+0000] {dag.py:2915} INFO - Sync 1 DAGs
[2024-05-29T16:15:52.236+0000] {logging_mixin.py:151} INFO - [2024-05-29T16:15:52.231+0000] {dag.py:3696} INFO - Setting next_dagrun for spark_airflow to 2024-05-28T01:00:00+00:00, run_after=2024-05-29T01:00:00+00:00
[2024-05-29T16:15:52.867+0000] {processor.py:179} INFO - Processing /opt/airflow/dags/spark_airflow.py took 9.761 seconds
[2024-05-29T16:16:27.478+0000] {processor.py:157} INFO - Started process (PID=185) to work on /opt/airflow/dags/spark_airflow.py
[2024-05-29T16:16:27.509+0000] {processor.py:829} INFO - Processing file /opt/airflow/dags/spark_airflow.py for tasks to queue
[2024-05-29T16:16:27.771+0000] {logging_mixin.py:151} INFO - [2024-05-29T16:16:27.641+0000] {dagbag.py:539} INFO - Filling up the DagBag from /opt/airflow/dags/spark_airflow.py
[2024-05-29T16:16:29.896+0000] {processor.py:839} INFO - DAG(s) dict_keys(['spark_airflow']) retrieved from /opt/airflow/dags/spark_airflow.py
[2024-05-29T16:16:34.886+0000] {logging_mixin.py:151} INFO - [2024-05-29T16:16:34.866+0000] {dag.py:2915} INFO - Sync 1 DAGs
[2024-05-29T16:16:36.275+0000] {logging_mixin.py:151} INFO - [2024-05-29T16:16:36.269+0000] {dag.py:3696} INFO - Setting next_dagrun for spark_airflow to 2024-05-28T01:00:00+00:00, run_after=2024-05-29T01:00:00+00:00
[2024-05-29T16:16:37.419+0000] {processor.py:179} INFO - Processing /opt/airflow/dags/spark_airflow.py took 10.635 seconds
[2024-05-29T16:17:12.068+0000] {processor.py:157} INFO - Started process (PID=190) to work on /opt/airflow/dags/spark_airflow.py
[2024-05-29T16:17:12.263+0000] {processor.py:829} INFO - Processing file /opt/airflow/dags/spark_airflow.py for tasks to queue
[2024-05-29T16:17:12.641+0000] {logging_mixin.py:151} INFO - [2024-05-29T16:17:12.474+0000] {dagbag.py:539} INFO - Filling up the DagBag from /opt/airflow/dags/spark_airflow.py
[2024-05-29T16:17:18.024+0000] {processor.py:839} INFO - DAG(s) dict_keys(['spark_airflow']) retrieved from /opt/airflow/dags/spark_airflow.py
[2024-05-29T16:17:20.895+0000] {logging_mixin.py:151} INFO - [2024-05-29T16:17:20.892+0000] {dag.py:2915} INFO - Sync 1 DAGs
[2024-05-29T16:17:21.799+0000] {logging_mixin.py:151} INFO - [2024-05-29T16:17:21.798+0000] {dag.py:3696} INFO - Setting next_dagrun for spark_airflow to 2024-05-28T01:00:00+00:00, run_after=2024-05-29T01:00:00+00:00
[2024-05-29T16:17:22.181+0000] {processor.py:179} INFO - Processing /opt/airflow/dags/spark_airflow.py took 11.384 seconds
[2024-05-29T16:17:56.753+0000] {processor.py:157} INFO - Started process (PID=195) to work on /opt/airflow/dags/spark_airflow.py
[2024-05-29T16:17:56.802+0000] {processor.py:829} INFO - Processing file /opt/airflow/dags/spark_airflow.py for tasks to queue
[2024-05-29T16:17:56.895+0000] {logging_mixin.py:151} INFO - [2024-05-29T16:17:56.836+0000] {dagbag.py:539} INFO - Filling up the DagBag from /opt/airflow/dags/spark_airflow.py
[2024-05-29T16:17:57.826+0000] {processor.py:839} INFO - DAG(s) dict_keys(['spark_airflow']) retrieved from /opt/airflow/dags/spark_airflow.py
[2024-05-29T16:17:59.037+0000] {logging_mixin.py:151} INFO - [2024-05-29T16:17:59.035+0000] {dag.py:2915} INFO - Sync 1 DAGs
[2024-05-29T16:17:59.353+0000] {logging_mixin.py:151} INFO - [2024-05-29T16:17:59.342+0000] {dag.py:3696} INFO - Setting next_dagrun for spark_airflow to 2024-05-28T01:00:00+00:00, run_after=2024-05-29T01:00:00+00:00
[2024-05-29T16:17:59.746+0000] {processor.py:179} INFO - Processing /opt/airflow/dags/spark_airflow.py took 3.027 seconds
[2024-05-29T16:18:30.844+0000] {processor.py:157} INFO - Started process (PID=200) to work on /opt/airflow/dags/spark_airflow.py
[2024-05-29T16:18:30.860+0000] {processor.py:829} INFO - Processing file /opt/airflow/dags/spark_airflow.py for tasks to queue
[2024-05-29T16:18:30.879+0000] {logging_mixin.py:151} INFO - [2024-05-29T16:18:30.878+0000] {dagbag.py:539} INFO - Filling up the DagBag from /opt/airflow/dags/spark_airflow.py
[2024-05-29T16:18:31.120+0000] {processor.py:839} INFO - DAG(s) dict_keys(['spark_airflow']) retrieved from /opt/airflow/dags/spark_airflow.py
[2024-05-29T16:18:33.443+0000] {logging_mixin.py:151} INFO - [2024-05-29T16:18:33.413+0000] {dag.py:2915} INFO - Sync 1 DAGs
[2024-05-29T16:18:34.656+0000] {logging_mixin.py:151} INFO - [2024-05-29T16:18:34.653+0000] {dag.py:3696} INFO - Setting next_dagrun for spark_airflow to 2024-05-28T01:00:00+00:00, run_after=2024-05-29T01:00:00+00:00
[2024-05-29T16:18:35.597+0000] {processor.py:179} INFO - Processing /opt/airflow/dags/spark_airflow.py took 4.798 seconds
[2024-05-29T16:19:46.664+0000] {processor.py:157} INFO - Started process (PID=205) to work on /opt/airflow/dags/spark_airflow.py
[2024-05-29T16:19:46.823+0000] {processor.py:829} INFO - Processing file /opt/airflow/dags/spark_airflow.py for tasks to queue
[2024-05-29T16:19:47.022+0000] {logging_mixin.py:151} INFO - [2024-05-29T16:19:46.937+0000] {dagbag.py:539} INFO - Filling up the DagBag from /opt/airflow/dags/spark_airflow.py
[2024-05-29T16:20:08.386+0000] {processor.py:839} INFO - DAG(s) dict_keys(['spark_airflow']) retrieved from /opt/airflow/dags/spark_airflow.py
[2024-05-29T16:21:05.019+0000] {processor.py:157} INFO - Started process (PID=208) to work on /opt/airflow/dags/spark_airflow.py
[2024-05-29T16:21:05.065+0000] {processor.py:829} INFO - Processing file /opt/airflow/dags/spark_airflow.py for tasks to queue
[2024-05-29T16:21:05.144+0000] {logging_mixin.py:151} INFO - [2024-05-29T16:21:05.135+0000] {dagbag.py:539} INFO - Filling up the DagBag from /opt/airflow/dags/spark_airflow.py
[2024-05-29T16:21:09.052+0000] {processor.py:839} INFO - DAG(s) dict_keys(['spark_airflow']) retrieved from /opt/airflow/dags/spark_airflow.py
[2024-05-29T16:21:13.398+0000] {logging_mixin.py:151} INFO - [2024-05-29T16:21:13.387+0000] {security.py:708} INFO - Not syncing DAG-level permissions for DAG 'DAG:spark_airflow' as access control is unset.
[2024-05-29T16:21:13.408+0000] {logging_mixin.py:151} INFO - [2024-05-29T16:21:13.406+0000] {dag.py:2915} INFO - Sync 1 DAGs
[2024-05-29T16:21:13.746+0000] {logging_mixin.py:151} INFO - [2024-05-29T16:21:13.746+0000] {dag.py:3696} INFO - Setting next_dagrun for spark_airflow to 2024-05-28T01:00:00+00:00, run_after=2024-05-29T01:00:00+00:00
[2024-05-29T16:21:14.408+0000] {processor.py:179} INFO - Processing /opt/airflow/dags/spark_airflow.py took 9.672 seconds
[2024-05-29T16:21:53.626+0000] {processor.py:157} INFO - Started process (PID=213) to work on /opt/airflow/dags/spark_airflow.py
[2024-05-29T16:21:53.727+0000] {processor.py:829} INFO - Processing file /opt/airflow/dags/spark_airflow.py for tasks to queue
[2024-05-29T16:21:53.733+0000] {logging_mixin.py:151} INFO - [2024-05-29T16:21:53.732+0000] {dagbag.py:539} INFO - Filling up the DagBag from /opt/airflow/dags/spark_airflow.py
[2024-05-29T16:22:02.687+0000] {processor.py:839} INFO - DAG(s) dict_keys(['spark_airflow']) retrieved from /opt/airflow/dags/spark_airflow.py
[2024-05-29T16:22:13.037+0000] {logging_mixin.py:151} INFO - [2024-05-29T16:22:13.037+0000] {dag.py:2915} INFO - Sync 1 DAGs
[2024-05-29T16:22:14.275+0000] {logging_mixin.py:151} INFO - [2024-05-29T16:22:14.271+0000] {dag.py:3696} INFO - Setting next_dagrun for spark_airflow to 2024-05-28T01:00:00+00:00, run_after=2024-05-29T01:00:00+00:00
[2024-05-29T16:22:15.450+0000] {processor.py:179} INFO - Processing /opt/airflow/dags/spark_airflow.py took 25.076 seconds
[2024-05-29T16:22:48.085+0000] {processor.py:157} INFO - Started process (PID=218) to work on /opt/airflow/dags/spark_airflow.py
[2024-05-29T16:22:48.095+0000] {processor.py:829} INFO - Processing file /opt/airflow/dags/spark_airflow.py for tasks to queue
[2024-05-29T16:22:48.102+0000] {logging_mixin.py:151} INFO - [2024-05-29T16:22:48.101+0000] {dagbag.py:539} INFO - Filling up the DagBag from /opt/airflow/dags/spark_airflow.py
[2024-05-29T16:22:52.416+0000] {processor.py:839} INFO - DAG(s) dict_keys(['spark_airflow']) retrieved from /opt/airflow/dags/spark_airflow.py
[2024-05-29T16:22:57.674+0000] {logging_mixin.py:151} INFO - [2024-05-29T16:22:57.672+0000] {dag.py:2915} INFO - Sync 1 DAGs
[2024-05-29T16:22:59.750+0000] {logging_mixin.py:151} INFO - [2024-05-29T16:22:59.747+0000] {dag.py:3696} INFO - Setting next_dagrun for spark_airflow to 2024-05-28T01:00:00+00:00, run_after=2024-05-29T01:00:00+00:00
[2024-05-29T16:23:00.777+0000] {processor.py:179} INFO - Processing /opt/airflow/dags/spark_airflow.py took 13.208 seconds
[2024-05-29T16:23:35.603+0000] {processor.py:157} INFO - Started process (PID=223) to work on /opt/airflow/dags/spark_airflow.py
[2024-05-29T16:23:35.748+0000] {processor.py:829} INFO - Processing file /opt/airflow/dags/spark_airflow.py for tasks to queue
[2024-05-29T16:23:35.933+0000] {logging_mixin.py:151} INFO - [2024-05-29T16:23:35.842+0000] {dagbag.py:539} INFO - Filling up the DagBag from /opt/airflow/dags/spark_airflow.py
[2024-05-29T16:23:41.125+0000] {processor.py:839} INFO - DAG(s) dict_keys(['spark_airflow']) retrieved from /opt/airflow/dags/spark_airflow.py
[2024-05-29T16:23:46.525+0000] {logging_mixin.py:151} INFO - [2024-05-29T16:23:46.523+0000] {dag.py:2915} INFO - Sync 1 DAGs
[2024-05-29T16:23:48.708+0000] {logging_mixin.py:151} INFO - [2024-05-29T16:23:48.698+0000] {dag.py:3696} INFO - Setting next_dagrun for spark_airflow to 2024-05-28T01:00:00+00:00, run_after=2024-05-29T01:00:00+00:00
[2024-05-29T16:23:50.835+0000] {processor.py:179} INFO - Processing /opt/airflow/dags/spark_airflow.py took 16.427 seconds
[2024-05-29T16:24:29.065+0000] {processor.py:157} INFO - Started process (PID=228) to work on /opt/airflow/dags/spark_airflow.py
[2024-05-29T16:24:29.077+0000] {processor.py:829} INFO - Processing file /opt/airflow/dags/spark_airflow.py for tasks to queue
[2024-05-29T16:24:29.109+0000] {logging_mixin.py:151} INFO - [2024-05-29T16:24:29.108+0000] {dagbag.py:539} INFO - Filling up the DagBag from /opt/airflow/dags/spark_airflow.py
[2024-05-29T16:24:34.735+0000] {processor.py:839} INFO - DAG(s) dict_keys(['spark_airflow']) retrieved from /opt/airflow/dags/spark_airflow.py
[2024-05-29T16:24:43.059+0000] {logging_mixin.py:151} INFO - [2024-05-29T16:24:43.045+0000] {dag.py:2915} INFO - Sync 1 DAGs
[2024-05-29T16:24:47.367+0000] {logging_mixin.py:151} INFO - [2024-05-29T16:24:47.360+0000] {dag.py:3696} INFO - Setting next_dagrun for spark_airflow to 2024-05-28T01:00:00+00:00, run_after=2024-05-29T01:00:00+00:00
[2024-05-29T16:24:49.728+0000] {processor.py:179} INFO - Processing /opt/airflow/dags/spark_airflow.py took 21.666 seconds
[2024-05-29T16:25:22.466+0000] {processor.py:157} INFO - Started process (PID=233) to work on /opt/airflow/dags/spark_airflow.py
[2024-05-29T16:25:22.603+0000] {processor.py:829} INFO - Processing file /opt/airflow/dags/spark_airflow.py for tasks to queue
[2024-05-29T16:25:22.712+0000] {logging_mixin.py:151} INFO - [2024-05-29T16:25:22.683+0000] {dagbag.py:539} INFO - Filling up the DagBag from /opt/airflow/dags/spark_airflow.py
[2024-05-29T16:25:25.028+0000] {processor.py:839} INFO - DAG(s) dict_keys(['spark_airflow']) retrieved from /opt/airflow/dags/spark_airflow.py
[2024-05-29T16:25:27.343+0000] {logging_mixin.py:151} INFO - [2024-05-29T16:25:27.341+0000] {dag.py:2915} INFO - Sync 1 DAGs
[2024-05-29T16:25:28.213+0000] {logging_mixin.py:151} INFO - [2024-05-29T16:25:28.211+0000] {dag.py:3696} INFO - Setting next_dagrun for spark_airflow to 2024-05-28T01:00:00+00:00, run_after=2024-05-29T01:00:00+00:00
[2024-05-29T16:25:28.763+0000] {processor.py:179} INFO - Processing /opt/airflow/dags/spark_airflow.py took 6.817 seconds
[2024-05-29T16:26:01.140+0000] {processor.py:157} INFO - Started process (PID=238) to work on /opt/airflow/dags/spark_airflow.py
[2024-05-29T16:26:01.290+0000] {processor.py:829} INFO - Processing file /opt/airflow/dags/spark_airflow.py for tasks to queue
[2024-05-29T16:26:01.744+0000] {logging_mixin.py:151} INFO - [2024-05-29T16:26:01.614+0000] {dagbag.py:539} INFO - Filling up the DagBag from /opt/airflow/dags/spark_airflow.py
[2024-05-29T16:26:03.557+0000] {processor.py:839} INFO - DAG(s) dict_keys(['spark_airflow']) retrieved from /opt/airflow/dags/spark_airflow.py
[2024-05-29T16:26:05.637+0000] {logging_mixin.py:151} INFO - [2024-05-29T16:26:05.636+0000] {dag.py:2915} INFO - Sync 1 DAGs
[2024-05-29T16:26:06.571+0000] {logging_mixin.py:151} INFO - [2024-05-29T16:26:06.554+0000] {dag.py:3696} INFO - Setting next_dagrun for spark_airflow to 2024-05-28T01:00:00+00:00, run_after=2024-05-29T01:00:00+00:00
[2024-05-29T16:26:07.698+0000] {processor.py:179} INFO - Processing /opt/airflow/dags/spark_airflow.py took 7.461 seconds
[2024-05-29T16:26:40.909+0000] {processor.py:157} INFO - Started process (PID=243) to work on /opt/airflow/dags/spark_airflow.py
[2024-05-29T16:26:40.950+0000] {processor.py:829} INFO - Processing file /opt/airflow/dags/spark_airflow.py for tasks to queue
[2024-05-29T16:26:41.003+0000] {logging_mixin.py:151} INFO - [2024-05-29T16:26:40.968+0000] {dagbag.py:539} INFO - Filling up the DagBag from /opt/airflow/dags/spark_airflow.py
[2024-05-29T16:26:42.197+0000] {processor.py:839} INFO - DAG(s) dict_keys(['spark_airflow']) retrieved from /opt/airflow/dags/spark_airflow.py
[2024-05-29T16:26:45.551+0000] {logging_mixin.py:151} INFO - [2024-05-29T16:26:45.550+0000] {dag.py:2915} INFO - Sync 1 DAGs
[2024-05-29T16:26:48.565+0000] {logging_mixin.py:151} INFO - [2024-05-29T16:26:48.563+0000] {dag.py:3696} INFO - Setting next_dagrun for spark_airflow to 2024-05-28T01:00:00+00:00, run_after=2024-05-29T01:00:00+00:00
[2024-05-29T16:26:49.726+0000] {processor.py:179} INFO - Processing /opt/airflow/dags/spark_airflow.py took 9.482 seconds
[2024-05-29T16:27:22.756+0000] {processor.py:157} INFO - Started process (PID=248) to work on /opt/airflow/dags/spark_airflow.py
[2024-05-29T16:27:22.791+0000] {processor.py:829} INFO - Processing file /opt/airflow/dags/spark_airflow.py for tasks to queue
[2024-05-29T16:27:22.857+0000] {logging_mixin.py:151} INFO - [2024-05-29T16:27:22.833+0000] {dagbag.py:539} INFO - Filling up the DagBag from /opt/airflow/dags/spark_airflow.py
[2024-05-29T16:27:25.176+0000] {processor.py:839} INFO - DAG(s) dict_keys(['spark_airflow']) retrieved from /opt/airflow/dags/spark_airflow.py
[2024-05-29T16:27:27.778+0000] {logging_mixin.py:151} INFO - [2024-05-29T16:27:27.775+0000] {dag.py:2915} INFO - Sync 1 DAGs
[2024-05-29T16:27:28.775+0000] {logging_mixin.py:151} INFO - [2024-05-29T16:27:28.774+0000] {dag.py:3696} INFO - Setting next_dagrun for spark_airflow to 2024-05-28T01:00:00+00:00, run_after=2024-05-29T01:00:00+00:00
[2024-05-29T16:27:29.344+0000] {processor.py:179} INFO - Processing /opt/airflow/dags/spark_airflow.py took 6.895 seconds
[2024-05-29T16:28:04.975+0000] {processor.py:157} INFO - Started process (PID=253) to work on /opt/airflow/dags/spark_airflow.py
[2024-05-29T16:28:05.085+0000] {processor.py:829} INFO - Processing file /opt/airflow/dags/spark_airflow.py for tasks to queue
[2024-05-29T16:28:05.347+0000] {logging_mixin.py:151} INFO - [2024-05-29T16:28:05.219+0000] {dagbag.py:539} INFO - Filling up the DagBag from /opt/airflow/dags/spark_airflow.py
[2024-05-29T16:28:07.529+0000] {processor.py:839} INFO - DAG(s) dict_keys(['spark_airflow']) retrieved from /opt/airflow/dags/spark_airflow.py
[2024-05-29T16:28:09.965+0000] {logging_mixin.py:151} INFO - [2024-05-29T16:28:09.963+0000] {dag.py:2915} INFO - Sync 1 DAGs
[2024-05-29T16:28:11.076+0000] {logging_mixin.py:151} INFO - [2024-05-29T16:28:11.075+0000] {dag.py:3696} INFO - Setting next_dagrun for spark_airflow to 2024-05-28T01:00:00+00:00, run_after=2024-05-29T01:00:00+00:00
[2024-05-29T16:28:11.516+0000] {processor.py:179} INFO - Processing /opt/airflow/dags/spark_airflow.py took 8.011 seconds
[2024-05-29T16:28:42.143+0000] {processor.py:157} INFO - Started process (PID=258) to work on /opt/airflow/dags/spark_airflow.py
[2024-05-29T16:28:42.201+0000] {processor.py:829} INFO - Processing file /opt/airflow/dags/spark_airflow.py for tasks to queue
[2024-05-29T16:28:42.206+0000] {logging_mixin.py:151} INFO - [2024-05-29T16:28:42.205+0000] {dagbag.py:539} INFO - Filling up the DagBag from /opt/airflow/dags/spark_airflow.py
[2024-05-29T16:28:42.539+0000] {processor.py:839} INFO - DAG(s) dict_keys(['spark_airflow']) retrieved from /opt/airflow/dags/spark_airflow.py
[2024-05-29T16:28:42.927+0000] {logging_mixin.py:151} INFO - [2024-05-29T16:28:42.927+0000] {dag.py:2915} INFO - Sync 1 DAGs
[2024-05-29T16:28:43.245+0000] {logging_mixin.py:151} INFO - [2024-05-29T16:28:43.245+0000] {dag.py:3696} INFO - Setting next_dagrun for spark_airflow to 2024-05-28T01:00:00+00:00, run_after=2024-05-29T01:00:00+00:00
[2024-05-29T16:28:43.549+0000] {processor.py:179} INFO - Processing /opt/airflow/dags/spark_airflow.py took 1.443 seconds
[2024-05-29T16:29:14.508+0000] {processor.py:157} INFO - Started process (PID=263) to work on /opt/airflow/dags/spark_airflow.py
[2024-05-29T16:29:14.548+0000] {processor.py:829} INFO - Processing file /opt/airflow/dags/spark_airflow.py for tasks to queue
[2024-05-29T16:29:14.551+0000] {logging_mixin.py:151} INFO - [2024-05-29T16:29:14.550+0000] {dagbag.py:539} INFO - Filling up the DagBag from /opt/airflow/dags/spark_airflow.py
[2024-05-29T16:29:14.710+0000] {processor.py:839} INFO - DAG(s) dict_keys(['spark_airflow']) retrieved from /opt/airflow/dags/spark_airflow.py
[2024-05-29T16:29:14.913+0000] {logging_mixin.py:151} INFO - [2024-05-29T16:29:14.912+0000] {dag.py:2915} INFO - Sync 1 DAGs
[2024-05-29T16:29:15.076+0000] {logging_mixin.py:151} INFO - [2024-05-29T16:29:15.076+0000] {dag.py:3696} INFO - Setting next_dagrun for spark_airflow to 2024-05-28T01:00:00+00:00, run_after=2024-05-29T01:00:00+00:00
[2024-05-29T16:29:15.252+0000] {processor.py:179} INFO - Processing /opt/airflow/dags/spark_airflow.py took 0.770 seconds
[2024-05-29T16:29:45.788+0000] {processor.py:157} INFO - Started process (PID=268) to work on /opt/airflow/dags/spark_airflow.py
[2024-05-29T16:29:45.804+0000] {processor.py:829} INFO - Processing file /opt/airflow/dags/spark_airflow.py for tasks to queue
[2024-05-29T16:29:45.821+0000] {logging_mixin.py:151} INFO - [2024-05-29T16:29:45.820+0000] {dagbag.py:539} INFO - Filling up the DagBag from /opt/airflow/dags/spark_airflow.py
[2024-05-29T16:29:46.301+0000] {processor.py:839} INFO - DAG(s) dict_keys(['spark_airflow']) retrieved from /opt/airflow/dags/spark_airflow.py
[2024-05-29T16:29:46.738+0000] {logging_mixin.py:151} INFO - [2024-05-29T16:29:46.737+0000] {dag.py:2915} INFO - Sync 1 DAGs
[2024-05-29T16:29:46.925+0000] {logging_mixin.py:151} INFO - [2024-05-29T16:29:46.925+0000] {dag.py:3696} INFO - Setting next_dagrun for spark_airflow to 2024-05-28T01:00:00+00:00, run_after=2024-05-29T01:00:00+00:00
[2024-05-29T16:29:47.066+0000] {processor.py:179} INFO - Processing /opt/airflow/dags/spark_airflow.py took 1.296 seconds
[2024-05-29T16:30:18.246+0000] {processor.py:157} INFO - Started process (PID=273) to work on /opt/airflow/dags/spark_airflow.py
[2024-05-29T16:30:18.247+0000] {processor.py:829} INFO - Processing file /opt/airflow/dags/spark_airflow.py for tasks to queue
[2024-05-29T16:30:18.250+0000] {logging_mixin.py:151} INFO - [2024-05-29T16:30:18.249+0000] {dagbag.py:539} INFO - Filling up the DagBag from /opt/airflow/dags/spark_airflow.py
[2024-05-29T16:30:18.364+0000] {processor.py:839} INFO - DAG(s) dict_keys(['spark_airflow']) retrieved from /opt/airflow/dags/spark_airflow.py
[2024-05-29T16:30:18.489+0000] {logging_mixin.py:151} INFO - [2024-05-29T16:30:18.489+0000] {dag.py:2915} INFO - Sync 1 DAGs
[2024-05-29T16:30:18.545+0000] {logging_mixin.py:151} INFO - [2024-05-29T16:30:18.545+0000] {dag.py:3696} INFO - Setting next_dagrun for spark_airflow to 2024-05-28T01:00:00+00:00, run_after=2024-05-29T01:00:00+00:00
[2024-05-29T16:30:18.695+0000] {processor.py:179} INFO - Processing /opt/airflow/dags/spark_airflow.py took 0.468 seconds
[2024-05-29T16:30:48.819+0000] {processor.py:157} INFO - Started process (PID=278) to work on /opt/airflow/dags/spark_airflow.py
[2024-05-29T16:30:48.823+0000] {processor.py:829} INFO - Processing file /opt/airflow/dags/spark_airflow.py for tasks to queue
[2024-05-29T16:30:48.837+0000] {logging_mixin.py:151} INFO - [2024-05-29T16:30:48.825+0000] {dagbag.py:539} INFO - Filling up the DagBag from /opt/airflow/dags/spark_airflow.py
[2024-05-29T16:30:48.920+0000] {processor.py:839} INFO - DAG(s) dict_keys(['spark_airflow']) retrieved from /opt/airflow/dags/spark_airflow.py
[2024-05-29T16:30:49.095+0000] {logging_mixin.py:151} INFO - [2024-05-29T16:30:49.095+0000] {dag.py:2915} INFO - Sync 1 DAGs
[2024-05-29T16:30:49.150+0000] {logging_mixin.py:151} INFO - [2024-05-29T16:30:49.149+0000] {dag.py:3696} INFO - Setting next_dagrun for spark_airflow to 2024-05-28T01:00:00+00:00, run_after=2024-05-29T01:00:00+00:00
[2024-05-29T16:30:49.293+0000] {processor.py:179} INFO - Processing /opt/airflow/dags/spark_airflow.py took 0.490 seconds
[2024-05-29T16:31:20.076+0000] {processor.py:157} INFO - Started process (PID=283) to work on /opt/airflow/dags/spark_airflow.py
[2024-05-29T16:31:20.078+0000] {processor.py:829} INFO - Processing file /opt/airflow/dags/spark_airflow.py for tasks to queue
[2024-05-29T16:31:20.081+0000] {logging_mixin.py:151} INFO - [2024-05-29T16:31:20.080+0000] {dagbag.py:539} INFO - Filling up the DagBag from /opt/airflow/dags/spark_airflow.py
[2024-05-29T16:31:20.194+0000] {processor.py:839} INFO - DAG(s) dict_keys(['spark_airflow']) retrieved from /opt/airflow/dags/spark_airflow.py
[2024-05-29T16:31:20.456+0000] {logging_mixin.py:151} INFO - [2024-05-29T16:31:20.456+0000] {dag.py:2915} INFO - Sync 1 DAGs
[2024-05-29T16:31:20.623+0000] {logging_mixin.py:151} INFO - [2024-05-29T16:31:20.622+0000] {dag.py:3696} INFO - Setting next_dagrun for spark_airflow to 2024-05-28T01:00:00+00:00, run_after=2024-05-29T01:00:00+00:00
[2024-05-29T16:31:20.698+0000] {processor.py:179} INFO - Processing /opt/airflow/dags/spark_airflow.py took 0.652 seconds
[2024-05-29T16:31:50.884+0000] {processor.py:157} INFO - Started process (PID=288) to work on /opt/airflow/dags/spark_airflow.py
[2024-05-29T16:31:50.885+0000] {processor.py:829} INFO - Processing file /opt/airflow/dags/spark_airflow.py for tasks to queue
[2024-05-29T16:31:50.889+0000] {logging_mixin.py:151} INFO - [2024-05-29T16:31:50.888+0000] {dagbag.py:539} INFO - Filling up the DagBag from /opt/airflow/dags/spark_airflow.py
[2024-05-29T16:31:51.022+0000] {processor.py:839} INFO - DAG(s) dict_keys(['spark_airflow']) retrieved from /opt/airflow/dags/spark_airflow.py
[2024-05-29T16:31:51.136+0000] {logging_mixin.py:151} INFO - [2024-05-29T16:31:51.136+0000] {dag.py:2915} INFO - Sync 1 DAGs
[2024-05-29T16:31:51.304+0000] {logging_mixin.py:151} INFO - [2024-05-29T16:31:51.303+0000] {dag.py:3696} INFO - Setting next_dagrun for spark_airflow to 2024-05-28T01:00:00+00:00, run_after=2024-05-29T01:00:00+00:00
[2024-05-29T16:31:51.593+0000] {processor.py:179} INFO - Processing /opt/airflow/dags/spark_airflow.py took 0.719 seconds
[2024-05-29T16:32:22.109+0000] {processor.py:157} INFO - Started process (PID=293) to work on /opt/airflow/dags/spark_airflow.py
[2024-05-29T16:32:22.120+0000] {processor.py:829} INFO - Processing file /opt/airflow/dags/spark_airflow.py for tasks to queue
[2024-05-29T16:32:22.137+0000] {logging_mixin.py:151} INFO - [2024-05-29T16:32:22.136+0000] {dagbag.py:539} INFO - Filling up the DagBag from /opt/airflow/dags/spark_airflow.py
[2024-05-29T16:32:22.249+0000] {processor.py:839} INFO - DAG(s) dict_keys(['spark_airflow']) retrieved from /opt/airflow/dags/spark_airflow.py
[2024-05-29T16:32:22.640+0000] {logging_mixin.py:151} INFO - [2024-05-29T16:32:22.640+0000] {dag.py:2915} INFO - Sync 1 DAGs
[2024-05-29T16:32:22.720+0000] {logging_mixin.py:151} INFO - [2024-05-29T16:32:22.720+0000] {dag.py:3696} INFO - Setting next_dagrun for spark_airflow to 2024-05-28T01:00:00+00:00, run_after=2024-05-29T01:00:00+00:00
[2024-05-29T16:32:22.791+0000] {processor.py:179} INFO - Processing /opt/airflow/dags/spark_airflow.py took 0.705 seconds
[2024-05-29T16:32:53.085+0000] {processor.py:157} INFO - Started process (PID=298) to work on /opt/airflow/dags/spark_airflow.py
[2024-05-29T16:32:53.090+0000] {processor.py:829} INFO - Processing file /opt/airflow/dags/spark_airflow.py for tasks to queue
[2024-05-29T16:32:53.098+0000] {logging_mixin.py:151} INFO - [2024-05-29T16:32:53.096+0000] {dagbag.py:539} INFO - Filling up the DagBag from /opt/airflow/dags/spark_airflow.py
[2024-05-29T16:32:53.172+0000] {processor.py:839} INFO - DAG(s) dict_keys(['spark_airflow']) retrieved from /opt/airflow/dags/spark_airflow.py
[2024-05-29T16:32:53.284+0000] {logging_mixin.py:151} INFO - [2024-05-29T16:32:53.283+0000] {dag.py:2915} INFO - Sync 1 DAGs
[2024-05-29T16:32:53.380+0000] {logging_mixin.py:151} INFO - [2024-05-29T16:32:53.379+0000] {dag.py:3696} INFO - Setting next_dagrun for spark_airflow to 2024-05-28T01:00:00+00:00, run_after=2024-05-29T01:00:00+00:00
[2024-05-29T16:32:53.442+0000] {processor.py:179} INFO - Processing /opt/airflow/dags/spark_airflow.py took 0.380 seconds
[2024-05-29T16:33:24.196+0000] {processor.py:157} INFO - Started process (PID=303) to work on /opt/airflow/dags/spark_airflow.py
[2024-05-29T16:33:24.206+0000] {processor.py:829} INFO - Processing file /opt/airflow/dags/spark_airflow.py for tasks to queue
[2024-05-29T16:33:24.223+0000] {logging_mixin.py:151} INFO - [2024-05-29T16:33:24.217+0000] {dagbag.py:539} INFO - Filling up the DagBag from /opt/airflow/dags/spark_airflow.py
[2024-05-29T16:33:24.626+0000] {processor.py:839} INFO - DAG(s) dict_keys(['spark_airflow']) retrieved from /opt/airflow/dags/spark_airflow.py
[2024-05-29T16:33:25.131+0000] {logging_mixin.py:151} INFO - [2024-05-29T16:33:25.130+0000] {dag.py:2915} INFO - Sync 1 DAGs
[2024-05-29T16:33:25.323+0000] {logging_mixin.py:151} INFO - [2024-05-29T16:33:25.321+0000] {dag.py:3696} INFO - Setting next_dagrun for spark_airflow to 2024-05-28T01:00:00+00:00, run_after=2024-05-29T01:00:00+00:00
[2024-05-29T16:33:25.483+0000] {processor.py:179} INFO - Processing /opt/airflow/dags/spark_airflow.py took 1.394 seconds
[2024-05-29T16:33:56.268+0000] {processor.py:157} INFO - Started process (PID=308) to work on /opt/airflow/dags/spark_airflow.py
[2024-05-29T16:33:56.280+0000] {processor.py:829} INFO - Processing file /opt/airflow/dags/spark_airflow.py for tasks to queue
[2024-05-29T16:33:56.313+0000] {logging_mixin.py:151} INFO - [2024-05-29T16:33:56.295+0000] {dagbag.py:539} INFO - Filling up the DagBag from /opt/airflow/dags/spark_airflow.py
[2024-05-29T16:33:57.052+0000] {processor.py:839} INFO - DAG(s) dict_keys(['spark_airflow']) retrieved from /opt/airflow/dags/spark_airflow.py
[2024-05-29T16:33:58.026+0000] {logging_mixin.py:151} INFO - [2024-05-29T16:33:58.026+0000] {dag.py:2915} INFO - Sync 1 DAGs
[2024-05-29T16:33:58.531+0000] {logging_mixin.py:151} INFO - [2024-05-29T16:33:58.530+0000] {dag.py:3696} INFO - Setting next_dagrun for spark_airflow to 2024-05-28T01:00:00+00:00, run_after=2024-05-29T01:00:00+00:00
[2024-05-29T16:33:58.978+0000] {processor.py:179} INFO - Processing /opt/airflow/dags/spark_airflow.py took 2.840 seconds
[2024-05-29T16:34:30.093+0000] {processor.py:157} INFO - Started process (PID=313) to work on /opt/airflow/dags/spark_airflow.py
[2024-05-29T16:34:30.102+0000] {processor.py:829} INFO - Processing file /opt/airflow/dags/spark_airflow.py for tasks to queue
[2024-05-29T16:34:30.134+0000] {logging_mixin.py:151} INFO - [2024-05-29T16:34:30.125+0000] {dagbag.py:539} INFO - Filling up the DagBag from /opt/airflow/dags/spark_airflow.py
[2024-05-29T16:34:30.577+0000] {processor.py:839} INFO - DAG(s) dict_keys(['spark_airflow']) retrieved from /opt/airflow/dags/spark_airflow.py
[2024-05-29T16:34:30.899+0000] {logging_mixin.py:151} INFO - [2024-05-29T16:34:30.898+0000] {dag.py:2915} INFO - Sync 1 DAGs
[2024-05-29T16:34:31.202+0000] {logging_mixin.py:151} INFO - [2024-05-29T16:34:31.201+0000] {dag.py:3696} INFO - Setting next_dagrun for spark_airflow to 2024-05-28T01:00:00+00:00, run_after=2024-05-29T01:00:00+00:00
[2024-05-29T16:34:31.464+0000] {processor.py:179} INFO - Processing /opt/airflow/dags/spark_airflow.py took 1.502 seconds
[2024-05-29T16:35:02.087+0000] {processor.py:157} INFO - Started process (PID=318) to work on /opt/airflow/dags/spark_airflow.py
[2024-05-29T16:35:02.107+0000] {processor.py:829} INFO - Processing file /opt/airflow/dags/spark_airflow.py for tasks to queue
[2024-05-29T16:35:02.115+0000] {logging_mixin.py:151} INFO - [2024-05-29T16:35:02.113+0000] {dagbag.py:539} INFO - Filling up the DagBag from /opt/airflow/dags/spark_airflow.py
[2024-05-29T16:35:02.294+0000] {processor.py:839} INFO - DAG(s) dict_keys(['spark_airflow']) retrieved from /opt/airflow/dags/spark_airflow.py
[2024-05-29T16:35:02.620+0000] {logging_mixin.py:151} INFO - [2024-05-29T16:35:02.620+0000] {dag.py:2915} INFO - Sync 1 DAGs
[2024-05-29T16:35:02.796+0000] {logging_mixin.py:151} INFO - [2024-05-29T16:35:02.795+0000] {dag.py:3696} INFO - Setting next_dagrun for spark_airflow to 2024-05-28T01:00:00+00:00, run_after=2024-05-29T01:00:00+00:00
[2024-05-29T16:35:03.166+0000] {processor.py:179} INFO - Processing /opt/airflow/dags/spark_airflow.py took 1.111 seconds
[2024-05-29T16:35:34.428+0000] {processor.py:157} INFO - Started process (PID=323) to work on /opt/airflow/dags/spark_airflow.py
[2024-05-29T16:35:34.443+0000] {processor.py:829} INFO - Processing file /opt/airflow/dags/spark_airflow.py for tasks to queue
[2024-05-29T16:35:34.484+0000] {logging_mixin.py:151} INFO - [2024-05-29T16:35:34.482+0000] {dagbag.py:539} INFO - Filling up the DagBag from /opt/airflow/dags/spark_airflow.py
[2024-05-29T16:35:34.600+0000] {processor.py:839} INFO - DAG(s) dict_keys(['spark_airflow']) retrieved from /opt/airflow/dags/spark_airflow.py
[2024-05-29T16:35:34.802+0000] {logging_mixin.py:151} INFO - [2024-05-29T16:35:34.801+0000] {dag.py:2915} INFO - Sync 1 DAGs
[2024-05-29T16:35:35.138+0000] {logging_mixin.py:151} INFO - [2024-05-29T16:35:35.138+0000] {dag.py:3696} INFO - Setting next_dagrun for spark_airflow to 2024-05-28T01:00:00+00:00, run_after=2024-05-29T01:00:00+00:00
[2024-05-29T16:35:35.312+0000] {processor.py:179} INFO - Processing /opt/airflow/dags/spark_airflow.py took 0.921 seconds
[2024-05-29T16:36:05.989+0000] {processor.py:157} INFO - Started process (PID=328) to work on /opt/airflow/dags/spark_airflow.py
[2024-05-29T16:36:05.993+0000] {processor.py:829} INFO - Processing file /opt/airflow/dags/spark_airflow.py for tasks to queue
[2024-05-29T16:36:05.996+0000] {logging_mixin.py:151} INFO - [2024-05-29T16:36:05.995+0000] {dagbag.py:539} INFO - Filling up the DagBag from /opt/airflow/dags/spark_airflow.py
[2024-05-29T16:36:06.074+0000] {processor.py:839} INFO - DAG(s) dict_keys(['spark_airflow']) retrieved from /opt/airflow/dags/spark_airflow.py
[2024-05-29T16:36:06.168+0000] {logging_mixin.py:151} INFO - [2024-05-29T16:36:06.167+0000] {dag.py:2915} INFO - Sync 1 DAGs
[2024-05-29T16:36:06.215+0000] {logging_mixin.py:151} INFO - [2024-05-29T16:36:06.214+0000] {dag.py:3696} INFO - Setting next_dagrun for spark_airflow to 2024-05-28T01:00:00+00:00, run_after=2024-05-29T01:00:00+00:00
[2024-05-29T16:36:06.355+0000] {processor.py:179} INFO - Processing /opt/airflow/dags/spark_airflow.py took 0.379 seconds
[2024-05-29T16:36:36.821+0000] {processor.py:157} INFO - Started process (PID=333) to work on /opt/airflow/dags/spark_airflow.py
[2024-05-29T16:36:36.827+0000] {processor.py:829} INFO - Processing file /opt/airflow/dags/spark_airflow.py for tasks to queue
[2024-05-29T16:36:36.833+0000] {logging_mixin.py:151} INFO - [2024-05-29T16:36:36.831+0000] {dagbag.py:539} INFO - Filling up the DagBag from /opt/airflow/dags/spark_airflow.py
[2024-05-29T16:36:36.967+0000] {processor.py:839} INFO - DAG(s) dict_keys(['spark_airflow']) retrieved from /opt/airflow/dags/spark_airflow.py
[2024-05-29T16:36:37.344+0000] {logging_mixin.py:151} INFO - [2024-05-29T16:36:37.343+0000] {dag.py:2915} INFO - Sync 1 DAGs
[2024-05-29T16:36:37.620+0000] {logging_mixin.py:151} INFO - [2024-05-29T16:36:37.619+0000] {dag.py:3696} INFO - Setting next_dagrun for spark_airflow to 2024-05-28T01:00:00+00:00, run_after=2024-05-29T01:00:00+00:00
[2024-05-29T16:36:37.778+0000] {processor.py:179} INFO - Processing /opt/airflow/dags/spark_airflow.py took 0.971 seconds
[2024-05-29T16:37:08.544+0000] {processor.py:157} INFO - Started process (PID=338) to work on /opt/airflow/dags/spark_airflow.py
[2024-05-29T16:37:08.546+0000] {processor.py:829} INFO - Processing file /opt/airflow/dags/spark_airflow.py for tasks to queue
[2024-05-29T16:37:08.550+0000] {logging_mixin.py:151} INFO - [2024-05-29T16:37:08.549+0000] {dagbag.py:539} INFO - Filling up the DagBag from /opt/airflow/dags/spark_airflow.py
[2024-05-29T16:37:08.640+0000] {processor.py:839} INFO - DAG(s) dict_keys(['spark_airflow']) retrieved from /opt/airflow/dags/spark_airflow.py
[2024-05-29T16:37:08.875+0000] {logging_mixin.py:151} INFO - [2024-05-29T16:37:08.875+0000] {dag.py:2915} INFO - Sync 1 DAGs
[2024-05-29T16:37:08.985+0000] {logging_mixin.py:151} INFO - [2024-05-29T16:37:08.985+0000] {dag.py:3696} INFO - Setting next_dagrun for spark_airflow to 2024-05-28T01:00:00+00:00, run_after=2024-05-29T01:00:00+00:00
[2024-05-29T16:37:09.150+0000] {processor.py:179} INFO - Processing /opt/airflow/dags/spark_airflow.py took 0.653 seconds
[2024-05-29T16:37:39.946+0000] {processor.py:157} INFO - Started process (PID=343) to work on /opt/airflow/dags/spark_airflow.py
[2024-05-29T16:37:39.948+0000] {processor.py:829} INFO - Processing file /opt/airflow/dags/spark_airflow.py for tasks to queue
[2024-05-29T16:37:39.963+0000] {logging_mixin.py:151} INFO - [2024-05-29T16:37:39.960+0000] {dagbag.py:539} INFO - Filling up the DagBag from /opt/airflow/dags/spark_airflow.py
[2024-05-29T16:37:40.223+0000] {processor.py:839} INFO - DAG(s) dict_keys(['spark_airflow']) retrieved from /opt/airflow/dags/spark_airflow.py
[2024-05-29T16:37:40.658+0000] {logging_mixin.py:151} INFO - [2024-05-29T16:37:40.658+0000] {dag.py:2915} INFO - Sync 1 DAGs
[2024-05-29T16:37:41.020+0000] {logging_mixin.py:151} INFO - [2024-05-29T16:37:41.020+0000] {dag.py:3696} INFO - Setting next_dagrun for spark_airflow to 2024-05-28T01:00:00+00:00, run_after=2024-05-29T01:00:00+00:00
[2024-05-29T16:37:41.217+0000] {processor.py:179} INFO - Processing /opt/airflow/dags/spark_airflow.py took 1.303 seconds
[2024-05-29T16:38:12.369+0000] {processor.py:157} INFO - Started process (PID=348) to work on /opt/airflow/dags/spark_airflow.py
[2024-05-29T16:38:12.381+0000] {processor.py:829} INFO - Processing file /opt/airflow/dags/spark_airflow.py for tasks to queue
[2024-05-29T16:38:12.392+0000] {logging_mixin.py:151} INFO - [2024-05-29T16:38:12.391+0000] {dagbag.py:539} INFO - Filling up the DagBag from /opt/airflow/dags/spark_airflow.py
[2024-05-29T16:38:12.502+0000] {processor.py:839} INFO - DAG(s) dict_keys(['spark_airflow']) retrieved from /opt/airflow/dags/spark_airflow.py
[2024-05-29T16:38:12.605+0000] {logging_mixin.py:151} INFO - [2024-05-29T16:38:12.605+0000] {dag.py:2915} INFO - Sync 1 DAGs
[2024-05-29T16:38:12.668+0000] {logging_mixin.py:151} INFO - [2024-05-29T16:38:12.667+0000] {dag.py:3696} INFO - Setting next_dagrun for spark_airflow to 2024-05-28T01:00:00+00:00, run_after=2024-05-29T01:00:00+00:00
[2024-05-29T16:38:12.737+0000] {processor.py:179} INFO - Processing /opt/airflow/dags/spark_airflow.py took 0.394 seconds
[2024-05-29T16:38:43.212+0000] {processor.py:157} INFO - Started process (PID=353) to work on /opt/airflow/dags/spark_airflow.py
[2024-05-29T16:38:43.230+0000] {processor.py:829} INFO - Processing file /opt/airflow/dags/spark_airflow.py for tasks to queue
[2024-05-29T16:38:43.234+0000] {logging_mixin.py:151} INFO - [2024-05-29T16:38:43.233+0000] {dagbag.py:539} INFO - Filling up the DagBag from /opt/airflow/dags/spark_airflow.py
[2024-05-29T16:38:43.421+0000] {processor.py:839} INFO - DAG(s) dict_keys(['spark_airflow']) retrieved from /opt/airflow/dags/spark_airflow.py
[2024-05-29T16:38:43.630+0000] {logging_mixin.py:151} INFO - [2024-05-29T16:38:43.630+0000] {dag.py:2915} INFO - Sync 1 DAGs
[2024-05-29T16:38:43.722+0000] {logging_mixin.py:151} INFO - [2024-05-29T16:38:43.721+0000] {dag.py:3696} INFO - Setting next_dagrun for spark_airflow to 2024-05-28T01:00:00+00:00, run_after=2024-05-29T01:00:00+00:00
[2024-05-29T16:38:43.792+0000] {processor.py:179} INFO - Processing /opt/airflow/dags/spark_airflow.py took 0.664 seconds
[2024-05-29T16:39:14.386+0000] {processor.py:157} INFO - Started process (PID=358) to work on /opt/airflow/dags/spark_airflow.py
[2024-05-29T16:39:14.390+0000] {processor.py:829} INFO - Processing file /opt/airflow/dags/spark_airflow.py for tasks to queue
[2024-05-29T16:39:14.403+0000] {logging_mixin.py:151} INFO - [2024-05-29T16:39:14.402+0000] {dagbag.py:539} INFO - Filling up the DagBag from /opt/airflow/dags/spark_airflow.py
[2024-05-29T16:39:14.528+0000] {processor.py:839} INFO - DAG(s) dict_keys(['spark_airflow']) retrieved from /opt/airflow/dags/spark_airflow.py
[2024-05-29T16:39:14.857+0000] {logging_mixin.py:151} INFO - [2024-05-29T16:39:14.856+0000] {dag.py:2915} INFO - Sync 1 DAGs
[2024-05-29T16:39:14.926+0000] {logging_mixin.py:151} INFO - [2024-05-29T16:39:14.926+0000] {dag.py:3696} INFO - Setting next_dagrun for spark_airflow to 2024-05-28T01:00:00+00:00, run_after=2024-05-29T01:00:00+00:00
[2024-05-29T16:39:15.325+0000] {processor.py:179} INFO - Processing /opt/airflow/dags/spark_airflow.py took 0.973 seconds
[2024-05-29T16:39:46.505+0000] {processor.py:157} INFO - Started process (PID=363) to work on /opt/airflow/dags/spark_airflow.py
[2024-05-29T16:39:46.517+0000] {processor.py:829} INFO - Processing file /opt/airflow/dags/spark_airflow.py for tasks to queue
[2024-05-29T16:39:46.524+0000] {logging_mixin.py:151} INFO - [2024-05-29T16:39:46.522+0000] {dagbag.py:539} INFO - Filling up the DagBag from /opt/airflow/dags/spark_airflow.py
[2024-05-29T16:39:46.667+0000] {processor.py:839} INFO - DAG(s) dict_keys(['spark_airflow']) retrieved from /opt/airflow/dags/spark_airflow.py
[2024-05-29T16:39:46.891+0000] {logging_mixin.py:151} INFO - [2024-05-29T16:39:46.890+0000] {dag.py:2915} INFO - Sync 1 DAGs
[2024-05-29T16:39:47.093+0000] {logging_mixin.py:151} INFO - [2024-05-29T16:39:47.092+0000] {dag.py:3696} INFO - Setting next_dagrun for spark_airflow to 2024-05-28T01:00:00+00:00, run_after=2024-05-29T01:00:00+00:00
[2024-05-29T16:39:47.205+0000] {processor.py:179} INFO - Processing /opt/airflow/dags/spark_airflow.py took 0.737 seconds
[2024-05-29T16:40:18.721+0000] {processor.py:157} INFO - Started process (PID=368) to work on /opt/airflow/dags/spark_airflow.py
[2024-05-29T16:40:18.738+0000] {processor.py:829} INFO - Processing file /opt/airflow/dags/spark_airflow.py for tasks to queue
[2024-05-29T16:40:18.821+0000] {logging_mixin.py:151} INFO - [2024-05-29T16:40:18.801+0000] {dagbag.py:539} INFO - Filling up the DagBag from /opt/airflow/dags/spark_airflow.py
[2024-05-29T16:40:19.666+0000] {processor.py:839} INFO - DAG(s) dict_keys(['spark_airflow']) retrieved from /opt/airflow/dags/spark_airflow.py
[2024-05-29T16:40:20.873+0000] {logging_mixin.py:151} INFO - [2024-05-29T16:40:20.873+0000] {dag.py:2915} INFO - Sync 1 DAGs
[2024-05-29T16:40:21.589+0000] {logging_mixin.py:151} INFO - [2024-05-29T16:40:21.581+0000] {dag.py:3696} INFO - Setting next_dagrun for spark_airflow to 2024-05-28T01:00:00+00:00, run_after=2024-05-29T01:00:00+00:00
[2024-05-29T16:40:21.950+0000] {processor.py:179} INFO - Processing /opt/airflow/dags/spark_airflow.py took 3.417 seconds
[2024-05-29T16:40:52.781+0000] {processor.py:157} INFO - Started process (PID=373) to work on /opt/airflow/dags/spark_airflow.py
[2024-05-29T16:40:52.795+0000] {processor.py:829} INFO - Processing file /opt/airflow/dags/spark_airflow.py for tasks to queue
[2024-05-29T16:40:52.829+0000] {logging_mixin.py:151} INFO - [2024-05-29T16:40:52.801+0000] {dagbag.py:539} INFO - Filling up the DagBag from /opt/airflow/dags/spark_airflow.py
[2024-05-29T16:40:53.215+0000] {processor.py:839} INFO - DAG(s) dict_keys(['spark_airflow']) retrieved from /opt/airflow/dags/spark_airflow.py
[2024-05-29T16:40:53.697+0000] {logging_mixin.py:151} INFO - [2024-05-29T16:40:53.697+0000] {dag.py:2915} INFO - Sync 1 DAGs
[2024-05-29T16:40:54.021+0000] {logging_mixin.py:151} INFO - [2024-05-29T16:40:53.995+0000] {dag.py:3696} INFO - Setting next_dagrun for spark_airflow to 2024-05-28T01:00:00+00:00, run_after=2024-05-29T01:00:00+00:00
[2024-05-29T16:40:54.509+0000] {processor.py:179} INFO - Processing /opt/airflow/dags/spark_airflow.py took 1.777 seconds
[2024-05-29T16:41:25.358+0000] {processor.py:157} INFO - Started process (PID=378) to work on /opt/airflow/dags/spark_airflow.py
[2024-05-29T16:41:25.414+0000] {processor.py:829} INFO - Processing file /opt/airflow/dags/spark_airflow.py for tasks to queue
[2024-05-29T16:41:25.424+0000] {logging_mixin.py:151} INFO - [2024-05-29T16:41:25.419+0000] {dagbag.py:539} INFO - Filling up the DagBag from /opt/airflow/dags/spark_airflow.py
[2024-05-29T16:41:25.641+0000] {processor.py:839} INFO - DAG(s) dict_keys(['spark_airflow']) retrieved from /opt/airflow/dags/spark_airflow.py
[2024-05-29T16:41:25.973+0000] {logging_mixin.py:151} INFO - [2024-05-29T16:41:25.972+0000] {dag.py:2915} INFO - Sync 1 DAGs
[2024-05-29T16:41:26.163+0000] {logging_mixin.py:151} INFO - [2024-05-29T16:41:26.163+0000] {dag.py:3696} INFO - Setting next_dagrun for spark_airflow to 2024-05-28T01:00:00+00:00, run_after=2024-05-29T01:00:00+00:00
[2024-05-29T16:41:26.324+0000] {processor.py:179} INFO - Processing /opt/airflow/dags/spark_airflow.py took 1.112 seconds
[2024-05-29T16:41:56.895+0000] {processor.py:157} INFO - Started process (PID=383) to work on /opt/airflow/dags/spark_airflow.py
[2024-05-29T16:41:56.896+0000] {processor.py:829} INFO - Processing file /opt/airflow/dags/spark_airflow.py for tasks to queue
[2024-05-29T16:41:56.899+0000] {logging_mixin.py:151} INFO - [2024-05-29T16:41:56.898+0000] {dagbag.py:539} INFO - Filling up the DagBag from /opt/airflow/dags/spark_airflow.py
[2024-05-29T16:41:57.148+0000] {processor.py:839} INFO - DAG(s) dict_keys(['spark_airflow']) retrieved from /opt/airflow/dags/spark_airflow.py
[2024-05-29T16:41:57.364+0000] {logging_mixin.py:151} INFO - [2024-05-29T16:41:57.363+0000] {dag.py:2915} INFO - Sync 1 DAGs
[2024-05-29T16:41:57.460+0000] {logging_mixin.py:151} INFO - [2024-05-29T16:41:57.459+0000] {dag.py:3696} INFO - Setting next_dagrun for spark_airflow to 2024-05-28T01:00:00+00:00, run_after=2024-05-29T01:00:00+00:00
[2024-05-29T16:41:57.531+0000] {processor.py:179} INFO - Processing /opt/airflow/dags/spark_airflow.py took 0.656 seconds
[2024-05-29T16:42:29.142+0000] {processor.py:157} INFO - Started process (PID=388) to work on /opt/airflow/dags/spark_airflow.py
[2024-05-29T16:42:29.155+0000] {processor.py:829} INFO - Processing file /opt/airflow/dags/spark_airflow.py for tasks to queue
[2024-05-29T16:42:29.164+0000] {logging_mixin.py:151} INFO - [2024-05-29T16:42:29.162+0000] {dagbag.py:539} INFO - Filling up the DagBag from /opt/airflow/dags/spark_airflow.py
[2024-05-29T16:42:29.665+0000] {processor.py:839} INFO - DAG(s) dict_keys(['spark_airflow']) retrieved from /opt/airflow/dags/spark_airflow.py
[2024-05-29T16:42:30.503+0000] {logging_mixin.py:151} INFO - [2024-05-29T16:42:30.502+0000] {dag.py:2915} INFO - Sync 1 DAGs
[2024-05-29T16:42:30.782+0000] {logging_mixin.py:151} INFO - [2024-05-29T16:42:30.782+0000] {dag.py:3696} INFO - Setting next_dagrun for spark_airflow to 2024-05-28T01:00:00+00:00, run_after=2024-05-29T01:00:00+00:00
[2024-05-29T16:42:30.938+0000] {processor.py:179} INFO - Processing /opt/airflow/dags/spark_airflow.py took 1.810 seconds
[2024-05-29T16:43:02.194+0000] {processor.py:157} INFO - Started process (PID=393) to work on /opt/airflow/dags/spark_airflow.py
[2024-05-29T16:43:02.199+0000] {processor.py:829} INFO - Processing file /opt/airflow/dags/spark_airflow.py for tasks to queue
[2024-05-29T16:43:02.215+0000] {logging_mixin.py:151} INFO - [2024-05-29T16:43:02.203+0000] {dagbag.py:539} INFO - Filling up the DagBag from /opt/airflow/dags/spark_airflow.py
[2024-05-29T16:43:02.468+0000] {processor.py:839} INFO - DAG(s) dict_keys(['spark_airflow']) retrieved from /opt/airflow/dags/spark_airflow.py
[2024-05-29T16:43:02.893+0000] {logging_mixin.py:151} INFO - [2024-05-29T16:43:02.892+0000] {dag.py:2915} INFO - Sync 1 DAGs
[2024-05-29T16:43:03.125+0000] {logging_mixin.py:151} INFO - [2024-05-29T16:43:03.125+0000] {dag.py:3696} INFO - Setting next_dagrun for spark_airflow to 2024-05-28T01:00:00+00:00, run_after=2024-05-29T01:00:00+00:00
[2024-05-29T16:43:03.345+0000] {processor.py:179} INFO - Processing /opt/airflow/dags/spark_airflow.py took 1.212 seconds
[2024-05-29T16:43:34.504+0000] {processor.py:157} INFO - Started process (PID=398) to work on /opt/airflow/dags/spark_airflow.py
[2024-05-29T16:43:34.505+0000] {processor.py:829} INFO - Processing file /opt/airflow/dags/spark_airflow.py for tasks to queue
[2024-05-29T16:43:34.508+0000] {logging_mixin.py:151} INFO - [2024-05-29T16:43:34.507+0000] {dagbag.py:539} INFO - Filling up the DagBag from /opt/airflow/dags/spark_airflow.py
[2024-05-29T16:43:35.015+0000] {processor.py:839} INFO - DAG(s) dict_keys(['spark_airflow']) retrieved from /opt/airflow/dags/spark_airflow.py
[2024-05-29T16:43:35.389+0000] {logging_mixin.py:151} INFO - [2024-05-29T16:43:35.388+0000] {dag.py:2915} INFO - Sync 1 DAGs
[2024-05-29T16:43:35.761+0000] {logging_mixin.py:151} INFO - [2024-05-29T16:43:35.759+0000] {dag.py:3696} INFO - Setting next_dagrun for spark_airflow to 2024-05-28T01:00:00+00:00, run_after=2024-05-29T01:00:00+00:00
[2024-05-29T16:43:35.876+0000] {processor.py:179} INFO - Processing /opt/airflow/dags/spark_airflow.py took 1.384 seconds
[2024-05-29T16:44:07.515+0000] {processor.py:157} INFO - Started process (PID=403) to work on /opt/airflow/dags/spark_airflow.py
[2024-05-29T16:44:07.523+0000] {processor.py:829} INFO - Processing file /opt/airflow/dags/spark_airflow.py for tasks to queue
[2024-05-29T16:44:07.539+0000] {logging_mixin.py:151} INFO - [2024-05-29T16:44:07.536+0000] {dagbag.py:539} INFO - Filling up the DagBag from /opt/airflow/dags/spark_airflow.py
[2024-05-29T16:44:07.624+0000] {processor.py:839} INFO - DAG(s) dict_keys(['spark_airflow']) retrieved from /opt/airflow/dags/spark_airflow.py
[2024-05-29T16:44:07.819+0000] {logging_mixin.py:151} INFO - [2024-05-29T16:44:07.810+0000] {dag.py:2915} INFO - Sync 1 DAGs
[2024-05-29T16:44:07.920+0000] {logging_mixin.py:151} INFO - [2024-05-29T16:44:07.919+0000] {dag.py:3696} INFO - Setting next_dagrun for spark_airflow to 2024-05-28T01:00:00+00:00, run_after=2024-05-29T01:00:00+00:00
[2024-05-29T16:44:08.300+0000] {processor.py:179} INFO - Processing /opt/airflow/dags/spark_airflow.py took 0.820 seconds
[2024-05-29T16:44:38.965+0000] {processor.py:157} INFO - Started process (PID=408) to work on /opt/airflow/dags/spark_airflow.py
[2024-05-29T16:44:38.967+0000] {processor.py:829} INFO - Processing file /opt/airflow/dags/spark_airflow.py for tasks to queue
[2024-05-29T16:44:38.970+0000] {logging_mixin.py:151} INFO - [2024-05-29T16:44:38.969+0000] {dagbag.py:539} INFO - Filling up the DagBag from /opt/airflow/dags/spark_airflow.py
[2024-05-29T16:44:39.038+0000] {processor.py:839} INFO - DAG(s) dict_keys(['spark_airflow']) retrieved from /opt/airflow/dags/spark_airflow.py
[2024-05-29T16:44:39.128+0000] {logging_mixin.py:151} INFO - [2024-05-29T16:44:39.128+0000] {dag.py:2915} INFO - Sync 1 DAGs
[2024-05-29T16:44:39.227+0000] {logging_mixin.py:151} INFO - [2024-05-29T16:44:39.226+0000] {dag.py:3696} INFO - Setting next_dagrun for spark_airflow to 2024-05-28T01:00:00+00:00, run_after=2024-05-29T01:00:00+00:00
[2024-05-29T16:44:39.309+0000] {processor.py:179} INFO - Processing /opt/airflow/dags/spark_airflow.py took 0.392 seconds
[2024-05-29T16:45:09.795+0000] {processor.py:157} INFO - Started process (PID=413) to work on /opt/airflow/dags/spark_airflow.py
[2024-05-29T16:45:09.796+0000] {processor.py:829} INFO - Processing file /opt/airflow/dags/spark_airflow.py for tasks to queue
[2024-05-29T16:45:09.800+0000] {logging_mixin.py:151} INFO - [2024-05-29T16:45:09.799+0000] {dagbag.py:539} INFO - Filling up the DagBag from /opt/airflow/dags/spark_airflow.py
[2024-05-29T16:45:09.957+0000] {processor.py:839} INFO - DAG(s) dict_keys(['spark_airflow']) retrieved from /opt/airflow/dags/spark_airflow.py
[2024-05-29T16:45:10.120+0000] {logging_mixin.py:151} INFO - [2024-05-29T16:45:10.118+0000] {dag.py:2915} INFO - Sync 1 DAGs
[2024-05-29T16:45:10.206+0000] {logging_mixin.py:151} INFO - [2024-05-29T16:45:10.205+0000] {dag.py:3696} INFO - Setting next_dagrun for spark_airflow to 2024-05-28T01:00:00+00:00, run_after=2024-05-29T01:00:00+00:00
[2024-05-29T16:45:10.289+0000] {processor.py:179} INFO - Processing /opt/airflow/dags/spark_airflow.py took 0.509 seconds
[2024-05-29T16:45:40.466+0000] {processor.py:157} INFO - Started process (PID=418) to work on /opt/airflow/dags/spark_airflow.py
[2024-05-29T16:45:40.525+0000] {processor.py:829} INFO - Processing file /opt/airflow/dags/spark_airflow.py for tasks to queue
[2024-05-29T16:45:40.529+0000] {logging_mixin.py:151} INFO - [2024-05-29T16:45:40.527+0000] {dagbag.py:539} INFO - Filling up the DagBag from /opt/airflow/dags/spark_airflow.py
[2024-05-29T16:45:40.590+0000] {processor.py:839} INFO - DAG(s) dict_keys(['spark_airflow']) retrieved from /opt/airflow/dags/spark_airflow.py
[2024-05-29T16:45:40.854+0000] {logging_mixin.py:151} INFO - [2024-05-29T16:45:40.853+0000] {dag.py:2915} INFO - Sync 1 DAGs
[2024-05-29T16:45:41.217+0000] {logging_mixin.py:151} INFO - [2024-05-29T16:45:41.217+0000] {dag.py:3696} INFO - Setting next_dagrun for spark_airflow to 2024-05-28T01:00:00+00:00, run_after=2024-05-29T01:00:00+00:00
[2024-05-29T16:45:41.428+0000] {processor.py:179} INFO - Processing /opt/airflow/dags/spark_airflow.py took 0.976 seconds
[2024-05-29T16:46:12.086+0000] {processor.py:157} INFO - Started process (PID=423) to work on /opt/airflow/dags/spark_airflow.py
[2024-05-29T16:46:12.108+0000] {processor.py:829} INFO - Processing file /opt/airflow/dags/spark_airflow.py for tasks to queue
[2024-05-29T16:46:12.157+0000] {logging_mixin.py:151} INFO - [2024-05-29T16:46:12.155+0000] {dagbag.py:539} INFO - Filling up the DagBag from /opt/airflow/dags/spark_airflow.py
[2024-05-29T16:46:12.355+0000] {processor.py:839} INFO - DAG(s) dict_keys(['spark_airflow']) retrieved from /opt/airflow/dags/spark_airflow.py
[2024-05-29T16:46:12.558+0000] {logging_mixin.py:151} INFO - [2024-05-29T16:46:12.558+0000] {dag.py:2915} INFO - Sync 1 DAGs
[2024-05-29T16:46:12.759+0000] {logging_mixin.py:151} INFO - [2024-05-29T16:46:12.758+0000] {dag.py:3696} INFO - Setting next_dagrun for spark_airflow to 2024-05-28T01:00:00+00:00, run_after=2024-05-29T01:00:00+00:00
[2024-05-29T16:46:12.922+0000] {processor.py:179} INFO - Processing /opt/airflow/dags/spark_airflow.py took 0.855 seconds
[2024-05-29T16:46:43.680+0000] {processor.py:157} INFO - Started process (PID=428) to work on /opt/airflow/dags/spark_airflow.py
[2024-05-29T16:46:43.682+0000] {processor.py:829} INFO - Processing file /opt/airflow/dags/spark_airflow.py for tasks to queue
[2024-05-29T16:46:43.686+0000] {logging_mixin.py:151} INFO - [2024-05-29T16:46:43.685+0000] {dagbag.py:539} INFO - Filling up the DagBag from /opt/airflow/dags/spark_airflow.py
[2024-05-29T16:46:43.828+0000] {processor.py:839} INFO - DAG(s) dict_keys(['spark_airflow']) retrieved from /opt/airflow/dags/spark_airflow.py
[2024-05-29T16:46:44.031+0000] {logging_mixin.py:151} INFO - [2024-05-29T16:46:44.031+0000] {dag.py:2915} INFO - Sync 1 DAGs
[2024-05-29T16:46:44.175+0000] {logging_mixin.py:151} INFO - [2024-05-29T16:46:44.175+0000] {dag.py:3696} INFO - Setting next_dagrun for spark_airflow to 2024-05-28T01:00:00+00:00, run_after=2024-05-29T01:00:00+00:00
[2024-05-29T16:46:44.290+0000] {processor.py:179} INFO - Processing /opt/airflow/dags/spark_airflow.py took 0.716 seconds
[2024-05-29T16:47:15.144+0000] {processor.py:157} INFO - Started process (PID=433) to work on /opt/airflow/dags/spark_airflow.py
[2024-05-29T16:47:15.146+0000] {processor.py:829} INFO - Processing file /opt/airflow/dags/spark_airflow.py for tasks to queue
[2024-05-29T16:47:15.151+0000] {logging_mixin.py:151} INFO - [2024-05-29T16:47:15.149+0000] {dagbag.py:539} INFO - Filling up the DagBag from /opt/airflow/dags/spark_airflow.py
[2024-05-29T16:47:15.238+0000] {processor.py:839} INFO - DAG(s) dict_keys(['spark_airflow']) retrieved from /opt/airflow/dags/spark_airflow.py
[2024-05-29T16:47:15.407+0000] {logging_mixin.py:151} INFO - [2024-05-29T16:47:15.406+0000] {dag.py:2915} INFO - Sync 1 DAGs
[2024-05-29T16:47:15.734+0000] {logging_mixin.py:151} INFO - [2024-05-29T16:47:15.733+0000] {dag.py:3696} INFO - Setting next_dagrun for spark_airflow to 2024-05-28T01:00:00+00:00, run_after=2024-05-29T01:00:00+00:00
[2024-05-29T16:47:15.904+0000] {processor.py:179} INFO - Processing /opt/airflow/dags/spark_airflow.py took 0.777 seconds
[2024-05-29T16:47:46.229+0000] {processor.py:157} INFO - Started process (PID=438) to work on /opt/airflow/dags/spark_airflow.py
[2024-05-29T16:47:46.232+0000] {processor.py:829} INFO - Processing file /opt/airflow/dags/spark_airflow.py for tasks to queue
[2024-05-29T16:47:46.238+0000] {logging_mixin.py:151} INFO - [2024-05-29T16:47:46.234+0000] {dagbag.py:539} INFO - Filling up the DagBag from /opt/airflow/dags/spark_airflow.py
[2024-05-29T16:47:46.499+0000] {processor.py:839} INFO - DAG(s) dict_keys(['spark_airflow']) retrieved from /opt/airflow/dags/spark_airflow.py
[2024-05-29T16:47:47.003+0000] {logging_mixin.py:151} INFO - [2024-05-29T16:47:47.003+0000] {dag.py:2915} INFO - Sync 1 DAGs
[2024-05-29T16:47:47.289+0000] {logging_mixin.py:151} INFO - [2024-05-29T16:47:47.280+0000] {dag.py:3696} INFO - Setting next_dagrun for spark_airflow to 2024-05-28T01:00:00+00:00, run_after=2024-05-29T01:00:00+00:00
[2024-05-29T16:47:47.621+0000] {processor.py:179} INFO - Processing /opt/airflow/dags/spark_airflow.py took 1.449 seconds
[2024-05-29T16:48:18.873+0000] {processor.py:157} INFO - Started process (PID=447) to work on /opt/airflow/dags/spark_airflow.py
[2024-05-29T16:48:18.918+0000] {processor.py:829} INFO - Processing file /opt/airflow/dags/spark_airflow.py for tasks to queue
[2024-05-29T16:48:18.959+0000] {logging_mixin.py:151} INFO - [2024-05-29T16:48:18.941+0000] {dagbag.py:539} INFO - Filling up the DagBag from /opt/airflow/dags/spark_airflow.py
[2024-05-29T16:48:20.318+0000] {processor.py:839} INFO - DAG(s) dict_keys(['spark_airflow']) retrieved from /opt/airflow/dags/spark_airflow.py
[2024-05-29T16:48:21.532+0000] {logging_mixin.py:151} INFO - [2024-05-29T16:48:21.531+0000] {dag.py:2915} INFO - Sync 1 DAGs
[2024-05-29T16:48:22.281+0000] {logging_mixin.py:151} INFO - [2024-05-29T16:48:22.267+0000] {dag.py:3696} INFO - Setting next_dagrun for spark_airflow to 2024-05-29T01:00:00+00:00, run_after=2024-05-30T01:00:00+00:00
[2024-05-29T16:48:22.566+0000] {processor.py:179} INFO - Processing /opt/airflow/dags/spark_airflow.py took 3.741 seconds
[2024-05-29T16:48:53.542+0000] {processor.py:157} INFO - Started process (PID=474) to work on /opt/airflow/dags/spark_airflow.py
[2024-05-29T16:48:53.547+0000] {processor.py:829} INFO - Processing file /opt/airflow/dags/spark_airflow.py for tasks to queue
[2024-05-29T16:48:53.565+0000] {logging_mixin.py:151} INFO - [2024-05-29T16:48:53.564+0000] {dagbag.py:539} INFO - Filling up the DagBag from /opt/airflow/dags/spark_airflow.py
[2024-05-29T16:48:53.715+0000] {processor.py:839} INFO - DAG(s) dict_keys(['spark_airflow']) retrieved from /opt/airflow/dags/spark_airflow.py
[2024-05-29T16:48:53.828+0000] {logging_mixin.py:151} INFO - [2024-05-29T16:48:53.828+0000] {dag.py:2915} INFO - Sync 1 DAGs
[2024-05-29T16:48:53.929+0000] {logging_mixin.py:151} INFO - [2024-05-29T16:48:53.929+0000] {dag.py:3696} INFO - Setting next_dagrun for spark_airflow to 2024-05-29T01:00:00+00:00, run_after=2024-05-30T01:00:00+00:00
[2024-05-29T16:48:54.259+0000] {processor.py:179} INFO - Processing /opt/airflow/dags/spark_airflow.py took 0.739 seconds
[2024-05-29T16:49:25.401+0000] {processor.py:157} INFO - Started process (PID=479) to work on /opt/airflow/dags/spark_airflow.py
[2024-05-29T16:49:25.416+0000] {processor.py:829} INFO - Processing file /opt/airflow/dags/spark_airflow.py for tasks to queue
[2024-05-29T16:49:25.428+0000] {logging_mixin.py:151} INFO - [2024-05-29T16:49:25.426+0000] {dagbag.py:539} INFO - Filling up the DagBag from /opt/airflow/dags/spark_airflow.py
[2024-05-29T16:49:25.510+0000] {processor.py:839} INFO - DAG(s) dict_keys(['spark_airflow']) retrieved from /opt/airflow/dags/spark_airflow.py
[2024-05-29T16:49:25.693+0000] {logging_mixin.py:151} INFO - [2024-05-29T16:49:25.692+0000] {dag.py:2915} INFO - Sync 1 DAGs
[2024-05-29T16:49:25.765+0000] {logging_mixin.py:151} INFO - [2024-05-29T16:49:25.764+0000] {dag.py:3696} INFO - Setting next_dagrun for spark_airflow to 2024-05-29T01:00:00+00:00, run_after=2024-05-30T01:00:00+00:00
[2024-05-29T16:49:25.964+0000] {processor.py:179} INFO - Processing /opt/airflow/dags/spark_airflow.py took 0.581 seconds
[2024-05-29T16:49:56.380+0000] {processor.py:157} INFO - Started process (PID=484) to work on /opt/airflow/dags/spark_airflow.py
[2024-05-29T16:49:56.386+0000] {processor.py:829} INFO - Processing file /opt/airflow/dags/spark_airflow.py for tasks to queue
[2024-05-29T16:49:56.390+0000] {logging_mixin.py:151} INFO - [2024-05-29T16:49:56.388+0000] {dagbag.py:539} INFO - Filling up the DagBag from /opt/airflow/dags/spark_airflow.py
[2024-05-29T16:49:56.476+0000] {processor.py:839} INFO - DAG(s) dict_keys(['spark_airflow']) retrieved from /opt/airflow/dags/spark_airflow.py
[2024-05-29T16:49:56.630+0000] {logging_mixin.py:151} INFO - [2024-05-29T16:49:56.629+0000] {dag.py:2915} INFO - Sync 1 DAGs
[2024-05-29T16:49:56.741+0000] {logging_mixin.py:151} INFO - [2024-05-29T16:49:56.741+0000] {dag.py:3696} INFO - Setting next_dagrun for spark_airflow to 2024-05-29T01:00:00+00:00, run_after=2024-05-30T01:00:00+00:00
[2024-05-29T16:49:57.122+0000] {processor.py:179} INFO - Processing /opt/airflow/dags/spark_airflow.py took 0.757 seconds
[2024-05-29T16:50:27.575+0000] {processor.py:157} INFO - Started process (PID=489) to work on /opt/airflow/dags/spark_airflow.py
[2024-05-29T16:50:27.606+0000] {processor.py:829} INFO - Processing file /opt/airflow/dags/spark_airflow.py for tasks to queue
[2024-05-29T16:50:27.624+0000] {logging_mixin.py:151} INFO - [2024-05-29T16:50:27.621+0000] {dagbag.py:539} INFO - Filling up the DagBag from /opt/airflow/dags/spark_airflow.py
[2024-05-29T16:50:27.921+0000] {processor.py:839} INFO - DAG(s) dict_keys(['spark_airflow']) retrieved from /opt/airflow/dags/spark_airflow.py
[2024-05-29T16:50:28.578+0000] {logging_mixin.py:151} INFO - [2024-05-29T16:50:28.577+0000] {dag.py:2915} INFO - Sync 1 DAGs
[2024-05-29T16:50:28.713+0000] {logging_mixin.py:151} INFO - [2024-05-29T16:50:28.713+0000] {dag.py:3696} INFO - Setting next_dagrun for spark_airflow to 2024-05-29T01:00:00+00:00, run_after=2024-05-30T01:00:00+00:00
[2024-05-29T16:50:29.017+0000] {processor.py:179} INFO - Processing /opt/airflow/dags/spark_airflow.py took 1.718 seconds
[2024-05-29T16:50:59.210+0000] {processor.py:157} INFO - Started process (PID=494) to work on /opt/airflow/dags/spark_airflow.py
[2024-05-29T16:50:59.212+0000] {processor.py:829} INFO - Processing file /opt/airflow/dags/spark_airflow.py for tasks to queue
[2024-05-29T16:50:59.218+0000] {logging_mixin.py:151} INFO - [2024-05-29T16:50:59.215+0000] {dagbag.py:539} INFO - Filling up the DagBag from /opt/airflow/dags/spark_airflow.py
[2024-05-29T16:50:59.287+0000] {processor.py:839} INFO - DAG(s) dict_keys(['spark_airflow']) retrieved from /opt/airflow/dags/spark_airflow.py
[2024-05-29T16:50:59.361+0000] {logging_mixin.py:151} INFO - [2024-05-29T16:50:59.361+0000] {dag.py:2915} INFO - Sync 1 DAGs
[2024-05-29T16:50:59.419+0000] {logging_mixin.py:151} INFO - [2024-05-29T16:50:59.414+0000] {dag.py:3696} INFO - Setting next_dagrun for spark_airflow to 2024-05-29T01:00:00+00:00, run_after=2024-05-30T01:00:00+00:00
[2024-05-29T16:50:59.477+0000] {processor.py:179} INFO - Processing /opt/airflow/dags/spark_airflow.py took 0.279 seconds
[2024-05-29T16:51:29.844+0000] {processor.py:157} INFO - Started process (PID=499) to work on /opt/airflow/dags/spark_airflow.py
[2024-05-29T16:51:29.846+0000] {processor.py:829} INFO - Processing file /opt/airflow/dags/spark_airflow.py for tasks to queue
[2024-05-29T16:51:29.850+0000] {logging_mixin.py:151} INFO - [2024-05-29T16:51:29.849+0000] {dagbag.py:539} INFO - Filling up the DagBag from /opt/airflow/dags/spark_airflow.py
[2024-05-29T16:51:29.926+0000] {processor.py:839} INFO - DAG(s) dict_keys(['spark_airflow']) retrieved from /opt/airflow/dags/spark_airflow.py
[2024-05-29T16:51:30.028+0000] {logging_mixin.py:151} INFO - [2024-05-29T16:51:30.028+0000] {dag.py:2915} INFO - Sync 1 DAGs
[2024-05-29T16:51:30.087+0000] {logging_mixin.py:151} INFO - [2024-05-29T16:51:30.087+0000] {dag.py:3696} INFO - Setting next_dagrun for spark_airflow to 2024-05-29T01:00:00+00:00, run_after=2024-05-30T01:00:00+00:00
[2024-05-29T16:51:30.151+0000] {processor.py:179} INFO - Processing /opt/airflow/dags/spark_airflow.py took 0.326 seconds
[2024-05-29T16:52:00.842+0000] {processor.py:157} INFO - Started process (PID=504) to work on /opt/airflow/dags/spark_airflow.py
[2024-05-29T16:52:00.900+0000] {processor.py:829} INFO - Processing file /opt/airflow/dags/spark_airflow.py for tasks to queue
[2024-05-29T16:52:00.903+0000] {logging_mixin.py:151} INFO - [2024-05-29T16:52:00.902+0000] {dagbag.py:539} INFO - Filling up the DagBag from /opt/airflow/dags/spark_airflow.py
[2024-05-29T16:52:01.019+0000] {processor.py:839} INFO - DAG(s) dict_keys(['spark_airflow']) retrieved from /opt/airflow/dags/spark_airflow.py
[2024-05-29T16:52:01.215+0000] {logging_mixin.py:151} INFO - [2024-05-29T16:52:01.215+0000] {dag.py:2915} INFO - Sync 1 DAGs
[2024-05-29T16:52:01.297+0000] {logging_mixin.py:151} INFO - [2024-05-29T16:52:01.297+0000] {dag.py:3696} INFO - Setting next_dagrun for spark_airflow to 2024-05-29T01:00:00+00:00, run_after=2024-05-30T01:00:00+00:00
[2024-05-29T16:52:01.570+0000] {processor.py:179} INFO - Processing /opt/airflow/dags/spark_airflow.py took 0.742 seconds
[2024-05-29T16:52:32.154+0000] {processor.py:157} INFO - Started process (PID=513) to work on /opt/airflow/dags/spark_airflow.py
[2024-05-29T16:52:32.156+0000] {processor.py:829} INFO - Processing file /opt/airflow/dags/spark_airflow.py for tasks to queue
[2024-05-29T16:52:32.165+0000] {logging_mixin.py:151} INFO - [2024-05-29T16:52:32.163+0000] {dagbag.py:539} INFO - Filling up the DagBag from /opt/airflow/dags/spark_airflow.py
[2024-05-29T16:52:32.554+0000] {processor.py:839} INFO - DAG(s) dict_keys(['spark_airflow']) retrieved from /opt/airflow/dags/spark_airflow.py
[2024-05-29T16:52:33.018+0000] {logging_mixin.py:151} INFO - [2024-05-29T16:52:33.018+0000] {dag.py:2915} INFO - Sync 1 DAGs
[2024-05-29T16:52:33.582+0000] {logging_mixin.py:151} INFO - [2024-05-29T16:52:33.582+0000] {dag.py:3696} INFO - Setting next_dagrun for spark_airflow to 2024-05-29T01:00:00+00:00, run_after=2024-05-30T01:00:00+00:00
[2024-05-29T16:52:34.244+0000] {processor.py:179} INFO - Processing /opt/airflow/dags/spark_airflow.py took 2.182 seconds
[2024-05-29T16:53:04.727+0000] {processor.py:157} INFO - Started process (PID=540) to work on /opt/airflow/dags/spark_airflow.py
[2024-05-29T16:53:04.729+0000] {processor.py:829} INFO - Processing file /opt/airflow/dags/spark_airflow.py for tasks to queue
[2024-05-29T16:53:04.732+0000] {logging_mixin.py:151} INFO - [2024-05-29T16:53:04.730+0000] {dagbag.py:539} INFO - Filling up the DagBag from /opt/airflow/dags/spark_airflow.py
[2024-05-29T16:53:04.815+0000] {processor.py:839} INFO - DAG(s) dict_keys(['spark_airflow']) retrieved from /opt/airflow/dags/spark_airflow.py
[2024-05-29T16:53:04.968+0000] {logging_mixin.py:151} INFO - [2024-05-29T16:53:04.968+0000] {dag.py:2915} INFO - Sync 1 DAGs
[2024-05-29T16:53:05.047+0000] {logging_mixin.py:151} INFO - [2024-05-29T16:53:05.047+0000] {dag.py:3696} INFO - Setting next_dagrun for spark_airflow to 2024-05-29T01:00:00+00:00, run_after=2024-05-30T01:00:00+00:00
[2024-05-29T16:53:05.116+0000] {processor.py:179} INFO - Processing /opt/airflow/dags/spark_airflow.py took 0.451 seconds
[2024-05-29T16:53:35.773+0000] {processor.py:157} INFO - Started process (PID=545) to work on /opt/airflow/dags/spark_airflow.py
[2024-05-29T16:53:35.774+0000] {processor.py:829} INFO - Processing file /opt/airflow/dags/spark_airflow.py for tasks to queue
[2024-05-29T16:53:35.778+0000] {logging_mixin.py:151} INFO - [2024-05-29T16:53:35.777+0000] {dagbag.py:539} INFO - Filling up the DagBag from /opt/airflow/dags/spark_airflow.py
[2024-05-29T16:53:35.861+0000] {processor.py:839} INFO - DAG(s) dict_keys(['spark_airflow']) retrieved from /opt/airflow/dags/spark_airflow.py
[2024-05-29T16:53:36.018+0000] {logging_mixin.py:151} INFO - [2024-05-29T16:53:36.017+0000] {dag.py:2915} INFO - Sync 1 DAGs
[2024-05-29T16:53:36.084+0000] {logging_mixin.py:151} INFO - [2024-05-29T16:53:36.084+0000] {dag.py:3696} INFO - Setting next_dagrun for spark_airflow to 2024-05-29T01:00:00+00:00, run_after=2024-05-30T01:00:00+00:00
[2024-05-29T16:53:36.195+0000] {processor.py:179} INFO - Processing /opt/airflow/dags/spark_airflow.py took 0.436 seconds
[2024-05-29T16:54:07.342+0000] {processor.py:157} INFO - Started process (PID=550) to work on /opt/airflow/dags/spark_airflow.py
[2024-05-29T16:54:07.373+0000] {processor.py:829} INFO - Processing file /opt/airflow/dags/spark_airflow.py for tasks to queue
[2024-05-29T16:54:07.376+0000] {logging_mixin.py:151} INFO - [2024-05-29T16:54:07.375+0000] {dagbag.py:539} INFO - Filling up the DagBag from /opt/airflow/dags/spark_airflow.py
[2024-05-29T16:54:07.544+0000] {processor.py:839} INFO - DAG(s) dict_keys(['spark_airflow']) retrieved from /opt/airflow/dags/spark_airflow.py
[2024-05-29T16:54:07.785+0000] {logging_mixin.py:151} INFO - [2024-05-29T16:54:07.784+0000] {dag.py:2915} INFO - Sync 1 DAGs
[2024-05-29T16:54:08.220+0000] {logging_mixin.py:151} INFO - [2024-05-29T16:54:08.220+0000] {dag.py:3696} INFO - Setting next_dagrun for spark_airflow to 2024-05-29T01:00:00+00:00, run_after=2024-05-30T01:00:00+00:00
[2024-05-29T16:54:08.417+0000] {processor.py:179} INFO - Processing /opt/airflow/dags/spark_airflow.py took 1.095 seconds
[2024-05-29T16:54:38.957+0000] {processor.py:157} INFO - Started process (PID=555) to work on /opt/airflow/dags/spark_airflow.py
[2024-05-29T16:54:38.969+0000] {processor.py:829} INFO - Processing file /opt/airflow/dags/spark_airflow.py for tasks to queue
[2024-05-29T16:54:38.972+0000] {logging_mixin.py:151} INFO - [2024-05-29T16:54:38.971+0000] {dagbag.py:539} INFO - Filling up the DagBag from /opt/airflow/dags/spark_airflow.py
[2024-05-29T16:54:39.069+0000] {processor.py:839} INFO - DAG(s) dict_keys(['spark_airflow']) retrieved from /opt/airflow/dags/spark_airflow.py
[2024-05-29T16:54:39.237+0000] {logging_mixin.py:151} INFO - [2024-05-29T16:54:39.237+0000] {dag.py:2915} INFO - Sync 1 DAGs
[2024-05-29T16:54:39.304+0000] {logging_mixin.py:151} INFO - [2024-05-29T16:54:39.303+0000] {dag.py:3696} INFO - Setting next_dagrun for spark_airflow to 2024-05-29T01:00:00+00:00, run_after=2024-05-30T01:00:00+00:00
[2024-05-29T16:54:39.507+0000] {processor.py:179} INFO - Processing /opt/airflow/dags/spark_airflow.py took 0.571 seconds
[2024-05-29T16:55:09.987+0000] {processor.py:157} INFO - Started process (PID=560) to work on /opt/airflow/dags/spark_airflow.py
[2024-05-29T16:55:09.989+0000] {processor.py:829} INFO - Processing file /opt/airflow/dags/spark_airflow.py for tasks to queue
[2024-05-29T16:55:09.991+0000] {logging_mixin.py:151} INFO - [2024-05-29T16:55:09.990+0000] {dagbag.py:539} INFO - Filling up the DagBag from /opt/airflow/dags/spark_airflow.py
[2024-05-29T16:55:10.056+0000] {processor.py:839} INFO - DAG(s) dict_keys(['spark_airflow']) retrieved from /opt/airflow/dags/spark_airflow.py
[2024-05-29T16:55:10.145+0000] {logging_mixin.py:151} INFO - [2024-05-29T16:55:10.144+0000] {dag.py:2915} INFO - Sync 1 DAGs
[2024-05-29T16:55:10.246+0000] {logging_mixin.py:151} INFO - [2024-05-29T16:55:10.243+0000] {dag.py:3696} INFO - Setting next_dagrun for spark_airflow to 2024-05-29T01:00:00+00:00, run_after=2024-05-30T01:00:00+00:00
[2024-05-29T16:55:10.521+0000] {processor.py:179} INFO - Processing /opt/airflow/dags/spark_airflow.py took 0.547 seconds
[2024-05-29T16:55:40.911+0000] {processor.py:157} INFO - Started process (PID=565) to work on /opt/airflow/dags/spark_airflow.py
[2024-05-29T16:55:40.913+0000] {processor.py:829} INFO - Processing file /opt/airflow/dags/spark_airflow.py for tasks to queue
[2024-05-29T16:55:40.915+0000] {logging_mixin.py:151} INFO - [2024-05-29T16:55:40.914+0000] {dagbag.py:539} INFO - Filling up the DagBag from /opt/airflow/dags/spark_airflow.py
[2024-05-29T16:55:40.999+0000] {processor.py:839} INFO - DAG(s) dict_keys(['spark_airflow']) retrieved from /opt/airflow/dags/spark_airflow.py
[2024-05-29T16:55:41.086+0000] {logging_mixin.py:151} INFO - [2024-05-29T16:55:41.085+0000] {dag.py:2915} INFO - Sync 1 DAGs
[2024-05-29T16:55:41.163+0000] {logging_mixin.py:151} INFO - [2024-05-29T16:55:41.163+0000] {dag.py:3696} INFO - Setting next_dagrun for spark_airflow to 2024-05-29T01:00:00+00:00, run_after=2024-05-30T01:00:00+00:00
[2024-05-29T16:55:41.562+0000] {processor.py:179} INFO - Processing /opt/airflow/dags/spark_airflow.py took 0.664 seconds
