[2024-05-29T16:52:35.970+0000] {taskinstance.py:1157} INFO - Dependencies all met for dep_context=non-requeueable deps ti=<TaskInstance: spark_airflow.helloworld manual__2024-05-29T16:52:11.646113+00:00 [queued]>
[2024-05-29T16:52:36.005+0000] {taskinstance.py:1157} INFO - Dependencies all met for dep_context=requeueable deps ti=<TaskInstance: spark_airflow.helloworld manual__2024-05-29T16:52:11.646113+00:00 [queued]>
[2024-05-29T16:52:36.007+0000] {taskinstance.py:1359} INFO - Starting attempt 1 of 1
[2024-05-29T16:52:36.073+0000] {taskinstance.py:1380} INFO - Executing <Task(SparkSubmitOperator): helloworld> on 2024-05-29 16:52:11.646113+00:00
[2024-05-29T16:52:36.095+0000] {standard_task_runner.py:57} INFO - Started process 519 to run task
[2024-05-29T16:52:36.148+0000] {standard_task_runner.py:84} INFO - Running: ['***', 'tasks', 'run', 'spark_***', 'helloworld', 'manual__2024-05-29T16:52:11.646113+00:00', '--job-id', '7', '--raw', '--subdir', 'DAGS_FOLDER/spark_***.py', '--cfg-path', '/tmp/tmp2pyp09r4']
[2024-05-29T16:52:36.165+0000] {standard_task_runner.py:85} INFO - Job 7: Subtask helloworld
[2024-05-29T16:52:36.948+0000] {task_command.py:415} INFO - Running <TaskInstance: spark_airflow.helloworld manual__2024-05-29T16:52:11.646113+00:00 [running]> on host 7df4d1012db3
[2024-05-29T16:52:37.780+0000] {taskinstance.py:1660} INFO - Exporting env vars: AIRFLOW_CTX_DAG_OWNER='Bagas Prakasa' AIRFLOW_CTX_DAG_ID='spark_***' AIRFLOW_CTX_TASK_ID='helloworld' AIRFLOW_CTX_EXECUTION_DATE='2024-05-29T16:52:11.646113+00:00' AIRFLOW_CTX_TRY_NUMBER='1' AIRFLOW_CTX_DAG_RUN_ID='manual__2024-05-29T16:52:11.646113+00:00'
[2024-05-29T16:52:37.861+0000] {base.py:73} INFO - Using connection ID 'spark-conn' for task execution.
[2024-05-29T16:52:37.869+0000] {spark_submit.py:401} INFO - Spark-Submit cmd: spark-submit --master spark://172.21.0.3:7077 --name arrow-spark --deploy-mode client jobs/python/helloworld.py
[2024-05-29T16:52:38.854+0000] {spark_submit.py:571} INFO - /home/***/.local/lib/python3.11/site-packages/pyspark/bin/load-spark-env.sh: line 68: ps: command not found
[2024-05-29T16:52:38.912+0000] {spark_submit.py:571} INFO - /home/***/.local/lib/python3.11/site-packages/pyspark/bin/spark-class: line 71: /usr/lib/jvm/java-11-openjdk-arm64/bin/java: No such file or directory
[2024-05-29T16:52:38.919+0000] {spark_submit.py:571} INFO - /home/***/.local/lib/python3.11/site-packages/pyspark/bin/spark-class: line 97: CMD: bad array subscript
[2024-05-29T16:52:39.017+0000] {taskinstance.py:1935} ERROR - Task failed with exception
Traceback (most recent call last):
  File "/home/airflow/.local/lib/python3.11/site-packages/airflow/providers/apache/spark/operators/spark_submit.py", line 174, in execute
    self._hook.submit(self.application)
  File "/home/airflow/.local/lib/python3.11/site-packages/airflow/providers/apache/spark/hooks/spark_submit.py", line 502, in submit
    raise AirflowException(
airflow.exceptions.AirflowException: Cannot execute: spark-submit --master spark://172.21.0.3:7077 --name arrow-spark --deploy-mode client jobs/python/helloworld.py. Error code is: 1.
[2024-05-29T16:52:39.041+0000] {taskinstance.py:1398} INFO - Marking task as FAILED. dag_id=spark_***, task_id=helloworld, execution_date=20240529T165211, start_date=20240529T165235, end_date=20240529T165239
[2024-05-29T16:52:39.140+0000] {standard_task_runner.py:104} ERROR - Failed to execute job 7 for task helloworld (Cannot execute: spark-submit --master spark://172.21.0.3:7077 --name arrow-spark --deploy-mode client jobs/python/helloworld.py. Error code is: 1.; 519)
[2024-05-29T16:52:39.206+0000] {local_task_job_runner.py:228} INFO - Task exited with return code 1
[2024-05-29T16:52:39.397+0000] {taskinstance.py:2776} INFO - 0 downstream tasks scheduled from follow-on schedule check
